7.9378 	EXP 	Created window1 = Window(allowGUI=True, allowStencil=False, autoLog=True, backendConf=UNKNOWN, backgroundFit=<method-wrapper '__getattribute__' of attributeSetter object at 0x000001EA24354430>, backgroundImage=<method-wrapper '__getattribute__' of attributeSetter object at 0x000001EA243543D0>, bitsMode=UNKNOWN, blendMode='avg', bpc=(8, 8, 8), color=array([0, 0, 0]), colorSpace='rgb', depthBits=8, fullscr=<method-wrapper '__getattribute__' of attributeSetter object at 0x000001EA24354220>, gamma=None, gammaErrorPolicy='raise', lms=UNKNOWN, monitor=<psychopy.monitors.calibTools.Monitor object at 0x000001EA246D8F10>, multiSample=False, name='window1', numSamples=2, pos=(0, 0), screen=0, size=array([1920, 1080]), stencilBits=0, stereo=False, title='PsychoPy', units='height', useFBO=True, useRetina=False, viewOri=0.0, viewPos=None, viewScale=None, waitBlanking=True, winType='pyglet')
7.9379 	EXP 	window1: mouseVisible = True
7.9379 	EXP 	window1: backgroundImage = ''
7.9379 	EXP 	window1: backgroundFit = 'none'
7.9393 	EXP 	window1: Attempting to measure frame rate of screen (0) ...
7.9393 	EXP 	window1: recordFrameIntervals = False
8.1044 	EXP 	window1: recordFrameIntervals = True
8.2878 	EXP 	Screen (0) actual frame rate measured at 60.00Hz
8.2879 	EXP 	window1: recordFrameIntervals = False
8.2880 	EXP 	window1: mouseVisible = False
10.4646 	EXP 	PAT_PRACTICE_icons: status = STARTED
10.4658 	EXP 	window1: mouseVisible = True
10.5955 	EXP 	Created wel = TextStim(__class__=<class 'psychopy.visual.text.TextStim'>, alignHoriz=method-wrapper(...), alignText='center', alignVert=method-wrapper(...), anchorHoriz='center', anchorVert='center', antialias=True, autoDraw=False, autoLog=True, bold=False, color=array([-1., -1., -1.]), colorSpace='rgb', contrast=1.0, depth=0.0, draggable=False, flipHoriz=False, flipVert=False, font='Consolas', fontFiles=[], height=0.05, italic=False, languageStyle='LTR', name='wel', opacity=1.0, ori=0.0, pos=array([0., 0.]), rgb=UNKNOWN, text=str(...), units='height', win=Window(...), wrapWidth=2.0)
10.5957 	EXP 	window1: mouseVisible = True
10.6085 	EXP 	Created Who = TextStim(__class__=<class 'psychopy.visual.text.TextStim'>, alignHoriz=method-wrapper(...), alignText='center', alignVert=method-wrapper(...), anchorHoriz='center', anchorVert='center', antialias=True, autoDraw=False, autoLog=True, bold=False, color=array([-1., -1., -1.]), colorSpace='rgb', contrast=1.0, depth=0.0, draggable=False, flipHoriz=False, flipVert=False, font='Courier New', fontFiles=[], height=0.04, italic=False, languageStyle='LTR', name='Who', opacity=1.0, ori=0.0, pos=array([0.  , 0.38]), rgb=UNKNOWN, text='Who do you want to be friends with? \n\n', units='height', win=Window(...), wrapWidth=1)
10.6086 	EXP 	window1: mouseVisible = True
10.6175 	EXP 	Created text_2 = TextStim(__class__=<class 'psychopy.visual.text.TextStim'>, alignHoriz=method-wrapper(...), alignText='center', alignVert=method-wrapper(...), anchorHoriz='center', anchorVert='center', antialias=True, autoDraw=False, autoLog=True, bold=False, color=array([-1., -1., -1.]), colorSpace='rgb', contrast=1.0, depth=-1.0, draggable=False, flipHoriz=False, flipVert=False, font='Consolas', fontFiles=[], height=0.03, italic=False, languageStyle='LTR', name='text_2', opacity=1.0, ori=0.0, pos=array([-0.4,  0.3]), rgb=UNKNOWN, text='Player-1\n', units='height', win=Window(...), wrapWidth=1)
10.6176 	EXP 	window1: mouseVisible = True
10.6203 	EXP 	Created text_3 = TextStim(__class__=<class 'psychopy.visual.text.TextStim'>, alignHoriz=method-wrapper(...), alignText='center', alignVert=method-wrapper(...), anchorHoriz='center', anchorVert='center', antialias=True, autoDraw=False, autoLog=True, bold=False, color=array([-1., -1., -1.]), colorSpace='rgb', contrast=1.0, depth=-2.0, draggable=False, flipHoriz=False, flipVert=False, font='Consolas', fontFiles=[], height=0.03, italic=False, languageStyle='LTR', name='text_3', opacity=1.0, ori=0.0, pos=array([0.4, 0.3]), rgb=UNKNOWN, text='Player-2\n', units='height', win=Window(...), wrapWidth=1)
10.6204 	EXP 	window1: mouseVisible = True
10.6490 	EXP 	Created Player1demo = ImageStim(__class__=<class 'psychopy.visual.image.ImageStim'>, anchor=('center', 'center'), autoLog=True, color=array([1., 1., 1.]), colorSpace='rgb', contrast=1.0, depth=-3.0, draggable=False, flipHoriz=False, flipVert=False, image='default.png', interpolate=True, mask=None, maskParams=None, name='Player1demo', opacity=1.0, ori=0.0, pos=array([-0.4 ,  0.13]), size=array([0.2 , 0.25]), texRes=128.0, units='height', win=Window(...))
10.6491 	EXP 	window1: mouseVisible = True
10.6617 	EXP 	Created Player2demo = ImageStim(__class__=<class 'psychopy.visual.image.ImageStim'>, anchor=('center', 'center'), autoLog=True, color=array([1., 1., 1.]), colorSpace='rgb', contrast=1.0, depth=-4.0, draggable=False, flipHoriz=False, flipVert=False, image='default.png', interpolate=True, mask=None, maskParams=None, name='Player2demo', opacity=1.0, ori=0.0, pos=array([0.4 , 0.13]), size=array([0.2 , 0.25]), texRes=128.0, units='height', win=Window(...))
10.6618 	EXP 	window1: mouseVisible = True
10.6938 	EXP 	Created cooking = ImageStim(__class__=<class 'psychopy.visual.image.ImageStim'>, anchor=('center', 'center'), autoLog=True, color=array([1., 1., 1.]), colorSpace='rgb', contrast=1.0, depth=-5.0, draggable=False, flipHoriz=False, flipVert=False, image='stimuli/icons/animals.png', interpolate=True, mask=None, maskParams=None, name='cooking', opacity=1.0, ori=0.0, pos=array([-0.5 , -0.03]), size=array([0.04, 0.04]), texRes=128.0, units='height', win=Window(...))
10.6939 	EXP 	window1: mouseVisible = True
10.7036 	EXP 	Created text_4 = TextStim(__class__=<class 'psychopy.visual.text.TextStim'>, alignHoriz=method-wrapper(...), alignText='center', alignVert=method-wrapper(...), anchorHoriz='center', anchorVert='center', antialias=True, autoDraw=False, autoLog=True, bold=False, color=array([-1., -1., -1.]), colorSpace='rgb', contrast=1.0, depth=-6.0, draggable=False, flipHoriz=False, flipVert=False, font='Open Sans', fontFiles=[], height=0.015, italic=False, languageStyle='LTR', name='text_4', opacity=1.0, ori=0.0, pos=array([-0.5  , -0.086]), rgb=UNKNOWN, text='cooking\n\n', units='height', win=Window(...), wrapWidth=1)
10.7037 	EXP 	window1: mouseVisible = True
10.7234 	EXP 	Created movies = ImageStim(__class__=<class 'psychopy.visual.image.ImageStim'>, anchor=('center', 'center'), autoLog=True, color=array([1., 1., 1.]), colorSpace='rgb', contrast=1.0, depth=-7.0, draggable=False, flipHoriz=False, flipVert=False, image='stimuli/icons/animals.png', interpolate=True, mask=None, maskParams=None, name='movies', opacity=1.0, ori=0.0, pos=array([-0.4 , -0.03]), size=array([0.04, 0.04]), texRes=128.0, units='height', win=Window(...))
10.7236 	EXP 	window1: mouseVisible = True
10.7282 	EXP 	Created text_5 = TextStim(__class__=<class 'psychopy.visual.text.TextStim'>, alignHoriz=method-wrapper(...), alignText='center', alignVert=method-wrapper(...), anchorHoriz='center', anchorVert='center', antialias=True, autoDraw=False, autoLog=True, bold=False, color=array([-1., -1., -1.]), colorSpace='rgb', contrast=1.0, depth=-8.0, draggable=False, flipHoriz=False, flipVert=False, font='Open Sans', fontFiles=[], height=0.015, italic=False, languageStyle='LTR', name='text_5', opacity=1.0, ori=0.0, pos=array([-0.3 , -0.07]), rgb=UNKNOWN, text='dancing', units='height', win=Window(...), wrapWidth=1)
10.7283 	EXP 	window1: mouseVisible = True
10.7469 	EXP 	Created dancing = ImageStim(__class__=<class 'psychopy.visual.image.ImageStim'>, anchor=('center', 'center'), autoLog=True, color=array([1., 1., 1.]), colorSpace='rgb', contrast=1.0, depth=-9.0, draggable=False, flipHoriz=False, flipVert=False, image='stimuli/icons/animals.png', interpolate=True, mask=None, maskParams=None, name='dancing', opacity=1.0, ori=0.0, pos=array([-0.3 , -0.03]), size=array([0.04, 0.04]), texRes=128.0, units='height', win=Window(...))
10.7470 	EXP 	window1: mouseVisible = True
10.7513 	EXP 	Created text_6 = TextStim(__class__=<class 'psychopy.visual.text.TextStim'>, alignHoriz=method-wrapper(...), alignText='center', alignVert=method-wrapper(...), anchorHoriz='center', anchorVert='center', antialias=True, autoDraw=False, autoLog=True, bold=False, color=array([-1., -1., -1.]), colorSpace='rgb', contrast=1.0, depth=-10.0, draggable=False, flipHoriz=False, flipVert=False, font='Open Sans', fontFiles=[], height=0.015, italic=False, languageStyle='LTR', name='text_6', opacity=1.0, ori=0.0, pos=array([-0.4 , -0.07]), rgb=UNKNOWN, text='movies', units='height', win=Window(...), wrapWidth=1)
10.7514 	EXP 	window1: mouseVisible = True
10.7702 	EXP 	Created fashion = ImageStim(__class__=<class 'psychopy.visual.image.ImageStim'>, anchor=('center', 'center'), autoLog=True, color=array([1., 1., 1.]), colorSpace='rgb', contrast=1.0, depth=-11.0, draggable=False, flipHoriz=False, flipVert=False, image='stimuli/icons/animals.png', interpolate=True, mask=None, maskParams=None, name='fashion', opacity=1.0, ori=0.0, pos=array([ 0.3 , -0.03]), size=array([0.04, 0.04]), texRes=128.0, units='height', win=Window(...))
10.7703 	EXP 	window1: mouseVisible = True
10.7741 	EXP 	Created text_7 = TextStim(__class__=<class 'psychopy.visual.text.TextStim'>, alignHoriz=method-wrapper(...), alignText='center', alignVert=method-wrapper(...), anchorHoriz='center', anchorVert='center', antialias=True, autoDraw=False, autoLog=True, bold=False, color=array([-1., -1., -1.]), colorSpace='rgb', contrast=1.0, depth=-12.0, draggable=False, flipHoriz=False, flipVert=False, font='Open Sans', fontFiles=[], height=0.015, italic=False, languageStyle='LTR', name='text_7', opacity=1.0, ori=0.0, pos=array([ 0.3 , -0.07]), rgb=UNKNOWN, text='fashion', units='height', win=Window(...), wrapWidth=1)
10.7742 	EXP 	window1: mouseVisible = True
10.7929 	EXP 	Created movie = ImageStim(__class__=<class 'psychopy.visual.image.ImageStim'>, anchor=('center', 'center'), autoLog=True, color=array([1., 1., 1.]), colorSpace='rgb', contrast=1.0, depth=-13.0, draggable=False, flipHoriz=False, flipVert=False, image='stimuli/icons/animals.png', interpolate=True, mask=None, maskParams=None, name='movie', opacity=1.0, ori=0.0, pos=array([ 0.4 , -0.03]), size=array([0.04, 0.04]), texRes=128.0, units='height', win=Window(...))
10.7930 	EXP 	window1: mouseVisible = True
10.7951 	EXP 	Created text_8 = TextStim(__class__=<class 'psychopy.visual.text.TextStim'>, alignHoriz=method-wrapper(...), alignText='center', alignVert=method-wrapper(...), anchorHoriz='center', anchorVert='center', antialias=True, autoDraw=False, autoLog=True, bold=False, color=array([-1., -1., -1.]), colorSpace='rgb', contrast=1.0, depth=-14.0, draggable=False, flipHoriz=False, flipVert=False, font='Open Sans', fontFiles=[], height=0.015, italic=False, languageStyle='LTR', name='text_8', opacity=1.0, ori=0.0, pos=array([ 0.4 , -0.07]), rgb=UNKNOWN, text='movies', units='height', win=Window(...), wrapWidth=1)
10.7951 	EXP 	window1: mouseVisible = True
10.8235 	EXP 	Created writing = ImageStim(__class__=<class 'psychopy.visual.image.ImageStim'>, anchor=('center', 'center'), autoLog=True, color=array([1., 1., 1.]), colorSpace='rgb', contrast=1.0, depth=-15.0, draggable=False, flipHoriz=False, flipVert=False, image='stimuli/icons/animals.png', interpolate=True, mask=None, maskParams=None, name='writing', opacity=1.0, ori=0.0, pos=array([ 0.5 , -0.03]), size=array([0.04, 0.04]), texRes=128.0, units='height', win=Window(...))
10.8236 	EXP 	window1: mouseVisible = True
10.8279 	EXP 	Created text_9 = TextStim(__class__=<class 'psychopy.visual.text.TextStim'>, alignHoriz=method-wrapper(...), alignText='center', alignVert=method-wrapper(...), anchorHoriz='center', anchorVert='center', antialias=True, autoDraw=False, autoLog=True, bold=False, color=array([-1., -1., -1.]), colorSpace='rgb', contrast=1.0, depth=-16.0, draggable=False, flipHoriz=False, flipVert=False, font='Open Sans', fontFiles=[], height=0.015, italic=False, languageStyle='LTR', name='text_9', opacity=1.0, ori=0.0, pos=array([ 0.5 , -0.07]), rgb=UNKNOWN, text='writing', units='height', win=Window(...), wrapWidth=1)
10.8280 	EXP 	window1: mouseVisible = True
10.8291 	EXP 	Created polygon_6 = Rect(__class__=<class 'psychopy.visual.rect.Rect'>, anchor=('center', 'center'), autoDraw=False, autoLog=True, closeShape=True, color=method-wrapper(...), colorSpace='rgb', contrast=None, depth=0.0, draggable=False, fillColor=array([0., 0., 0.]), fillColorSpace='rgb', fillRGB=array([0., 0., 0.]), interpolate=True, lineColor=array([-1.    ,  0.0039, -1.    ]), lineColorSpace='rgb', lineRGB=array([-1.    ,  0.0039, -1.    ]), lineWidth=5.0, name='polygon_6', opacity=1.0, ori=0.0, pos=array([-0.4 ,  0.13]), size=array([0.5, 0.5]), units='height', vertices=ndarray(...), win=Window(...))
10.8291 	EXP 	window1: mouseVisible = True
10.8376 	EXP 	Created leftplayer = ImageStim(__class__=<class 'psychopy.visual.image.ImageStim'>, anchor=('center', 'center'), autoLog=True, color=array([1., 1., 1.]), colorSpace='rgb', contrast=1.0, depth=-1.0, draggable=False, flipHoriz=False, flipVert=False, image='default.png', interpolate=True, mask=None, maskParams=None, name='leftplayer', opacity=1.0, ori=0.0, pos=array([-0.4 ,  0.13]), size=array([0.2 , 0.25]), texRes=128.0, units='height', win=Window(...))
10.8377 	EXP 	window1: mouseVisible = True
10.8632 	EXP 	Created icon7 = ImageStim(__class__=<class 'psychopy.visual.image.ImageStim'>, anchor=('center', 'center'), autoLog=True, color=array([1., 1., 1.]), colorSpace='rgb', contrast=1.0, depth=-2.0, draggable=False, flipHoriz=False, flipVert=False, image='stimuli/icons/animals.png', interpolate=True, mask=None, maskParams=None, name='icon7', opacity=1.0, ori=0.0, pos=array([-0.5 , -0.03]), size=array([0.04, 0.04]), texRes=128.0, units='height', win=Window(...))
10.8633 	EXP 	window1: mouseVisible = True
10.8654 	EXP 	Created ison7t = TextStim(__class__=<class 'psychopy.visual.text.TextStim'>, alignHoriz=method-wrapper(...), alignText='center', alignVert=method-wrapper(...), anchorHoriz='center', anchorVert='center', antialias=True, autoDraw=False, autoLog=True, bold=False, color=array([-1., -1., -1.]), colorSpace='rgb', contrast=1.0, depth=-3.0, draggable=False, flipHoriz=False, flipVert=False, font='Open Sans', fontFiles=[], height=0.015, italic=False, languageStyle='LTR', name='ison7t', opacity=1.0, ori=0.0, pos=array([-0.5  , -0.086]), rgb=UNKNOWN, text='cooking\n\n', units='height', win=Window(...), wrapWidth=1)
10.8654 	EXP 	window1: mouseVisible = True
10.8921 	EXP 	Created icon8 = ImageStim(__class__=<class 'psychopy.visual.image.ImageStim'>, anchor=('center', 'center'), autoLog=True, color=array([1., 1., 1.]), colorSpace='rgb', contrast=1.0, depth=-4.0, draggable=False, flipHoriz=False, flipVert=False, image='stimuli/icons/animals.png', interpolate=True, mask=None, maskParams=None, name='icon8', opacity=1.0, ori=0.0, pos=array([-0.4 , -0.03]), size=array([0.04, 0.04]), texRes=128.0, units='height', win=Window(...))
10.8922 	EXP 	window1: mouseVisible = True
10.8942 	EXP 	Created icon8t = TextStim(__class__=<class 'psychopy.visual.text.TextStim'>, alignHoriz=method-wrapper(...), alignText='center', alignVert=method-wrapper(...), anchorHoriz='center', anchorVert='center', antialias=True, autoDraw=False, autoLog=True, bold=False, color=array([-1., -1., -1.]), colorSpace='rgb', contrast=1.0, depth=-5.0, draggable=False, flipHoriz=False, flipVert=False, font='Open Sans', fontFiles=[], height=0.015, italic=False, languageStyle='LTR', name='icon8t', opacity=1.0, ori=0.0, pos=array([-0.3 , -0.07]), rgb=UNKNOWN, text='dancing', units='height', win=Window(...), wrapWidth=1)
10.8943 	EXP 	window1: mouseVisible = True
10.9212 	EXP 	Created icon9 = ImageStim(__class__=<class 'psychopy.visual.image.ImageStim'>, anchor=('center', 'center'), autoLog=True, color=array([1., 1., 1.]), colorSpace='rgb', contrast=1.0, depth=-6.0, draggable=False, flipHoriz=False, flipVert=False, image='stimuli/icons/animals.png', interpolate=True, mask=None, maskParams=None, name='icon9', opacity=1.0, ori=0.0, pos=array([-0.3 , -0.03]), size=array([0.04, 0.04]), texRes=128.0, units='height', win=Window(...))
10.9213 	EXP 	window1: mouseVisible = True
10.9233 	EXP 	Created int9 = TextStim(__class__=<class 'psychopy.visual.text.TextStim'>, alignHoriz=method-wrapper(...), alignText='center', alignVert=method-wrapper(...), anchorHoriz='center', anchorVert='center', antialias=True, autoDraw=False, autoLog=True, bold=False, color=array([-1., -1., -1.]), colorSpace='rgb', contrast=1.0, depth=-7.0, draggable=False, flipHoriz=False, flipVert=False, font='Open Sans', fontFiles=[], height=0.015, italic=False, languageStyle='LTR', name='int9', opacity=1.0, ori=0.0, pos=array([-0.4 , -0.07]), rgb=UNKNOWN, text='movies', units='height', win=Window(...), wrapWidth=1)
10.9233 	EXP 	window1: mouseVisible = True
10.9254 	EXP 	Created leftplayert = TextStim(__class__=<class 'psychopy.visual.text.TextStim'>, alignHoriz=method-wrapper(...), alignText='center', alignVert=method-wrapper(...), anchorHoriz='center', anchorVert='center', antialias=True, autoDraw=False, autoLog=True, bold=False, color=array([-1., -1., -1.]), colorSpace='rgb', contrast=1.0, depth=-8.0, draggable=False, flipHoriz=False, flipVert=False, font='Consolas', fontFiles=[], height=0.03, italic=False, languageStyle='LTR', name='leftplayert', opacity=1.0, ori=0.0, pos=array([-0.4,  0.3]), rgb=UNKNOWN, text='Player-1\n', units='height', win=Window(...), wrapWidth=1)
10.9254 	EXP 	window1: mouseVisible = True
10.9378 	EXP 	Created yes1 = ImageStim(__class__=<class 'psychopy.visual.image.ImageStim'>, anchor=('center', 'center'), autoLog=True, color=array([1., 1., 1.]), colorSpace='rgb', contrast=1.0, depth=-9.0, draggable=False, flipHoriz=False, flipVert=False, image='stimuli/feedback/Thumbs_up.png', interpolate=True, mask=None, maskParams=None, name='yes1', opacity=1.0, ori=0.0, pos=array([-0.4 ,  0.13]), size=array([0.3, 0.3]), texRes=128.0, units='height', win=Window(...))
10.9379 	EXP 	window1: mouseVisible = True
10.9390 	EXP 	Created polygon_5 = Rect(__class__=<class 'psychopy.visual.rect.Rect'>, anchor=('center', 'center'), autoDraw=False, autoLog=True, closeShape=True, color=method-wrapper(...), colorSpace='rgb', contrast=None, depth=0.0, draggable=False, fillColor=array([0., 0., 0.]), fillColorSpace='rgb', fillRGB=array([0., 0., 0.]), interpolate=True, lineColor=array([-1.    ,  0.0039, -1.    ]), lineColorSpace='rgb', lineRGB=array([-1.    ,  0.0039, -1.    ]), lineWidth=5.0, name='polygon_5', opacity=1.0, ori=0.0, pos=array([ 0.   , -0.073]), size=array([0.4, 0.4]), units='height', vertices=ndarray(...), win=Window(...))
10.9390 	EXP 	window1: mouseVisible = True
10.9479 	EXP 	Created topleftpeerchoice = ImageStim(__class__=<class 'psychopy.visual.image.ImageStim'>, anchor=('center', 'center'), autoLog=True, color=array([1., 1., 1.]), colorSpace='rgb', contrast=1.0, depth=-1.0, draggable=False, flipHoriz=False, flipVert=False, image='default.png', interpolate=True, mask=None, maskParams=None, name='topleftpeerchoice', opacity=1.0, ori=0.0, pos=array([0. , 0.3]), size=array([0.2 , 0.25]), texRes=128.0, units='height', win=Window(...))
10.9480 	EXP 	window1: mouseVisible = True
10.9745 	EXP 	Created icon10 = ImageStim(__class__=<class 'psychopy.visual.image.ImageStim'>, anchor=('center', 'center'), autoLog=True, color=array([1., 1., 1.]), colorSpace='rgb', contrast=1.0, depth=-2.0, draggable=False, flipHoriz=False, flipVert=False, image='stimuli/icons/animals.png', interpolate=True, mask=None, maskParams=None, name='icon10', opacity=1.0, ori=0.0, pos=array([-0.13,  0.14]), size=array([0.04, 0.04]), texRes=128.0, units='height', win=Window(...))
10.9746 	EXP 	window1: mouseVisible = True
10.9768 	EXP 	Created int10 = TextStim(__class__=<class 'psychopy.visual.text.TextStim'>, alignHoriz=method-wrapper(...), alignText='center', alignVert=method-wrapper(...), anchorHoriz='center', anchorVert='center', antialias=True, autoDraw=False, autoLog=True, bold=False, color=array([-1., -1., -1.]), colorSpace='rgb', contrast=1.0, depth=-3.0, draggable=False, flipHoriz=False, flipVert=False, font='Open Sans', fontFiles=[], height=0.015, italic=False, languageStyle='LTR', name='int10', opacity=1.0, ori=0.0, pos=array([-0.13 ,  0.084]), rgb=UNKNOWN, text='cooking\n\n', units='height', win=Window(...), wrapWidth=1)
10.9769 	EXP 	window1: mouseVisible = True
11.0030 	EXP 	Created icon11 = ImageStim(__class__=<class 'psychopy.visual.image.ImageStim'>, anchor=('center', 'center'), autoLog=True, color=array([1., 1., 1.]), colorSpace='rgb', contrast=1.0, depth=-4.0, draggable=False, flipHoriz=False, flipVert=False, image='stimuli/icons/animals.png', interpolate=True, mask=None, maskParams=None, name='icon11', opacity=1.0, ori=0.0, pos=array([0.  , 0.14]), size=array([0.04, 0.04]), texRes=128.0, units='height', win=Window(...))
11.0032 	EXP 	window1: mouseVisible = True
11.0062 	EXP 	Created int111 = TextStim(__class__=<class 'psychopy.visual.text.TextStim'>, alignHoriz=method-wrapper(...), alignText='center', alignVert=method-wrapper(...), anchorHoriz='center', anchorVert='center', antialias=True, autoDraw=False, autoLog=True, bold=False, color=array([-1., -1., -1.]), colorSpace='rgb', contrast=1.0, depth=-5.0, draggable=False, flipHoriz=False, flipVert=False, font='Open Sans', fontFiles=[], height=0.015, italic=False, languageStyle='LTR', name='int111', opacity=1.0, ori=0.0, pos=array([0.13, 0.1 ]), rgb=UNKNOWN, text='dancing', units='height', win=Window(...), wrapWidth=1)
11.0063 	EXP 	window1: mouseVisible = True
11.0352 	EXP 	Created icon12 = ImageStim(__class__=<class 'psychopy.visual.image.ImageStim'>, anchor=('center', 'center'), autoLog=True, color=array([1., 1., 1.]), colorSpace='rgb', contrast=1.0, depth=-6.0, draggable=False, flipHoriz=False, flipVert=False, image='stimuli/icons/animals.png', interpolate=True, mask=None, maskParams=None, name='icon12', opacity=1.0, ori=0.0, pos=array([0.13, 0.14]), size=array([0.04, 0.04]), texRes=128.0, units='height', win=Window(...))
11.0354 	EXP 	window1: mouseVisible = True
11.0373 	EXP 	Created int12 = TextStim(__class__=<class 'psychopy.visual.text.TextStim'>, alignHoriz=method-wrapper(...), alignText='center', alignVert=method-wrapper(...), anchorHoriz='center', anchorVert='center', antialias=True, autoDraw=False, autoLog=True, bold=False, color=array([-1., -1., -1.]), colorSpace='rgb', contrast=1.0, depth=-7.0, draggable=False, flipHoriz=False, flipVert=False, font='Open Sans', fontFiles=[], height=0.015, italic=False, languageStyle='LTR', name='int12', opacity=1.0, ori=0.0, pos=array([0. , 0.1]), rgb=UNKNOWN, text='movies', units='height', win=Window(...), wrapWidth=1)
11.0374 	EXP 	window1: mouseVisible = True
11.0394 	EXP 	Created toppeername = TextStim(__class__=<class 'psychopy.visual.text.TextStim'>, alignHoriz=method-wrapper(...), alignText='center', alignVert=method-wrapper(...), anchorHoriz='center', anchorVert='center', antialias=True, autoDraw=False, autoLog=True, bold=False, color=array([-1., -1., -1.]), colorSpace='rgb', contrast=1.0, depth=-8.0, draggable=False, flipHoriz=False, flipVert=False, font='Consolas', fontFiles=[], height=0.03, italic=False, languageStyle='LTR', name='toppeername', opacity=1.0, ori=0.0, pos=array([0.  , 0.45]), rgb=UNKNOWN, text='Player-1\n', units='height', win=Window(...), wrapWidth=1)
11.0394 	EXP 	window1: mouseVisible = True
11.0450 	EXP 	Created you = TextStim(__class__=<class 'psychopy.visual.text.TextStim'>, alignHoriz=method-wrapper(...), alignText='center', alignVert=method-wrapper(...), anchorHoriz='center', anchorVert='center', antialias=True, autoDraw=False, autoLog=True, bold=False, color=array([-1., -1., -1.]), colorSpace='rgb', contrast=1.0, depth=-9.0, draggable=False, flipHoriz=False, flipVert=False, font='Consolas', fontFiles=[], height=0.03, italic=False, languageStyle='LTR', name='you', opacity=1.0, ori=0.0, pos=array([0.  , 0.07]), rgb=UNKNOWN, text='You', units='height', win=Window(...), wrapWidth=1)
11.0456 	EXP 	window1: mouseVisible = True
11.0652 	EXP 	Created icon13 = ImageStim(__class__=<class 'psychopy.visual.image.ImageStim'>, anchor=('center', 'center'), autoLog=True, color=array([1., 1., 1.]), colorSpace='rgb', contrast=1.0, depth=-10.0, draggable=False, flipHoriz=False, flipVert=False, image='stimuli/icons/animals.png', interpolate=True, mask=None, maskParams=None, name='icon13', opacity=1.0, ori=0.0, pos=array([-0.13, -0.2 ]), size=array([0.04, 0.04]), texRes=128.0, units='height', win=Window(...))
11.0653 	EXP 	window1: mouseVisible = True
11.1155 	EXP 	Created int13 = TextStim(__class__=<class 'psychopy.visual.text.TextStim'>, alignHoriz=method-wrapper(...), alignText='center', alignVert=method-wrapper(...), anchorHoriz='center', anchorVert='center', antialias=True, autoDraw=False, autoLog=True, bold=False, color=array([-1., -1., -1.]), colorSpace='rgb', contrast=1.0, depth=-11.0, draggable=False, flipHoriz=False, flipVert=False, font='Open Sans', fontFiles=[], height=0.015, italic=False, languageStyle='LTR', name='int13', opacity=1.0, ori=0.0, pos=array([-0.13, -0.24]), rgb=UNKNOWN, text='chatting', units='height', win=Window(...), wrapWidth=1)
11.1156 	EXP 	window1: mouseVisible = True
11.1350 	EXP 	Created icon14 = ImageStim(__class__=<class 'psychopy.visual.image.ImageStim'>, anchor=('center', 'center'), autoLog=True, color=array([1., 1., 1.]), colorSpace='rgb', contrast=1.0, depth=-12.0, draggable=False, flipHoriz=False, flipVert=False, image='stimuli/icons/animals.png', interpolate=True, mask=None, maskParams=None, name='icon14', opacity=1.0, ori=0.0, pos=array([ 0. , -0.2]), size=array([0.04, 0.04]), texRes=128.0, units='height', win=Window(...))
11.1352 	EXP 	window1: mouseVisible = True
11.1393 	EXP 	Created int14 = TextStim(__class__=<class 'psychopy.visual.text.TextStim'>, alignHoriz=method-wrapper(...), alignText='center', alignVert=method-wrapper(...), anchorHoriz='center', anchorVert='center', antialias=True, autoDraw=False, autoLog=True, bold=False, color=array([-1., -1., -1.]), colorSpace='rgb', contrast=1.0, depth=-13.0, draggable=False, flipHoriz=False, flipVert=False, font='Open Sans', fontFiles=[], height=0.015, italic=False, languageStyle='LTR', name='int14', opacity=1.0, ori=0.0, pos=array([ 0.  , -0.24]), rgb=UNKNOWN, text='sports', units='height', win=Window(...), wrapWidth=1)
11.1394 	EXP 	window1: mouseVisible = True
11.1574 	EXP 	Created icon15 = ImageStim(__class__=<class 'psychopy.visual.image.ImageStim'>, anchor=('center', 'center'), autoLog=True, color=array([1., 1., 1.]), colorSpace='rgb', contrast=1.0, depth=-14.0, draggable=False, flipHoriz=False, flipVert=False, image='stimuli/icons/animals.png', interpolate=True, mask=None, maskParams=None, name='icon15', opacity=1.0, ori=0.0, pos=array([ 0.13, -0.2 ]), size=array([0.04, 0.04]), texRes=128.0, units='height', win=Window(...))
11.1575 	EXP 	window1: mouseVisible = True
11.1610 	EXP 	Created int15 = TextStim(__class__=<class 'psychopy.visual.text.TextStim'>, alignHoriz=method-wrapper(...), alignText='center', alignVert=method-wrapper(...), anchorHoriz='center', anchorVert='center', antialias=True, autoDraw=False, autoLog=True, bold=False, color=array([-1., -1., -1.]), colorSpace='rgb', contrast=1.0, depth=-15.0, draggable=False, flipHoriz=False, flipVert=False, font='Open Sans', fontFiles=[], height=0.015, italic=False, languageStyle='LTR', name='int15', opacity=1.0, ori=0.0, pos=array([ 0.13, -0.24]), rgb=UNKNOWN, text='beach', units='height', win=Window(...), wrapWidth=1)
11.1611 	EXP 	window1: mouseVisible = True
11.2503 	EXP 	Created participantpic = ImageStim(__class__=<class 'psychopy.visual.image.ImageStim'>, anchor=('center', 'center'), autoLog=True, color=array([1., 1., 1.]), colorSpace='rgb', contrast=1.0, depth=-16.0, draggable=False, flipHoriz=False, flipVert=False, image='stimuli/practice/participant.jpg', interpolate=True, mask=None, maskParams=None, name='participantpic', opacity=1.0, ori=0.0, pos=array([ 0.   , -0.073]), size=array([0.15, 0.2 ]), texRes=128.0, units='height', win=Window(...))
11.2504 	EXP 	window1: mouseVisible = True
11.2590 	EXP 	Created yess = ImageStim(__class__=<class 'psychopy.visual.image.ImageStim'>, anchor=('center', 'center'), autoLog=True, color=array([1., 1., 1.]), colorSpace='rgb', contrast=1.0, depth=-17.0, draggable=False, flipHoriz=False, flipVert=False, image='stimuli/feedback/Thumbs_up.png', interpolate=True, mask=None, maskParams=None, name='yess', opacity=1.0, ori=0.0, pos=array([ 0.  , -0.08]), size=array([0.2, 0.3]), texRes=128.0, units='height', win=Window(...))
11.2591 	EXP 	window1: mouseVisible = True
11.2601 	EXP 	Created polygon_7 = Rect(__class__=<class 'psychopy.visual.rect.Rect'>, anchor=('center', 'center'), autoDraw=False, autoLog=True, closeShape=True, color=method-wrapper(...), colorSpace='rgb', contrast=None, depth=0.0, draggable=False, fillColor=array([0., 0., 0.]), fillColorSpace='rgb', fillRGB=array([0., 0., 0.]), interpolate=True, lineColor=array([-1.    ,  0.0039, -1.    ]), lineColorSpace='rgb', lineRGB=array([-1.    ,  0.0039, -1.    ]), lineWidth=5.0, name='polygon_7', opacity=1.0, ori=0.0, pos=array([0.4 , 0.13]), size=array([0.5, 0.5]), units='height', vertices=ndarray(...), win=Window(...))
11.2602 	EXP 	window1: mouseVisible = True
11.3048 	EXP 	Created rightpeerchoice = ImageStim(__class__=<class 'psychopy.visual.image.ImageStim'>, anchor=('center', 'center'), autoLog=True, color=array([1., 1., 1.]), colorSpace='rgb', contrast=1.0, depth=-1.0, draggable=False, flipHoriz=False, flipVert=False, image='stimuli/practice/player2.jpg', interpolate=True, mask=None, maskParams=None, name='rightpeerchoice', opacity=1.0, ori=0.0, pos=array([0.4 , 0.13]), size=array([0.2 , 0.25]), texRes=128.0, units='height', win=Window(...))
11.3049 	EXP 	window1: mouseVisible = True
11.3231 	EXP 	Created icon16 = ImageStim(__class__=<class 'psychopy.visual.image.ImageStim'>, anchor=('center', 'center'), autoLog=True, color=array([1., 1., 1.]), colorSpace='rgb', contrast=1.0, depth=-2.0, draggable=False, flipHoriz=False, flipVert=False, image='stimuli/icons/animals.png', interpolate=True, mask=None, maskParams=None, name='icon16', opacity=1.0, ori=0.0, pos=array([ 0.3 , -0.03]), size=array([0.04, 0.04]), texRes=128.0, units='height', win=Window(...))
11.3232 	EXP 	window1: mouseVisible = True
11.3253 	EXP 	Created int16 = TextStim(__class__=<class 'psychopy.visual.text.TextStim'>, alignHoriz=method-wrapper(...), alignText='center', alignVert=method-wrapper(...), anchorHoriz='center', anchorVert='center', antialias=True, autoDraw=False, autoLog=True, bold=False, color=array([-1., -1., -1.]), colorSpace='rgb', contrast=1.0, depth=-3.0, draggable=False, flipHoriz=False, flipVert=False, font='Open Sans', fontFiles=[], height=0.015, italic=False, languageStyle='LTR', name='int16', opacity=1.0, ori=0.0, pos=array([ 0.3 , -0.07]), rgb=UNKNOWN, text='fashion', units='height', win=Window(...), wrapWidth=1)
11.3253 	EXP 	window1: mouseVisible = True
11.3434 	EXP 	Created icon17 = ImageStim(__class__=<class 'psychopy.visual.image.ImageStim'>, anchor=('center', 'center'), autoLog=True, color=array([1., 1., 1.]), colorSpace='rgb', contrast=1.0, depth=-4.0, draggable=False, flipHoriz=False, flipVert=False, image='stimuli/icons/animals.png', interpolate=True, mask=None, maskParams=None, name='icon17', opacity=1.0, ori=0.0, pos=array([ 0.4 , -0.03]), size=array([0.04, 0.04]), texRes=128.0, units='height', win=Window(...))
11.3435 	EXP 	window1: mouseVisible = True
11.3459 	EXP 	Created text_11 = TextStim(__class__=<class 'psychopy.visual.text.TextStim'>, alignHoriz=method-wrapper(...), alignText='center', alignVert=method-wrapper(...), anchorHoriz='center', anchorVert='center', antialias=True, autoDraw=False, autoLog=True, bold=False, color=array([-1., -1., -1.]), colorSpace='rgb', contrast=1.0, depth=-5.0, draggable=False, flipHoriz=False, flipVert=False, font='Open Sans', fontFiles=[], height=0.015, italic=False, languageStyle='LTR', name='text_11', opacity=1.0, ori=0.0, pos=array([ 0.4 , -0.07]), rgb=UNKNOWN, text='movies', units='height', win=Window(...), wrapWidth=1)
11.3460 	EXP 	window1: mouseVisible = True
11.3643 	EXP 	Created icon19 = ImageStim(__class__=<class 'psychopy.visual.image.ImageStim'>, anchor=('center', 'center'), autoLog=True, color=array([1., 1., 1.]), colorSpace='rgb', contrast=1.0, depth=-6.0, draggable=False, flipHoriz=False, flipVert=False, image='stimuli/icons/animals.png', interpolate=True, mask=None, maskParams=None, name='icon19', opacity=1.0, ori=0.0, pos=array([ 0.5 , -0.03]), size=array([0.04, 0.04]), texRes=128.0, units='height', win=Window(...))
11.3644 	EXP 	window1: mouseVisible = True
11.3665 	EXP 	Created text_12 = TextStim(__class__=<class 'psychopy.visual.text.TextStim'>, alignHoriz=method-wrapper(...), alignText='center', alignVert=method-wrapper(...), anchorHoriz='center', anchorVert='center', antialias=True, autoDraw=False, autoLog=True, bold=False, color=array([-1., -1., -1.]), colorSpace='rgb', contrast=1.0, depth=-7.0, draggable=False, flipHoriz=False, flipVert=False, font='Open Sans', fontFiles=[], height=0.015, italic=False, languageStyle='LTR', name='text_12', opacity=1.0, ori=0.0, pos=array([ 0.5 , -0.07]), rgb=UNKNOWN, text='writing', units='height', win=Window(...), wrapWidth=1)
11.3665 	EXP 	window1: mouseVisible = True
11.3770 	EXP 	Created yes1_2 = ImageStim(__class__=<class 'psychopy.visual.image.ImageStim'>, anchor=('center', 'center'), autoLog=True, color=array([1., 1., 1.]), colorSpace='rgb', contrast=1.0, depth=-8.0, draggable=False, flipHoriz=False, flipVert=False, image='stimuli/feedback/Thumbs_up.png', interpolate=True, mask=None, maskParams=None, name='yes1_2', opacity=1.0, ori=0.0, pos=array([0.4 , 0.13]), size=array([0.25, 0.25]), texRes=128.0, units='height', win=Window(...))
11.3771 	EXP 	window1: mouseVisible = True
11.3793 	EXP 	Created text_14 = TextStim(__class__=<class 'psychopy.visual.text.TextStim'>, alignHoriz=method-wrapper(...), alignText='center', alignVert=method-wrapper(...), anchorHoriz='center', anchorVert='center', antialias=True, autoDraw=False, autoLog=True, bold=False, color=array([-1., -1., -1.]), colorSpace='rgb', contrast=1.0, depth=-9.0, draggable=False, flipHoriz=False, flipVert=False, font='Consolas', fontFiles=[], height=0.03, italic=False, languageStyle='LTR', name='text_14', opacity=1.0, ori=0.0, pos=array([0.4, 0.3]), rgb=UNKNOWN, text='Player-2\n', units='height', win=Window(...), wrapWidth=1)
11.3794 	EXP 	window1: mouseVisible = True
11.3804 	EXP 	Created polygon_4 = Rect(__class__=<class 'psychopy.visual.rect.Rect'>, anchor=('center', 'center'), autoDraw=False, autoLog=True, closeShape=True, color=method-wrapper(...), colorSpace='rgb', contrast=None, depth=0.0, draggable=False, fillColor=array([0., 0., 0.]), fillColorSpace='rgb', fillRGB=array([0., 0., 0.]), interpolate=True, lineColor=array([-1.    ,  0.0039, -1.    ]), lineColorSpace='rgb', lineRGB=array([-1.    ,  0.0039, -1.    ]), lineWidth=5.0, name='polygon_4', opacity=1.0, ori=0.0, pos=array([ 0.   , -0.073]), size=array([0.4, 0.4]), units='height', vertices=ndarray(...), win=Window(...))
11.3805 	EXP 	window1: mouseVisible = True
11.4242 	EXP 	Created toprightpeer = ImageStim(__class__=<class 'psychopy.visual.image.ImageStim'>, anchor=('center', 'center'), autoLog=True, color=array([1., 1., 1.]), colorSpace='rgb', contrast=1.0, depth=-1.0, draggable=False, flipHoriz=False, flipVert=False, image='stimuli/practice/player2.jpg', interpolate=True, mask=None, maskParams=None, name='toprightpeer', opacity=1.0, ori=0.0, pos=array([0. , 0.3]), size=array([0.2 , 0.25]), texRes=128.0, units='height', win=Window(...))
11.4243 	EXP 	window1: mouseVisible = True
11.4428 	EXP 	Created icon20 = ImageStim(__class__=<class 'psychopy.visual.image.ImageStim'>, anchor=('center', 'center'), autoLog=True, color=array([1., 1., 1.]), colorSpace='rgb', contrast=1.0, depth=-2.0, draggable=False, flipHoriz=False, flipVert=False, image='stimuli/icons/animals.png', interpolate=True, mask=None, maskParams=None, name='icon20', opacity=1.0, ori=0.0, pos=array([-0.13,  0.14]), size=array([0.04, 0.04]), texRes=128.0, units='height', win=Window(...))
11.4429 	EXP 	window1: mouseVisible = True
11.4450 	EXP 	Created var_2 = TextStim(__class__=<class 'psychopy.visual.text.TextStim'>, alignHoriz=method-wrapper(...), alignText='center', alignVert=method-wrapper(...), anchorHoriz='center', anchorVert='center', antialias=True, autoDraw=False, autoLog=True, bold=False, color=array([-1., -1., -1.]), colorSpace='rgb', contrast=1.0, depth=-3.0, draggable=False, flipHoriz=False, flipVert=False, font='Open Sans', fontFiles=[], height=0.015, italic=False, languageStyle='LTR', name='var_2', opacity=1.0, ori=0.0, pos=array([-0.13 ,  0.076]), rgb=UNKNOWN, text='fashion\n\n\n', units='height', win=Window(...), wrapWidth=1)
11.4451 	EXP 	window1: mouseVisible = True
11.4639 	EXP 	Created icon21 = ImageStim(__class__=<class 'psychopy.visual.image.ImageStim'>, anchor=('center', 'center'), autoLog=True, color=array([1., 1., 1.]), colorSpace='rgb', contrast=1.0, depth=-4.0, draggable=False, flipHoriz=False, flipVert=False, image='stimuli/icons/animals.png', interpolate=True, mask=None, maskParams=None, name='icon21', opacity=1.0, ori=0.0, pos=array([0.  , 0.14]), size=array([0.04, 0.04]), texRes=128.0, units='height', win=Window(...))
11.4640 	EXP 	window1: mouseVisible = True
11.4660 	EXP 	Created var_7 = TextStim(__class__=<class 'psychopy.visual.text.TextStim'>, alignHoriz=method-wrapper(...), alignText='center', alignVert=method-wrapper(...), anchorHoriz='center', anchorVert='center', antialias=True, autoDraw=False, autoLog=True, bold=False, color=array([-1., -1., -1.]), colorSpace='rgb', contrast=1.0, depth=-5.0, draggable=False, flipHoriz=False, flipVert=False, font='Open Sans', fontFiles=[], height=0.015, italic=False, languageStyle='LTR', name='var_7', opacity=1.0, ori=0.0, pos=array([0.13, 0.1 ]), rgb=UNKNOWN, text='dancing', units='height', win=Window(...), wrapWidth=1)
11.4661 	EXP 	window1: mouseVisible = True
11.4855 	EXP 	Created icon22 = ImageStim(__class__=<class 'psychopy.visual.image.ImageStim'>, anchor=('center', 'center'), autoLog=True, color=array([1., 1., 1.]), colorSpace='rgb', contrast=1.0, depth=-6.0, draggable=False, flipHoriz=False, flipVert=False, image='stimuli/icons/animals.png', interpolate=True, mask=None, maskParams=None, name='icon22', opacity=1.0, ori=0.0, pos=array([0.13, 0.14]), size=array([0.04, 0.04]), texRes=128.0, units='height', win=Window(...))
11.4856 	EXP 	window1: mouseVisible = True
11.4877 	EXP 	Created text_31 = TextStim(__class__=<class 'psychopy.visual.text.TextStim'>, alignHoriz=method-wrapper(...), alignText='center', alignVert=method-wrapper(...), anchorHoriz='center', anchorVert='center', antialias=True, autoDraw=False, autoLog=True, bold=False, color=array([-1., -1., -1.]), colorSpace='rgb', contrast=1.0, depth=-7.0, draggable=False, flipHoriz=False, flipVert=False, font='Open Sans', fontFiles=[], height=0.015, italic=False, languageStyle='LTR', name='text_31', opacity=1.0, ori=0.0, pos=array([0. , 0.1]), rgb=UNKNOWN, text='writing', units='height', win=Window(...), wrapWidth=1)
11.4878 	EXP 	window1: mouseVisible = True
11.4899 	EXP 	Created p1_4 = TextStim(__class__=<class 'psychopy.visual.text.TextStim'>, alignHoriz=method-wrapper(...), alignText='center', alignVert=method-wrapper(...), anchorHoriz='center', anchorVert='center', antialias=True, autoDraw=False, autoLog=True, bold=False, color=array([-1., -1., -1.]), colorSpace='rgb', contrast=1.0, depth=-8.0, draggable=False, flipHoriz=False, flipVert=False, font='Consolas', fontFiles=[], height=0.03, italic=False, languageStyle='LTR', name='p1_4', opacity=1.0, ori=0.0, pos=array([0.  , 0.45]), rgb=UNKNOWN, text='Player-2\n\n', units='height', win=Window(...), wrapWidth=1)
11.4900 	EXP 	window1: mouseVisible = True
11.4916 	EXP 	Created you_2 = TextStim(__class__=<class 'psychopy.visual.text.TextStim'>, alignHoriz=method-wrapper(...), alignText='center', alignVert=method-wrapper(...), anchorHoriz='center', anchorVert='center', antialias=True, autoDraw=False, autoLog=True, bold=False, color=array([-1., -1., -1.]), colorSpace='rgb', contrast=1.0, depth=-9.0, draggable=False, flipHoriz=False, flipVert=False, font='Consolas', fontFiles=[], height=0.03, italic=False, languageStyle='LTR', name='you_2', opacity=1.0, ori=0.0, pos=array([0.  , 0.07]), rgb=UNKNOWN, text='You', units='height', win=Window(...), wrapWidth=1)
11.4917 	EXP 	window1: mouseVisible = True
11.5118 	EXP 	Created icon23 = ImageStim(__class__=<class 'psychopy.visual.image.ImageStim'>, anchor=('center', 'center'), autoLog=True, color=array([1., 1., 1.]), colorSpace='rgb', contrast=1.0, depth=-10.0, draggable=False, flipHoriz=False, flipVert=False, image='stimuli/icons/animals.png', interpolate=True, mask=None, maskParams=None, name='icon23', opacity=1.0, ori=0.0, pos=array([-0.13, -0.2 ]), size=array([0.04, 0.04]), texRes=128.0, units='height', win=Window(...))
11.5119 	EXP 	window1: mouseVisible = True
11.5140 	EXP 	Created chat_2 = TextStim(__class__=<class 'psychopy.visual.text.TextStim'>, alignHoriz=method-wrapper(...), alignText='center', alignVert=method-wrapper(...), anchorHoriz='center', anchorVert='center', antialias=True, autoDraw=False, autoLog=True, bold=False, color=array([-1., -1., -1.]), colorSpace='rgb', contrast=1.0, depth=-11.0, draggable=False, flipHoriz=False, flipVert=False, font='Open Sans', fontFiles=[], height=0.015, italic=False, languageStyle='LTR', name='chat_2', opacity=1.0, ori=0.0, pos=array([-0.13, -0.24]), rgb=UNKNOWN, text='chatting', units='height', win=Window(...), wrapWidth=1)
11.5141 	EXP 	window1: mouseVisible = True
11.5348 	EXP 	Created icon24 = ImageStim(__class__=<class 'psychopy.visual.image.ImageStim'>, anchor=('center', 'center'), autoLog=True, color=array([1., 1., 1.]), colorSpace='rgb', contrast=1.0, depth=-12.0, draggable=False, flipHoriz=False, flipVert=False, image='stimuli/icons/animals.png', interpolate=True, mask=None, maskParams=None, name='icon24', opacity=1.0, ori=0.0, pos=array([ 0. , -0.2]), size=array([0.04, 0.04]), texRes=128.0, units='height', win=Window(...))
11.5349 	EXP 	window1: mouseVisible = True
11.5369 	EXP 	Created sport_2 = TextStim(__class__=<class 'psychopy.visual.text.TextStim'>, alignHoriz=method-wrapper(...), alignText='center', alignVert=method-wrapper(...), anchorHoriz='center', anchorVert='center', antialias=True, autoDraw=False, autoLog=True, bold=False, color=array([-1., -1., -1.]), colorSpace='rgb', contrast=1.0, depth=-13.0, draggable=False, flipHoriz=False, flipVert=False, font='Open Sans', fontFiles=[], height=0.015, italic=False, languageStyle='LTR', name='sport_2', opacity=1.0, ori=0.0, pos=array([ 0.  , -0.24]), rgb=UNKNOWN, text='sports', units='height', win=Window(...), wrapWidth=1)
11.5370 	EXP 	window1: mouseVisible = True
11.5657 	EXP 	Created icon25 = ImageStim(__class__=<class 'psychopy.visual.image.ImageStim'>, anchor=('center', 'center'), autoLog=True, color=array([1., 1., 1.]), colorSpace='rgb', contrast=1.0, depth=-14.0, draggable=False, flipHoriz=False, flipVert=False, image='stimuli/icons/animals.png', interpolate=True, mask=None, maskParams=None, name='icon25', opacity=1.0, ori=0.0, pos=array([ 0.13, -0.2 ]), size=array([0.04, 0.04]), texRes=128.0, units='height', win=Window(...))
11.5658 	EXP 	window1: mouseVisible = True
11.6422 	EXP 	Created participantpic_5 = ImageStim(__class__=<class 'psychopy.visual.image.ImageStim'>, anchor=('center', 'center'), autoLog=True, color=array([1., 1., 1.]), colorSpace='rgb', contrast=1.0, depth=-15.0, draggable=False, flipHoriz=False, flipVert=False, image='stimuli/practice/player1.jpg', interpolate=True, mask=None, maskParams=None, name='participantpic_5', opacity=1.0, ori=0.0, pos=array([ 0.   , -0.073]), size=array([0.15, 0.2 ]), texRes=128.0, units='height', win=Window(...))
11.6423 	EXP 	window1: mouseVisible = True
11.6447 	EXP 	Created beach_txt_2 = TextStim(__class__=<class 'psychopy.visual.text.TextStim'>, alignHoriz=method-wrapper(...), alignText='center', alignVert=method-wrapper(...), anchorHoriz='center', anchorVert='center', antialias=True, autoDraw=False, autoLog=True, bold=False, color=array([-1., -1., -1.]), colorSpace='rgb', contrast=1.0, depth=-16.0, draggable=False, flipHoriz=False, flipVert=False, font='Open Sans', fontFiles=[], height=0.015, italic=False, languageStyle='LTR', name='beach_txt_2', opacity=1.0, ori=0.0, pos=array([ 0.13, -0.24]), rgb=UNKNOWN, text='beach', units='height', win=Window(...), wrapWidth=1)
11.6448 	EXP 	window1: mouseVisible = True
11.6600 	EXP 	Created yes = ImageStim(__class__=<class 'psychopy.visual.image.ImageStim'>, anchor=('center', 'center'), autoLog=True, color=array([1., 1., 1.]), colorSpace='rgb', contrast=1.0, depth=-17.0, draggable=False, flipHoriz=False, flipVert=False, image='stimuli/feedback/Thumbs_up.png', interpolate=True, mask=None, maskParams=None, name='yes', opacity=1.0, ori=0.0, pos=array([ 0.  , -0.08]), size=array([0.25, 0.25]), texRes=128.0, units='height', win=Window(...))
11.6602 	EXP 	window1: mouseVisible = True
11.6612 	EXP 	Created polygon = Rect(__class__=<class 'psychopy.visual.rect.Rect'>, anchor=('center', 'center'), autoDraw=False, autoLog=True, closeShape=True, color=method-wrapper(...), colorSpace='rgb', contrast=None, depth=0.0, draggable=False, fillColor=array([-1., -1., -1.]), fillColorSpace='rgb', fillRGB=array([-1., -1., -1.]), interpolate=True, lineColor=array([-1., -1., -1.]), lineColorSpace='rgb', lineRGB=array([-1., -1., -1.]), lineWidth=1.0, name='polygon', opacity=1.0, ori=0.0, pos=array([0., 0.]), size=array([4., 4.]), units='height', vertices=ndarray(...), win=Window(...))
11.6613 	EXP 	window1: mouseVisible = True
11.6751 	EXP 	Created text_16 = TextStim(__class__=<class 'psychopy.visual.text.TextStim'>, alignHoriz=method-wrapper(...), alignText='center', alignVert=method-wrapper(...), anchorHoriz='center', anchorVert='center', antialias=True, autoDraw=False, autoLog=True, bold=False, color=array([1., 1., 1.]), colorSpace='rgb', contrast=1.0, depth=-1.0, draggable=False, flipHoriz=False, flipVert=False, font='Open Sans', fontFiles=[], height=0.06, italic=False, languageStyle='LTR', name='text_16', opacity=1.0, ori=0.0, pos=array([0., 0.]), rgb=UNKNOWN, text='+', units='height', win=Window(...), wrapWidth=1)
0.0322 	EXP 	wel: autoDraw = True
4.7117 	EXP 	Imported stimuli/adolF.xlsx as conditions, 60 conditions, 1 params
4.7293 	EXP 	Created sequence: random, trialTypes=60, nReps=5, seed=None
4.7296 	EXP 	New trial (rep=0, index=0): {'adolF_img': 'stimuli/adolescents/F45.png'}
4.8216 	DATA 	Keypress: space
4.8268 	EXP 	wel: autoDraw = False
4.8268 	EXP 	Player1demo: image = 'stimuli/adolescents/F45.png'
4.8268 	EXP 	Player2demo: image = 'stimuli/adolescents/F45.png'
4.8268 	EXP 	Who: autoDraw = True
4.8268 	EXP 	text_2: autoDraw = True
4.8268 	EXP 	text_3: autoDraw = True
4.8268 	EXP 	Player1demo: autoDraw = True
4.8268 	EXP 	Player2demo: autoDraw = True
4.8268 	EXP 	cooking: autoDraw = True
4.8268 	EXP 	text_4: autoDraw = True
4.8268 	EXP 	movies: autoDraw = True
4.8268 	EXP 	text_5: autoDraw = True
4.8268 	EXP 	dancing: autoDraw = True
4.8268 	EXP 	text_6: autoDraw = True
4.8268 	EXP 	fashion: autoDraw = True
4.8268 	EXP 	text_7: autoDraw = True
4.8268 	EXP 	movie: autoDraw = True
4.8268 	EXP 	text_8: autoDraw = True
4.8268 	EXP 	writing: autoDraw = True
4.8268 	EXP 	text_9: autoDraw = True
6.1003 	DATA 	Keypress: n
6.1208 	EXP 	Created sequence: random, trialTypes=1, nReps=1, seed=None
6.1210 	EXP 	New trial (rep=0, index=0): None
6.1330 	EXP 	Who: autoDraw = False
6.1330 	EXP 	text_2: autoDraw = False
6.1330 	EXP 	text_3: autoDraw = False
6.1330 	EXP 	Player1demo: autoDraw = False
6.1330 	EXP 	Player2demo: autoDraw = False
6.1330 	EXP 	cooking: autoDraw = False
6.1330 	EXP 	text_4: autoDraw = False
6.1330 	EXP 	movies: autoDraw = False
6.1330 	EXP 	text_5: autoDraw = False
6.1330 	EXP 	dancing: autoDraw = False
6.1330 	EXP 	text_6: autoDraw = False
6.1330 	EXP 	fashion: autoDraw = False
6.1330 	EXP 	text_7: autoDraw = False
6.1330 	EXP 	movie: autoDraw = False
6.1330 	EXP 	text_8: autoDraw = False
6.1330 	EXP 	writing: autoDraw = False
6.1330 	EXP 	text_9: autoDraw = False
6.1330 	EXP 	leftplayer: image = 'stimuli/adolescents/F45.png'
6.1330 	EXP 	polygon_6: autoDraw = True
6.1330 	EXP 	leftplayer: autoDraw = True
6.1330 	EXP 	icon7: autoDraw = True
6.1330 	EXP 	ison7t: autoDraw = True
6.1330 	EXP 	icon8: autoDraw = True
6.1330 	EXP 	icon8t: autoDraw = True
6.1330 	EXP 	icon9: autoDraw = True
6.1330 	EXP 	int9: autoDraw = True
6.1330 	EXP 	leftplayert: autoDraw = True
6.1330 	EXP 	yes1: autoDraw = True
7.0541 	DATA 	Keypress: space
7.0635 	EXP 	polygon_6: autoDraw = False
7.0635 	EXP 	leftplayer: autoDraw = False
7.0635 	EXP 	icon7: autoDraw = False
7.0635 	EXP 	ison7t: autoDraw = False
7.0635 	EXP 	icon8: autoDraw = False
7.0635 	EXP 	icon8t: autoDraw = False
7.0635 	EXP 	icon9: autoDraw = False
7.0635 	EXP 	int9: autoDraw = False
7.0635 	EXP 	leftplayert: autoDraw = False
7.0635 	EXP 	yes1: autoDraw = False
7.0635 	EXP 	topleftpeerchoice: image = 'stimuli/adolescents/F45.png'
7.0635 	EXP 	topleftpeerchoice: autoDraw = True
7.0635 	EXP 	icon10: autoDraw = True
7.0635 	EXP 	int10: autoDraw = True
7.0635 	EXP 	icon11: autoDraw = True
7.0635 	EXP 	int111: autoDraw = True
7.0635 	EXP 	icon12: autoDraw = True
7.0635 	EXP 	int12: autoDraw = True
7.0635 	EXP 	toppeername: autoDraw = True
8.0660 	EXP 	you: autoDraw = True
8.0660 	EXP 	icon13: autoDraw = True
8.0660 	EXP 	int13: autoDraw = True
8.0660 	EXP 	icon14: autoDraw = True
8.0660 	EXP 	int14: autoDraw = True
8.0660 	EXP 	icon15: autoDraw = True
8.0660 	EXP 	int15: autoDraw = True
8.0660 	EXP 	participantpic: autoDraw = True
9.5635 	EXP 	polygon_5: autoDraw = True
9.5635 	EXP 	yess: autoDraw = True
11.5478 	EXP 	Created sequence: random, trialTypes=1, nReps=0, seed=None
11.5492 	DATA 	Keypress: space
11.5662 	EXP 	polygon_5: autoDraw = False
11.5662 	EXP 	topleftpeerchoice: autoDraw = False
11.5662 	EXP 	icon10: autoDraw = False
11.5662 	EXP 	int10: autoDraw = False
11.5662 	EXP 	icon11: autoDraw = False
11.5662 	EXP 	int111: autoDraw = False
11.5662 	EXP 	icon12: autoDraw = False
11.5662 	EXP 	int12: autoDraw = False
11.5662 	EXP 	toppeername: autoDraw = False
11.5662 	EXP 	you: autoDraw = False
11.5662 	EXP 	icon13: autoDraw = False
11.5662 	EXP 	int13: autoDraw = False
11.5662 	EXP 	icon14: autoDraw = False
11.5662 	EXP 	int14: autoDraw = False
11.5662 	EXP 	icon15: autoDraw = False
11.5662 	EXP 	int15: autoDraw = False
11.5662 	EXP 	participantpic: autoDraw = False
11.5662 	EXP 	yess: autoDraw = False
11.5662 	EXP 	polygon: autoDraw = True
11.5662 	EXP 	text_16: autoDraw = True
14.5338 	EXP 	New trial (rep=0, index=1): {'adolF_img': 'stimuli/adolescents/F41.png'}
14.5522 	EXP 	polygon: autoDraw = False
14.5522 	EXP 	text_16: autoDraw = False
14.5522 	EXP 	Player1demo: image = 'stimuli/adolescents/F41.png'
14.5522 	EXP 	Player2demo: image = 'stimuli/adolescents/F41.png'
14.5522 	EXP 	Who: autoDraw = True
14.5522 	EXP 	text_2: autoDraw = True
14.5522 	EXP 	text_3: autoDraw = True
14.5522 	EXP 	Player1demo: autoDraw = True
14.5522 	EXP 	Player2demo: autoDraw = True
14.5522 	EXP 	cooking: autoDraw = True
14.5522 	EXP 	text_4: autoDraw = True
14.5522 	EXP 	movies: autoDraw = True
14.5522 	EXP 	text_5: autoDraw = True
14.5522 	EXP 	dancing: autoDraw = True
14.5522 	EXP 	text_6: autoDraw = True
14.5522 	EXP 	fashion: autoDraw = True
14.5522 	EXP 	text_7: autoDraw = True
14.5522 	EXP 	movie: autoDraw = True
14.5522 	EXP 	text_8: autoDraw = True
14.5522 	EXP 	writing: autoDraw = True
14.5522 	EXP 	text_9: autoDraw = True
19.7504 	DATA 	Keypress: n
19.7640 	EXP 	Created sequence: random, trialTypes=1, nReps=1, seed=None
19.7642 	EXP 	New trial (rep=0, index=0): None
19.7800 	EXP 	Who: autoDraw = False
19.7800 	EXP 	text_2: autoDraw = False
19.7800 	EXP 	text_3: autoDraw = False
19.7800 	EXP 	Player1demo: autoDraw = False
19.7800 	EXP 	Player2demo: autoDraw = False
19.7800 	EXP 	cooking: autoDraw = False
19.7800 	EXP 	text_4: autoDraw = False
19.7800 	EXP 	movies: autoDraw = False
19.7800 	EXP 	text_5: autoDraw = False
19.7800 	EXP 	dancing: autoDraw = False
19.7800 	EXP 	text_6: autoDraw = False
19.7800 	EXP 	fashion: autoDraw = False
19.7800 	EXP 	text_7: autoDraw = False
19.7800 	EXP 	movie: autoDraw = False
19.7800 	EXP 	text_8: autoDraw = False
19.7800 	EXP 	writing: autoDraw = False
19.7800 	EXP 	text_9: autoDraw = False
19.7800 	EXP 	leftplayer: image = 'stimuli/adolescents/F41.png'
19.7800 	EXP 	polygon_6: autoDraw = True
19.7800 	EXP 	leftplayer: autoDraw = True
19.7800 	EXP 	icon7: autoDraw = True
19.7800 	EXP 	ison7t: autoDraw = True
19.7800 	EXP 	icon8: autoDraw = True
19.7800 	EXP 	icon8t: autoDraw = True
19.7800 	EXP 	icon9: autoDraw = True
19.7800 	EXP 	int9: autoDraw = True
19.7800 	EXP 	leftplayert: autoDraw = True
19.7800 	EXP 	yes1: autoDraw = True
21.0865 	DATA 	Keypress: space
21.0958 	EXP 	polygon_6: autoDraw = False
21.0958 	EXP 	leftplayer: autoDraw = False
21.0958 	EXP 	icon7: autoDraw = False
21.0958 	EXP 	ison7t: autoDraw = False
21.0958 	EXP 	icon8: autoDraw = False
21.0958 	EXP 	icon8t: autoDraw = False
21.0958 	EXP 	icon9: autoDraw = False
21.0958 	EXP 	int9: autoDraw = False
21.0958 	EXP 	leftplayert: autoDraw = False
21.0958 	EXP 	yes1: autoDraw = False
21.0958 	EXP 	topleftpeerchoice: image = 'stimuli/adolescents/F41.png'
21.0958 	EXP 	topleftpeerchoice: autoDraw = True
21.0958 	EXP 	icon10: autoDraw = True
21.0958 	EXP 	int10: autoDraw = True
21.0958 	EXP 	icon11: autoDraw = True
21.0958 	EXP 	int111: autoDraw = True
21.0958 	EXP 	icon12: autoDraw = True
21.0958 	EXP 	int12: autoDraw = True
21.0958 	EXP 	toppeername: autoDraw = True
22.0964 	EXP 	you: autoDraw = True
22.0964 	EXP 	icon13: autoDraw = True
22.0964 	EXP 	int13: autoDraw = True
22.0964 	EXP 	icon14: autoDraw = True
22.0964 	EXP 	int14: autoDraw = True
22.0964 	EXP 	icon15: autoDraw = True
22.0964 	EXP 	int15: autoDraw = True
22.0964 	EXP 	participantpic: autoDraw = True
23.5967 	EXP 	polygon_5: autoDraw = True
23.5967 	EXP 	yess: autoDraw = True
25.0313 	EXP 	Created sequence: random, trialTypes=1, nReps=0, seed=None
25.0325 	DATA 	Keypress: space
25.0496 	EXP 	polygon_5: autoDraw = False
25.0496 	EXP 	topleftpeerchoice: autoDraw = False
25.0496 	EXP 	icon10: autoDraw = False
25.0496 	EXP 	int10: autoDraw = False
25.0496 	EXP 	icon11: autoDraw = False
25.0496 	EXP 	int111: autoDraw = False
25.0496 	EXP 	icon12: autoDraw = False
25.0496 	EXP 	int12: autoDraw = False
25.0496 	EXP 	toppeername: autoDraw = False
25.0496 	EXP 	you: autoDraw = False
25.0496 	EXP 	icon13: autoDraw = False
25.0496 	EXP 	int13: autoDraw = False
25.0496 	EXP 	icon14: autoDraw = False
25.0496 	EXP 	int14: autoDraw = False
25.0496 	EXP 	icon15: autoDraw = False
25.0496 	EXP 	int15: autoDraw = False
25.0496 	EXP 	participantpic: autoDraw = False
25.0496 	EXP 	yess: autoDraw = False
25.0496 	EXP 	polygon: autoDraw = True
25.0496 	EXP 	text_16: autoDraw = True
28.0168 	EXP 	New trial (rep=0, index=2): {'adolF_img': 'stimuli/adolescents/F52.png'}
28.0390 	EXP 	polygon: autoDraw = False
28.0390 	EXP 	text_16: autoDraw = False
28.0390 	EXP 	Player1demo: image = 'stimuli/adolescents/F52.png'
28.0390 	EXP 	Player2demo: image = 'stimuli/adolescents/F52.png'
28.0390 	EXP 	Who: autoDraw = True
28.0390 	EXP 	text_2: autoDraw = True
28.0390 	EXP 	text_3: autoDraw = True
28.0390 	EXP 	Player1demo: autoDraw = True
28.0390 	EXP 	Player2demo: autoDraw = True
28.0390 	EXP 	cooking: autoDraw = True
28.0390 	EXP 	text_4: autoDraw = True
28.0390 	EXP 	movies: autoDraw = True
28.0390 	EXP 	text_5: autoDraw = True
28.0390 	EXP 	dancing: autoDraw = True
28.0390 	EXP 	text_6: autoDraw = True
28.0390 	EXP 	fashion: autoDraw = True
28.0390 	EXP 	text_7: autoDraw = True
28.0390 	EXP 	movie: autoDraw = True
28.0390 	EXP 	text_8: autoDraw = True
28.0390 	EXP 	writing: autoDraw = True
28.0390 	EXP 	text_9: autoDraw = True
43.3640 	EXP 	Created sequence: random, trialTypes=1, nReps=1, seed=None
43.3641 	EXP 	New trial (rep=0, index=0): None
43.3700 	DATA 	Keypress: space
43.3797 	EXP 	Who: autoDraw = False
43.3797 	EXP 	text_2: autoDraw = False
43.3797 	EXP 	text_3: autoDraw = False
43.3797 	EXP 	Player1demo: autoDraw = False
43.3797 	EXP 	Player2demo: autoDraw = False
43.3797 	EXP 	cooking: autoDraw = False
43.3797 	EXP 	text_4: autoDraw = False
43.3797 	EXP 	movies: autoDraw = False
43.3797 	EXP 	text_5: autoDraw = False
43.3797 	EXP 	dancing: autoDraw = False
43.3797 	EXP 	text_6: autoDraw = False
43.3797 	EXP 	fashion: autoDraw = False
43.3797 	EXP 	text_7: autoDraw = False
43.3797 	EXP 	movie: autoDraw = False
43.3797 	EXP 	text_8: autoDraw = False
43.3797 	EXP 	writing: autoDraw = False
43.3797 	EXP 	text_9: autoDraw = False
43.3797 	EXP 	leftplayer: image = 'stimuli/adolescents/F41.png'
43.3797 	EXP 	polygon_6: autoDraw = True
43.3797 	EXP 	leftplayer: autoDraw = True
43.3797 	EXP 	icon7: autoDraw = True
43.3797 	EXP 	ison7t: autoDraw = True
43.3797 	EXP 	icon8: autoDraw = True
43.3797 	EXP 	icon8t: autoDraw = True
43.3797 	EXP 	icon9: autoDraw = True
43.3797 	EXP 	int9: autoDraw = True
43.3797 	EXP 	leftplayert: autoDraw = True
43.3797 	EXP 	yes1: autoDraw = True
46.6530 	DATA 	Keypress: space
46.6625 	EXP 	polygon_6: autoDraw = False
46.6625 	EXP 	leftplayer: autoDraw = False
46.6625 	EXP 	icon7: autoDraw = False
46.6625 	EXP 	ison7t: autoDraw = False
46.6625 	EXP 	icon8: autoDraw = False
46.6625 	EXP 	icon8t: autoDraw = False
46.6625 	EXP 	icon9: autoDraw = False
46.6625 	EXP 	int9: autoDraw = False
46.6625 	EXP 	leftplayert: autoDraw = False
46.6625 	EXP 	yes1: autoDraw = False
46.6625 	EXP 	topleftpeerchoice: image = 'stimuli/adolescents/F41.png'
46.6625 	EXP 	topleftpeerchoice: autoDraw = True
46.6625 	EXP 	icon10: autoDraw = True
46.6625 	EXP 	int10: autoDraw = True
46.6625 	EXP 	icon11: autoDraw = True
46.6625 	EXP 	int111: autoDraw = True
46.6625 	EXP 	icon12: autoDraw = True
46.6625 	EXP 	int12: autoDraw = True
46.6625 	EXP 	toppeername: autoDraw = True
47.6629 	EXP 	you: autoDraw = True
47.6629 	EXP 	icon13: autoDraw = True
47.6629 	EXP 	int13: autoDraw = True
47.6629 	EXP 	icon14: autoDraw = True
47.6629 	EXP 	int14: autoDraw = True
47.6629 	EXP 	icon15: autoDraw = True
47.6629 	EXP 	int15: autoDraw = True
47.6629 	EXP 	participantpic: autoDraw = True
49.1633 	EXP 	polygon_5: autoDraw = True
49.1633 	EXP 	yess: autoDraw = True
55.3478 	EXP 	Created sequence: random, trialTypes=1, nReps=0, seed=None
55.3490 	DATA 	Keypress: space
55.3663 	EXP 	polygon_5: autoDraw = False
55.3663 	EXP 	topleftpeerchoice: autoDraw = False
55.3663 	EXP 	icon10: autoDraw = False
55.3663 	EXP 	int10: autoDraw = False
55.3663 	EXP 	icon11: autoDraw = False
55.3663 	EXP 	int111: autoDraw = False
55.3663 	EXP 	icon12: autoDraw = False
55.3663 	EXP 	int12: autoDraw = False
55.3663 	EXP 	toppeername: autoDraw = False
55.3663 	EXP 	you: autoDraw = False
55.3663 	EXP 	icon13: autoDraw = False
55.3663 	EXP 	int13: autoDraw = False
55.3663 	EXP 	icon14: autoDraw = False
55.3663 	EXP 	int14: autoDraw = False
55.3663 	EXP 	icon15: autoDraw = False
55.3663 	EXP 	int15: autoDraw = False
55.3663 	EXP 	participantpic: autoDraw = False
55.3663 	EXP 	yess: autoDraw = False
55.3663 	EXP 	polygon: autoDraw = True
55.3663 	EXP 	text_16: autoDraw = True
58.3338 	EXP 	New trial (rep=0, index=3): {'adolF_img': 'stimuli/adolescents/F22.png'}
58.3497 	EXP 	polygon: autoDraw = False
58.3497 	EXP 	text_16: autoDraw = False
58.3497 	EXP 	Player1demo: image = 'stimuli/adolescents/F22.png'
58.3497 	EXP 	Player2demo: image = 'stimuli/adolescents/F22.png'
58.3497 	EXP 	Who: autoDraw = True
58.3497 	EXP 	text_2: autoDraw = True
58.3497 	EXP 	text_3: autoDraw = True
58.3497 	EXP 	Player1demo: autoDraw = True
58.3497 	EXP 	Player2demo: autoDraw = True
58.3497 	EXP 	cooking: autoDraw = True
58.3497 	EXP 	text_4: autoDraw = True
58.3497 	EXP 	movies: autoDraw = True
58.3497 	EXP 	text_5: autoDraw = True
58.3497 	EXP 	dancing: autoDraw = True
58.3497 	EXP 	text_6: autoDraw = True
58.3497 	EXP 	fashion: autoDraw = True
58.3497 	EXP 	text_7: autoDraw = True
58.3497 	EXP 	movie: autoDraw = True
58.3497 	EXP 	text_8: autoDraw = True
58.3497 	EXP 	writing: autoDraw = True
58.3497 	EXP 	text_9: autoDraw = True
87.0474 	EXP 	Created sequence: random, trialTypes=1, nReps=1, seed=None
87.0475 	EXP 	New trial (rep=0, index=0): None
87.0534 	DATA 	Keypress: space
87.0631 	EXP 	Who: autoDraw = False
87.0631 	EXP 	text_2: autoDraw = False
87.0631 	EXP 	text_3: autoDraw = False
87.0631 	EXP 	Player1demo: autoDraw = False
87.0631 	EXP 	Player2demo: autoDraw = False
87.0631 	EXP 	cooking: autoDraw = False
87.0631 	EXP 	text_4: autoDraw = False
87.0631 	EXP 	movies: autoDraw = False
87.0631 	EXP 	text_5: autoDraw = False
87.0631 	EXP 	dancing: autoDraw = False
87.0631 	EXP 	text_6: autoDraw = False
87.0631 	EXP 	fashion: autoDraw = False
87.0631 	EXP 	text_7: autoDraw = False
87.0631 	EXP 	movie: autoDraw = False
87.0631 	EXP 	text_8: autoDraw = False
87.0631 	EXP 	writing: autoDraw = False
87.0631 	EXP 	text_9: autoDraw = False
87.0631 	EXP 	leftplayer: image = 'stimuli/adolescents/F41.png'
87.0631 	EXP 	polygon_6: autoDraw = True
87.0631 	EXP 	leftplayer: autoDraw = True
87.0631 	EXP 	icon7: autoDraw = True
87.0631 	EXP 	ison7t: autoDraw = True
87.0631 	EXP 	icon8: autoDraw = True
87.0631 	EXP 	icon8t: autoDraw = True
87.0631 	EXP 	icon9: autoDraw = True
87.0631 	EXP 	int9: autoDraw = True
87.0631 	EXP 	leftplayert: autoDraw = True
87.0631 	EXP 	yes1: autoDraw = True
89.9326 	DATA 	Keypress: space
89.9625 	EXP 	polygon_6: autoDraw = False
89.9625 	EXP 	leftplayer: autoDraw = False
89.9625 	EXP 	icon7: autoDraw = False
89.9625 	EXP 	ison7t: autoDraw = False
89.9625 	EXP 	icon8: autoDraw = False
89.9625 	EXP 	icon8t: autoDraw = False
89.9625 	EXP 	icon9: autoDraw = False
89.9625 	EXP 	int9: autoDraw = False
89.9625 	EXP 	leftplayert: autoDraw = False
89.9625 	EXP 	yes1: autoDraw = False
89.9625 	EXP 	topleftpeerchoice: image = 'stimuli/adolescents/F41.png'
89.9625 	EXP 	topleftpeerchoice: autoDraw = True
89.9625 	EXP 	icon10: autoDraw = True
89.9625 	EXP 	int10: autoDraw = True
89.9625 	EXP 	icon11: autoDraw = True
89.9625 	EXP 	int111: autoDraw = True
89.9625 	EXP 	icon12: autoDraw = True
89.9625 	EXP 	int12: autoDraw = True
89.9625 	EXP 	toppeername: autoDraw = True
90.9631 	EXP 	you: autoDraw = True
90.9631 	EXP 	icon13: autoDraw = True
90.9631 	EXP 	int13: autoDraw = True
90.9631 	EXP 	icon14: autoDraw = True
90.9631 	EXP 	int14: autoDraw = True
90.9631 	EXP 	icon15: autoDraw = True
90.9631 	EXP 	int15: autoDraw = True
90.9631 	EXP 	participantpic: autoDraw = True
92.4632 	EXP 	polygon_5: autoDraw = True
92.4632 	EXP 	yess: autoDraw = True
93.1310 	EXP 	Created sequence: random, trialTypes=1, nReps=0, seed=None
93.1322 	DATA 	Keypress: space
93.1496 	EXP 	polygon_5: autoDraw = False
93.1496 	EXP 	topleftpeerchoice: autoDraw = False
93.1496 	EXP 	icon10: autoDraw = False
93.1496 	EXP 	int10: autoDraw = False
93.1496 	EXP 	icon11: autoDraw = False
93.1496 	EXP 	int111: autoDraw = False
93.1496 	EXP 	icon12: autoDraw = False
93.1496 	EXP 	int12: autoDraw = False
93.1496 	EXP 	toppeername: autoDraw = False
93.1496 	EXP 	you: autoDraw = False
93.1496 	EXP 	icon13: autoDraw = False
93.1496 	EXP 	int13: autoDraw = False
93.1496 	EXP 	icon14: autoDraw = False
93.1496 	EXP 	int14: autoDraw = False
93.1496 	EXP 	icon15: autoDraw = False
93.1496 	EXP 	int15: autoDraw = False
93.1496 	EXP 	participantpic: autoDraw = False
93.1496 	EXP 	yess: autoDraw = False
93.1496 	EXP 	polygon: autoDraw = True
93.1496 	EXP 	text_16: autoDraw = True
95.3675 	DATA 	Keypress: escape
95.4836 	EXP 	PAT_PRACTICE_icons: status = STOPPED
95.4956 	EXP 	polygon: autoDraw = False
95.4956 	EXP 	text_16: autoDraw = False
95.4956 	EXP 	PAT_PRACTICE_icons: status = STOPPED
95.6693 	EXP 	window1: mouseVisible = True
