12.8020 	EXP 	Created window1 = Window(allowGUI=True, allowStencil=False, autoLog=True, backendConf=UNKNOWN, backgroundFit=<method-wrapper '__getattribute__' of attributeSetter object at 0x000001C9264EAC40>, backgroundImage=<method-wrapper '__getattribute__' of attributeSetter object at 0x000001C9264EABE0>, bitsMode=UNKNOWN, blendMode='avg', bpc=(8, 8, 8), color=array([0, 0, 0]), colorSpace='rgb', depthBits=8, fullscr=<method-wrapper '__getattribute__' of attributeSetter object at 0x000001C9264EAA30>, gamma=None, gammaErrorPolicy='raise', lms=UNKNOWN, monitor=<psychopy.monitors.calibTools.Monitor object at 0x000001C92686B130>, multiSample=False, name='window1', numSamples=2, pos=(0, 0), screen=0, size=array([1920, 1080]), stencilBits=0, stereo=False, title='PsychoPy', units='height', useFBO=True, useRetina=False, viewOri=0.0, viewPos=None, viewScale=None, waitBlanking=True, winType='pyglet')
12.8021 	EXP 	window1: mouseVisible = True
12.8021 	EXP 	window1: backgroundImage = ''
12.8021 	EXP 	window1: backgroundFit = 'none'
12.8035 	EXP 	window1: Attempting to measure frame rate of screen (0) ...
12.8035 	EXP 	window1: recordFrameIntervals = False
12.9682 	EXP 	window1: recordFrameIntervals = True
13.1527 	EXP 	Screen (0) actual frame rate measured at 59.80Hz
13.1527 	EXP 	window1: recordFrameIntervals = False
13.1528 	EXP 	window1: mouseVisible = False
15.1588 	EXP 	PAT_PRACTICE_icons: status = STARTED
15.1593 	EXP 	window1: mouseVisible = True
15.2254 	EXP 	Created wel = TextStim(__class__=<class 'psychopy.visual.text.TextStim'>, alignHoriz=method-wrapper(...), alignText='center', alignVert=method-wrapper(...), anchorHoriz='center', anchorVert='center', antialias=True, autoDraw=False, autoLog=True, bold=False, color=array([-1., -1., -1.]), colorSpace='rgb', contrast=1.0, depth=0.0, draggable=False, flipHoriz=False, flipVert=False, font='Consolas', fontFiles=[], height=0.05, italic=False, languageStyle='LTR', name='wel', opacity=1.0, ori=0.0, pos=array([0., 0.]), rgb=UNKNOWN, text=str(...), units='height', win=Window(...), wrapWidth=2.0)
15.2406 	EXP 	window1: mouseVisible = True
15.2533 	EXP 	Created Who = TextStim(__class__=<class 'psychopy.visual.text.TextStim'>, alignHoriz=method-wrapper(...), alignText='center', alignVert=method-wrapper(...), anchorHoriz='center', anchorVert='center', antialias=True, autoDraw=False, autoLog=True, bold=False, color=array([-1., -1., -1.]), colorSpace='rgb', contrast=1.0, depth=-1.0, draggable=False, flipHoriz=False, flipVert=False, font='Courier New', fontFiles=[], height=0.04, italic=False, languageStyle='LTR', name='Who', opacity=1.0, ori=0.0, pos=array([0.  , 0.38]), rgb=UNKNOWN, text='Who do you want to be friends with? \n\n', units='height', win=Window(...), wrapWidth=1)
15.2535 	EXP 	window1: mouseVisible = True
15.2547 	EXP 	Created name_1 = TextStim(__class__=<class 'psychopy.visual.text.TextStim'>, alignHoriz=method-wrapper(...), alignText='center', alignVert=method-wrapper(...), anchorHoriz='center', anchorVert='center', antialias=True, autoDraw=False, autoLog=True, bold=False, color=array([-1., -1., -1.]), colorSpace='rgb', contrast=1.0, depth=-2.0, draggable=False, flipHoriz=False, flipVert=False, font='Consolas', fontFiles=[], height=0.03, italic=False, languageStyle='LTR', name='name_1', opacity=1.0, ori=0.0, pos=array([-0.4,  0.3]), rgb=UNKNOWN, text='', units='height', win=Window(...), wrapWidth=1)
15.2548 	EXP 	window1: mouseVisible = True
15.3116 	EXP 	Created name_2 = TextStim(__class__=<class 'psychopy.visual.text.TextStim'>, alignHoriz=method-wrapper(...), alignText='center', alignVert=method-wrapper(...), anchorHoriz='center', anchorVert='center', antialias=True, autoDraw=False, autoLog=True, bold=False, color=array([-1., -1., -1.]), colorSpace='rgb', contrast=1.0, depth=-3.0, draggable=False, flipHoriz=False, flipVert=False, font='Consolas', fontFiles=[], height=0.03, italic=False, languageStyle='LTR', name='name_2', opacity=1.0, ori=0.0, pos=array([0.4, 0.3]), rgb=UNKNOWN, text='', units='height', win=Window(...), wrapWidth=1)
15.3118 	EXP 	window1: mouseVisible = True
15.3310 	EXP 	Created Player1demo = ImageStim(__class__=<class 'psychopy.visual.image.ImageStim'>, anchor=('center', 'center'), autoLog=True, color=array([1., 1., 1.]), colorSpace='rgb', contrast=1.0, depth=-4.0, draggable=False, flipHoriz=False, flipVert=False, image='default.png', interpolate=True, mask=None, maskParams=None, name='Player1demo', opacity=1.0, ori=0.0, pos=array([-0.4 ,  0.13]), size=array([0.2 , 0.25]), texRes=128.0, units='height', win=Window(...))
15.3312 	EXP 	window1: mouseVisible = True
15.3460 	EXP 	Created Player2demo = ImageStim(__class__=<class 'psychopy.visual.image.ImageStim'>, anchor=('center', 'center'), autoLog=True, color=array([1., 1., 1.]), colorSpace='rgb', contrast=1.0, depth=-5.0, draggable=False, flipHoriz=False, flipVert=False, image='default.png', interpolate=True, mask=None, maskParams=None, name='Player2demo', opacity=1.0, ori=0.0, pos=array([0.4 , 0.13]), size=array([0.2 , 0.25]), texRes=128.0, units='height', win=Window(...))
15.3461 	EXP 	window1: mouseVisible = True
15.3798 	EXP 	Created cooking = ImageStim(__class__=<class 'psychopy.visual.image.ImageStim'>, anchor=('center', 'center'), autoLog=True, color=array([1., 1., 1.]), colorSpace='rgb', contrast=1.0, depth=-6.0, draggable=False, flipHoriz=False, flipVert=False, image='stimuli/icons/animals.png', interpolate=True, mask=None, maskParams=None, name='cooking', opacity=1.0, ori=0.0, pos=array([-0.5 , -0.03]), size=array([0.04, 0.04]), texRes=128.0, units='height', win=Window(...))
15.3800 	EXP 	window1: mouseVisible = True
15.3916 	EXP 	Created text_4 = TextStim(__class__=<class 'psychopy.visual.text.TextStim'>, alignHoriz=method-wrapper(...), alignText='center', alignVert=method-wrapper(...), anchorHoriz='center', anchorVert='center', antialias=True, autoDraw=False, autoLog=True, bold=False, color=array([-1., -1., -1.]), colorSpace='rgb', contrast=1.0, depth=-7.0, draggable=False, flipHoriz=False, flipVert=False, font='Open Sans', fontFiles=[], height=0.015, italic=False, languageStyle='LTR', name='text_4', opacity=1.0, ori=0.0, pos=array([-0.5  , -0.086]), rgb=UNKNOWN, text='cooking\n\n', units='height', win=Window(...), wrapWidth=1)
15.3917 	EXP 	window1: mouseVisible = True
15.4177 	EXP 	Created movies = ImageStim(__class__=<class 'psychopy.visual.image.ImageStim'>, anchor=('center', 'center'), autoLog=True, color=array([1., 1., 1.]), colorSpace='rgb', contrast=1.0, depth=-8.0, draggable=False, flipHoriz=False, flipVert=False, image='stimuli/icons/animals.png', interpolate=True, mask=None, maskParams=None, name='movies', opacity=1.0, ori=0.0, pos=array([-0.4 , -0.03]), size=array([0.04, 0.04]), texRes=128.0, units='height', win=Window(...))
15.4179 	EXP 	window1: mouseVisible = True
15.4224 	EXP 	Created text_5 = TextStim(__class__=<class 'psychopy.visual.text.TextStim'>, alignHoriz=method-wrapper(...), alignText='center', alignVert=method-wrapper(...), anchorHoriz='center', anchorVert='center', antialias=True, autoDraw=False, autoLog=True, bold=False, color=array([-1., -1., -1.]), colorSpace='rgb', contrast=1.0, depth=-9.0, draggable=False, flipHoriz=False, flipVert=False, font='Open Sans', fontFiles=[], height=0.015, italic=False, languageStyle='LTR', name='text_5', opacity=1.0, ori=0.0, pos=array([-0.3 , -0.07]), rgb=UNKNOWN, text='dancing', units='height', win=Window(...), wrapWidth=1)
15.4225 	EXP 	window1: mouseVisible = True
15.4458 	EXP 	Created dancing = ImageStim(__class__=<class 'psychopy.visual.image.ImageStim'>, anchor=('center', 'center'), autoLog=True, color=array([1., 1., 1.]), colorSpace='rgb', contrast=1.0, depth=-10.0, draggable=False, flipHoriz=False, flipVert=False, image='stimuli/icons/animals.png', interpolate=True, mask=None, maskParams=None, name='dancing', opacity=1.0, ori=0.0, pos=array([-0.3 , -0.03]), size=array([0.04, 0.04]), texRes=128.0, units='height', win=Window(...))
15.4460 	EXP 	window1: mouseVisible = True
15.4519 	EXP 	Created text_6 = TextStim(__class__=<class 'psychopy.visual.text.TextStim'>, alignHoriz=method-wrapper(...), alignText='center', alignVert=method-wrapper(...), anchorHoriz='center', anchorVert='center', antialias=True, autoDraw=False, autoLog=True, bold=False, color=array([-1., -1., -1.]), colorSpace='rgb', contrast=1.0, depth=-11.0, draggable=False, flipHoriz=False, flipVert=False, font='Open Sans', fontFiles=[], height=0.015, italic=False, languageStyle='LTR', name='text_6', opacity=1.0, ori=0.0, pos=array([-0.4 , -0.07]), rgb=UNKNOWN, text='movies', units='height', win=Window(...), wrapWidth=1)
15.4520 	EXP 	window1: mouseVisible = True
15.4746 	EXP 	Created fashion = ImageStim(__class__=<class 'psychopy.visual.image.ImageStim'>, anchor=('center', 'center'), autoLog=True, color=array([1., 1., 1.]), colorSpace='rgb', contrast=1.0, depth=-12.0, draggable=False, flipHoriz=False, flipVert=False, image='stimuli/icons/animals.png', interpolate=True, mask=None, maskParams=None, name='fashion', opacity=1.0, ori=0.0, pos=array([ 0.3 , -0.03]), size=array([0.04, 0.04]), texRes=128.0, units='height', win=Window(...))
15.4748 	EXP 	window1: mouseVisible = True
15.4792 	EXP 	Created text_7 = TextStim(__class__=<class 'psychopy.visual.text.TextStim'>, alignHoriz=method-wrapper(...), alignText='center', alignVert=method-wrapper(...), anchorHoriz='center', anchorVert='center', antialias=True, autoDraw=False, autoLog=True, bold=False, color=array([-1., -1., -1.]), colorSpace='rgb', contrast=1.0, depth=-13.0, draggable=False, flipHoriz=False, flipVert=False, font='Open Sans', fontFiles=[], height=0.015, italic=False, languageStyle='LTR', name='text_7', opacity=1.0, ori=0.0, pos=array([ 0.3 , -0.07]), rgb=UNKNOWN, text='fashion', units='height', win=Window(...), wrapWidth=1)
15.4794 	EXP 	window1: mouseVisible = True
15.5005 	EXP 	Created movie = ImageStim(__class__=<class 'psychopy.visual.image.ImageStim'>, anchor=('center', 'center'), autoLog=True, color=array([1., 1., 1.]), colorSpace='rgb', contrast=1.0, depth=-14.0, draggable=False, flipHoriz=False, flipVert=False, image='stimuli/icons/animals.png', interpolate=True, mask=None, maskParams=None, name='movie', opacity=1.0, ori=0.0, pos=array([ 0.4 , -0.03]), size=array([0.04, 0.04]), texRes=128.0, units='height', win=Window(...))
15.5006 	EXP 	window1: mouseVisible = True
15.5027 	EXP 	Created text_8 = TextStim(__class__=<class 'psychopy.visual.text.TextStim'>, alignHoriz=method-wrapper(...), alignText='center', alignVert=method-wrapper(...), anchorHoriz='center', anchorVert='center', antialias=True, autoDraw=False, autoLog=True, bold=False, color=array([-1., -1., -1.]), colorSpace='rgb', contrast=1.0, depth=-15.0, draggable=False, flipHoriz=False, flipVert=False, font='Open Sans', fontFiles=[], height=0.015, italic=False, languageStyle='LTR', name='text_8', opacity=1.0, ori=0.0, pos=array([ 0.4 , -0.07]), rgb=UNKNOWN, text='movies', units='height', win=Window(...), wrapWidth=1)
15.5028 	EXP 	window1: mouseVisible = True
15.5299 	EXP 	Created writing = ImageStim(__class__=<class 'psychopy.visual.image.ImageStim'>, anchor=('center', 'center'), autoLog=True, color=array([1., 1., 1.]), colorSpace='rgb', contrast=1.0, depth=-16.0, draggable=False, flipHoriz=False, flipVert=False, image='stimuli/icons/animals.png', interpolate=True, mask=None, maskParams=None, name='writing', opacity=1.0, ori=0.0, pos=array([ 0.5 , -0.03]), size=array([0.04, 0.04]), texRes=128.0, units='height', win=Window(...))
15.5301 	EXP 	window1: mouseVisible = True
15.5353 	EXP 	Created text_9 = TextStim(__class__=<class 'psychopy.visual.text.TextStim'>, alignHoriz=method-wrapper(...), alignText='center', alignVert=method-wrapper(...), anchorHoriz='center', anchorVert='center', antialias=True, autoDraw=False, autoLog=True, bold=False, color=array([-1., -1., -1.]), colorSpace='rgb', contrast=1.0, depth=-17.0, draggable=False, flipHoriz=False, flipVert=False, font='Open Sans', fontFiles=[], height=0.015, italic=False, languageStyle='LTR', name='text_9', opacity=1.0, ori=0.0, pos=array([ 0.5 , -0.07]), rgb=UNKNOWN, text='writing', units='height', win=Window(...), wrapWidth=1)
15.5355 	EXP 	window1: mouseVisible = True
15.5365 	EXP 	Created polygon_6 = Rect(__class__=<class 'psychopy.visual.rect.Rect'>, anchor=('center', 'center'), autoDraw=False, autoLog=True, closeShape=True, color=method-wrapper(...), colorSpace='rgb', contrast=None, depth=0.0, draggable=False, fillColor=array([0., 0., 0.]), fillColorSpace='rgb', fillRGB=array([0., 0., 0.]), interpolate=True, lineColor=array([-1.    ,  0.0039, -1.    ]), lineColorSpace='rgb', lineRGB=array([-1.    ,  0.0039, -1.    ]), lineWidth=5.0, name='polygon_6', opacity=1.0, ori=0.0, pos=array([-0.4 ,  0.13]), size=array([0.5, 0.5]), units='height', vertices=ndarray(...), win=Window(...))
15.5366 	EXP 	window1: mouseVisible = True
15.5454 	EXP 	Created leftplayer = ImageStim(__class__=<class 'psychopy.visual.image.ImageStim'>, anchor=('center', 'center'), autoLog=True, color=array([1., 1., 1.]), colorSpace='rgb', contrast=1.0, depth=-1.0, draggable=False, flipHoriz=False, flipVert=False, image='default.png', interpolate=True, mask=None, maskParams=None, name='leftplayer', opacity=1.0, ori=0.0, pos=array([-0.4 ,  0.13]), size=array([0.2 , 0.25]), texRes=128.0, units='height', win=Window(...))
15.5455 	EXP 	window1: mouseVisible = True
15.5660 	EXP 	Created icon7 = ImageStim(__class__=<class 'psychopy.visual.image.ImageStim'>, anchor=('center', 'center'), autoLog=True, color=array([1., 1., 1.]), colorSpace='rgb', contrast=1.0, depth=-2.0, draggable=False, flipHoriz=False, flipVert=False, image='stimuli/icons/animals.png', interpolate=True, mask=None, maskParams=None, name='icon7', opacity=1.0, ori=0.0, pos=array([-0.5 , -0.03]), size=array([0.04, 0.04]), texRes=128.0, units='height', win=Window(...))
15.5661 	EXP 	window1: mouseVisible = True
15.5684 	EXP 	Created ison7t = TextStim(__class__=<class 'psychopy.visual.text.TextStim'>, alignHoriz=method-wrapper(...), alignText='center', alignVert=method-wrapper(...), anchorHoriz='center', anchorVert='center', antialias=True, autoDraw=False, autoLog=True, bold=False, color=array([-1., -1., -1.]), colorSpace='rgb', contrast=1.0, depth=-3.0, draggable=False, flipHoriz=False, flipVert=False, font='Open Sans', fontFiles=[], height=0.015, italic=False, languageStyle='LTR', name='ison7t', opacity=1.0, ori=0.0, pos=array([-0.5  , -0.086]), rgb=UNKNOWN, text='cooking\n\n', units='height', win=Window(...), wrapWidth=1)
15.5685 	EXP 	window1: mouseVisible = True
15.5892 	EXP 	Created icon8 = ImageStim(__class__=<class 'psychopy.visual.image.ImageStim'>, anchor=('center', 'center'), autoLog=True, color=array([1., 1., 1.]), colorSpace='rgb', contrast=1.0, depth=-4.0, draggable=False, flipHoriz=False, flipVert=False, image='stimuli/icons/animals.png', interpolate=True, mask=None, maskParams=None, name='icon8', opacity=1.0, ori=0.0, pos=array([-0.4 , -0.03]), size=array([0.04, 0.04]), texRes=128.0, units='height', win=Window(...))
15.5893 	EXP 	window1: mouseVisible = True
15.5913 	EXP 	Created icon8t = TextStim(__class__=<class 'psychopy.visual.text.TextStim'>, alignHoriz=method-wrapper(...), alignText='center', alignVert=method-wrapper(...), anchorHoriz='center', anchorVert='center', antialias=True, autoDraw=False, autoLog=True, bold=False, color=array([-1., -1., -1.]), colorSpace='rgb', contrast=1.0, depth=-5.0, draggable=False, flipHoriz=False, flipVert=False, font='Open Sans', fontFiles=[], height=0.015, italic=False, languageStyle='LTR', name='icon8t', opacity=1.0, ori=0.0, pos=array([-0.3 , -0.07]), rgb=UNKNOWN, text='dancing', units='height', win=Window(...), wrapWidth=1)
15.5914 	EXP 	window1: mouseVisible = True
15.6207 	EXP 	Created icon9 = ImageStim(__class__=<class 'psychopy.visual.image.ImageStim'>, anchor=('center', 'center'), autoLog=True, color=array([1., 1., 1.]), colorSpace='rgb', contrast=1.0, depth=-6.0, draggable=False, flipHoriz=False, flipVert=False, image='stimuli/icons/animals.png', interpolate=True, mask=None, maskParams=None, name='icon9', opacity=1.0, ori=0.0, pos=array([-0.3 , -0.03]), size=array([0.04, 0.04]), texRes=128.0, units='height', win=Window(...))
15.6208 	EXP 	window1: mouseVisible = True
15.6233 	EXP 	Created int9 = TextStim(__class__=<class 'psychopy.visual.text.TextStim'>, alignHoriz=method-wrapper(...), alignText='center', alignVert=method-wrapper(...), anchorHoriz='center', anchorVert='center', antialias=True, autoDraw=False, autoLog=True, bold=False, color=array([-1., -1., -1.]), colorSpace='rgb', contrast=1.0, depth=-7.0, draggable=False, flipHoriz=False, flipVert=False, font='Open Sans', fontFiles=[], height=0.015, italic=False, languageStyle='LTR', name='int9', opacity=1.0, ori=0.0, pos=array([-0.4 , -0.07]), rgb=UNKNOWN, text='movies', units='height', win=Window(...), wrapWidth=1)
15.6234 	EXP 	window1: mouseVisible = True
15.6329 	EXP 	Created leftplayert = TextStim(__class__=<class 'psychopy.visual.text.TextStim'>, alignHoriz=method-wrapper(...), alignText='center', alignVert=method-wrapper(...), anchorHoriz='center', anchorVert='center', antialias=True, autoDraw=False, autoLog=True, bold=False, color=array([-1., -1., -1.]), colorSpace='rgb', contrast=1.0, depth=-8.0, draggable=False, flipHoriz=False, flipVert=False, font='Consolas', fontFiles=[], height=0.03, italic=False, languageStyle='LTR', name='leftplayert', opacity=1.0, ori=0.0, pos=array([-0.4,  0.3]), rgb=UNKNOWN, text='Player-1\n', units='height', win=Window(...), wrapWidth=1)
15.6330 	EXP 	window1: mouseVisible = True
15.6452 	EXP 	Created yes1 = ImageStim(__class__=<class 'psychopy.visual.image.ImageStim'>, anchor=('center', 'center'), autoLog=True, color=array([1., 1., 1.]), colorSpace='rgb', contrast=1.0, depth=-9.0, draggable=False, flipHoriz=False, flipVert=False, image='stimuli/feedback/Thumbs_up.png', interpolate=True, mask=None, maskParams=None, name='yes1', opacity=1.0, ori=0.0, pos=array([-0.4 ,  0.13]), size=array([0.3, 0.3]), texRes=128.0, units='height', win=Window(...))
15.6453 	EXP 	window1: mouseVisible = True
15.6464 	EXP 	Created polygon_5 = Rect(__class__=<class 'psychopy.visual.rect.Rect'>, anchor=('center', 'center'), autoDraw=False, autoLog=True, closeShape=True, color=method-wrapper(...), colorSpace='rgb', contrast=None, depth=0.0, draggable=False, fillColor=array([0., 0., 0.]), fillColorSpace='rgb', fillRGB=array([0., 0., 0.]), interpolate=True, lineColor=array([-1.    ,  0.0039, -1.    ]), lineColorSpace='rgb', lineRGB=array([-1.    ,  0.0039, -1.    ]), lineWidth=5.0, name='polygon_5', opacity=1.0, ori=0.0, pos=array([ 0.   , -0.073]), size=array([0.4, 0.4]), units='height', vertices=ndarray(...), win=Window(...))
15.6465 	EXP 	window1: mouseVisible = True
15.6556 	EXP 	Created topleftpeerchoice = ImageStim(__class__=<class 'psychopy.visual.image.ImageStim'>, anchor=('center', 'center'), autoLog=True, color=array([1., 1., 1.]), colorSpace='rgb', contrast=1.0, depth=-1.0, draggable=False, flipHoriz=False, flipVert=False, image='default.png', interpolate=True, mask=None, maskParams=None, name='topleftpeerchoice', opacity=1.0, ori=0.0, pos=array([0. , 0.3]), size=array([0.2 , 0.25]), texRes=128.0, units='height', win=Window(...))
15.6557 	EXP 	window1: mouseVisible = True
15.6753 	EXP 	Created icon10 = ImageStim(__class__=<class 'psychopy.visual.image.ImageStim'>, anchor=('center', 'center'), autoLog=True, color=array([1., 1., 1.]), colorSpace='rgb', contrast=1.0, depth=-2.0, draggable=False, flipHoriz=False, flipVert=False, image='stimuli/icons/animals.png', interpolate=True, mask=None, maskParams=None, name='icon10', opacity=1.0, ori=0.0, pos=array([-0.13,  0.14]), size=array([0.04, 0.04]), texRes=128.0, units='height', win=Window(...))
15.6754 	EXP 	window1: mouseVisible = True
15.6776 	EXP 	Created int10 = TextStim(__class__=<class 'psychopy.visual.text.TextStim'>, alignHoriz=method-wrapper(...), alignText='center', alignVert=method-wrapper(...), anchorHoriz='center', anchorVert='center', antialias=True, autoDraw=False, autoLog=True, bold=False, color=array([-1., -1., -1.]), colorSpace='rgb', contrast=1.0, depth=-3.0, draggable=False, flipHoriz=False, flipVert=False, font='Open Sans', fontFiles=[], height=0.015, italic=False, languageStyle='LTR', name='int10', opacity=1.0, ori=0.0, pos=array([-0.13 ,  0.084]), rgb=UNKNOWN, text='cooking\n\n', units='height', win=Window(...), wrapWidth=1)
15.6777 	EXP 	window1: mouseVisible = True
15.6973 	EXP 	Created icon11 = ImageStim(__class__=<class 'psychopy.visual.image.ImageStim'>, anchor=('center', 'center'), autoLog=True, color=array([1., 1., 1.]), colorSpace='rgb', contrast=1.0, depth=-4.0, draggable=False, flipHoriz=False, flipVert=False, image='stimuli/icons/animals.png', interpolate=True, mask=None, maskParams=None, name='icon11', opacity=1.0, ori=0.0, pos=array([0.  , 0.14]), size=array([0.04, 0.04]), texRes=128.0, units='height', win=Window(...))
15.6974 	EXP 	window1: mouseVisible = True
15.6995 	EXP 	Created int111 = TextStim(__class__=<class 'psychopy.visual.text.TextStim'>, alignHoriz=method-wrapper(...), alignText='center', alignVert=method-wrapper(...), anchorHoriz='center', anchorVert='center', antialias=True, autoDraw=False, autoLog=True, bold=False, color=array([-1., -1., -1.]), colorSpace='rgb', contrast=1.0, depth=-5.0, draggable=False, flipHoriz=False, flipVert=False, font='Open Sans', fontFiles=[], height=0.015, italic=False, languageStyle='LTR', name='int111', opacity=1.0, ori=0.0, pos=array([0.13, 0.1 ]), rgb=UNKNOWN, text='dancing', units='height', win=Window(...), wrapWidth=1)
15.6996 	EXP 	window1: mouseVisible = True
15.7210 	EXP 	Created icon12 = ImageStim(__class__=<class 'psychopy.visual.image.ImageStim'>, anchor=('center', 'center'), autoLog=True, color=array([1., 1., 1.]), colorSpace='rgb', contrast=1.0, depth=-6.0, draggable=False, flipHoriz=False, flipVert=False, image='stimuli/icons/animals.png', interpolate=True, mask=None, maskParams=None, name='icon12', opacity=1.0, ori=0.0, pos=array([0.13, 0.14]), size=array([0.04, 0.04]), texRes=128.0, units='height', win=Window(...))
15.7211 	EXP 	window1: mouseVisible = True
15.7234 	EXP 	Created int12 = TextStim(__class__=<class 'psychopy.visual.text.TextStim'>, alignHoriz=method-wrapper(...), alignText='center', alignVert=method-wrapper(...), anchorHoriz='center', anchorVert='center', antialias=True, autoDraw=False, autoLog=True, bold=False, color=array([-1., -1., -1.]), colorSpace='rgb', contrast=1.0, depth=-7.0, draggable=False, flipHoriz=False, flipVert=False, font='Open Sans', fontFiles=[], height=0.015, italic=False, languageStyle='LTR', name='int12', opacity=1.0, ori=0.0, pos=array([0. , 0.1]), rgb=UNKNOWN, text='movies', units='height', win=Window(...), wrapWidth=1)
15.7234 	EXP 	window1: mouseVisible = True
15.7256 	EXP 	Created toppeername = TextStim(__class__=<class 'psychopy.visual.text.TextStim'>, alignHoriz=method-wrapper(...), alignText='center', alignVert=method-wrapper(...), anchorHoriz='center', anchorVert='center', antialias=True, autoDraw=False, autoLog=True, bold=False, color=array([-1., -1., -1.]), colorSpace='rgb', contrast=1.0, depth=-8.0, draggable=False, flipHoriz=False, flipVert=False, font='Consolas', fontFiles=[], height=0.03, italic=False, languageStyle='LTR', name='toppeername', opacity=1.0, ori=0.0, pos=array([0.  , 0.45]), rgb=UNKNOWN, text='Player-1\n', units='height', win=Window(...), wrapWidth=1)
15.7257 	EXP 	window1: mouseVisible = True
15.7315 	EXP 	Created you = TextStim(__class__=<class 'psychopy.visual.text.TextStim'>, alignHoriz=method-wrapper(...), alignText='center', alignVert=method-wrapper(...), anchorHoriz='center', anchorVert='center', antialias=True, autoDraw=False, autoLog=True, bold=False, color=array([-1., -1., -1.]), colorSpace='rgb', contrast=1.0, depth=-9.0, draggable=False, flipHoriz=False, flipVert=False, font='Consolas', fontFiles=[], height=0.03, italic=False, languageStyle='LTR', name='you', opacity=1.0, ori=0.0, pos=array([0.  , 0.07]), rgb=UNKNOWN, text='You', units='height', win=Window(...), wrapWidth=1)
15.7316 	EXP 	window1: mouseVisible = True
15.7598 	EXP 	Created icon13 = ImageStim(__class__=<class 'psychopy.visual.image.ImageStim'>, anchor=('center', 'center'), autoLog=True, color=array([1., 1., 1.]), colorSpace='rgb', contrast=1.0, depth=-10.0, draggable=False, flipHoriz=False, flipVert=False, image='stimuli/icons/animals.png', interpolate=True, mask=None, maskParams=None, name='icon13', opacity=1.0, ori=0.0, pos=array([-0.13, -0.2 ]), size=array([0.04, 0.04]), texRes=128.0, units='height', win=Window(...))
15.7599 	EXP 	window1: mouseVisible = True
15.7620 	EXP 	Created int13 = TextStim(__class__=<class 'psychopy.visual.text.TextStim'>, alignHoriz=method-wrapper(...), alignText='center', alignVert=method-wrapper(...), anchorHoriz='center', anchorVert='center', antialias=True, autoDraw=False, autoLog=True, bold=False, color=array([-1., -1., -1.]), colorSpace='rgb', contrast=1.0, depth=-11.0, draggable=False, flipHoriz=False, flipVert=False, font='Open Sans', fontFiles=[], height=0.015, italic=False, languageStyle='LTR', name='int13', opacity=1.0, ori=0.0, pos=array([-0.13, -0.24]), rgb=UNKNOWN, text='chatting', units='height', win=Window(...), wrapWidth=1)
15.7620 	EXP 	window1: mouseVisible = True
15.7881 	EXP 	Created icon14 = ImageStim(__class__=<class 'psychopy.visual.image.ImageStim'>, anchor=('center', 'center'), autoLog=True, color=array([1., 1., 1.]), colorSpace='rgb', contrast=1.0, depth=-12.0, draggable=False, flipHoriz=False, flipVert=False, image='stimuli/icons/animals.png', interpolate=True, mask=None, maskParams=None, name='icon14', opacity=1.0, ori=0.0, pos=array([ 0. , -0.2]), size=array([0.04, 0.04]), texRes=128.0, units='height', win=Window(...))
15.7882 	EXP 	window1: mouseVisible = True
15.7924 	EXP 	Created int14 = TextStim(__class__=<class 'psychopy.visual.text.TextStim'>, alignHoriz=method-wrapper(...), alignText='center', alignVert=method-wrapper(...), anchorHoriz='center', anchorVert='center', antialias=True, autoDraw=False, autoLog=True, bold=False, color=array([-1., -1., -1.]), colorSpace='rgb', contrast=1.0, depth=-13.0, draggable=False, flipHoriz=False, flipVert=False, font='Open Sans', fontFiles=[], height=0.015, italic=False, languageStyle='LTR', name='int14', opacity=1.0, ori=0.0, pos=array([ 0.  , -0.24]), rgb=UNKNOWN, text='sports', units='height', win=Window(...), wrapWidth=1)
15.7925 	EXP 	window1: mouseVisible = True
15.8122 	EXP 	Created icon15 = ImageStim(__class__=<class 'psychopy.visual.image.ImageStim'>, anchor=('center', 'center'), autoLog=True, color=array([1., 1., 1.]), colorSpace='rgb', contrast=1.0, depth=-14.0, draggable=False, flipHoriz=False, flipVert=False, image='stimuli/icons/animals.png', interpolate=True, mask=None, maskParams=None, name='icon15', opacity=1.0, ori=0.0, pos=array([ 0.13, -0.2 ]), size=array([0.04, 0.04]), texRes=128.0, units='height', win=Window(...))
15.8123 	EXP 	window1: mouseVisible = True
15.8162 	EXP 	Created int15 = TextStim(__class__=<class 'psychopy.visual.text.TextStim'>, alignHoriz=method-wrapper(...), alignText='center', alignVert=method-wrapper(...), anchorHoriz='center', anchorVert='center', antialias=True, autoDraw=False, autoLog=True, bold=False, color=array([-1., -1., -1.]), colorSpace='rgb', contrast=1.0, depth=-15.0, draggable=False, flipHoriz=False, flipVert=False, font='Open Sans', fontFiles=[], height=0.015, italic=False, languageStyle='LTR', name='int15', opacity=1.0, ori=0.0, pos=array([ 0.13, -0.24]), rgb=UNKNOWN, text='beach', units='height', win=Window(...), wrapWidth=1)
15.8163 	EXP 	window1: mouseVisible = True
15.9189 	EXP 	Created participantpic = ImageStim(__class__=<class 'psychopy.visual.image.ImageStim'>, anchor=('center', 'center'), autoLog=True, color=array([1., 1., 1.]), colorSpace='rgb', contrast=1.0, depth=-16.0, draggable=False, flipHoriz=False, flipVert=False, image='stimuli/practice/participant.jpg', interpolate=True, mask=None, maskParams=None, name='participantpic', opacity=1.0, ori=0.0, pos=array([ 0.   , -0.073]), size=array([0.15, 0.2 ]), texRes=128.0, units='height', win=Window(...))
15.9190 	EXP 	window1: mouseVisible = True
15.9282 	EXP 	Created yess = ImageStim(__class__=<class 'psychopy.visual.image.ImageStim'>, anchor=('center', 'center'), autoLog=True, color=array([1., 1., 1.]), colorSpace='rgb', contrast=1.0, depth=-17.0, draggable=False, flipHoriz=False, flipVert=False, image='stimuli/feedback/Thumbs_up.png', interpolate=True, mask=None, maskParams=None, name='yess', opacity=1.0, ori=0.0, pos=array([ 0.  , -0.08]), size=array([0.2, 0.3]), texRes=128.0, units='height', win=Window(...))
15.9283 	EXP 	window1: mouseVisible = True
15.9293 	EXP 	Created polygon_7 = Rect(__class__=<class 'psychopy.visual.rect.Rect'>, anchor=('center', 'center'), autoDraw=False, autoLog=True, closeShape=True, color=method-wrapper(...), colorSpace='rgb', contrast=None, depth=0.0, draggable=False, fillColor=array([0., 0., 0.]), fillColorSpace='rgb', fillRGB=array([0., 0., 0.]), interpolate=True, lineColor=array([-1.    ,  0.0039, -1.    ]), lineColorSpace='rgb', lineRGB=array([-1.    ,  0.0039, -1.    ]), lineWidth=5.0, name='polygon_7', opacity=1.0, ori=0.0, pos=array([0.4 , 0.13]), size=array([0.5, 0.5]), units='height', vertices=ndarray(...), win=Window(...))
15.9294 	EXP 	window1: mouseVisible = True
15.9386 	EXP 	Created rightpeerchoice = ImageStim(__class__=<class 'psychopy.visual.image.ImageStim'>, anchor=('center', 'center'), autoLog=True, color=array([1., 1., 1.]), colorSpace='rgb', contrast=1.0, depth=-1.0, draggable=False, flipHoriz=False, flipVert=False, image='default.png', interpolate=True, mask=None, maskParams=None, name='rightpeerchoice', opacity=1.0, ori=0.0, pos=array([0.4 , 0.13]), size=array([0.2 , 0.25]), texRes=128.0, units='height', win=Window(...))
15.9387 	EXP 	window1: mouseVisible = True
15.9639 	EXP 	Created icon16 = ImageStim(__class__=<class 'psychopy.visual.image.ImageStim'>, anchor=('center', 'center'), autoLog=True, color=array([1., 1., 1.]), colorSpace='rgb', contrast=1.0, depth=-2.0, draggable=False, flipHoriz=False, flipVert=False, image='stimuli/icons/animals.png', interpolate=True, mask=None, maskParams=None, name='icon16', opacity=1.0, ori=0.0, pos=array([ 0.3 , -0.03]), size=array([0.04, 0.04]), texRes=128.0, units='height', win=Window(...))
15.9641 	EXP 	window1: mouseVisible = True
15.9662 	EXP 	Created int16 = TextStim(__class__=<class 'psychopy.visual.text.TextStim'>, alignHoriz=method-wrapper(...), alignText='center', alignVert=method-wrapper(...), anchorHoriz='center', anchorVert='center', antialias=True, autoDraw=False, autoLog=True, bold=False, color=array([-1., -1., -1.]), colorSpace='rgb', contrast=1.0, depth=-3.0, draggable=False, flipHoriz=False, flipVert=False, font='Open Sans', fontFiles=[], height=0.015, italic=False, languageStyle='LTR', name='int16', opacity=1.0, ori=0.0, pos=array([ 0.3 , -0.07]), rgb=UNKNOWN, text='fashion', units='height', win=Window(...), wrapWidth=1)
15.9663 	EXP 	window1: mouseVisible = True
15.9871 	EXP 	Created icon17 = ImageStim(__class__=<class 'psychopy.visual.image.ImageStim'>, anchor=('center', 'center'), autoLog=True, color=array([1., 1., 1.]), colorSpace='rgb', contrast=1.0, depth=-4.0, draggable=False, flipHoriz=False, flipVert=False, image='stimuli/icons/animals.png', interpolate=True, mask=None, maskParams=None, name='icon17', opacity=1.0, ori=0.0, pos=array([ 0.4 , -0.03]), size=array([0.04, 0.04]), texRes=128.0, units='height', win=Window(...))
15.9872 	EXP 	window1: mouseVisible = True
15.9893 	EXP 	Created text_11 = TextStim(__class__=<class 'psychopy.visual.text.TextStim'>, alignHoriz=method-wrapper(...), alignText='center', alignVert=method-wrapper(...), anchorHoriz='center', anchorVert='center', antialias=True, autoDraw=False, autoLog=True, bold=False, color=array([-1., -1., -1.]), colorSpace='rgb', contrast=1.0, depth=-5.0, draggable=False, flipHoriz=False, flipVert=False, font='Open Sans', fontFiles=[], height=0.015, italic=False, languageStyle='LTR', name='text_11', opacity=1.0, ori=0.0, pos=array([ 0.4 , -0.07]), rgb=UNKNOWN, text='movies', units='height', win=Window(...), wrapWidth=1)
15.9894 	EXP 	window1: mouseVisible = True
16.0113 	EXP 	Created icon19 = ImageStim(__class__=<class 'psychopy.visual.image.ImageStim'>, anchor=('center', 'center'), autoLog=True, color=array([1., 1., 1.]), colorSpace='rgb', contrast=1.0, depth=-6.0, draggable=False, flipHoriz=False, flipVert=False, image='stimuli/icons/animals.png', interpolate=True, mask=None, maskParams=None, name='icon19', opacity=1.0, ori=0.0, pos=array([ 0.5 , -0.03]), size=array([0.04, 0.04]), texRes=128.0, units='height', win=Window(...))
16.0114 	EXP 	window1: mouseVisible = True
16.0140 	EXP 	Created text_12 = TextStim(__class__=<class 'psychopy.visual.text.TextStim'>, alignHoriz=method-wrapper(...), alignText='center', alignVert=method-wrapper(...), anchorHoriz='center', anchorVert='center', antialias=True, autoDraw=False, autoLog=True, bold=False, color=array([-1., -1., -1.]), colorSpace='rgb', contrast=1.0, depth=-7.0, draggable=False, flipHoriz=False, flipVert=False, font='Open Sans', fontFiles=[], height=0.015, italic=False, languageStyle='LTR', name='text_12', opacity=1.0, ori=0.0, pos=array([ 0.5 , -0.07]), rgb=UNKNOWN, text='writing', units='height', win=Window(...), wrapWidth=1)
16.0141 	EXP 	window1: mouseVisible = True
16.0260 	EXP 	Created yes1_2 = ImageStim(__class__=<class 'psychopy.visual.image.ImageStim'>, anchor=('center', 'center'), autoLog=True, color=array([1., 1., 1.]), colorSpace='rgb', contrast=1.0, depth=-8.0, draggable=False, flipHoriz=False, flipVert=False, image='stimuli/feedback/Thumbs_up.png', interpolate=True, mask=None, maskParams=None, name='yes1_2', opacity=1.0, ori=0.0, pos=array([0.4 , 0.13]), size=array([0.25, 0.25]), texRes=128.0, units='height', win=Window(...))
16.0261 	EXP 	window1: mouseVisible = True
16.0379 	EXP 	Created text_14 = TextStim(__class__=<class 'psychopy.visual.text.TextStim'>, alignHoriz=method-wrapper(...), alignText='center', alignVert=method-wrapper(...), anchorHoriz='center', anchorVert='center', antialias=True, autoDraw=False, autoLog=True, bold=False, color=array([-1., -1., -1.]), colorSpace='rgb', contrast=1.0, depth=-9.0, draggable=False, flipHoriz=False, flipVert=False, font='Consolas', fontFiles=[], height=0.03, italic=False, languageStyle='LTR', name='text_14', opacity=1.0, ori=0.0, pos=array([0.4, 0.3]), rgb=UNKNOWN, text='Player-2\n', units='height', win=Window(...), wrapWidth=1)
16.0382 	EXP 	window1: mouseVisible = True
16.0401 	EXP 	Created polygon_4 = Rect(__class__=<class 'psychopy.visual.rect.Rect'>, anchor=('center', 'center'), autoDraw=False, autoLog=True, closeShape=True, color=method-wrapper(...), colorSpace='rgb', contrast=None, depth=0.0, draggable=False, fillColor=array([0., 0., 0.]), fillColorSpace='rgb', fillRGB=array([0., 0., 0.]), interpolate=True, lineColor=array([-1.    ,  0.0039, -1.    ]), lineColorSpace='rgb', lineRGB=array([-1.    ,  0.0039, -1.    ]), lineWidth=5.0, name='polygon_4', opacity=1.0, ori=0.0, pos=array([ 0.   , -0.073]), size=array([0.4, 0.4]), units='height', vertices=ndarray(...), win=Window(...))
16.0405 	EXP 	window1: mouseVisible = True
16.0533 	EXP 	Created toprightpeer = ImageStim(__class__=<class 'psychopy.visual.image.ImageStim'>, anchor=('center', 'center'), autoLog=True, color=array([1., 1., 1.]), colorSpace='rgb', contrast=1.0, depth=-1.0, draggable=False, flipHoriz=False, flipVert=False, image='default.png', interpolate=True, mask=None, maskParams=None, name='toprightpeer', opacity=1.0, ori=0.0, pos=array([0. , 0.3]), size=array([0.2 , 0.25]), texRes=128.0, units='height', win=Window(...))
16.0534 	EXP 	window1: mouseVisible = True
16.0750 	EXP 	Created icon20 = ImageStim(__class__=<class 'psychopy.visual.image.ImageStim'>, anchor=('center', 'center'), autoLog=True, color=array([1., 1., 1.]), colorSpace='rgb', contrast=1.0, depth=-2.0, draggable=False, flipHoriz=False, flipVert=False, image='stimuli/icons/animals.png', interpolate=True, mask=None, maskParams=None, name='icon20', opacity=1.0, ori=0.0, pos=array([-0.13,  0.14]), size=array([0.04, 0.04]), texRes=128.0, units='height', win=Window(...))
16.0751 	EXP 	window1: mouseVisible = True
16.0775 	EXP 	Created var_2 = TextStim(__class__=<class 'psychopy.visual.text.TextStim'>, alignHoriz=method-wrapper(...), alignText='center', alignVert=method-wrapper(...), anchorHoriz='center', anchorVert='center', antialias=True, autoDraw=False, autoLog=True, bold=False, color=array([-1., -1., -1.]), colorSpace='rgb', contrast=1.0, depth=-3.0, draggable=False, flipHoriz=False, flipVert=False, font='Open Sans', fontFiles=[], height=0.015, italic=False, languageStyle='LTR', name='var_2', opacity=1.0, ori=0.0, pos=array([-0.13 ,  0.076]), rgb=UNKNOWN, text='fashion\n\n\n', units='height', win=Window(...), wrapWidth=1)
16.0776 	EXP 	window1: mouseVisible = True
16.1014 	EXP 	Created icon21 = ImageStim(__class__=<class 'psychopy.visual.image.ImageStim'>, anchor=('center', 'center'), autoLog=True, color=array([1., 1., 1.]), colorSpace='rgb', contrast=1.0, depth=-4.0, draggable=False, flipHoriz=False, flipVert=False, image='stimuli/icons/animals.png', interpolate=True, mask=None, maskParams=None, name='icon21', opacity=1.0, ori=0.0, pos=array([0.  , 0.14]), size=array([0.04, 0.04]), texRes=128.0, units='height', win=Window(...))
16.1015 	EXP 	window1: mouseVisible = True
16.1036 	EXP 	Created var_7 = TextStim(__class__=<class 'psychopy.visual.text.TextStim'>, alignHoriz=method-wrapper(...), alignText='center', alignVert=method-wrapper(...), anchorHoriz='center', anchorVert='center', antialias=True, autoDraw=False, autoLog=True, bold=False, color=array([-1., -1., -1.]), colorSpace='rgb', contrast=1.0, depth=-5.0, draggable=False, flipHoriz=False, flipVert=False, font='Open Sans', fontFiles=[], height=0.015, italic=False, languageStyle='LTR', name='var_7', opacity=1.0, ori=0.0, pos=array([0.13, 0.1 ]), rgb=UNKNOWN, text='dancing', units='height', win=Window(...), wrapWidth=1)
16.1037 	EXP 	window1: mouseVisible = True
16.1426 	EXP 	Created icon22 = ImageStim(__class__=<class 'psychopy.visual.image.ImageStim'>, anchor=('center', 'center'), autoLog=True, color=array([1., 1., 1.]), colorSpace='rgb', contrast=1.0, depth=-6.0, draggable=False, flipHoriz=False, flipVert=False, image='stimuli/icons/animals.png', interpolate=True, mask=None, maskParams=None, name='icon22', opacity=1.0, ori=0.0, pos=array([0.13, 0.14]), size=array([0.04, 0.04]), texRes=128.0, units='height', win=Window(...))
16.1428 	EXP 	window1: mouseVisible = True
16.1461 	EXP 	Created text_31 = TextStim(__class__=<class 'psychopy.visual.text.TextStim'>, alignHoriz=method-wrapper(...), alignText='center', alignVert=method-wrapper(...), anchorHoriz='center', anchorVert='center', antialias=True, autoDraw=False, autoLog=True, bold=False, color=array([-1., -1., -1.]), colorSpace='rgb', contrast=1.0, depth=-7.0, draggable=False, flipHoriz=False, flipVert=False, font='Open Sans', fontFiles=[], height=0.015, italic=False, languageStyle='LTR', name='text_31', opacity=1.0, ori=0.0, pos=array([0. , 0.1]), rgb=UNKNOWN, text='writing', units='height', win=Window(...), wrapWidth=1)
16.1463 	EXP 	window1: mouseVisible = True
16.1489 	EXP 	Created p1_4 = TextStim(__class__=<class 'psychopy.visual.text.TextStim'>, alignHoriz=method-wrapper(...), alignText='center', alignVert=method-wrapper(...), anchorHoriz='center', anchorVert='center', antialias=True, autoDraw=False, autoLog=True, bold=False, color=array([-1., -1., -1.]), colorSpace='rgb', contrast=1.0, depth=-8.0, draggable=False, flipHoriz=False, flipVert=False, font='Consolas', fontFiles=[], height=0.03, italic=False, languageStyle='LTR', name='p1_4', opacity=1.0, ori=0.0, pos=array([0.  , 0.45]), rgb=UNKNOWN, text='Player-2\n\n', units='height', win=Window(...), wrapWidth=1)
16.1491 	EXP 	window1: mouseVisible = True
16.1512 	EXP 	Created you_2 = TextStim(__class__=<class 'psychopy.visual.text.TextStim'>, alignHoriz=method-wrapper(...), alignText='center', alignVert=method-wrapper(...), anchorHoriz='center', anchorVert='center', antialias=True, autoDraw=False, autoLog=True, bold=False, color=array([-1., -1., -1.]), colorSpace='rgb', contrast=1.0, depth=-9.0, draggable=False, flipHoriz=False, flipVert=False, font='Consolas', fontFiles=[], height=0.03, italic=False, languageStyle='LTR', name='you_2', opacity=1.0, ori=0.0, pos=array([0.  , 0.07]), rgb=UNKNOWN, text='You', units='height', win=Window(...), wrapWidth=1)
16.1513 	EXP 	window1: mouseVisible = True
16.1847 	EXP 	Created icon23 = ImageStim(__class__=<class 'psychopy.visual.image.ImageStim'>, anchor=('center', 'center'), autoLog=True, color=array([1., 1., 1.]), colorSpace='rgb', contrast=1.0, depth=-10.0, draggable=False, flipHoriz=False, flipVert=False, image='stimuli/icons/animals.png', interpolate=True, mask=None, maskParams=None, name='icon23', opacity=1.0, ori=0.0, pos=array([-0.13, -0.2 ]), size=array([0.04, 0.04]), texRes=128.0, units='height', win=Window(...))
16.1848 	EXP 	window1: mouseVisible = True
16.1873 	EXP 	Created chat_2 = TextStim(__class__=<class 'psychopy.visual.text.TextStim'>, alignHoriz=method-wrapper(...), alignText='center', alignVert=method-wrapper(...), anchorHoriz='center', anchorVert='center', antialias=True, autoDraw=False, autoLog=True, bold=False, color=array([-1., -1., -1.]), colorSpace='rgb', contrast=1.0, depth=-11.0, draggable=False, flipHoriz=False, flipVert=False, font='Open Sans', fontFiles=[], height=0.015, italic=False, languageStyle='LTR', name='chat_2', opacity=1.0, ori=0.0, pos=array([-0.13, -0.24]), rgb=UNKNOWN, text='chatting', units='height', win=Window(...), wrapWidth=1)
16.1874 	EXP 	window1: mouseVisible = True
16.2162 	EXP 	Created icon24 = ImageStim(__class__=<class 'psychopy.visual.image.ImageStim'>, anchor=('center', 'center'), autoLog=True, color=array([1., 1., 1.]), colorSpace='rgb', contrast=1.0, depth=-12.0, draggable=False, flipHoriz=False, flipVert=False, image='stimuli/icons/animals.png', interpolate=True, mask=None, maskParams=None, name='icon24', opacity=1.0, ori=0.0, pos=array([ 0. , -0.2]), size=array([0.04, 0.04]), texRes=128.0, units='height', win=Window(...))
16.2163 	EXP 	window1: mouseVisible = True
16.2185 	EXP 	Created sport_2 = TextStim(__class__=<class 'psychopy.visual.text.TextStim'>, alignHoriz=method-wrapper(...), alignText='center', alignVert=method-wrapper(...), anchorHoriz='center', anchorVert='center', antialias=True, autoDraw=False, autoLog=True, bold=False, color=array([-1., -1., -1.]), colorSpace='rgb', contrast=1.0, depth=-13.0, draggable=False, flipHoriz=False, flipVert=False, font='Open Sans', fontFiles=[], height=0.015, italic=False, languageStyle='LTR', name='sport_2', opacity=1.0, ori=0.0, pos=array([ 0.  , -0.24]), rgb=UNKNOWN, text='sports', units='height', win=Window(...), wrapWidth=1)
16.2186 	EXP 	window1: mouseVisible = True
16.2473 	EXP 	Created icon25 = ImageStim(__class__=<class 'psychopy.visual.image.ImageStim'>, anchor=('center', 'center'), autoLog=True, color=array([1., 1., 1.]), colorSpace='rgb', contrast=1.0, depth=-14.0, draggable=False, flipHoriz=False, flipVert=False, image='stimuli/icons/animals.png', interpolate=True, mask=None, maskParams=None, name='icon25', opacity=1.0, ori=0.0, pos=array([ 0.13, -0.2 ]), size=array([0.04, 0.04]), texRes=128.0, units='height', win=Window(...))
16.2475 	EXP 	window1: mouseVisible = True
16.3370 	EXP 	Created participantpic_5 = ImageStim(__class__=<class 'psychopy.visual.image.ImageStim'>, anchor=('center', 'center'), autoLog=True, color=array([1., 1., 1.]), colorSpace='rgb', contrast=1.0, depth=-15.0, draggable=False, flipHoriz=False, flipVert=False, image='stimuli/practice/player1.jpg', interpolate=True, mask=None, maskParams=None, name='participantpic_5', opacity=1.0, ori=0.0, pos=array([ 0.   , -0.073]), size=array([0.15, 0.2 ]), texRes=128.0, units='height', win=Window(...))
16.3371 	EXP 	window1: mouseVisible = True
16.3394 	EXP 	Created beach_txt_2 = TextStim(__class__=<class 'psychopy.visual.text.TextStim'>, alignHoriz=method-wrapper(...), alignText='center', alignVert=method-wrapper(...), anchorHoriz='center', anchorVert='center', antialias=True, autoDraw=False, autoLog=True, bold=False, color=array([-1., -1., -1.]), colorSpace='rgb', contrast=1.0, depth=-16.0, draggable=False, flipHoriz=False, flipVert=False, font='Open Sans', fontFiles=[], height=0.015, italic=False, languageStyle='LTR', name='beach_txt_2', opacity=1.0, ori=0.0, pos=array([ 0.13, -0.24]), rgb=UNKNOWN, text='beach', units='height', win=Window(...), wrapWidth=1)
16.3395 	EXP 	window1: mouseVisible = True
16.3533 	EXP 	Created yes = ImageStim(__class__=<class 'psychopy.visual.image.ImageStim'>, anchor=('center', 'center'), autoLog=True, color=array([1., 1., 1.]), colorSpace='rgb', contrast=1.0, depth=-17.0, draggable=False, flipHoriz=False, flipVert=False, image='stimuli/feedback/Thumbs_up.png', interpolate=True, mask=None, maskParams=None, name='yes', opacity=1.0, ori=0.0, pos=array([ 0.  , -0.08]), size=array([0.25, 0.25]), texRes=128.0, units='height', win=Window(...))
16.3536 	EXP 	window1: mouseVisible = True
16.3547 	EXP 	Created polygon = Rect(__class__=<class 'psychopy.visual.rect.Rect'>, anchor=('center', 'center'), autoDraw=False, autoLog=True, closeShape=True, color=method-wrapper(...), colorSpace='rgb', contrast=None, depth=0.0, draggable=False, fillColor=array([-1., -1., -1.]), fillColorSpace='rgb', fillRGB=array([-1., -1., -1.]), interpolate=True, lineColor=array([-1., -1., -1.]), lineColorSpace='rgb', lineRGB=array([-1., -1., -1.]), lineWidth=1.0, name='polygon', opacity=1.0, ori=0.0, pos=array([0., 0.]), size=array([4., 4.]), units='height', vertices=ndarray(...), win=Window(...))
16.3548 	EXP 	window1: mouseVisible = True
16.3700 	EXP 	Created text_16 = TextStim(__class__=<class 'psychopy.visual.text.TextStim'>, alignHoriz=method-wrapper(...), alignText='center', alignVert=method-wrapper(...), anchorHoriz='center', anchorVert='center', antialias=True, autoDraw=False, autoLog=True, bold=False, color=array([1., 1., 1.]), colorSpace='rgb', contrast=1.0, depth=-1.0, draggable=False, flipHoriz=False, flipVert=False, font='Open Sans', fontFiles=[], height=0.06, italic=False, languageStyle='LTR', name='text_16', opacity=1.0, ori=0.0, pos=array([0., 0.]), rgb=UNKNOWN, text='+', units='height', win=Window(...), wrapWidth=1)
0.0318 	EXP 	wel: autoDraw = True
1.9372 	DATA 	Keypress: 1
2.6827 	DATA 	Keypress: 1
3.4172 	EXP 	Imported stimuli/conditions.xlsx as conditions, 120 conditions, 4 params
3.4228 	EXP 	Created sequence: random, trialTypes=120, nReps=5, seed=None
3.4237 	EXP 	New trial (rep=0, index=0): {'children': 'children/M43.png', 'teens': 'adolescents/M43.png', 'young_adults': 'young_adults/M43.png', 'names': 'bob'}
3.5063 	DATA 	Keypress: space
3.5125 	EXP 	wel: autoDraw = False
3.5125 	EXP 	name_1: height = 0.03
3.5125 	EXP 	name_1: height = 0.03
3.5125 	EXP 	name_1: height = 0.03
3.5125 	EXP 	name_1: text = 'bob'
3.5125 	EXP 	name_2: height = 0.03
3.5125 	EXP 	name_2: height = 0.03
3.5125 	EXP 	name_2: height = 0.03
3.5125 	EXP 	name_2: text = 'bob'
3.5125 	EXP 	Player1demo: image = 'stimuli/children/F27.png'
3.5125 	EXP 	Player2demo: image = 'stimuli/children/F15.png'
3.5125 	EXP 	Who: autoDraw = True
3.5125 	EXP 	name_1: autoDraw = True
3.5125 	EXP 	name_2: autoDraw = True
3.5125 	EXP 	Player1demo: autoDraw = True
3.5125 	EXP 	Player2demo: autoDraw = True
3.5125 	EXP 	cooking: autoDraw = True
3.5125 	EXP 	text_4: autoDraw = True
3.5125 	EXP 	movies: autoDraw = True
3.5125 	EXP 	text_5: autoDraw = True
3.5125 	EXP 	dancing: autoDraw = True
3.5125 	EXP 	text_6: autoDraw = True
3.5125 	EXP 	fashion: autoDraw = True
3.5125 	EXP 	text_7: autoDraw = True
3.5125 	EXP 	movie: autoDraw = True
3.5125 	EXP 	text_8: autoDraw = True
3.5125 	EXP 	writing: autoDraw = True
3.5125 	EXP 	text_9: autoDraw = True
4.7511 	EXP 	Created sequence: random, trialTypes=1, nReps=1, seed=None
4.7513 	EXP 	New trial (rep=0, index=0): None
4.7610 	DATA 	Keypress: 1
4.7708 	EXP 	Who: autoDraw = False
4.7708 	EXP 	name_1: autoDraw = False
4.7708 	EXP 	name_2: autoDraw = False
4.7708 	EXP 	Player1demo: autoDraw = False
4.7708 	EXP 	Player2demo: autoDraw = False
4.7708 	EXP 	cooking: autoDraw = False
4.7708 	EXP 	text_4: autoDraw = False
4.7708 	EXP 	movies: autoDraw = False
4.7708 	EXP 	text_5: autoDraw = False
4.7708 	EXP 	dancing: autoDraw = False
4.7708 	EXP 	text_6: autoDraw = False
4.7708 	EXP 	fashion: autoDraw = False
4.7708 	EXP 	text_7: autoDraw = False
4.7708 	EXP 	movie: autoDraw = False
4.7708 	EXP 	text_8: autoDraw = False
4.7708 	EXP 	writing: autoDraw = False
4.7708 	EXP 	text_9: autoDraw = False
4.7708 	EXP 	leftplayer: image = 'stimuli/children/F27.png'
4.7708 	EXP 	polygon_6: autoDraw = True
4.7708 	EXP 	leftplayer: autoDraw = True
4.7708 	EXP 	icon7: autoDraw = True
4.7708 	EXP 	ison7t: autoDraw = True
4.7708 	EXP 	icon8: autoDraw = True
4.7708 	EXP 	icon8t: autoDraw = True
4.7708 	EXP 	icon9: autoDraw = True
4.7708 	EXP 	int9: autoDraw = True
4.7708 	EXP 	leftplayert: autoDraw = True
4.7708 	EXP 	yes1: autoDraw = True
7.7665 	EXP 	polygon_6: autoDraw = False
7.7665 	EXP 	leftplayer: autoDraw = False
7.7665 	EXP 	icon7: autoDraw = False
7.7665 	EXP 	ison7t: autoDraw = False
7.7665 	EXP 	icon8: autoDraw = False
7.7665 	EXP 	icon8t: autoDraw = False
7.7665 	EXP 	icon9: autoDraw = False
7.7665 	EXP 	int9: autoDraw = False
7.7665 	EXP 	leftplayert: autoDraw = False
7.7665 	EXP 	yes1: autoDraw = False
7.7665 	EXP 	topleftpeerchoice: image = 'stimuli/children/F27.png'
7.7665 	EXP 	topleftpeerchoice: autoDraw = True
7.7665 	EXP 	icon10: autoDraw = True
7.7665 	EXP 	int10: autoDraw = True
7.7665 	EXP 	icon11: autoDraw = True
7.7665 	EXP 	int111: autoDraw = True
7.7665 	EXP 	icon12: autoDraw = True
7.7665 	EXP 	int12: autoDraw = True
7.7665 	EXP 	toppeername: autoDraw = True
8.7486 	EXP 	you: autoDraw = True
8.7486 	EXP 	icon13: autoDraw = True
8.7486 	EXP 	int13: autoDraw = True
8.7486 	EXP 	icon14: autoDraw = True
8.7486 	EXP 	int14: autoDraw = True
8.7486 	EXP 	icon15: autoDraw = True
8.7486 	EXP 	int15: autoDraw = True
8.7486 	EXP 	participantpic: autoDraw = True
10.2474 	EXP 	polygon_5: autoDraw = True
10.2474 	EXP 	yess: autoDraw = True
10.7327 	EXP 	Created sequence: random, trialTypes=1, nReps=0, seed=None
10.7479 	EXP 	polygon_5: autoDraw = False
10.7479 	EXP 	topleftpeerchoice: autoDraw = False
10.7479 	EXP 	icon10: autoDraw = False
10.7479 	EXP 	int10: autoDraw = False
10.7479 	EXP 	icon11: autoDraw = False
10.7479 	EXP 	int111: autoDraw = False
10.7479 	EXP 	icon12: autoDraw = False
10.7479 	EXP 	int12: autoDraw = False
10.7479 	EXP 	toppeername: autoDraw = False
10.7479 	EXP 	you: autoDraw = False
10.7479 	EXP 	icon13: autoDraw = False
10.7479 	EXP 	int13: autoDraw = False
10.7479 	EXP 	icon14: autoDraw = False
10.7479 	EXP 	int14: autoDraw = False
10.7479 	EXP 	icon15: autoDraw = False
10.7479 	EXP 	int15: autoDraw = False
10.7479 	EXP 	participantpic: autoDraw = False
10.7479 	EXP 	yess: autoDraw = False
10.7479 	EXP 	polygon: autoDraw = True
10.7479 	EXP 	text_16: autoDraw = True
13.7153 	EXP 	New trial (rep=0, index=1): {'children': 'children/M15.png', 'teens': 'adolescents/M15.png', 'young_adults': 'young_adults/M15.png', 'names': 'bob'}
13.7382 	EXP 	polygon: autoDraw = False
13.7382 	EXP 	text_16: autoDraw = False
13.7382 	EXP 	name_1: text = 'bob'
13.7382 	EXP 	name_2: text = 'bob'
13.7382 	EXP 	Player1demo: image = 'stimuli/children/F30.png'
13.7382 	EXP 	Player2demo: image = 'stimuli/children/F58.png'
13.7382 	EXP 	Who: autoDraw = True
13.7382 	EXP 	name_1: autoDraw = True
13.7382 	EXP 	name_2: autoDraw = True
13.7382 	EXP 	Player1demo: autoDraw = True
13.7382 	EXP 	Player2demo: autoDraw = True
13.7382 	EXP 	cooking: autoDraw = True
13.7382 	EXP 	text_4: autoDraw = True
13.7382 	EXP 	movies: autoDraw = True
13.7382 	EXP 	text_5: autoDraw = True
13.7382 	EXP 	dancing: autoDraw = True
13.7382 	EXP 	text_6: autoDraw = True
13.7382 	EXP 	fashion: autoDraw = True
13.7382 	EXP 	text_7: autoDraw = True
13.7382 	EXP 	movie: autoDraw = True
13.7382 	EXP 	text_8: autoDraw = True
13.7382 	EXP 	writing: autoDraw = True
13.7382 	EXP 	text_9: autoDraw = True
15.6047 	DATA 	Keypress: escape
15.7175 	EXP 	PAT_PRACTICE_icons: status = STOPPED
15.7331 	EXP 	Who: autoDraw = False
15.7331 	EXP 	name_1: autoDraw = False
15.7331 	EXP 	name_2: autoDraw = False
15.7331 	EXP 	Player1demo: autoDraw = False
15.7331 	EXP 	Player2demo: autoDraw = False
15.7331 	EXP 	cooking: autoDraw = False
15.7331 	EXP 	text_4: autoDraw = False
15.7331 	EXP 	movies: autoDraw = False
15.7331 	EXP 	text_5: autoDraw = False
15.7331 	EXP 	dancing: autoDraw = False
15.7331 	EXP 	text_6: autoDraw = False
15.7331 	EXP 	fashion: autoDraw = False
15.7331 	EXP 	text_7: autoDraw = False
15.7331 	EXP 	movie: autoDraw = False
15.7331 	EXP 	text_8: autoDraw = False
15.7331 	EXP 	writing: autoDraw = False
15.7331 	EXP 	text_9: autoDraw = False
15.7332 	EXP 	PAT_PRACTICE_icons: status = STOPPED
15.9312 	EXP 	window1: mouseVisible = True
