14.9267 	EXP 	Created window1 = Window(allowGUI=True, allowStencil=False, autoLog=True, backendConf=UNKNOWN, backgroundFit=<method-wrapper '__getattribute__' of attributeSetter object at 0x000001DFD6E87CA0>, backgroundImage=<method-wrapper '__getattribute__' of attributeSetter object at 0x000001DFD6E87C40>, bitsMode=UNKNOWN, blendMode='avg', bpc=(8, 8, 8), color=array([0, 0, 0]), colorSpace='rgb', depthBits=8, fullscr=<method-wrapper '__getattribute__' of attributeSetter object at 0x000001DFD6E87A90>, gamma=None, gammaErrorPolicy='raise', lms=UNKNOWN, monitor=<psychopy.monitors.calibTools.Monitor object at 0x000001DFD720A3A0>, multiSample=False, name='window1', numSamples=2, pos=(0, 0), screen=0, size=array([1920, 1080]), stencilBits=0, stereo=False, title='PsychoPy', units='height', useFBO=True, useRetina=False, viewOri=0.0, viewPos=None, viewScale=None, waitBlanking=True, winType='pyglet')
14.9267 	EXP 	window1: mouseVisible = True
14.9268 	EXP 	window1: backgroundImage = ''
14.9268 	EXP 	window1: backgroundFit = 'none'
14.9281 	EXP 	window1: Attempting to measure frame rate of screen (0) ...
14.9281 	EXP 	window1: recordFrameIntervals = False
15.0930 	EXP 	window1: recordFrameIntervals = True
15.2764 	EXP 	Screen (0) actual frame rate measured at 60.01Hz
15.2764 	EXP 	window1: recordFrameIntervals = False
15.2765 	EXP 	window1: mouseVisible = False
17.1261 	EXP 	PAT_PRACTICE_icons: status = STARTED
17.1274 	EXP 	window1: mouseVisible = True
17.2467 	EXP 	Created wel = TextStim(__class__=<class 'psychopy.visual.text.TextStim'>, alignHoriz=method-wrapper(...), alignText='center', alignVert=method-wrapper(...), anchorHoriz='center', anchorVert='center', antialias=True, autoDraw=False, autoLog=True, bold=False, color=array([-1., -1., -1.]), colorSpace='rgb', contrast=1.0, depth=0.0, draggable=False, flipHoriz=False, flipVert=False, font='Consolas', fontFiles=[], height=0.05, italic=False, languageStyle='LTR', name='wel', opacity=1.0, ori=0.0, pos=array([0., 0.]), rgb=UNKNOWN, text=str(...), units='height', win=Window(...), wrapWidth=2.0)
17.2819 	EXP 	window1: mouseVisible = True
17.2936 	EXP 	Created Who = TextStim(__class__=<class 'psychopy.visual.text.TextStim'>, alignHoriz=method-wrapper(...), alignText='center', alignVert=method-wrapper(...), anchorHoriz='center', anchorVert='center', antialias=True, autoDraw=False, autoLog=True, bold=False, color=array([-1., -1., -1.]), colorSpace='rgb', contrast=1.0, depth=-1.0, draggable=False, flipHoriz=False, flipVert=False, font='Courier New', fontFiles=[], height=0.04, italic=False, languageStyle='LTR', name='Who', opacity=1.0, ori=0.0, pos=array([0.  , 0.38]), rgb=UNKNOWN, text='Who do you want to be friends with? \n\n', units='height', win=Window(...), wrapWidth=1)
17.2937 	EXP 	window1: mouseVisible = True
17.3507 	EXP 	Created text_2 = TextStim(__class__=<class 'psychopy.visual.text.TextStim'>, alignHoriz=method-wrapper(...), alignText='center', alignVert=method-wrapper(...), anchorHoriz='center', anchorVert='center', antialias=True, autoDraw=False, autoLog=True, bold=False, color=array([-1., -1., -1.]), colorSpace='rgb', contrast=1.0, depth=-2.0, draggable=False, flipHoriz=False, flipVert=False, font='Consolas', fontFiles=[], height=0.03, italic=False, languageStyle='LTR', name='text_2', opacity=1.0, ori=0.0, pos=array([-0.4,  0.3]), rgb=UNKNOWN, text='Player-1\n', units='height', win=Window(...), wrapWidth=1)
17.3508 	EXP 	window1: mouseVisible = True
17.3538 	EXP 	Created text_3 = TextStim(__class__=<class 'psychopy.visual.text.TextStim'>, alignHoriz=method-wrapper(...), alignText='center', alignVert=method-wrapper(...), anchorHoriz='center', anchorVert='center', antialias=True, autoDraw=False, autoLog=True, bold=False, color=array([-1., -1., -1.]), colorSpace='rgb', contrast=1.0, depth=-3.0, draggable=False, flipHoriz=False, flipVert=False, font='Consolas', fontFiles=[], height=0.03, italic=False, languageStyle='LTR', name='text_3', opacity=1.0, ori=0.0, pos=array([0.4, 0.3]), rgb=UNKNOWN, text='Player-2\n', units='height', win=Window(...), wrapWidth=1)
17.3539 	EXP 	window1: mouseVisible = True
17.3758 	EXP 	Created Player1demo = ImageStim(__class__=<class 'psychopy.visual.image.ImageStim'>, anchor=('center', 'center'), autoLog=True, color=array([1., 1., 1.]), colorSpace='rgb', contrast=1.0, depth=-4.0, draggable=False, flipHoriz=False, flipVert=False, image='default.png', interpolate=True, mask=None, maskParams=None, name='Player1demo', opacity=1.0, ori=0.0, pos=array([-0.4 ,  0.13]), size=array([0.2 , 0.25]), texRes=128.0, units='height', win=Window(...))
17.3759 	EXP 	window1: mouseVisible = True
17.3868 	EXP 	Created Player2demo = ImageStim(__class__=<class 'psychopy.visual.image.ImageStim'>, anchor=('center', 'center'), autoLog=True, color=array([1., 1., 1.]), colorSpace='rgb', contrast=1.0, depth=-5.0, draggable=False, flipHoriz=False, flipVert=False, image='default.png', interpolate=True, mask=None, maskParams=None, name='Player2demo', opacity=1.0, ori=0.0, pos=array([0.4 , 0.13]), size=array([0.2 , 0.25]), texRes=128.0, units='height', win=Window(...))
17.3869 	EXP 	window1: mouseVisible = True
17.4161 	EXP 	Created cooking = ImageStim(__class__=<class 'psychopy.visual.image.ImageStim'>, anchor=('center', 'center'), autoLog=True, color=array([1., 1., 1.]), colorSpace='rgb', contrast=1.0, depth=-6.0, draggable=False, flipHoriz=False, flipVert=False, image='stimuli/icons/animals.png', interpolate=True, mask=None, maskParams=None, name='cooking', opacity=1.0, ori=0.0, pos=array([-0.5 , -0.03]), size=array([0.04, 0.04]), texRes=128.0, units='height', win=Window(...))
17.4162 	EXP 	window1: mouseVisible = True
17.4249 	EXP 	Created text_4 = TextStim(__class__=<class 'psychopy.visual.text.TextStim'>, alignHoriz=method-wrapper(...), alignText='center', alignVert=method-wrapper(...), anchorHoriz='center', anchorVert='center', antialias=True, autoDraw=False, autoLog=True, bold=False, color=array([-1., -1., -1.]), colorSpace='rgb', contrast=1.0, depth=-7.0, draggable=False, flipHoriz=False, flipVert=False, font='Open Sans', fontFiles=[], height=0.015, italic=False, languageStyle='LTR', name='text_4', opacity=1.0, ori=0.0, pos=array([-0.5  , -0.086]), rgb=UNKNOWN, text='cooking\n\n', units='height', win=Window(...), wrapWidth=1)
17.4250 	EXP 	window1: mouseVisible = True
17.4445 	EXP 	Created movies = ImageStim(__class__=<class 'psychopy.visual.image.ImageStim'>, anchor=('center', 'center'), autoLog=True, color=array([1., 1., 1.]), colorSpace='rgb', contrast=1.0, depth=-8.0, draggable=False, flipHoriz=False, flipVert=False, image='stimuli/icons/animals.png', interpolate=True, mask=None, maskParams=None, name='movies', opacity=1.0, ori=0.0, pos=array([-0.4 , -0.03]), size=array([0.04, 0.04]), texRes=128.0, units='height', win=Window(...))
17.4446 	EXP 	window1: mouseVisible = True
17.4480 	EXP 	Created text_5 = TextStim(__class__=<class 'psychopy.visual.text.TextStim'>, alignHoriz=method-wrapper(...), alignText='center', alignVert=method-wrapper(...), anchorHoriz='center', anchorVert='center', antialias=True, autoDraw=False, autoLog=True, bold=False, color=array([-1., -1., -1.]), colorSpace='rgb', contrast=1.0, depth=-9.0, draggable=False, flipHoriz=False, flipVert=False, font='Open Sans', fontFiles=[], height=0.015, italic=False, languageStyle='LTR', name='text_5', opacity=1.0, ori=0.0, pos=array([-0.3 , -0.07]), rgb=UNKNOWN, text='dancing', units='height', win=Window(...), wrapWidth=1)
17.4481 	EXP 	window1: mouseVisible = True
17.4667 	EXP 	Created dancing = ImageStim(__class__=<class 'psychopy.visual.image.ImageStim'>, anchor=('center', 'center'), autoLog=True, color=array([1., 1., 1.]), colorSpace='rgb', contrast=1.0, depth=-10.0, draggable=False, flipHoriz=False, flipVert=False, image='stimuli/icons/animals.png', interpolate=True, mask=None, maskParams=None, name='dancing', opacity=1.0, ori=0.0, pos=array([-0.3 , -0.03]), size=array([0.04, 0.04]), texRes=128.0, units='height', win=Window(...))
17.4668 	EXP 	window1: mouseVisible = True
17.4712 	EXP 	Created text_6 = TextStim(__class__=<class 'psychopy.visual.text.TextStim'>, alignHoriz=method-wrapper(...), alignText='center', alignVert=method-wrapper(...), anchorHoriz='center', anchorVert='center', antialias=True, autoDraw=False, autoLog=True, bold=False, color=array([-1., -1., -1.]), colorSpace='rgb', contrast=1.0, depth=-11.0, draggable=False, flipHoriz=False, flipVert=False, font='Open Sans', fontFiles=[], height=0.015, italic=False, languageStyle='LTR', name='text_6', opacity=1.0, ori=0.0, pos=array([-0.4 , -0.07]), rgb=UNKNOWN, text='movies', units='height', win=Window(...), wrapWidth=1)
17.4713 	EXP 	window1: mouseVisible = True
17.4903 	EXP 	Created fashion = ImageStim(__class__=<class 'psychopy.visual.image.ImageStim'>, anchor=('center', 'center'), autoLog=True, color=array([1., 1., 1.]), colorSpace='rgb', contrast=1.0, depth=-12.0, draggable=False, flipHoriz=False, flipVert=False, image='stimuli/icons/animals.png', interpolate=True, mask=None, maskParams=None, name='fashion', opacity=1.0, ori=0.0, pos=array([ 0.3 , -0.03]), size=array([0.04, 0.04]), texRes=128.0, units='height', win=Window(...))
17.4904 	EXP 	window1: mouseVisible = True
17.4943 	EXP 	Created text_7 = TextStim(__class__=<class 'psychopy.visual.text.TextStim'>, alignHoriz=method-wrapper(...), alignText='center', alignVert=method-wrapper(...), anchorHoriz='center', anchorVert='center', antialias=True, autoDraw=False, autoLog=True, bold=False, color=array([-1., -1., -1.]), colorSpace='rgb', contrast=1.0, depth=-13.0, draggable=False, flipHoriz=False, flipVert=False, font='Open Sans', fontFiles=[], height=0.015, italic=False, languageStyle='LTR', name='text_7', opacity=1.0, ori=0.0, pos=array([ 0.3 , -0.07]), rgb=UNKNOWN, text='fashion', units='height', win=Window(...), wrapWidth=1)
17.4944 	EXP 	window1: mouseVisible = True
17.5140 	EXP 	Created movie = ImageStim(__class__=<class 'psychopy.visual.image.ImageStim'>, anchor=('center', 'center'), autoLog=True, color=array([1., 1., 1.]), colorSpace='rgb', contrast=1.0, depth=-14.0, draggable=False, flipHoriz=False, flipVert=False, image='stimuli/icons/animals.png', interpolate=True, mask=None, maskParams=None, name='movie', opacity=1.0, ori=0.0, pos=array([ 0.4 , -0.03]), size=array([0.04, 0.04]), texRes=128.0, units='height', win=Window(...))
17.5142 	EXP 	window1: mouseVisible = True
17.5170 	EXP 	Created text_8 = TextStim(__class__=<class 'psychopy.visual.text.TextStim'>, alignHoriz=method-wrapper(...), alignText='center', alignVert=method-wrapper(...), anchorHoriz='center', anchorVert='center', antialias=True, autoDraw=False, autoLog=True, bold=False, color=array([-1., -1., -1.]), colorSpace='rgb', contrast=1.0, depth=-15.0, draggable=False, flipHoriz=False, flipVert=False, font='Open Sans', fontFiles=[], height=0.015, italic=False, languageStyle='LTR', name='text_8', opacity=1.0, ori=0.0, pos=array([ 0.4 , -0.07]), rgb=UNKNOWN, text='movies', units='height', win=Window(...), wrapWidth=1)
17.5171 	EXP 	window1: mouseVisible = True
17.5480 	EXP 	Created writing = ImageStim(__class__=<class 'psychopy.visual.image.ImageStim'>, anchor=('center', 'center'), autoLog=True, color=array([1., 1., 1.]), colorSpace='rgb', contrast=1.0, depth=-16.0, draggable=False, flipHoriz=False, flipVert=False, image='stimuli/icons/animals.png', interpolate=True, mask=None, maskParams=None, name='writing', opacity=1.0, ori=0.0, pos=array([ 0.5 , -0.03]), size=array([0.04, 0.04]), texRes=128.0, units='height', win=Window(...))
17.5481 	EXP 	window1: mouseVisible = True
17.5531 	EXP 	Created text_9 = TextStim(__class__=<class 'psychopy.visual.text.TextStim'>, alignHoriz=method-wrapper(...), alignText='center', alignVert=method-wrapper(...), anchorHoriz='center', anchorVert='center', antialias=True, autoDraw=False, autoLog=True, bold=False, color=array([-1., -1., -1.]), colorSpace='rgb', contrast=1.0, depth=-17.0, draggable=False, flipHoriz=False, flipVert=False, font='Open Sans', fontFiles=[], height=0.015, italic=False, languageStyle='LTR', name='text_9', opacity=1.0, ori=0.0, pos=array([ 0.5 , -0.07]), rgb=UNKNOWN, text='writing', units='height', win=Window(...), wrapWidth=1)
17.5532 	EXP 	window1: mouseVisible = True
17.5543 	EXP 	Created polygon_6 = Rect(__class__=<class 'psychopy.visual.rect.Rect'>, anchor=('center', 'center'), autoDraw=False, autoLog=True, closeShape=True, color=method-wrapper(...), colorSpace='rgb', contrast=None, depth=0.0, draggable=False, fillColor=array([0., 0., 0.]), fillColorSpace='rgb', fillRGB=array([0., 0., 0.]), interpolate=True, lineColor=array([-1.    ,  0.0039, -1.    ]), lineColorSpace='rgb', lineRGB=array([-1.    ,  0.0039, -1.    ]), lineWidth=5.0, name='polygon_6', opacity=1.0, ori=0.0, pos=array([-0.4 ,  0.13]), size=array([0.5, 0.5]), units='height', vertices=ndarray(...), win=Window(...))
17.5543 	EXP 	window1: mouseVisible = True
17.5631 	EXP 	Created leftplayer = ImageStim(__class__=<class 'psychopy.visual.image.ImageStim'>, anchor=('center', 'center'), autoLog=True, color=array([1., 1., 1.]), colorSpace='rgb', contrast=1.0, depth=-1.0, draggable=False, flipHoriz=False, flipVert=False, image='default.png', interpolate=True, mask=None, maskParams=None, name='leftplayer', opacity=1.0, ori=0.0, pos=array([-0.4 ,  0.13]), size=array([0.2 , 0.25]), texRes=128.0, units='height', win=Window(...))
17.5632 	EXP 	window1: mouseVisible = True
17.5816 	EXP 	Created icon7 = ImageStim(__class__=<class 'psychopy.visual.image.ImageStim'>, anchor=('center', 'center'), autoLog=True, color=array([1., 1., 1.]), colorSpace='rgb', contrast=1.0, depth=-2.0, draggable=False, flipHoriz=False, flipVert=False, image='stimuli/icons/animals.png', interpolate=True, mask=None, maskParams=None, name='icon7', opacity=1.0, ori=0.0, pos=array([-0.5 , -0.03]), size=array([0.04, 0.04]), texRes=128.0, units='height', win=Window(...))
17.5818 	EXP 	window1: mouseVisible = True
17.5842 	EXP 	Created ison7t = TextStim(__class__=<class 'psychopy.visual.text.TextStim'>, alignHoriz=method-wrapper(...), alignText='center', alignVert=method-wrapper(...), anchorHoriz='center', anchorVert='center', antialias=True, autoDraw=False, autoLog=True, bold=False, color=array([-1., -1., -1.]), colorSpace='rgb', contrast=1.0, depth=-3.0, draggable=False, flipHoriz=False, flipVert=False, font='Open Sans', fontFiles=[], height=0.015, italic=False, languageStyle='LTR', name='ison7t', opacity=1.0, ori=0.0, pos=array([-0.5  , -0.086]), rgb=UNKNOWN, text='cooking\n\n', units='height', win=Window(...), wrapWidth=1)
17.5843 	EXP 	window1: mouseVisible = True
17.6035 	EXP 	Created icon8 = ImageStim(__class__=<class 'psychopy.visual.image.ImageStim'>, anchor=('center', 'center'), autoLog=True, color=array([1., 1., 1.]), colorSpace='rgb', contrast=1.0, depth=-4.0, draggable=False, flipHoriz=False, flipVert=False, image='stimuli/icons/animals.png', interpolate=True, mask=None, maskParams=None, name='icon8', opacity=1.0, ori=0.0, pos=array([-0.4 , -0.03]), size=array([0.04, 0.04]), texRes=128.0, units='height', win=Window(...))
17.6036 	EXP 	window1: mouseVisible = True
17.6058 	EXP 	Created icon8t = TextStim(__class__=<class 'psychopy.visual.text.TextStim'>, alignHoriz=method-wrapper(...), alignText='center', alignVert=method-wrapper(...), anchorHoriz='center', anchorVert='center', antialias=True, autoDraw=False, autoLog=True, bold=False, color=array([-1., -1., -1.]), colorSpace='rgb', contrast=1.0, depth=-5.0, draggable=False, flipHoriz=False, flipVert=False, font='Open Sans', fontFiles=[], height=0.015, italic=False, languageStyle='LTR', name='icon8t', opacity=1.0, ori=0.0, pos=array([-0.3 , -0.07]), rgb=UNKNOWN, text='dancing', units='height', win=Window(...), wrapWidth=1)
17.6059 	EXP 	window1: mouseVisible = True
17.6315 	EXP 	Created icon9 = ImageStim(__class__=<class 'psychopy.visual.image.ImageStim'>, anchor=('center', 'center'), autoLog=True, color=array([1., 1., 1.]), colorSpace='rgb', contrast=1.0, depth=-6.0, draggable=False, flipHoriz=False, flipVert=False, image='stimuli/icons/animals.png', interpolate=True, mask=None, maskParams=None, name='icon9', opacity=1.0, ori=0.0, pos=array([-0.3 , -0.03]), size=array([0.04, 0.04]), texRes=128.0, units='height', win=Window(...))
17.6316 	EXP 	window1: mouseVisible = True
17.6337 	EXP 	Created int9 = TextStim(__class__=<class 'psychopy.visual.text.TextStim'>, alignHoriz=method-wrapper(...), alignText='center', alignVert=method-wrapper(...), anchorHoriz='center', anchorVert='center', antialias=True, autoDraw=False, autoLog=True, bold=False, color=array([-1., -1., -1.]), colorSpace='rgb', contrast=1.0, depth=-7.0, draggable=False, flipHoriz=False, flipVert=False, font='Open Sans', fontFiles=[], height=0.015, italic=False, languageStyle='LTR', name='int9', opacity=1.0, ori=0.0, pos=array([-0.4 , -0.07]), rgb=UNKNOWN, text='movies', units='height', win=Window(...), wrapWidth=1)
17.6337 	EXP 	window1: mouseVisible = True
17.6358 	EXP 	Created leftplayert = TextStim(__class__=<class 'psychopy.visual.text.TextStim'>, alignHoriz=method-wrapper(...), alignText='center', alignVert=method-wrapper(...), anchorHoriz='center', anchorVert='center', antialias=True, autoDraw=False, autoLog=True, bold=False, color=array([-1., -1., -1.]), colorSpace='rgb', contrast=1.0, depth=-8.0, draggable=False, flipHoriz=False, flipVert=False, font='Consolas', fontFiles=[], height=0.03, italic=False, languageStyle='LTR', name='leftplayert', opacity=1.0, ori=0.0, pos=array([-0.4,  0.3]), rgb=UNKNOWN, text='Player-1\n', units='height', win=Window(...), wrapWidth=1)
17.6359 	EXP 	window1: mouseVisible = True
17.6497 	EXP 	Created yes1 = ImageStim(__class__=<class 'psychopy.visual.image.ImageStim'>, anchor=('center', 'center'), autoLog=True, color=array([1., 1., 1.]), colorSpace='rgb', contrast=1.0, depth=-9.0, draggable=False, flipHoriz=False, flipVert=False, image='stimuli/feedback/Thumbs_up.png', interpolate=True, mask=None, maskParams=None, name='yes1', opacity=1.0, ori=0.0, pos=array([-0.4 ,  0.13]), size=array([0.3, 0.3]), texRes=128.0, units='height', win=Window(...))
17.6498 	EXP 	window1: mouseVisible = True
17.6508 	EXP 	Created polygon_5 = Rect(__class__=<class 'psychopy.visual.rect.Rect'>, anchor=('center', 'center'), autoDraw=False, autoLog=True, closeShape=True, color=method-wrapper(...), colorSpace='rgb', contrast=None, depth=0.0, draggable=False, fillColor=array([0., 0., 0.]), fillColorSpace='rgb', fillRGB=array([0., 0., 0.]), interpolate=True, lineColor=array([-1.    ,  0.0039, -1.    ]), lineColorSpace='rgb', lineRGB=array([-1.    ,  0.0039, -1.    ]), lineWidth=5.0, name='polygon_5', opacity=1.0, ori=0.0, pos=array([ 0.   , -0.073]), size=array([0.4, 0.4]), units='height', vertices=ndarray(...), win=Window(...))
17.6508 	EXP 	window1: mouseVisible = True
17.6605 	EXP 	Created topleftpeerchoice = ImageStim(__class__=<class 'psychopy.visual.image.ImageStim'>, anchor=('center', 'center'), autoLog=True, color=array([1., 1., 1.]), colorSpace='rgb', contrast=1.0, depth=-1.0, draggable=False, flipHoriz=False, flipVert=False, image='default.png', interpolate=True, mask=None, maskParams=None, name='topleftpeerchoice', opacity=1.0, ori=0.0, pos=array([0. , 0.3]), size=array([0.2 , 0.25]), texRes=128.0, units='height', win=Window(...))
17.6605 	EXP 	window1: mouseVisible = True
17.6855 	EXP 	Created icon10 = ImageStim(__class__=<class 'psychopy.visual.image.ImageStim'>, anchor=('center', 'center'), autoLog=True, color=array([1., 1., 1.]), colorSpace='rgb', contrast=1.0, depth=-2.0, draggable=False, flipHoriz=False, flipVert=False, image='stimuli/icons/animals.png', interpolate=True, mask=None, maskParams=None, name='icon10', opacity=1.0, ori=0.0, pos=array([-0.13,  0.14]), size=array([0.04, 0.04]), texRes=128.0, units='height', win=Window(...))
17.6857 	EXP 	window1: mouseVisible = True
17.6879 	EXP 	Created int10 = TextStim(__class__=<class 'psychopy.visual.text.TextStim'>, alignHoriz=method-wrapper(...), alignText='center', alignVert=method-wrapper(...), anchorHoriz='center', anchorVert='center', antialias=True, autoDraw=False, autoLog=True, bold=False, color=array([-1., -1., -1.]), colorSpace='rgb', contrast=1.0, depth=-3.0, draggable=False, flipHoriz=False, flipVert=False, font='Open Sans', fontFiles=[], height=0.015, italic=False, languageStyle='LTR', name='int10', opacity=1.0, ori=0.0, pos=array([-0.13 ,  0.084]), rgb=UNKNOWN, text='cooking\n\n', units='height', win=Window(...), wrapWidth=1)
17.6879 	EXP 	window1: mouseVisible = True
17.7181 	EXP 	Created icon11 = ImageStim(__class__=<class 'psychopy.visual.image.ImageStim'>, anchor=('center', 'center'), autoLog=True, color=array([1., 1., 1.]), colorSpace='rgb', contrast=1.0, depth=-4.0, draggable=False, flipHoriz=False, flipVert=False, image='stimuli/icons/animals.png', interpolate=True, mask=None, maskParams=None, name='icon11', opacity=1.0, ori=0.0, pos=array([0.  , 0.14]), size=array([0.04, 0.04]), texRes=128.0, units='height', win=Window(...))
17.7182 	EXP 	window1: mouseVisible = True
17.7203 	EXP 	Created int111 = TextStim(__class__=<class 'psychopy.visual.text.TextStim'>, alignHoriz=method-wrapper(...), alignText='center', alignVert=method-wrapper(...), anchorHoriz='center', anchorVert='center', antialias=True, autoDraw=False, autoLog=True, bold=False, color=array([-1., -1., -1.]), colorSpace='rgb', contrast=1.0, depth=-5.0, draggable=False, flipHoriz=False, flipVert=False, font='Open Sans', fontFiles=[], height=0.015, italic=False, languageStyle='LTR', name='int111', opacity=1.0, ori=0.0, pos=array([0.13, 0.1 ]), rgb=UNKNOWN, text='dancing', units='height', win=Window(...), wrapWidth=1)
17.7204 	EXP 	window1: mouseVisible = True
17.7502 	EXP 	Created icon12 = ImageStim(__class__=<class 'psychopy.visual.image.ImageStim'>, anchor=('center', 'center'), autoLog=True, color=array([1., 1., 1.]), colorSpace='rgb', contrast=1.0, depth=-6.0, draggable=False, flipHoriz=False, flipVert=False, image='stimuli/icons/animals.png', interpolate=True, mask=None, maskParams=None, name='icon12', opacity=1.0, ori=0.0, pos=array([0.13, 0.14]), size=array([0.04, 0.04]), texRes=128.0, units='height', win=Window(...))
17.7503 	EXP 	window1: mouseVisible = True
17.7523 	EXP 	Created int12 = TextStim(__class__=<class 'psychopy.visual.text.TextStim'>, alignHoriz=method-wrapper(...), alignText='center', alignVert=method-wrapper(...), anchorHoriz='center', anchorVert='center', antialias=True, autoDraw=False, autoLog=True, bold=False, color=array([-1., -1., -1.]), colorSpace='rgb', contrast=1.0, depth=-7.0, draggable=False, flipHoriz=False, flipVert=False, font='Open Sans', fontFiles=[], height=0.015, italic=False, languageStyle='LTR', name='int12', opacity=1.0, ori=0.0, pos=array([0. , 0.1]), rgb=UNKNOWN, text='movies', units='height', win=Window(...), wrapWidth=1)
17.7524 	EXP 	window1: mouseVisible = True
17.7545 	EXP 	Created toppeername = TextStim(__class__=<class 'psychopy.visual.text.TextStim'>, alignHoriz=method-wrapper(...), alignText='center', alignVert=method-wrapper(...), anchorHoriz='center', anchorVert='center', antialias=True, autoDraw=False, autoLog=True, bold=False, color=array([-1., -1., -1.]), colorSpace='rgb', contrast=1.0, depth=-8.0, draggable=False, flipHoriz=False, flipVert=False, font='Consolas', fontFiles=[], height=0.03, italic=False, languageStyle='LTR', name='toppeername', opacity=1.0, ori=0.0, pos=array([0.  , 0.45]), rgb=UNKNOWN, text='Player-1\n', units='height', win=Window(...), wrapWidth=1)
17.7545 	EXP 	window1: mouseVisible = True
17.7609 	EXP 	Created you = TextStim(__class__=<class 'psychopy.visual.text.TextStim'>, alignHoriz=method-wrapper(...), alignText='center', alignVert=method-wrapper(...), anchorHoriz='center', anchorVert='center', antialias=True, autoDraw=False, autoLog=True, bold=False, color=array([-1., -1., -1.]), colorSpace='rgb', contrast=1.0, depth=-9.0, draggable=False, flipHoriz=False, flipVert=False, font='Consolas', fontFiles=[], height=0.03, italic=False, languageStyle='LTR', name='you', opacity=1.0, ori=0.0, pos=array([0.  , 0.07]), rgb=UNKNOWN, text='You', units='height', win=Window(...), wrapWidth=1)
17.7613 	EXP 	window1: mouseVisible = True
17.7891 	EXP 	Created icon13 = ImageStim(__class__=<class 'psychopy.visual.image.ImageStim'>, anchor=('center', 'center'), autoLog=True, color=array([1., 1., 1.]), colorSpace='rgb', contrast=1.0, depth=-10.0, draggable=False, flipHoriz=False, flipVert=False, image='stimuli/icons/animals.png', interpolate=True, mask=None, maskParams=None, name='icon13', opacity=1.0, ori=0.0, pos=array([-0.13, -0.2 ]), size=array([0.04, 0.04]), texRes=128.0, units='height', win=Window(...))
17.7892 	EXP 	window1: mouseVisible = True
17.7915 	EXP 	Created int13 = TextStim(__class__=<class 'psychopy.visual.text.TextStim'>, alignHoriz=method-wrapper(...), alignText='center', alignVert=method-wrapper(...), anchorHoriz='center', anchorVert='center', antialias=True, autoDraw=False, autoLog=True, bold=False, color=array([-1., -1., -1.]), colorSpace='rgb', contrast=1.0, depth=-11.0, draggable=False, flipHoriz=False, flipVert=False, font='Open Sans', fontFiles=[], height=0.015, italic=False, languageStyle='LTR', name='int13', opacity=1.0, ori=0.0, pos=array([-0.13, -0.24]), rgb=UNKNOWN, text='chatting', units='height', win=Window(...), wrapWidth=1)
17.7916 	EXP 	window1: mouseVisible = True
17.8206 	EXP 	Created icon14 = ImageStim(__class__=<class 'psychopy.visual.image.ImageStim'>, anchor=('center', 'center'), autoLog=True, color=array([1., 1., 1.]), colorSpace='rgb', contrast=1.0, depth=-12.0, draggable=False, flipHoriz=False, flipVert=False, image='stimuli/icons/animals.png', interpolate=True, mask=None, maskParams=None, name='icon14', opacity=1.0, ori=0.0, pos=array([ 0. , -0.2]), size=array([0.04, 0.04]), texRes=128.0, units='height', win=Window(...))
17.8207 	EXP 	window1: mouseVisible = True
17.8251 	EXP 	Created int14 = TextStim(__class__=<class 'psychopy.visual.text.TextStim'>, alignHoriz=method-wrapper(...), alignText='center', alignVert=method-wrapper(...), anchorHoriz='center', anchorVert='center', antialias=True, autoDraw=False, autoLog=True, bold=False, color=array([-1., -1., -1.]), colorSpace='rgb', contrast=1.0, depth=-13.0, draggable=False, flipHoriz=False, flipVert=False, font='Open Sans', fontFiles=[], height=0.015, italic=False, languageStyle='LTR', name='int14', opacity=1.0, ori=0.0, pos=array([ 0.  , -0.24]), rgb=UNKNOWN, text='sports', units='height', win=Window(...), wrapWidth=1)
17.8252 	EXP 	window1: mouseVisible = True
17.8439 	EXP 	Created icon15 = ImageStim(__class__=<class 'psychopy.visual.image.ImageStim'>, anchor=('center', 'center'), autoLog=True, color=array([1., 1., 1.]), colorSpace='rgb', contrast=1.0, depth=-14.0, draggable=False, flipHoriz=False, flipVert=False, image='stimuli/icons/animals.png', interpolate=True, mask=None, maskParams=None, name='icon15', opacity=1.0, ori=0.0, pos=array([ 0.13, -0.2 ]), size=array([0.04, 0.04]), texRes=128.0, units='height', win=Window(...))
17.8440 	EXP 	window1: mouseVisible = True
17.8474 	EXP 	Created int15 = TextStim(__class__=<class 'psychopy.visual.text.TextStim'>, alignHoriz=method-wrapper(...), alignText='center', alignVert=method-wrapper(...), anchorHoriz='center', anchorVert='center', antialias=True, autoDraw=False, autoLog=True, bold=False, color=array([-1., -1., -1.]), colorSpace='rgb', contrast=1.0, depth=-15.0, draggable=False, flipHoriz=False, flipVert=False, font='Open Sans', fontFiles=[], height=0.015, italic=False, languageStyle='LTR', name='int15', opacity=1.0, ori=0.0, pos=array([ 0.13, -0.24]), rgb=UNKNOWN, text='beach', units='height', win=Window(...), wrapWidth=1)
17.8475 	EXP 	window1: mouseVisible = True
17.9304 	EXP 	Created participantpic = ImageStim(__class__=<class 'psychopy.visual.image.ImageStim'>, anchor=('center', 'center'), autoLog=True, color=array([1., 1., 1.]), colorSpace='rgb', contrast=1.0, depth=-16.0, draggable=False, flipHoriz=False, flipVert=False, image='stimuli/practice/participant.jpg', interpolate=True, mask=None, maskParams=None, name='participantpic', opacity=1.0, ori=0.0, pos=array([ 0.   , -0.073]), size=array([0.15, 0.2 ]), texRes=128.0, units='height', win=Window(...))
17.9305 	EXP 	window1: mouseVisible = True
17.9387 	EXP 	Created yess = ImageStim(__class__=<class 'psychopy.visual.image.ImageStim'>, anchor=('center', 'center'), autoLog=True, color=array([1., 1., 1.]), colorSpace='rgb', contrast=1.0, depth=-17.0, draggable=False, flipHoriz=False, flipVert=False, image='stimuli/feedback/Thumbs_up.png', interpolate=True, mask=None, maskParams=None, name='yess', opacity=1.0, ori=0.0, pos=array([ 0.  , -0.08]), size=array([0.2, 0.3]), texRes=128.0, units='height', win=Window(...))
17.9388 	EXP 	window1: mouseVisible = True
17.9398 	EXP 	Created polygon_7 = Rect(__class__=<class 'psychopy.visual.rect.Rect'>, anchor=('center', 'center'), autoDraw=False, autoLog=True, closeShape=True, color=method-wrapper(...), colorSpace='rgb', contrast=None, depth=0.0, draggable=False, fillColor=array([0., 0., 0.]), fillColorSpace='rgb', fillRGB=array([0., 0., 0.]), interpolate=True, lineColor=array([-1.    ,  0.0039, -1.    ]), lineColorSpace='rgb', lineRGB=array([-1.    ,  0.0039, -1.    ]), lineWidth=5.0, name='polygon_7', opacity=1.0, ori=0.0, pos=array([0.4 , 0.13]), size=array([0.5, 0.5]), units='height', vertices=ndarray(...), win=Window(...))
17.9399 	EXP 	window1: mouseVisible = True
17.9486 	EXP 	Created rightpeerchoice = ImageStim(__class__=<class 'psychopy.visual.image.ImageStim'>, anchor=('center', 'center'), autoLog=True, color=array([1., 1., 1.]), colorSpace='rgb', contrast=1.0, depth=-1.0, draggable=False, flipHoriz=False, flipVert=False, image='default.png', interpolate=True, mask=None, maskParams=None, name='rightpeerchoice', opacity=1.0, ori=0.0, pos=array([0.4 , 0.13]), size=array([0.2 , 0.25]), texRes=128.0, units='height', win=Window(...))
17.9487 	EXP 	window1: mouseVisible = True
17.9682 	EXP 	Created icon16 = ImageStim(__class__=<class 'psychopy.visual.image.ImageStim'>, anchor=('center', 'center'), autoLog=True, color=array([1., 1., 1.]), colorSpace='rgb', contrast=1.0, depth=-2.0, draggable=False, flipHoriz=False, flipVert=False, image='stimuli/icons/animals.png', interpolate=True, mask=None, maskParams=None, name='icon16', opacity=1.0, ori=0.0, pos=array([ 0.3 , -0.03]), size=array([0.04, 0.04]), texRes=128.0, units='height', win=Window(...))
17.9683 	EXP 	window1: mouseVisible = True
17.9705 	EXP 	Created int16 = TextStim(__class__=<class 'psychopy.visual.text.TextStim'>, alignHoriz=method-wrapper(...), alignText='center', alignVert=method-wrapper(...), anchorHoriz='center', anchorVert='center', antialias=True, autoDraw=False, autoLog=True, bold=False, color=array([-1., -1., -1.]), colorSpace='rgb', contrast=1.0, depth=-3.0, draggable=False, flipHoriz=False, flipVert=False, font='Open Sans', fontFiles=[], height=0.015, italic=False, languageStyle='LTR', name='int16', opacity=1.0, ori=0.0, pos=array([ 0.3 , -0.07]), rgb=UNKNOWN, text='fashion', units='height', win=Window(...), wrapWidth=1)
17.9705 	EXP 	window1: mouseVisible = True
17.9911 	EXP 	Created icon17 = ImageStim(__class__=<class 'psychopy.visual.image.ImageStim'>, anchor=('center', 'center'), autoLog=True, color=array([1., 1., 1.]), colorSpace='rgb', contrast=1.0, depth=-4.0, draggable=False, flipHoriz=False, flipVert=False, image='stimuli/icons/animals.png', interpolate=True, mask=None, maskParams=None, name='icon17', opacity=1.0, ori=0.0, pos=array([ 0.4 , -0.03]), size=array([0.04, 0.04]), texRes=128.0, units='height', win=Window(...))
17.9912 	EXP 	window1: mouseVisible = True
17.9935 	EXP 	Created text_11 = TextStim(__class__=<class 'psychopy.visual.text.TextStim'>, alignHoriz=method-wrapper(...), alignText='center', alignVert=method-wrapper(...), anchorHoriz='center', anchorVert='center', antialias=True, autoDraw=False, autoLog=True, bold=False, color=array([-1., -1., -1.]), colorSpace='rgb', contrast=1.0, depth=-5.0, draggable=False, flipHoriz=False, flipVert=False, font='Open Sans', fontFiles=[], height=0.015, italic=False, languageStyle='LTR', name='text_11', opacity=1.0, ori=0.0, pos=array([ 0.4 , -0.07]), rgb=UNKNOWN, text='movies', units='height', win=Window(...), wrapWidth=1)
17.9936 	EXP 	window1: mouseVisible = True
18.0140 	EXP 	Created icon19 = ImageStim(__class__=<class 'psychopy.visual.image.ImageStim'>, anchor=('center', 'center'), autoLog=True, color=array([1., 1., 1.]), colorSpace='rgb', contrast=1.0, depth=-6.0, draggable=False, flipHoriz=False, flipVert=False, image='stimuli/icons/animals.png', interpolate=True, mask=None, maskParams=None, name='icon19', opacity=1.0, ori=0.0, pos=array([ 0.5 , -0.03]), size=array([0.04, 0.04]), texRes=128.0, units='height', win=Window(...))
18.0141 	EXP 	window1: mouseVisible = True
18.0162 	EXP 	Created text_12 = TextStim(__class__=<class 'psychopy.visual.text.TextStim'>, alignHoriz=method-wrapper(...), alignText='center', alignVert=method-wrapper(...), anchorHoriz='center', anchorVert='center', antialias=True, autoDraw=False, autoLog=True, bold=False, color=array([-1., -1., -1.]), colorSpace='rgb', contrast=1.0, depth=-7.0, draggable=False, flipHoriz=False, flipVert=False, font='Open Sans', fontFiles=[], height=0.015, italic=False, languageStyle='LTR', name='text_12', opacity=1.0, ori=0.0, pos=array([ 0.5 , -0.07]), rgb=UNKNOWN, text='writing', units='height', win=Window(...), wrapWidth=1)
18.0163 	EXP 	window1: mouseVisible = True
18.0290 	EXP 	Created yes1_2 = ImageStim(__class__=<class 'psychopy.visual.image.ImageStim'>, anchor=('center', 'center'), autoLog=True, color=array([1., 1., 1.]), colorSpace='rgb', contrast=1.0, depth=-8.0, draggable=False, flipHoriz=False, flipVert=False, image='stimuli/feedback/Thumbs_up.png', interpolate=True, mask=None, maskParams=None, name='yes1_2', opacity=1.0, ori=0.0, pos=array([0.4 , 0.13]), size=array([0.25, 0.25]), texRes=128.0, units='height', win=Window(...))
18.0291 	EXP 	window1: mouseVisible = True
18.0313 	EXP 	Created text_14 = TextStim(__class__=<class 'psychopy.visual.text.TextStim'>, alignHoriz=method-wrapper(...), alignText='center', alignVert=method-wrapper(...), anchorHoriz='center', anchorVert='center', antialias=True, autoDraw=False, autoLog=True, bold=False, color=array([-1., -1., -1.]), colorSpace='rgb', contrast=1.0, depth=-9.0, draggable=False, flipHoriz=False, flipVert=False, font='Consolas', fontFiles=[], height=0.03, italic=False, languageStyle='LTR', name='text_14', opacity=1.0, ori=0.0, pos=array([0.4, 0.3]), rgb=UNKNOWN, text='Player-2\n', units='height', win=Window(...), wrapWidth=1)
18.0313 	EXP 	window1: mouseVisible = True
18.0324 	EXP 	Created polygon_4 = Rect(__class__=<class 'psychopy.visual.rect.Rect'>, anchor=('center', 'center'), autoDraw=False, autoLog=True, closeShape=True, color=method-wrapper(...), colorSpace='rgb', contrast=None, depth=0.0, draggable=False, fillColor=array([0., 0., 0.]), fillColorSpace='rgb', fillRGB=array([0., 0., 0.]), interpolate=True, lineColor=array([-1.    ,  0.0039, -1.    ]), lineColorSpace='rgb', lineRGB=array([-1.    ,  0.0039, -1.    ]), lineWidth=5.0, name='polygon_4', opacity=1.0, ori=0.0, pos=array([ 0.   , -0.073]), size=array([0.4, 0.4]), units='height', vertices=ndarray(...), win=Window(...))
18.0324 	EXP 	window1: mouseVisible = True
18.0440 	EXP 	Created toprightpeer = ImageStim(__class__=<class 'psychopy.visual.image.ImageStim'>, anchor=('center', 'center'), autoLog=True, color=array([1., 1., 1.]), colorSpace='rgb', contrast=1.0, depth=-1.0, draggable=False, flipHoriz=False, flipVert=False, image='default.png', interpolate=True, mask=None, maskParams=None, name='toprightpeer', opacity=1.0, ori=0.0, pos=array([0. , 0.3]), size=array([0.2 , 0.25]), texRes=128.0, units='height', win=Window(...))
18.0441 	EXP 	window1: mouseVisible = True
18.0627 	EXP 	Created icon20 = ImageStim(__class__=<class 'psychopy.visual.image.ImageStim'>, anchor=('center', 'center'), autoLog=True, color=array([1., 1., 1.]), colorSpace='rgb', contrast=1.0, depth=-2.0, draggable=False, flipHoriz=False, flipVert=False, image='stimuli/icons/animals.png', interpolate=True, mask=None, maskParams=None, name='icon20', opacity=1.0, ori=0.0, pos=array([-0.13,  0.14]), size=array([0.04, 0.04]), texRes=128.0, units='height', win=Window(...))
18.0628 	EXP 	window1: mouseVisible = True
18.0649 	EXP 	Created var_2 = TextStim(__class__=<class 'psychopy.visual.text.TextStim'>, alignHoriz=method-wrapper(...), alignText='center', alignVert=method-wrapper(...), anchorHoriz='center', anchorVert='center', antialias=True, autoDraw=False, autoLog=True, bold=False, color=array([-1., -1., -1.]), colorSpace='rgb', contrast=1.0, depth=-3.0, draggable=False, flipHoriz=False, flipVert=False, font='Open Sans', fontFiles=[], height=0.015, italic=False, languageStyle='LTR', name='var_2', opacity=1.0, ori=0.0, pos=array([-0.13 ,  0.076]), rgb=UNKNOWN, text='fashion\n\n\n', units='height', win=Window(...), wrapWidth=1)
18.0650 	EXP 	window1: mouseVisible = True
18.0834 	EXP 	Created icon21 = ImageStim(__class__=<class 'psychopy.visual.image.ImageStim'>, anchor=('center', 'center'), autoLog=True, color=array([1., 1., 1.]), colorSpace='rgb', contrast=1.0, depth=-4.0, draggable=False, flipHoriz=False, flipVert=False, image='stimuli/icons/animals.png', interpolate=True, mask=None, maskParams=None, name='icon21', opacity=1.0, ori=0.0, pos=array([0.  , 0.14]), size=array([0.04, 0.04]), texRes=128.0, units='height', win=Window(...))
18.0835 	EXP 	window1: mouseVisible = True
18.0854 	EXP 	Created var_7 = TextStim(__class__=<class 'psychopy.visual.text.TextStim'>, alignHoriz=method-wrapper(...), alignText='center', alignVert=method-wrapper(...), anchorHoriz='center', anchorVert='center', antialias=True, autoDraw=False, autoLog=True, bold=False, color=array([-1., -1., -1.]), colorSpace='rgb', contrast=1.0, depth=-5.0, draggable=False, flipHoriz=False, flipVert=False, font='Open Sans', fontFiles=[], height=0.015, italic=False, languageStyle='LTR', name='var_7', opacity=1.0, ori=0.0, pos=array([0.13, 0.1 ]), rgb=UNKNOWN, text='dancing', units='height', win=Window(...), wrapWidth=1)
18.0855 	EXP 	window1: mouseVisible = True
18.1044 	EXP 	Created icon22 = ImageStim(__class__=<class 'psychopy.visual.image.ImageStim'>, anchor=('center', 'center'), autoLog=True, color=array([1., 1., 1.]), colorSpace='rgb', contrast=1.0, depth=-6.0, draggable=False, flipHoriz=False, flipVert=False, image='stimuli/icons/animals.png', interpolate=True, mask=None, maskParams=None, name='icon22', opacity=1.0, ori=0.0, pos=array([0.13, 0.14]), size=array([0.04, 0.04]), texRes=128.0, units='height', win=Window(...))
18.1045 	EXP 	window1: mouseVisible = True
18.1064 	EXP 	Created text_31 = TextStim(__class__=<class 'psychopy.visual.text.TextStim'>, alignHoriz=method-wrapper(...), alignText='center', alignVert=method-wrapper(...), anchorHoriz='center', anchorVert='center', antialias=True, autoDraw=False, autoLog=True, bold=False, color=array([-1., -1., -1.]), colorSpace='rgb', contrast=1.0, depth=-7.0, draggable=False, flipHoriz=False, flipVert=False, font='Open Sans', fontFiles=[], height=0.015, italic=False, languageStyle='LTR', name='text_31', opacity=1.0, ori=0.0, pos=array([0. , 0.1]), rgb=UNKNOWN, text='writing', units='height', win=Window(...), wrapWidth=1)
18.1065 	EXP 	window1: mouseVisible = True
18.1087 	EXP 	Created p1_4 = TextStim(__class__=<class 'psychopy.visual.text.TextStim'>, alignHoriz=method-wrapper(...), alignText='center', alignVert=method-wrapper(...), anchorHoriz='center', anchorVert='center', antialias=True, autoDraw=False, autoLog=True, bold=False, color=array([-1., -1., -1.]), colorSpace='rgb', contrast=1.0, depth=-8.0, draggable=False, flipHoriz=False, flipVert=False, font='Consolas', fontFiles=[], height=0.03, italic=False, languageStyle='LTR', name='p1_4', opacity=1.0, ori=0.0, pos=array([0.  , 0.45]), rgb=UNKNOWN, text='Player-2\n\n', units='height', win=Window(...), wrapWidth=1)
18.1088 	EXP 	window1: mouseVisible = True
18.1105 	EXP 	Created you_2 = TextStim(__class__=<class 'psychopy.visual.text.TextStim'>, alignHoriz=method-wrapper(...), alignText='center', alignVert=method-wrapper(...), anchorHoriz='center', anchorVert='center', antialias=True, autoDraw=False, autoLog=True, bold=False, color=array([-1., -1., -1.]), colorSpace='rgb', contrast=1.0, depth=-9.0, draggable=False, flipHoriz=False, flipVert=False, font='Consolas', fontFiles=[], height=0.03, italic=False, languageStyle='LTR', name='you_2', opacity=1.0, ori=0.0, pos=array([0.  , 0.07]), rgb=UNKNOWN, text='You', units='height', win=Window(...), wrapWidth=1)
18.1105 	EXP 	window1: mouseVisible = True
18.1309 	EXP 	Created icon23 = ImageStim(__class__=<class 'psychopy.visual.image.ImageStim'>, anchor=('center', 'center'), autoLog=True, color=array([1., 1., 1.]), colorSpace='rgb', contrast=1.0, depth=-10.0, draggable=False, flipHoriz=False, flipVert=False, image='stimuli/icons/animals.png', interpolate=True, mask=None, maskParams=None, name='icon23', opacity=1.0, ori=0.0, pos=array([-0.13, -0.2 ]), size=array([0.04, 0.04]), texRes=128.0, units='height', win=Window(...))
18.1310 	EXP 	window1: mouseVisible = True
18.1332 	EXP 	Created chat_2 = TextStim(__class__=<class 'psychopy.visual.text.TextStim'>, alignHoriz=method-wrapper(...), alignText='center', alignVert=method-wrapper(...), anchorHoriz='center', anchorVert='center', antialias=True, autoDraw=False, autoLog=True, bold=False, color=array([-1., -1., -1.]), colorSpace='rgb', contrast=1.0, depth=-11.0, draggable=False, flipHoriz=False, flipVert=False, font='Open Sans', fontFiles=[], height=0.015, italic=False, languageStyle='LTR', name='chat_2', opacity=1.0, ori=0.0, pos=array([-0.13, -0.24]), rgb=UNKNOWN, text='chatting', units='height', win=Window(...), wrapWidth=1)
18.1333 	EXP 	window1: mouseVisible = True
18.1542 	EXP 	Created icon24 = ImageStim(__class__=<class 'psychopy.visual.image.ImageStim'>, anchor=('center', 'center'), autoLog=True, color=array([1., 1., 1.]), colorSpace='rgb', contrast=1.0, depth=-12.0, draggable=False, flipHoriz=False, flipVert=False, image='stimuli/icons/animals.png', interpolate=True, mask=None, maskParams=None, name='icon24', opacity=1.0, ori=0.0, pos=array([ 0. , -0.2]), size=array([0.04, 0.04]), texRes=128.0, units='height', win=Window(...))
18.1543 	EXP 	window1: mouseVisible = True
18.1564 	EXP 	Created sport_2 = TextStim(__class__=<class 'psychopy.visual.text.TextStim'>, alignHoriz=method-wrapper(...), alignText='center', alignVert=method-wrapper(...), anchorHoriz='center', anchorVert='center', antialias=True, autoDraw=False, autoLog=True, bold=False, color=array([-1., -1., -1.]), colorSpace='rgb', contrast=1.0, depth=-13.0, draggable=False, flipHoriz=False, flipVert=False, font='Open Sans', fontFiles=[], height=0.015, italic=False, languageStyle='LTR', name='sport_2', opacity=1.0, ori=0.0, pos=array([ 0.  , -0.24]), rgb=UNKNOWN, text='sports', units='height', win=Window(...), wrapWidth=1)
18.1565 	EXP 	window1: mouseVisible = True
18.1867 	EXP 	Created icon25 = ImageStim(__class__=<class 'psychopy.visual.image.ImageStim'>, anchor=('center', 'center'), autoLog=True, color=array([1., 1., 1.]), colorSpace='rgb', contrast=1.0, depth=-14.0, draggable=False, flipHoriz=False, flipVert=False, image='stimuli/icons/animals.png', interpolate=True, mask=None, maskParams=None, name='icon25', opacity=1.0, ori=0.0, pos=array([ 0.13, -0.2 ]), size=array([0.04, 0.04]), texRes=128.0, units='height', win=Window(...))
18.1868 	EXP 	window1: mouseVisible = True
18.3030 	EXP 	Created participantpic_5 = ImageStim(__class__=<class 'psychopy.visual.image.ImageStim'>, anchor=('center', 'center'), autoLog=True, color=array([1., 1., 1.]), colorSpace='rgb', contrast=1.0, depth=-15.0, draggable=False, flipHoriz=False, flipVert=False, image='stimuli/practice/player1.jpg', interpolate=True, mask=None, maskParams=None, name='participantpic_5', opacity=1.0, ori=0.0, pos=array([ 0.   , -0.073]), size=array([0.15, 0.2 ]), texRes=128.0, units='height', win=Window(...))
18.3031 	EXP 	window1: mouseVisible = True
18.3051 	EXP 	Created beach_txt_2 = TextStim(__class__=<class 'psychopy.visual.text.TextStim'>, alignHoriz=method-wrapper(...), alignText='center', alignVert=method-wrapper(...), anchorHoriz='center', anchorVert='center', antialias=True, autoDraw=False, autoLog=True, bold=False, color=array([-1., -1., -1.]), colorSpace='rgb', contrast=1.0, depth=-16.0, draggable=False, flipHoriz=False, flipVert=False, font='Open Sans', fontFiles=[], height=0.015, italic=False, languageStyle='LTR', name='beach_txt_2', opacity=1.0, ori=0.0, pos=array([ 0.13, -0.24]), rgb=UNKNOWN, text='beach', units='height', win=Window(...), wrapWidth=1)
18.3052 	EXP 	window1: mouseVisible = True
18.3176 	EXP 	Created yes = ImageStim(__class__=<class 'psychopy.visual.image.ImageStim'>, anchor=('center', 'center'), autoLog=True, color=array([1., 1., 1.]), colorSpace='rgb', contrast=1.0, depth=-17.0, draggable=False, flipHoriz=False, flipVert=False, image='stimuli/feedback/Thumbs_up.png', interpolate=True, mask=None, maskParams=None, name='yes', opacity=1.0, ori=0.0, pos=array([ 0.  , -0.08]), size=array([0.25, 0.25]), texRes=128.0, units='height', win=Window(...))
18.3178 	EXP 	window1: mouseVisible = True
18.3188 	EXP 	Created polygon = Rect(__class__=<class 'psychopy.visual.rect.Rect'>, anchor=('center', 'center'), autoDraw=False, autoLog=True, closeShape=True, color=method-wrapper(...), colorSpace='rgb', contrast=None, depth=0.0, draggable=False, fillColor=array([-1., -1., -1.]), fillColorSpace='rgb', fillRGB=array([-1., -1., -1.]), interpolate=True, lineColor=array([-1., -1., -1.]), lineColorSpace='rgb', lineRGB=array([-1., -1., -1.]), lineWidth=1.0, name='polygon', opacity=1.0, ori=0.0, pos=array([0., 0.]), size=array([4., 4.]), units='height', vertices=ndarray(...), win=Window(...))
18.3189 	EXP 	window1: mouseVisible = True
18.3335 	EXP 	Created text_16 = TextStim(__class__=<class 'psychopy.visual.text.TextStim'>, alignHoriz=method-wrapper(...), alignText='center', alignVert=method-wrapper(...), anchorHoriz='center', anchorVert='center', antialias=True, autoDraw=False, autoLog=True, bold=False, color=array([1., 1., 1.]), colorSpace='rgb', contrast=1.0, depth=-1.0, draggable=False, flipHoriz=False, flipVert=False, font='Open Sans', fontFiles=[], height=0.06, italic=False, languageStyle='LTR', name='text_16', opacity=1.0, ori=0.0, pos=array([0., 0.]), rgb=UNKNOWN, text='+', units='height', win=Window(...), wrapWidth=1)
0.0294 	EXP 	wel: autoDraw = True
2.5234 	EXP 	Imported stimuli/conditions.xlsx as conditions, 120 conditions, 3 params
2.5274 	EXP 	Created sequence: random, trialTypes=120, nReps=5, seed=None
2.5277 	EXP 	New trial (rep=0, index=0): {'children': 'children/F60.png', 'teens': 'adolescents/F60.png', 'young_adults': 'young_adults/F60.png'}
2.5946 	DATA 	Keypress: space
2.5996 	EXP 	wel: autoDraw = False
2.5996 	EXP 	Player1demo: image = 'stimuli/young_adults/F36.png'
2.5996 	EXP 	Player2demo: image = 'stimuli/young_adults/F59.png'
2.5996 	EXP 	Who: autoDraw = True
2.5996 	EXP 	text_2: autoDraw = True
2.5996 	EXP 	text_3: autoDraw = True
2.5996 	EXP 	Player1demo: autoDraw = True
2.5996 	EXP 	Player2demo: autoDraw = True
2.5996 	EXP 	cooking: autoDraw = True
2.5996 	EXP 	text_4: autoDraw = True
2.5996 	EXP 	movies: autoDraw = True
2.5996 	EXP 	text_5: autoDraw = True
2.5996 	EXP 	dancing: autoDraw = True
2.5996 	EXP 	text_6: autoDraw = True
2.5996 	EXP 	fashion: autoDraw = True
2.5996 	EXP 	text_7: autoDraw = True
2.5996 	EXP 	movie: autoDraw = True
2.5996 	EXP 	text_8: autoDraw = True
2.5996 	EXP 	writing: autoDraw = True
2.5996 	EXP 	text_9: autoDraw = True
8.2138 	EXP 	Created sequence: random, trialTypes=1, nReps=1, seed=None
8.2139 	EXP 	New trial (rep=0, index=0): None
8.2216 	DATA 	Keypress: 1
8.2282 	EXP 	Who: autoDraw = False
8.2282 	EXP 	text_2: autoDraw = False
8.2282 	EXP 	text_3: autoDraw = False
8.2282 	EXP 	Player1demo: autoDraw = False
8.2282 	EXP 	Player2demo: autoDraw = False
8.2282 	EXP 	cooking: autoDraw = False
8.2282 	EXP 	text_4: autoDraw = False
8.2282 	EXP 	movies: autoDraw = False
8.2282 	EXP 	text_5: autoDraw = False
8.2282 	EXP 	dancing: autoDraw = False
8.2282 	EXP 	text_6: autoDraw = False
8.2282 	EXP 	fashion: autoDraw = False
8.2282 	EXP 	text_7: autoDraw = False
8.2282 	EXP 	movie: autoDraw = False
8.2282 	EXP 	text_8: autoDraw = False
8.2282 	EXP 	writing: autoDraw = False
8.2282 	EXP 	text_9: autoDraw = False
8.2282 	EXP 	leftplayer: image = 'stimuli/young_adults/F36.png'
8.2282 	EXP 	polygon_6: autoDraw = True
8.2282 	EXP 	leftplayer: autoDraw = True
8.2282 	EXP 	icon7: autoDraw = True
8.2282 	EXP 	ison7t: autoDraw = True
8.2282 	EXP 	icon8: autoDraw = True
8.2282 	EXP 	icon8t: autoDraw = True
8.2282 	EXP 	icon9: autoDraw = True
8.2282 	EXP 	int9: autoDraw = True
8.2282 	EXP 	leftplayert: autoDraw = True
8.2282 	EXP 	yes1: autoDraw = True
11.2269 	EXP 	polygon_6: autoDraw = False
11.2269 	EXP 	leftplayer: autoDraw = False
11.2269 	EXP 	icon7: autoDraw = False
11.2269 	EXP 	ison7t: autoDraw = False
11.2269 	EXP 	icon8: autoDraw = False
11.2269 	EXP 	icon8t: autoDraw = False
11.2269 	EXP 	icon9: autoDraw = False
11.2269 	EXP 	int9: autoDraw = False
11.2269 	EXP 	leftplayert: autoDraw = False
11.2269 	EXP 	yes1: autoDraw = False
11.2269 	EXP 	topleftpeerchoice: image = 'stimuli/young_adults/F36.png'
11.2269 	EXP 	topleftpeerchoice: autoDraw = True
11.2269 	EXP 	icon10: autoDraw = True
11.2269 	EXP 	int10: autoDraw = True
11.2269 	EXP 	icon11: autoDraw = True
11.2269 	EXP 	int111: autoDraw = True
11.2269 	EXP 	icon12: autoDraw = True
11.2269 	EXP 	int12: autoDraw = True
11.2269 	EXP 	toppeername: autoDraw = True
12.2132 	EXP 	you: autoDraw = True
12.2132 	EXP 	icon13: autoDraw = True
12.2132 	EXP 	int13: autoDraw = True
12.2132 	EXP 	icon14: autoDraw = True
12.2132 	EXP 	int14: autoDraw = True
12.2132 	EXP 	icon15: autoDraw = True
12.2132 	EXP 	int15: autoDraw = True
12.2132 	EXP 	participantpic: autoDraw = True
13.7104 	EXP 	polygon_5: autoDraw = True
13.7104 	EXP 	yess: autoDraw = True
14.1947 	EXP 	Created sequence: random, trialTypes=1, nReps=0, seed=None
14.2134 	EXP 	polygon_5: autoDraw = False
14.2134 	EXP 	topleftpeerchoice: autoDraw = False
14.2134 	EXP 	icon10: autoDraw = False
14.2134 	EXP 	int10: autoDraw = False
14.2134 	EXP 	icon11: autoDraw = False
14.2134 	EXP 	int111: autoDraw = False
14.2134 	EXP 	icon12: autoDraw = False
14.2134 	EXP 	int12: autoDraw = False
14.2134 	EXP 	toppeername: autoDraw = False
14.2134 	EXP 	you: autoDraw = False
14.2134 	EXP 	icon13: autoDraw = False
14.2134 	EXP 	int13: autoDraw = False
14.2134 	EXP 	icon14: autoDraw = False
14.2134 	EXP 	int14: autoDraw = False
14.2134 	EXP 	icon15: autoDraw = False
14.2134 	EXP 	int15: autoDraw = False
14.2134 	EXP 	participantpic: autoDraw = False
14.2134 	EXP 	yess: autoDraw = False
14.2134 	EXP 	polygon: autoDraw = True
14.2134 	EXP 	text_16: autoDraw = True
17.1807 	EXP 	New trial (rep=0, index=1): {'children': 'children/M43.png', 'teens': 'adolescents/M43.png', 'young_adults': 'young_adults/M43.png'}
17.1988 	EXP 	polygon: autoDraw = False
17.1988 	EXP 	text_16: autoDraw = False
17.1988 	EXP 	Player1demo: image = 'stimuli/young_adults/M10.png'
17.1988 	EXP 	Player2demo: image = 'stimuli/young_adults/M21.png'
17.1988 	EXP 	Who: autoDraw = True
17.1988 	EXP 	text_2: autoDraw = True
17.1988 	EXP 	text_3: autoDraw = True
17.1988 	EXP 	Player1demo: autoDraw = True
17.1988 	EXP 	Player2demo: autoDraw = True
17.1988 	EXP 	cooking: autoDraw = True
17.1988 	EXP 	text_4: autoDraw = True
17.1988 	EXP 	movies: autoDraw = True
17.1988 	EXP 	text_5: autoDraw = True
17.1988 	EXP 	dancing: autoDraw = True
17.1988 	EXP 	text_6: autoDraw = True
17.1988 	EXP 	fashion: autoDraw = True
17.1988 	EXP 	text_7: autoDraw = True
17.1988 	EXP 	movie: autoDraw = True
17.1988 	EXP 	text_8: autoDraw = True
17.1988 	EXP 	writing: autoDraw = True
17.1988 	EXP 	text_9: autoDraw = True
25.5941 	EXP 	Created sequence: random, trialTypes=1, nReps=1, seed=None
25.5942 	EXP 	New trial (rep=0, index=0): None
25.6004 	DATA 	Keypress: space
25.6099 	EXP 	Who: autoDraw = False
25.6099 	EXP 	text_2: autoDraw = False
25.6099 	EXP 	text_3: autoDraw = False
25.6099 	EXP 	Player1demo: autoDraw = False
25.6099 	EXP 	Player2demo: autoDraw = False
25.6099 	EXP 	cooking: autoDraw = False
25.6099 	EXP 	text_4: autoDraw = False
25.6099 	EXP 	movies: autoDraw = False
25.6099 	EXP 	text_5: autoDraw = False
25.6099 	EXP 	dancing: autoDraw = False
25.6099 	EXP 	text_6: autoDraw = False
25.6099 	EXP 	fashion: autoDraw = False
25.6099 	EXP 	text_7: autoDraw = False
25.6099 	EXP 	movie: autoDraw = False
25.6099 	EXP 	text_8: autoDraw = False
25.6099 	EXP 	writing: autoDraw = False
25.6099 	EXP 	text_9: autoDraw = False
25.6099 	EXP 	leftplayer: image = 'stimuli/young_adults/M10.png'
25.6099 	EXP 	polygon_6: autoDraw = True
25.6099 	EXP 	leftplayer: autoDraw = True
25.6099 	EXP 	icon7: autoDraw = True
25.6099 	EXP 	ison7t: autoDraw = True
25.6099 	EXP 	icon8: autoDraw = True
25.6099 	EXP 	icon8t: autoDraw = True
25.6099 	EXP 	icon9: autoDraw = True
25.6099 	EXP 	int9: autoDraw = True
25.6099 	EXP 	leftplayert: autoDraw = True
25.6099 	EXP 	yes1: autoDraw = True
28.5927 	EXP 	polygon_6: autoDraw = False
28.5927 	EXP 	leftplayer: autoDraw = False
28.5927 	EXP 	icon7: autoDraw = False
28.5927 	EXP 	ison7t: autoDraw = False
28.5927 	EXP 	icon8: autoDraw = False
28.5927 	EXP 	icon8t: autoDraw = False
28.5927 	EXP 	icon9: autoDraw = False
28.5927 	EXP 	int9: autoDraw = False
28.5927 	EXP 	leftplayert: autoDraw = False
28.5927 	EXP 	yes1: autoDraw = False
28.5927 	EXP 	topleftpeerchoice: image = 'stimuli/young_adults/M10.png'
28.5927 	EXP 	topleftpeerchoice: autoDraw = True
28.5927 	EXP 	icon10: autoDraw = True
28.5927 	EXP 	int10: autoDraw = True
28.5927 	EXP 	icon11: autoDraw = True
28.5927 	EXP 	int111: autoDraw = True
28.5927 	EXP 	icon12: autoDraw = True
28.5927 	EXP 	int12: autoDraw = True
28.5927 	EXP 	toppeername: autoDraw = True
29.5764 	EXP 	you: autoDraw = True
29.5764 	EXP 	icon13: autoDraw = True
29.5764 	EXP 	int13: autoDraw = True
29.5764 	EXP 	icon14: autoDraw = True
29.5764 	EXP 	int14: autoDraw = True
29.5764 	EXP 	icon15: autoDraw = True
29.5764 	EXP 	int15: autoDraw = True
29.5764 	EXP 	participantpic: autoDraw = True
30.2779 	EXP 	Created sequence: random, trialTypes=1, nReps=0, seed=None
30.2791 	DATA 	Keypress: space
30.2966 	EXP 	polygon_5: autoDraw = False
30.2966 	EXP 	topleftpeerchoice: autoDraw = False
30.2966 	EXP 	icon10: autoDraw = False
30.2966 	EXP 	int10: autoDraw = False
30.2966 	EXP 	icon11: autoDraw = False
30.2966 	EXP 	int111: autoDraw = False
30.2966 	EXP 	icon12: autoDraw = False
30.2966 	EXP 	int12: autoDraw = False
30.2966 	EXP 	toppeername: autoDraw = False
30.2966 	EXP 	you: autoDraw = False
30.2966 	EXP 	icon13: autoDraw = False
30.2966 	EXP 	int13: autoDraw = False
30.2966 	EXP 	icon14: autoDraw = False
30.2966 	EXP 	int14: autoDraw = False
30.2966 	EXP 	icon15: autoDraw = False
30.2966 	EXP 	int15: autoDraw = False
30.2966 	EXP 	participantpic: autoDraw = False
30.2966 	EXP 	yess: autoDraw = False
30.2966 	EXP 	polygon: autoDraw = True
30.2966 	EXP 	text_16: autoDraw = True
31.4147 	DATA 	Keypress: escape
31.5973 	EXP 	PAT_PRACTICE_icons: status = STOPPED
31.6094 	EXP 	polygon: autoDraw = False
31.6094 	EXP 	text_16: autoDraw = False
31.6095 	EXP 	PAT_PRACTICE_icons: status = STOPPED
31.8008 	EXP 	window1: mouseVisible = True
