18.0250 	EXP 	Created window1 = Window(allowGUI=True, allowStencil=False, autoLog=True, backendConf=UNKNOWN, backgroundFit=<method-wrapper '__getattribute__' of attributeSetter object at 0x000001DBE5E0F310>, backgroundImage=<method-wrapper '__getattribute__' of attributeSetter object at 0x000001DBE5E0F2B0>, bitsMode=UNKNOWN, blendMode='avg', bpc=(8, 8, 8), color=array([0, 0, 0]), colorSpace='rgb', depthBits=8, fullscr=<method-wrapper '__getattribute__' of attributeSetter object at 0x000001DBE5E0F100>, gamma=None, gammaErrorPolicy='raise', lms=UNKNOWN, monitor=<psychopy.monitors.calibTools.Monitor object at 0x000001DBE6198EB0>, multiSample=False, name='window1', numSamples=2, pos=(0, 0), screen=0, size=array([1920, 1080]), stencilBits=0, stereo=False, title='PsychoPy', units='height', useFBO=True, useRetina=False, viewOri=0.0, viewPos=None, viewScale=None, waitBlanking=True, winType='pyglet')
18.0251 	EXP 	window1: mouseVisible = True
18.0251 	EXP 	window1: backgroundImage = ''
18.0251 	EXP 	window1: backgroundFit = 'none'
18.0265 	EXP 	window1: Attempting to measure frame rate of screen (0) ...
18.0265 	EXP 	window1: recordFrameIntervals = False
18.1913 	EXP 	window1: recordFrameIntervals = True
18.3750 	EXP 	Screen (0) actual frame rate measured at 59.98Hz
18.3750 	EXP 	window1: recordFrameIntervals = False
18.3751 	EXP 	window1: mouseVisible = False
20.2022 	EXP 	PAT_PRACTICE_icons: status = STARTED
20.2026 	EXP 	window1: mouseVisible = True
20.2766 	EXP 	Created wel = TextStim(__class__=<class 'psychopy.visual.text.TextStim'>, alignHoriz=method-wrapper(...), alignText='center', alignVert=method-wrapper(...), anchorHoriz='center', anchorVert='center', antialias=True, autoDraw=False, autoLog=True, bold=False, color=array([-1., -1., -1.]), colorSpace='rgb', contrast=1.0, depth=0.0, draggable=False, flipHoriz=False, flipVert=False, font='Consolas', fontFiles=[], height=0.05, italic=False, languageStyle='LTR', name='wel', opacity=1.0, ori=0.0, pos=array([0., 0.]), rgb=UNKNOWN, text=str(...), units='height', win=Window(...), wrapWidth=2.0)
20.2916 	EXP 	window1: mouseVisible = True
20.3014 	EXP 	Created Who = TextStim(__class__=<class 'psychopy.visual.text.TextStim'>, alignHoriz=method-wrapper(...), alignText='center', alignVert=method-wrapper(...), anchorHoriz='center', anchorVert='center', antialias=True, autoDraw=False, autoLog=True, bold=False, color=array([-1., -1., -1.]), colorSpace='rgb', contrast=1.0, depth=-1.0, draggable=False, flipHoriz=False, flipVert=False, font='Courier New', fontFiles=[], height=0.04, italic=False, languageStyle='LTR', name='Who', opacity=1.0, ori=0.0, pos=array([0.  , 0.38]), rgb=UNKNOWN, text='Who do you want to be friends with? \n\n', units='height', win=Window(...), wrapWidth=1)
20.3015 	EXP 	window1: mouseVisible = True
20.3664 	EXP 	Created text_2 = TextStim(__class__=<class 'psychopy.visual.text.TextStim'>, alignHoriz=method-wrapper(...), alignText='center', alignVert=method-wrapper(...), anchorHoriz='center', anchorVert='center', antialias=True, autoDraw=False, autoLog=True, bold=False, color=array([-1., -1., -1.]), colorSpace='rgb', contrast=1.0, depth=-2.0, draggable=False, flipHoriz=False, flipVert=False, font='Consolas', fontFiles=[], height=0.03, italic=False, languageStyle='LTR', name='text_2', opacity=1.0, ori=0.0, pos=array([-0.4,  0.3]), rgb=UNKNOWN, text='Player-1\n', units='height', win=Window(...), wrapWidth=1)
20.3665 	EXP 	window1: mouseVisible = True
20.3699 	EXP 	Created text_3 = TextStim(__class__=<class 'psychopy.visual.text.TextStim'>, alignHoriz=method-wrapper(...), alignText='center', alignVert=method-wrapper(...), anchorHoriz='center', anchorVert='center', antialias=True, autoDraw=False, autoLog=True, bold=False, color=array([-1., -1., -1.]), colorSpace='rgb', contrast=1.0, depth=-3.0, draggable=False, flipHoriz=False, flipVert=False, font='Consolas', fontFiles=[], height=0.03, italic=False, languageStyle='LTR', name='text_3', opacity=1.0, ori=0.0, pos=array([0.4, 0.3]), rgb=UNKNOWN, text='Player-2\n', units='height', win=Window(...), wrapWidth=1)
20.3700 	EXP 	window1: mouseVisible = True
20.3852 	EXP 	Created Player1demo = ImageStim(__class__=<class 'psychopy.visual.image.ImageStim'>, anchor=('center', 'center'), autoLog=True, color=array([1., 1., 1.]), colorSpace='rgb', contrast=1.0, depth=-4.0, draggable=False, flipHoriz=False, flipVert=False, image='default.png', interpolate=True, mask=None, maskParams=None, name='Player1demo', opacity=1.0, ori=0.0, pos=array([-0.4 ,  0.13]), size=array([0.2 , 0.25]), texRes=128.0, units='height', win=Window(...))
20.3853 	EXP 	window1: mouseVisible = True
20.3986 	EXP 	Created Player2demo = ImageStim(__class__=<class 'psychopy.visual.image.ImageStim'>, anchor=('center', 'center'), autoLog=True, color=array([1., 1., 1.]), colorSpace='rgb', contrast=1.0, depth=-5.0, draggable=False, flipHoriz=False, flipVert=False, image='default.png', interpolate=True, mask=None, maskParams=None, name='Player2demo', opacity=1.0, ori=0.0, pos=array([0.4 , 0.13]), size=array([0.2 , 0.25]), texRes=128.0, units='height', win=Window(...))
20.3987 	EXP 	window1: mouseVisible = True
20.4271 	EXP 	Created cooking = ImageStim(__class__=<class 'psychopy.visual.image.ImageStim'>, anchor=('center', 'center'), autoLog=True, color=array([1., 1., 1.]), colorSpace='rgb', contrast=1.0, depth=-6.0, draggable=False, flipHoriz=False, flipVert=False, image='stimuli/icons/animals.png', interpolate=True, mask=None, maskParams=None, name='cooking', opacity=1.0, ori=0.0, pos=array([-0.5 , -0.03]), size=array([0.04, 0.04]), texRes=128.0, units='height', win=Window(...))
20.4272 	EXP 	window1: mouseVisible = True
20.4357 	EXP 	Created text_4 = TextStim(__class__=<class 'psychopy.visual.text.TextStim'>, alignHoriz=method-wrapper(...), alignText='center', alignVert=method-wrapper(...), anchorHoriz='center', anchorVert='center', antialias=True, autoDraw=False, autoLog=True, bold=False, color=array([-1., -1., -1.]), colorSpace='rgb', contrast=1.0, depth=-7.0, draggable=False, flipHoriz=False, flipVert=False, font='Open Sans', fontFiles=[], height=0.015, italic=False, languageStyle='LTR', name='text_4', opacity=1.0, ori=0.0, pos=array([-0.5  , -0.086]), rgb=UNKNOWN, text='cooking\n\n', units='height', win=Window(...), wrapWidth=1)
20.4358 	EXP 	window1: mouseVisible = True
20.4561 	EXP 	Created movies = ImageStim(__class__=<class 'psychopy.visual.image.ImageStim'>, anchor=('center', 'center'), autoLog=True, color=array([1., 1., 1.]), colorSpace='rgb', contrast=1.0, depth=-8.0, draggable=False, flipHoriz=False, flipVert=False, image='stimuli/icons/animals.png', interpolate=True, mask=None, maskParams=None, name='movies', opacity=1.0, ori=0.0, pos=array([-0.4 , -0.03]), size=array([0.04, 0.04]), texRes=128.0, units='height', win=Window(...))
20.4563 	EXP 	window1: mouseVisible = True
20.4604 	EXP 	Created text_5 = TextStim(__class__=<class 'psychopy.visual.text.TextStim'>, alignHoriz=method-wrapper(...), alignText='center', alignVert=method-wrapper(...), anchorHoriz='center', anchorVert='center', antialias=True, autoDraw=False, autoLog=True, bold=False, color=array([-1., -1., -1.]), colorSpace='rgb', contrast=1.0, depth=-9.0, draggable=False, flipHoriz=False, flipVert=False, font='Open Sans', fontFiles=[], height=0.015, italic=False, languageStyle='LTR', name='text_5', opacity=1.0, ori=0.0, pos=array([-0.3 , -0.07]), rgb=UNKNOWN, text='dancing', units='height', win=Window(...), wrapWidth=1)
20.4605 	EXP 	window1: mouseVisible = True
20.4810 	EXP 	Created dancing = ImageStim(__class__=<class 'psychopy.visual.image.ImageStim'>, anchor=('center', 'center'), autoLog=True, color=array([1., 1., 1.]), colorSpace='rgb', contrast=1.0, depth=-10.0, draggable=False, flipHoriz=False, flipVert=False, image='stimuli/icons/animals.png', interpolate=True, mask=None, maskParams=None, name='dancing', opacity=1.0, ori=0.0, pos=array([-0.3 , -0.03]), size=array([0.04, 0.04]), texRes=128.0, units='height', win=Window(...))
20.4812 	EXP 	window1: mouseVisible = True
20.4857 	EXP 	Created text_6 = TextStim(__class__=<class 'psychopy.visual.text.TextStim'>, alignHoriz=method-wrapper(...), alignText='center', alignVert=method-wrapper(...), anchorHoriz='center', anchorVert='center', antialias=True, autoDraw=False, autoLog=True, bold=False, color=array([-1., -1., -1.]), colorSpace='rgb', contrast=1.0, depth=-11.0, draggable=False, flipHoriz=False, flipVert=False, font='Open Sans', fontFiles=[], height=0.015, italic=False, languageStyle='LTR', name='text_6', opacity=1.0, ori=0.0, pos=array([-0.4 , -0.07]), rgb=UNKNOWN, text='movies', units='height', win=Window(...), wrapWidth=1)
20.4858 	EXP 	window1: mouseVisible = True
20.5087 	EXP 	Created fashion = ImageStim(__class__=<class 'psychopy.visual.image.ImageStim'>, anchor=('center', 'center'), autoLog=True, color=array([1., 1., 1.]), colorSpace='rgb', contrast=1.0, depth=-12.0, draggable=False, flipHoriz=False, flipVert=False, image='stimuli/icons/animals.png', interpolate=True, mask=None, maskParams=None, name='fashion', opacity=1.0, ori=0.0, pos=array([ 0.3 , -0.03]), size=array([0.04, 0.04]), texRes=128.0, units='height', win=Window(...))
20.5088 	EXP 	window1: mouseVisible = True
20.5130 	EXP 	Created text_7 = TextStim(__class__=<class 'psychopy.visual.text.TextStim'>, alignHoriz=method-wrapper(...), alignText='center', alignVert=method-wrapper(...), anchorHoriz='center', anchorVert='center', antialias=True, autoDraw=False, autoLog=True, bold=False, color=array([-1., -1., -1.]), colorSpace='rgb', contrast=1.0, depth=-13.0, draggable=False, flipHoriz=False, flipVert=False, font='Open Sans', fontFiles=[], height=0.015, italic=False, languageStyle='LTR', name='text_7', opacity=1.0, ori=0.0, pos=array([ 0.3 , -0.07]), rgb=UNKNOWN, text='fashion', units='height', win=Window(...), wrapWidth=1)
20.5131 	EXP 	window1: mouseVisible = True
20.5342 	EXP 	Created movie = ImageStim(__class__=<class 'psychopy.visual.image.ImageStim'>, anchor=('center', 'center'), autoLog=True, color=array([1., 1., 1.]), colorSpace='rgb', contrast=1.0, depth=-14.0, draggable=False, flipHoriz=False, flipVert=False, image='stimuli/icons/animals.png', interpolate=True, mask=None, maskParams=None, name='movie', opacity=1.0, ori=0.0, pos=array([ 0.4 , -0.03]), size=array([0.04, 0.04]), texRes=128.0, units='height', win=Window(...))
20.5344 	EXP 	window1: mouseVisible = True
20.5363 	EXP 	Created text_8 = TextStim(__class__=<class 'psychopy.visual.text.TextStim'>, alignHoriz=method-wrapper(...), alignText='center', alignVert=method-wrapper(...), anchorHoriz='center', anchorVert='center', antialias=True, autoDraw=False, autoLog=True, bold=False, color=array([-1., -1., -1.]), colorSpace='rgb', contrast=1.0, depth=-15.0, draggable=False, flipHoriz=False, flipVert=False, font='Open Sans', fontFiles=[], height=0.015, italic=False, languageStyle='LTR', name='text_8', opacity=1.0, ori=0.0, pos=array([ 0.4 , -0.07]), rgb=UNKNOWN, text='movies', units='height', win=Window(...), wrapWidth=1)
20.5364 	EXP 	window1: mouseVisible = True
20.5655 	EXP 	Created writing = ImageStim(__class__=<class 'psychopy.visual.image.ImageStim'>, anchor=('center', 'center'), autoLog=True, color=array([1., 1., 1.]), colorSpace='rgb', contrast=1.0, depth=-16.0, draggable=False, flipHoriz=False, flipVert=False, image='stimuli/icons/animals.png', interpolate=True, mask=None, maskParams=None, name='writing', opacity=1.0, ori=0.0, pos=array([ 0.5 , -0.03]), size=array([0.04, 0.04]), texRes=128.0, units='height', win=Window(...))
20.5656 	EXP 	window1: mouseVisible = True
20.5705 	EXP 	Created text_9 = TextStim(__class__=<class 'psychopy.visual.text.TextStim'>, alignHoriz=method-wrapper(...), alignText='center', alignVert=method-wrapper(...), anchorHoriz='center', anchorVert='center', antialias=True, autoDraw=False, autoLog=True, bold=False, color=array([-1., -1., -1.]), colorSpace='rgb', contrast=1.0, depth=-17.0, draggable=False, flipHoriz=False, flipVert=False, font='Open Sans', fontFiles=[], height=0.015, italic=False, languageStyle='LTR', name='text_9', opacity=1.0, ori=0.0, pos=array([ 0.5 , -0.07]), rgb=UNKNOWN, text='writing', units='height', win=Window(...), wrapWidth=1)
20.5707 	EXP 	window1: mouseVisible = True
20.5717 	EXP 	Created polygon_6 = Rect(__class__=<class 'psychopy.visual.rect.Rect'>, anchor=('center', 'center'), autoDraw=False, autoLog=True, closeShape=True, color=method-wrapper(...), colorSpace='rgb', contrast=None, depth=0.0, draggable=False, fillColor=array([0., 0., 0.]), fillColorSpace='rgb', fillRGB=array([0., 0., 0.]), interpolate=True, lineColor=array([-1.    ,  0.0039, -1.    ]), lineColorSpace='rgb', lineRGB=array([-1.    ,  0.0039, -1.    ]), lineWidth=5.0, name='polygon_6', opacity=1.0, ori=0.0, pos=array([-0.4 ,  0.13]), size=array([0.5, 0.5]), units='height', vertices=ndarray(...), win=Window(...))
20.5718 	EXP 	window1: mouseVisible = True
20.5805 	EXP 	Created leftplayer = ImageStim(__class__=<class 'psychopy.visual.image.ImageStim'>, anchor=('center', 'center'), autoLog=True, color=array([1., 1., 1.]), colorSpace='rgb', contrast=1.0, depth=-1.0, draggable=False, flipHoriz=False, flipVert=False, image='default.png', interpolate=True, mask=None, maskParams=None, name='leftplayer', opacity=1.0, ori=0.0, pos=array([-0.4 ,  0.13]), size=array([0.2 , 0.25]), texRes=128.0, units='height', win=Window(...))
20.5805 	EXP 	window1: mouseVisible = True
20.5991 	EXP 	Created icon7 = ImageStim(__class__=<class 'psychopy.visual.image.ImageStim'>, anchor=('center', 'center'), autoLog=True, color=array([1., 1., 1.]), colorSpace='rgb', contrast=1.0, depth=-2.0, draggable=False, flipHoriz=False, flipVert=False, image='stimuli/icons/animals.png', interpolate=True, mask=None, maskParams=None, name='icon7', opacity=1.0, ori=0.0, pos=array([-0.5 , -0.03]), size=array([0.04, 0.04]), texRes=128.0, units='height', win=Window(...))
20.5992 	EXP 	window1: mouseVisible = True
20.6012 	EXP 	Created ison7t = TextStim(__class__=<class 'psychopy.visual.text.TextStim'>, alignHoriz=method-wrapper(...), alignText='center', alignVert=method-wrapper(...), anchorHoriz='center', anchorVert='center', antialias=True, autoDraw=False, autoLog=True, bold=False, color=array([-1., -1., -1.]), colorSpace='rgb', contrast=1.0, depth=-3.0, draggable=False, flipHoriz=False, flipVert=False, font='Open Sans', fontFiles=[], height=0.015, italic=False, languageStyle='LTR', name='ison7t', opacity=1.0, ori=0.0, pos=array([-0.5  , -0.086]), rgb=UNKNOWN, text='cooking\n\n', units='height', win=Window(...), wrapWidth=1)
20.6013 	EXP 	window1: mouseVisible = True
20.6202 	EXP 	Created icon8 = ImageStim(__class__=<class 'psychopy.visual.image.ImageStim'>, anchor=('center', 'center'), autoLog=True, color=array([1., 1., 1.]), colorSpace='rgb', contrast=1.0, depth=-4.0, draggable=False, flipHoriz=False, flipVert=False, image='stimuli/icons/animals.png', interpolate=True, mask=None, maskParams=None, name='icon8', opacity=1.0, ori=0.0, pos=array([-0.4 , -0.03]), size=array([0.04, 0.04]), texRes=128.0, units='height', win=Window(...))
20.6203 	EXP 	window1: mouseVisible = True
20.6225 	EXP 	Created icon8t = TextStim(__class__=<class 'psychopy.visual.text.TextStim'>, alignHoriz=method-wrapper(...), alignText='center', alignVert=method-wrapper(...), anchorHoriz='center', anchorVert='center', antialias=True, autoDraw=False, autoLog=True, bold=False, color=array([-1., -1., -1.]), colorSpace='rgb', contrast=1.0, depth=-5.0, draggable=False, flipHoriz=False, flipVert=False, font='Open Sans', fontFiles=[], height=0.015, italic=False, languageStyle='LTR', name='icon8t', opacity=1.0, ori=0.0, pos=array([-0.3 , -0.07]), rgb=UNKNOWN, text='dancing', units='height', win=Window(...), wrapWidth=1)
20.6225 	EXP 	window1: mouseVisible = True
20.6509 	EXP 	Created icon9 = ImageStim(__class__=<class 'psychopy.visual.image.ImageStim'>, anchor=('center', 'center'), autoLog=True, color=array([1., 1., 1.]), colorSpace='rgb', contrast=1.0, depth=-6.0, draggable=False, flipHoriz=False, flipVert=False, image='stimuli/icons/animals.png', interpolate=True, mask=None, maskParams=None, name='icon9', opacity=1.0, ori=0.0, pos=array([-0.3 , -0.03]), size=array([0.04, 0.04]), texRes=128.0, units='height', win=Window(...))
20.6510 	EXP 	window1: mouseVisible = True
20.6530 	EXP 	Created int9 = TextStim(__class__=<class 'psychopy.visual.text.TextStim'>, alignHoriz=method-wrapper(...), alignText='center', alignVert=method-wrapper(...), anchorHoriz='center', anchorVert='center', antialias=True, autoDraw=False, autoLog=True, bold=False, color=array([-1., -1., -1.]), colorSpace='rgb', contrast=1.0, depth=-7.0, draggable=False, flipHoriz=False, flipVert=False, font='Open Sans', fontFiles=[], height=0.015, italic=False, languageStyle='LTR', name='int9', opacity=1.0, ori=0.0, pos=array([-0.4 , -0.07]), rgb=UNKNOWN, text='movies', units='height', win=Window(...), wrapWidth=1)
20.6531 	EXP 	window1: mouseVisible = True
20.6550 	EXP 	Created leftplayert = TextStim(__class__=<class 'psychopy.visual.text.TextStim'>, alignHoriz=method-wrapper(...), alignText='center', alignVert=method-wrapper(...), anchorHoriz='center', anchorVert='center', antialias=True, autoDraw=False, autoLog=True, bold=False, color=array([-1., -1., -1.]), colorSpace='rgb', contrast=1.0, depth=-8.0, draggable=False, flipHoriz=False, flipVert=False, font='Consolas', fontFiles=[], height=0.03, italic=False, languageStyle='LTR', name='leftplayert', opacity=1.0, ori=0.0, pos=array([-0.4,  0.3]), rgb=UNKNOWN, text='Player-1\n', units='height', win=Window(...), wrapWidth=1)
20.6551 	EXP 	window1: mouseVisible = True
20.6667 	EXP 	Created yes1 = ImageStim(__class__=<class 'psychopy.visual.image.ImageStim'>, anchor=('center', 'center'), autoLog=True, color=array([1., 1., 1.]), colorSpace='rgb', contrast=1.0, depth=-9.0, draggable=False, flipHoriz=False, flipVert=False, image='stimuli/feedback/Thumbs_up.png', interpolate=True, mask=None, maskParams=None, name='yes1', opacity=1.0, ori=0.0, pos=array([-0.4 ,  0.13]), size=array([0.3, 0.3]), texRes=128.0, units='height', win=Window(...))
20.6668 	EXP 	window1: mouseVisible = True
20.6678 	EXP 	Created polygon_5 = Rect(__class__=<class 'psychopy.visual.rect.Rect'>, anchor=('center', 'center'), autoDraw=False, autoLog=True, closeShape=True, color=method-wrapper(...), colorSpace='rgb', contrast=None, depth=0.0, draggable=False, fillColor=array([0., 0., 0.]), fillColorSpace='rgb', fillRGB=array([0., 0., 0.]), interpolate=True, lineColor=array([-1.    ,  0.0039, -1.    ]), lineColorSpace='rgb', lineRGB=array([-1.    ,  0.0039, -1.    ]), lineWidth=5.0, name='polygon_5', opacity=1.0, ori=0.0, pos=array([ 0.   , -0.073]), size=array([0.4, 0.4]), units='height', vertices=ndarray(...), win=Window(...))
20.6679 	EXP 	window1: mouseVisible = True
20.6784 	EXP 	Created topleftpeerchoice = ImageStim(__class__=<class 'psychopy.visual.image.ImageStim'>, anchor=('center', 'center'), autoLog=True, color=array([1., 1., 1.]), colorSpace='rgb', contrast=1.0, depth=-1.0, draggable=False, flipHoriz=False, flipVert=False, image='default.png', interpolate=True, mask=None, maskParams=None, name='topleftpeerchoice', opacity=1.0, ori=0.0, pos=array([0. , 0.3]), size=array([0.2 , 0.25]), texRes=128.0, units='height', win=Window(...))
20.6785 	EXP 	window1: mouseVisible = True
20.7061 	EXP 	Created icon10 = ImageStim(__class__=<class 'psychopy.visual.image.ImageStim'>, anchor=('center', 'center'), autoLog=True, color=array([1., 1., 1.]), colorSpace='rgb', contrast=1.0, depth=-2.0, draggable=False, flipHoriz=False, flipVert=False, image='stimuli/icons/animals.png', interpolate=True, mask=None, maskParams=None, name='icon10', opacity=1.0, ori=0.0, pos=array([-0.13,  0.14]), size=array([0.04, 0.04]), texRes=128.0, units='height', win=Window(...))
20.7063 	EXP 	window1: mouseVisible = True
20.7086 	EXP 	Created int10 = TextStim(__class__=<class 'psychopy.visual.text.TextStim'>, alignHoriz=method-wrapper(...), alignText='center', alignVert=method-wrapper(...), anchorHoriz='center', anchorVert='center', antialias=True, autoDraw=False, autoLog=True, bold=False, color=array([-1., -1., -1.]), colorSpace='rgb', contrast=1.0, depth=-3.0, draggable=False, flipHoriz=False, flipVert=False, font='Open Sans', fontFiles=[], height=0.015, italic=False, languageStyle='LTR', name='int10', opacity=1.0, ori=0.0, pos=array([-0.13 ,  0.084]), rgb=UNKNOWN, text='cooking\n\n', units='height', win=Window(...), wrapWidth=1)
20.7087 	EXP 	window1: mouseVisible = True
20.7359 	EXP 	Created icon11 = ImageStim(__class__=<class 'psychopy.visual.image.ImageStim'>, anchor=('center', 'center'), autoLog=True, color=array([1., 1., 1.]), colorSpace='rgb', contrast=1.0, depth=-4.0, draggable=False, flipHoriz=False, flipVert=False, image='stimuli/icons/animals.png', interpolate=True, mask=None, maskParams=None, name='icon11', opacity=1.0, ori=0.0, pos=array([0.  , 0.14]), size=array([0.04, 0.04]), texRes=128.0, units='height', win=Window(...))
20.7360 	EXP 	window1: mouseVisible = True
20.7380 	EXP 	Created int111 = TextStim(__class__=<class 'psychopy.visual.text.TextStim'>, alignHoriz=method-wrapper(...), alignText='center', alignVert=method-wrapper(...), anchorHoriz='center', anchorVert='center', antialias=True, autoDraw=False, autoLog=True, bold=False, color=array([-1., -1., -1.]), colorSpace='rgb', contrast=1.0, depth=-5.0, draggable=False, flipHoriz=False, flipVert=False, font='Open Sans', fontFiles=[], height=0.015, italic=False, languageStyle='LTR', name='int111', opacity=1.0, ori=0.0, pos=array([0.13, 0.1 ]), rgb=UNKNOWN, text='dancing', units='height', win=Window(...), wrapWidth=1)
20.7381 	EXP 	window1: mouseVisible = True
20.7664 	EXP 	Created icon12 = ImageStim(__class__=<class 'psychopy.visual.image.ImageStim'>, anchor=('center', 'center'), autoLog=True, color=array([1., 1., 1.]), colorSpace='rgb', contrast=1.0, depth=-6.0, draggable=False, flipHoriz=False, flipVert=False, image='stimuli/icons/animals.png', interpolate=True, mask=None, maskParams=None, name='icon12', opacity=1.0, ori=0.0, pos=array([0.13, 0.14]), size=array([0.04, 0.04]), texRes=128.0, units='height', win=Window(...))
20.7666 	EXP 	window1: mouseVisible = True
20.7686 	EXP 	Created int12 = TextStim(__class__=<class 'psychopy.visual.text.TextStim'>, alignHoriz=method-wrapper(...), alignText='center', alignVert=method-wrapper(...), anchorHoriz='center', anchorVert='center', antialias=True, autoDraw=False, autoLog=True, bold=False, color=array([-1., -1., -1.]), colorSpace='rgb', contrast=1.0, depth=-7.0, draggable=False, flipHoriz=False, flipVert=False, font='Open Sans', fontFiles=[], height=0.015, italic=False, languageStyle='LTR', name='int12', opacity=1.0, ori=0.0, pos=array([0. , 0.1]), rgb=UNKNOWN, text='movies', units='height', win=Window(...), wrapWidth=1)
20.7687 	EXP 	window1: mouseVisible = True
20.7708 	EXP 	Created toppeername = TextStim(__class__=<class 'psychopy.visual.text.TextStim'>, alignHoriz=method-wrapper(...), alignText='center', alignVert=method-wrapper(...), anchorHoriz='center', anchorVert='center', antialias=True, autoDraw=False, autoLog=True, bold=False, color=array([-1., -1., -1.]), colorSpace='rgb', contrast=1.0, depth=-8.0, draggable=False, flipHoriz=False, flipVert=False, font='Consolas', fontFiles=[], height=0.03, italic=False, languageStyle='LTR', name='toppeername', opacity=1.0, ori=0.0, pos=array([0.  , 0.45]), rgb=UNKNOWN, text='Player-1\n', units='height', win=Window(...), wrapWidth=1)
20.7709 	EXP 	window1: mouseVisible = True
20.7780 	EXP 	Created you = TextStim(__class__=<class 'psychopy.visual.text.TextStim'>, alignHoriz=method-wrapper(...), alignText='center', alignVert=method-wrapper(...), anchorHoriz='center', anchorVert='center', antialias=True, autoDraw=False, autoLog=True, bold=False, color=array([-1., -1., -1.]), colorSpace='rgb', contrast=1.0, depth=-9.0, draggable=False, flipHoriz=False, flipVert=False, font='Consolas', fontFiles=[], height=0.03, italic=False, languageStyle='LTR', name='you', opacity=1.0, ori=0.0, pos=array([0.  , 0.07]), rgb=UNKNOWN, text='You', units='height', win=Window(...), wrapWidth=1)
20.7783 	EXP 	window1: mouseVisible = True
20.8118 	EXP 	Created icon13 = ImageStim(__class__=<class 'psychopy.visual.image.ImageStim'>, anchor=('center', 'center'), autoLog=True, color=array([1., 1., 1.]), colorSpace='rgb', contrast=1.0, depth=-10.0, draggable=False, flipHoriz=False, flipVert=False, image='stimuli/icons/animals.png', interpolate=True, mask=None, maskParams=None, name='icon13', opacity=1.0, ori=0.0, pos=array([-0.13, -0.2 ]), size=array([0.04, 0.04]), texRes=128.0, units='height', win=Window(...))
20.8119 	EXP 	window1: mouseVisible = True
20.8139 	EXP 	Created int13 = TextStim(__class__=<class 'psychopy.visual.text.TextStim'>, alignHoriz=method-wrapper(...), alignText='center', alignVert=method-wrapper(...), anchorHoriz='center', anchorVert='center', antialias=True, autoDraw=False, autoLog=True, bold=False, color=array([-1., -1., -1.]), colorSpace='rgb', contrast=1.0, depth=-11.0, draggable=False, flipHoriz=False, flipVert=False, font='Open Sans', fontFiles=[], height=0.015, italic=False, languageStyle='LTR', name='int13', opacity=1.0, ori=0.0, pos=array([-0.13, -0.24]), rgb=UNKNOWN, text='chatting', units='height', win=Window(...), wrapWidth=1)
20.8140 	EXP 	window1: mouseVisible = True
20.8432 	EXP 	Created icon14 = ImageStim(__class__=<class 'psychopy.visual.image.ImageStim'>, anchor=('center', 'center'), autoLog=True, color=array([1., 1., 1.]), colorSpace='rgb', contrast=1.0, depth=-12.0, draggable=False, flipHoriz=False, flipVert=False, image='stimuli/icons/animals.png', interpolate=True, mask=None, maskParams=None, name='icon14', opacity=1.0, ori=0.0, pos=array([ 0. , -0.2]), size=array([0.04, 0.04]), texRes=128.0, units='height', win=Window(...))
20.8433 	EXP 	window1: mouseVisible = True
20.8473 	EXP 	Created int14 = TextStim(__class__=<class 'psychopy.visual.text.TextStim'>, alignHoriz=method-wrapper(...), alignText='center', alignVert=method-wrapper(...), anchorHoriz='center', anchorVert='center', antialias=True, autoDraw=False, autoLog=True, bold=False, color=array([-1., -1., -1.]), colorSpace='rgb', contrast=1.0, depth=-13.0, draggable=False, flipHoriz=False, flipVert=False, font='Open Sans', fontFiles=[], height=0.015, italic=False, languageStyle='LTR', name='int14', opacity=1.0, ori=0.0, pos=array([ 0.  , -0.24]), rgb=UNKNOWN, text='sports', units='height', win=Window(...), wrapWidth=1)
20.8474 	EXP 	window1: mouseVisible = True
20.8665 	EXP 	Created icon15 = ImageStim(__class__=<class 'psychopy.visual.image.ImageStim'>, anchor=('center', 'center'), autoLog=True, color=array([1., 1., 1.]), colorSpace='rgb', contrast=1.0, depth=-14.0, draggable=False, flipHoriz=False, flipVert=False, image='stimuli/icons/animals.png', interpolate=True, mask=None, maskParams=None, name='icon15', opacity=1.0, ori=0.0, pos=array([ 0.13, -0.2 ]), size=array([0.04, 0.04]), texRes=128.0, units='height', win=Window(...))
20.8666 	EXP 	window1: mouseVisible = True
20.8706 	EXP 	Created int15 = TextStim(__class__=<class 'psychopy.visual.text.TextStim'>, alignHoriz=method-wrapper(...), alignText='center', alignVert=method-wrapper(...), anchorHoriz='center', anchorVert='center', antialias=True, autoDraw=False, autoLog=True, bold=False, color=array([-1., -1., -1.]), colorSpace='rgb', contrast=1.0, depth=-15.0, draggable=False, flipHoriz=False, flipVert=False, font='Open Sans', fontFiles=[], height=0.015, italic=False, languageStyle='LTR', name='int15', opacity=1.0, ori=0.0, pos=array([ 0.13, -0.24]), rgb=UNKNOWN, text='beach', units='height', win=Window(...), wrapWidth=1)
20.8708 	EXP 	window1: mouseVisible = True
20.9429 	EXP 	Created participantpic = ImageStim(__class__=<class 'psychopy.visual.image.ImageStim'>, anchor=('center', 'center'), autoLog=True, color=array([1., 1., 1.]), colorSpace='rgb', contrast=1.0, depth=-16.0, draggable=False, flipHoriz=False, flipVert=False, image='stimuli/practice/participant.jpg', interpolate=True, mask=None, maskParams=None, name='participantpic', opacity=1.0, ori=0.0, pos=array([ 0.   , -0.073]), size=array([0.15, 0.2 ]), texRes=128.0, units='height', win=Window(...))
20.9430 	EXP 	window1: mouseVisible = True
20.9511 	EXP 	Created yess = ImageStim(__class__=<class 'psychopy.visual.image.ImageStim'>, anchor=('center', 'center'), autoLog=True, color=array([1., 1., 1.]), colorSpace='rgb', contrast=1.0, depth=-17.0, draggable=False, flipHoriz=False, flipVert=False, image='stimuli/feedback/Thumbs_up.png', interpolate=True, mask=None, maskParams=None, name='yess', opacity=1.0, ori=0.0, pos=array([ 0.  , -0.08]), size=array([0.2, 0.3]), texRes=128.0, units='height', win=Window(...))
20.9513 	EXP 	window1: mouseVisible = True
20.9523 	EXP 	Created polygon_7 = Rect(__class__=<class 'psychopy.visual.rect.Rect'>, anchor=('center', 'center'), autoDraw=False, autoLog=True, closeShape=True, color=method-wrapper(...), colorSpace='rgb', contrast=None, depth=0.0, draggable=False, fillColor=array([0., 0., 0.]), fillColorSpace='rgb', fillRGB=array([0., 0., 0.]), interpolate=True, lineColor=array([-1.    ,  0.0039, -1.    ]), lineColorSpace='rgb', lineRGB=array([-1.    ,  0.0039, -1.    ]), lineWidth=5.0, name='polygon_7', opacity=1.0, ori=0.0, pos=array([0.4 , 0.13]), size=array([0.5, 0.5]), units='height', vertices=ndarray(...), win=Window(...))
20.9523 	EXP 	window1: mouseVisible = True
20.9610 	EXP 	Created rightpeerchoice = ImageStim(__class__=<class 'psychopy.visual.image.ImageStim'>, anchor=('center', 'center'), autoLog=True, color=array([1., 1., 1.]), colorSpace='rgb', contrast=1.0, depth=-1.0, draggable=False, flipHoriz=False, flipVert=False, image='default.png', interpolate=True, mask=None, maskParams=None, name='rightpeerchoice', opacity=1.0, ori=0.0, pos=array([0.4 , 0.13]), size=array([0.2 , 0.25]), texRes=128.0, units='height', win=Window(...))
20.9611 	EXP 	window1: mouseVisible = True
20.9805 	EXP 	Created icon16 = ImageStim(__class__=<class 'psychopy.visual.image.ImageStim'>, anchor=('center', 'center'), autoLog=True, color=array([1., 1., 1.]), colorSpace='rgb', contrast=1.0, depth=-2.0, draggable=False, flipHoriz=False, flipVert=False, image='stimuli/icons/animals.png', interpolate=True, mask=None, maskParams=None, name='icon16', opacity=1.0, ori=0.0, pos=array([ 0.3 , -0.03]), size=array([0.04, 0.04]), texRes=128.0, units='height', win=Window(...))
20.9806 	EXP 	window1: mouseVisible = True
20.9833 	EXP 	Created int16 = TextStim(__class__=<class 'psychopy.visual.text.TextStim'>, alignHoriz=method-wrapper(...), alignText='center', alignVert=method-wrapper(...), anchorHoriz='center', anchorVert='center', antialias=True, autoDraw=False, autoLog=True, bold=False, color=array([-1., -1., -1.]), colorSpace='rgb', contrast=1.0, depth=-3.0, draggable=False, flipHoriz=False, flipVert=False, font='Open Sans', fontFiles=[], height=0.015, italic=False, languageStyle='LTR', name='int16', opacity=1.0, ori=0.0, pos=array([ 0.3 , -0.07]), rgb=UNKNOWN, text='fashion', units='height', win=Window(...), wrapWidth=1)
20.9834 	EXP 	window1: mouseVisible = True
21.0028 	EXP 	Created icon17 = ImageStim(__class__=<class 'psychopy.visual.image.ImageStim'>, anchor=('center', 'center'), autoLog=True, color=array([1., 1., 1.]), colorSpace='rgb', contrast=1.0, depth=-4.0, draggable=False, flipHoriz=False, flipVert=False, image='stimuli/icons/animals.png', interpolate=True, mask=None, maskParams=None, name='icon17', opacity=1.0, ori=0.0, pos=array([ 0.4 , -0.03]), size=array([0.04, 0.04]), texRes=128.0, units='height', win=Window(...))
21.0029 	EXP 	window1: mouseVisible = True
21.0053 	EXP 	Created text_11 = TextStim(__class__=<class 'psychopy.visual.text.TextStim'>, alignHoriz=method-wrapper(...), alignText='center', alignVert=method-wrapper(...), anchorHoriz='center', anchorVert='center', antialias=True, autoDraw=False, autoLog=True, bold=False, color=array([-1., -1., -1.]), colorSpace='rgb', contrast=1.0, depth=-5.0, draggable=False, flipHoriz=False, flipVert=False, font='Open Sans', fontFiles=[], height=0.015, italic=False, languageStyle='LTR', name='text_11', opacity=1.0, ori=0.0, pos=array([ 0.4 , -0.07]), rgb=UNKNOWN, text='movies', units='height', win=Window(...), wrapWidth=1)
21.0054 	EXP 	window1: mouseVisible = True
21.0254 	EXP 	Created icon19 = ImageStim(__class__=<class 'psychopy.visual.image.ImageStim'>, anchor=('center', 'center'), autoLog=True, color=array([1., 1., 1.]), colorSpace='rgb', contrast=1.0, depth=-6.0, draggable=False, flipHoriz=False, flipVert=False, image='stimuli/icons/animals.png', interpolate=True, mask=None, maskParams=None, name='icon19', opacity=1.0, ori=0.0, pos=array([ 0.5 , -0.03]), size=array([0.04, 0.04]), texRes=128.0, units='height', win=Window(...))
21.0255 	EXP 	window1: mouseVisible = True
21.0276 	EXP 	Created text_12 = TextStim(__class__=<class 'psychopy.visual.text.TextStim'>, alignHoriz=method-wrapper(...), alignText='center', alignVert=method-wrapper(...), anchorHoriz='center', anchorVert='center', antialias=True, autoDraw=False, autoLog=True, bold=False, color=array([-1., -1., -1.]), colorSpace='rgb', contrast=1.0, depth=-7.0, draggable=False, flipHoriz=False, flipVert=False, font='Open Sans', fontFiles=[], height=0.015, italic=False, languageStyle='LTR', name='text_12', opacity=1.0, ori=0.0, pos=array([ 0.5 , -0.07]), rgb=UNKNOWN, text='writing', units='height', win=Window(...), wrapWidth=1)
21.0277 	EXP 	window1: mouseVisible = True
21.0390 	EXP 	Created yes1_2 = ImageStim(__class__=<class 'psychopy.visual.image.ImageStim'>, anchor=('center', 'center'), autoLog=True, color=array([1., 1., 1.]), colorSpace='rgb', contrast=1.0, depth=-8.0, draggable=False, flipHoriz=False, flipVert=False, image='stimuli/feedback/Thumbs_up.png', interpolate=True, mask=None, maskParams=None, name='yes1_2', opacity=1.0, ori=0.0, pos=array([0.4 , 0.13]), size=array([0.25, 0.25]), texRes=128.0, units='height', win=Window(...))
21.0391 	EXP 	window1: mouseVisible = True
21.0414 	EXP 	Created text_14 = TextStim(__class__=<class 'psychopy.visual.text.TextStim'>, alignHoriz=method-wrapper(...), alignText='center', alignVert=method-wrapper(...), anchorHoriz='center', anchorVert='center', antialias=True, autoDraw=False, autoLog=True, bold=False, color=array([-1., -1., -1.]), colorSpace='rgb', contrast=1.0, depth=-9.0, draggable=False, flipHoriz=False, flipVert=False, font='Consolas', fontFiles=[], height=0.03, italic=False, languageStyle='LTR', name='text_14', opacity=1.0, ori=0.0, pos=array([0.4, 0.3]), rgb=UNKNOWN, text='Player-2\n', units='height', win=Window(...), wrapWidth=1)
21.0415 	EXP 	window1: mouseVisible = True
21.0425 	EXP 	Created polygon_4 = Rect(__class__=<class 'psychopy.visual.rect.Rect'>, anchor=('center', 'center'), autoDraw=False, autoLog=True, closeShape=True, color=method-wrapper(...), colorSpace='rgb', contrast=None, depth=0.0, draggable=False, fillColor=array([0., 0., 0.]), fillColorSpace='rgb', fillRGB=array([0., 0., 0.]), interpolate=True, lineColor=array([-1.    ,  0.0039, -1.    ]), lineColorSpace='rgb', lineRGB=array([-1.    ,  0.0039, -1.    ]), lineWidth=5.0, name='polygon_4', opacity=1.0, ori=0.0, pos=array([ 0.   , -0.073]), size=array([0.4, 0.4]), units='height', vertices=ndarray(...), win=Window(...))
21.0426 	EXP 	window1: mouseVisible = True
21.0523 	EXP 	Created toprightpeer = ImageStim(__class__=<class 'psychopy.visual.image.ImageStim'>, anchor=('center', 'center'), autoLog=True, color=array([1., 1., 1.]), colorSpace='rgb', contrast=1.0, depth=-1.0, draggable=False, flipHoriz=False, flipVert=False, image='default.png', interpolate=True, mask=None, maskParams=None, name='toprightpeer', opacity=1.0, ori=0.0, pos=array([0. , 0.3]), size=array([0.2 , 0.25]), texRes=128.0, units='height', win=Window(...))
21.0524 	EXP 	window1: mouseVisible = True
21.0715 	EXP 	Created icon20 = ImageStim(__class__=<class 'psychopy.visual.image.ImageStim'>, anchor=('center', 'center'), autoLog=True, color=array([1., 1., 1.]), colorSpace='rgb', contrast=1.0, depth=-2.0, draggable=False, flipHoriz=False, flipVert=False, image='stimuli/icons/animals.png', interpolate=True, mask=None, maskParams=None, name='icon20', opacity=1.0, ori=0.0, pos=array([-0.13,  0.14]), size=array([0.04, 0.04]), texRes=128.0, units='height', win=Window(...))
21.0716 	EXP 	window1: mouseVisible = True
21.0746 	EXP 	Created var_2 = TextStim(__class__=<class 'psychopy.visual.text.TextStim'>, alignHoriz=method-wrapper(...), alignText='center', alignVert=method-wrapper(...), anchorHoriz='center', anchorVert='center', antialias=True, autoDraw=False, autoLog=True, bold=False, color=array([-1., -1., -1.]), colorSpace='rgb', contrast=1.0, depth=-3.0, draggable=False, flipHoriz=False, flipVert=False, font='Open Sans', fontFiles=[], height=0.015, italic=False, languageStyle='LTR', name='var_2', opacity=1.0, ori=0.0, pos=array([-0.13 ,  0.076]), rgb=UNKNOWN, text='fashion\n\n\n', units='height', win=Window(...), wrapWidth=1)
21.0747 	EXP 	window1: mouseVisible = True
21.0944 	EXP 	Created icon21 = ImageStim(__class__=<class 'psychopy.visual.image.ImageStim'>, anchor=('center', 'center'), autoLog=True, color=array([1., 1., 1.]), colorSpace='rgb', contrast=1.0, depth=-4.0, draggable=False, flipHoriz=False, flipVert=False, image='stimuli/icons/animals.png', interpolate=True, mask=None, maskParams=None, name='icon21', opacity=1.0, ori=0.0, pos=array([0.  , 0.14]), size=array([0.04, 0.04]), texRes=128.0, units='height', win=Window(...))
21.0945 	EXP 	window1: mouseVisible = True
21.0965 	EXP 	Created var_7 = TextStim(__class__=<class 'psychopy.visual.text.TextStim'>, alignHoriz=method-wrapper(...), alignText='center', alignVert=method-wrapper(...), anchorHoriz='center', anchorVert='center', antialias=True, autoDraw=False, autoLog=True, bold=False, color=array([-1., -1., -1.]), colorSpace='rgb', contrast=1.0, depth=-5.0, draggable=False, flipHoriz=False, flipVert=False, font='Open Sans', fontFiles=[], height=0.015, italic=False, languageStyle='LTR', name='var_7', opacity=1.0, ori=0.0, pos=array([0.13, 0.1 ]), rgb=UNKNOWN, text='dancing', units='height', win=Window(...), wrapWidth=1)
21.0966 	EXP 	window1: mouseVisible = True
21.1156 	EXP 	Created icon22 = ImageStim(__class__=<class 'psychopy.visual.image.ImageStim'>, anchor=('center', 'center'), autoLog=True, color=array([1., 1., 1.]), colorSpace='rgb', contrast=1.0, depth=-6.0, draggable=False, flipHoriz=False, flipVert=False, image='stimuli/icons/animals.png', interpolate=True, mask=None, maskParams=None, name='icon22', opacity=1.0, ori=0.0, pos=array([0.13, 0.14]), size=array([0.04, 0.04]), texRes=128.0, units='height', win=Window(...))
21.1157 	EXP 	window1: mouseVisible = True
21.1176 	EXP 	Created text_31 = TextStim(__class__=<class 'psychopy.visual.text.TextStim'>, alignHoriz=method-wrapper(...), alignText='center', alignVert=method-wrapper(...), anchorHoriz='center', anchorVert='center', antialias=True, autoDraw=False, autoLog=True, bold=False, color=array([-1., -1., -1.]), colorSpace='rgb', contrast=1.0, depth=-7.0, draggable=False, flipHoriz=False, flipVert=False, font='Open Sans', fontFiles=[], height=0.015, italic=False, languageStyle='LTR', name='text_31', opacity=1.0, ori=0.0, pos=array([0. , 0.1]), rgb=UNKNOWN, text='writing', units='height', win=Window(...), wrapWidth=1)
21.1177 	EXP 	window1: mouseVisible = True
21.1197 	EXP 	Created p1_4 = TextStim(__class__=<class 'psychopy.visual.text.TextStim'>, alignHoriz=method-wrapper(...), alignText='center', alignVert=method-wrapper(...), anchorHoriz='center', anchorVert='center', antialias=True, autoDraw=False, autoLog=True, bold=False, color=array([-1., -1., -1.]), colorSpace='rgb', contrast=1.0, depth=-8.0, draggable=False, flipHoriz=False, flipVert=False, font='Consolas', fontFiles=[], height=0.03, italic=False, languageStyle='LTR', name='p1_4', opacity=1.0, ori=0.0, pos=array([0.  , 0.45]), rgb=UNKNOWN, text='Player-2\n\n', units='height', win=Window(...), wrapWidth=1)
21.1198 	EXP 	window1: mouseVisible = True
21.1215 	EXP 	Created you_2 = TextStim(__class__=<class 'psychopy.visual.text.TextStim'>, alignHoriz=method-wrapper(...), alignText='center', alignVert=method-wrapper(...), anchorHoriz='center', anchorVert='center', antialias=True, autoDraw=False, autoLog=True, bold=False, color=array([-1., -1., -1.]), colorSpace='rgb', contrast=1.0, depth=-9.0, draggable=False, flipHoriz=False, flipVert=False, font='Consolas', fontFiles=[], height=0.03, italic=False, languageStyle='LTR', name='you_2', opacity=1.0, ori=0.0, pos=array([0.  , 0.07]), rgb=UNKNOWN, text='You', units='height', win=Window(...), wrapWidth=1)
21.1215 	EXP 	window1: mouseVisible = True
21.1435 	EXP 	Created icon23 = ImageStim(__class__=<class 'psychopy.visual.image.ImageStim'>, anchor=('center', 'center'), autoLog=True, color=array([1., 1., 1.]), colorSpace='rgb', contrast=1.0, depth=-10.0, draggable=False, flipHoriz=False, flipVert=False, image='stimuli/icons/animals.png', interpolate=True, mask=None, maskParams=None, name='icon23', opacity=1.0, ori=0.0, pos=array([-0.13, -0.2 ]), size=array([0.04, 0.04]), texRes=128.0, units='height', win=Window(...))
21.1436 	EXP 	window1: mouseVisible = True
21.1455 	EXP 	Created chat_2 = TextStim(__class__=<class 'psychopy.visual.text.TextStim'>, alignHoriz=method-wrapper(...), alignText='center', alignVert=method-wrapper(...), anchorHoriz='center', anchorVert='center', antialias=True, autoDraw=False, autoLog=True, bold=False, color=array([-1., -1., -1.]), colorSpace='rgb', contrast=1.0, depth=-11.0, draggable=False, flipHoriz=False, flipVert=False, font='Open Sans', fontFiles=[], height=0.015, italic=False, languageStyle='LTR', name='chat_2', opacity=1.0, ori=0.0, pos=array([-0.13, -0.24]), rgb=UNKNOWN, text='chatting', units='height', win=Window(...), wrapWidth=1)
21.1456 	EXP 	window1: mouseVisible = True
21.1665 	EXP 	Created icon24 = ImageStim(__class__=<class 'psychopy.visual.image.ImageStim'>, anchor=('center', 'center'), autoLog=True, color=array([1., 1., 1.]), colorSpace='rgb', contrast=1.0, depth=-12.0, draggable=False, flipHoriz=False, flipVert=False, image='stimuli/icons/animals.png', interpolate=True, mask=None, maskParams=None, name='icon24', opacity=1.0, ori=0.0, pos=array([ 0. , -0.2]), size=array([0.04, 0.04]), texRes=128.0, units='height', win=Window(...))
21.1666 	EXP 	window1: mouseVisible = True
21.1687 	EXP 	Created sport_2 = TextStim(__class__=<class 'psychopy.visual.text.TextStim'>, alignHoriz=method-wrapper(...), alignText='center', alignVert=method-wrapper(...), anchorHoriz='center', anchorVert='center', antialias=True, autoDraw=False, autoLog=True, bold=False, color=array([-1., -1., -1.]), colorSpace='rgb', contrast=1.0, depth=-13.0, draggable=False, flipHoriz=False, flipVert=False, font='Open Sans', fontFiles=[], height=0.015, italic=False, languageStyle='LTR', name='sport_2', opacity=1.0, ori=0.0, pos=array([ 0.  , -0.24]), rgb=UNKNOWN, text='sports', units='height', win=Window(...), wrapWidth=1)
21.1688 	EXP 	window1: mouseVisible = True
21.1997 	EXP 	Created icon25 = ImageStim(__class__=<class 'psychopy.visual.image.ImageStim'>, anchor=('center', 'center'), autoLog=True, color=array([1., 1., 1.]), colorSpace='rgb', contrast=1.0, depth=-14.0, draggable=False, flipHoriz=False, flipVert=False, image='stimuli/icons/animals.png', interpolate=True, mask=None, maskParams=None, name='icon25', opacity=1.0, ori=0.0, pos=array([ 0.13, -0.2 ]), size=array([0.04, 0.04]), texRes=128.0, units='height', win=Window(...))
21.1998 	EXP 	window1: mouseVisible = True
21.2861 	EXP 	Created participantpic_5 = ImageStim(__class__=<class 'psychopy.visual.image.ImageStim'>, anchor=('center', 'center'), autoLog=True, color=array([1., 1., 1.]), colorSpace='rgb', contrast=1.0, depth=-15.0, draggable=False, flipHoriz=False, flipVert=False, image='stimuli/practice/player1.jpg', interpolate=True, mask=None, maskParams=None, name='participantpic_5', opacity=1.0, ori=0.0, pos=array([ 0.   , -0.073]), size=array([0.15, 0.2 ]), texRes=128.0, units='height', win=Window(...))
21.2862 	EXP 	window1: mouseVisible = True
21.2882 	EXP 	Created beach_txt_2 = TextStim(__class__=<class 'psychopy.visual.text.TextStim'>, alignHoriz=method-wrapper(...), alignText='center', alignVert=method-wrapper(...), anchorHoriz='center', anchorVert='center', antialias=True, autoDraw=False, autoLog=True, bold=False, color=array([-1., -1., -1.]), colorSpace='rgb', contrast=1.0, depth=-16.0, draggable=False, flipHoriz=False, flipVert=False, font='Open Sans', fontFiles=[], height=0.015, italic=False, languageStyle='LTR', name='beach_txt_2', opacity=1.0, ori=0.0, pos=array([ 0.13, -0.24]), rgb=UNKNOWN, text='beach', units='height', win=Window(...), wrapWidth=1)
21.2883 	EXP 	window1: mouseVisible = True
21.3005 	EXP 	Created yes = ImageStim(__class__=<class 'psychopy.visual.image.ImageStim'>, anchor=('center', 'center'), autoLog=True, color=array([1., 1., 1.]), colorSpace='rgb', contrast=1.0, depth=-17.0, draggable=False, flipHoriz=False, flipVert=False, image='stimuli/feedback/Thumbs_up.png', interpolate=True, mask=None, maskParams=None, name='yes', opacity=1.0, ori=0.0, pos=array([ 0.  , -0.08]), size=array([0.25, 0.25]), texRes=128.0, units='height', win=Window(...))
21.3006 	EXP 	window1: mouseVisible = True
21.3017 	EXP 	Created polygon = Rect(__class__=<class 'psychopy.visual.rect.Rect'>, anchor=('center', 'center'), autoDraw=False, autoLog=True, closeShape=True, color=method-wrapper(...), colorSpace='rgb', contrast=None, depth=0.0, draggable=False, fillColor=array([-1., -1., -1.]), fillColorSpace='rgb', fillRGB=array([-1., -1., -1.]), interpolate=True, lineColor=array([-1., -1., -1.]), lineColorSpace='rgb', lineRGB=array([-1., -1., -1.]), lineWidth=1.0, name='polygon', opacity=1.0, ori=0.0, pos=array([0., 0.]), size=array([4., 4.]), units='height', vertices=ndarray(...), win=Window(...))
21.3017 	EXP 	window1: mouseVisible = True
21.3165 	EXP 	Created text_16 = TextStim(__class__=<class 'psychopy.visual.text.TextStim'>, alignHoriz=method-wrapper(...), alignText='center', alignVert=method-wrapper(...), anchorHoriz='center', anchorVert='center', antialias=True, autoDraw=False, autoLog=True, bold=False, color=array([1., 1., 1.]), colorSpace='rgb', contrast=1.0, depth=-1.0, draggable=False, flipHoriz=False, flipVert=False, font='Open Sans', fontFiles=[], height=0.06, italic=False, languageStyle='LTR', name='text_16', opacity=1.0, ori=0.0, pos=array([0., 0.]), rgb=UNKNOWN, text='+', units='height', win=Window(...), wrapWidth=1)
0.0247 	EXP 	wel: autoDraw = True
6.8221 	EXP 	Imported stimuli/conditions.xlsx as conditions, 120 conditions, 3 params
6.8238 	EXP 	Created sequence: random, trialTypes=120, nReps=5, seed=None
6.8240 	EXP 	New trial (rep=0, index=0): {'children': 'children/F03.png', 'teens': 'adolescents/F03.png', 'young_young_adultss': 'young_adults/F03.png'}
6.8730 	DATA 	Keypress: space
6.8778 	EXP 	wel: autoDraw = False
6.8778 	EXP 	Player1demo: image = 'stimuli/children/M19.png'
6.8778 	EXP 	Player2demo: image = 'stimuli/children/M09.png'
6.8778 	EXP 	Who: autoDraw = True
6.8778 	EXP 	text_2: autoDraw = True
6.8778 	EXP 	text_3: autoDraw = True
6.8778 	EXP 	Player1demo: autoDraw = True
6.8778 	EXP 	Player2demo: autoDraw = True
6.8778 	EXP 	cooking: autoDraw = True
6.8778 	EXP 	text_4: autoDraw = True
6.8778 	EXP 	movies: autoDraw = True
6.8778 	EXP 	text_5: autoDraw = True
6.8778 	EXP 	dancing: autoDraw = True
6.8778 	EXP 	text_6: autoDraw = True
6.8778 	EXP 	fashion: autoDraw = True
6.8778 	EXP 	text_7: autoDraw = True
6.8778 	EXP 	movie: autoDraw = True
6.8778 	EXP 	text_8: autoDraw = True
6.8778 	EXP 	writing: autoDraw = True
6.8778 	EXP 	text_9: autoDraw = True
7.8436 	EXP 	Created sequence: random, trialTypes=1, nReps=1, seed=None
7.8437 	EXP 	New trial (rep=0, index=0): None
7.8512 	DATA 	Keypress: 1
7.8599 	EXP 	Who: autoDraw = False
7.8599 	EXP 	text_2: autoDraw = False
7.8599 	EXP 	text_3: autoDraw = False
7.8599 	EXP 	Player1demo: autoDraw = False
7.8599 	EXP 	Player2demo: autoDraw = False
7.8599 	EXP 	cooking: autoDraw = False
7.8599 	EXP 	text_4: autoDraw = False
7.8599 	EXP 	movies: autoDraw = False
7.8599 	EXP 	text_5: autoDraw = False
7.8599 	EXP 	dancing: autoDraw = False
7.8599 	EXP 	text_6: autoDraw = False
7.8599 	EXP 	fashion: autoDraw = False
7.8599 	EXP 	text_7: autoDraw = False
7.8599 	EXP 	movie: autoDraw = False
7.8599 	EXP 	text_8: autoDraw = False
7.8599 	EXP 	writing: autoDraw = False
7.8599 	EXP 	text_9: autoDraw = False
7.8599 	EXP 	leftplayer: image = 'stimuli/children/M19.png'
7.8599 	EXP 	polygon_6: autoDraw = True
7.8599 	EXP 	leftplayer: autoDraw = True
7.8599 	EXP 	icon7: autoDraw = True
7.8599 	EXP 	ison7t: autoDraw = True
7.8599 	EXP 	icon8: autoDraw = True
7.8599 	EXP 	icon8t: autoDraw = True
7.8599 	EXP 	icon9: autoDraw = True
7.8599 	EXP 	int9: autoDraw = True
7.8599 	EXP 	leftplayert: autoDraw = True
7.8599 	EXP 	yes1: autoDraw = True
10.8592 	EXP 	polygon_6: autoDraw = False
10.8592 	EXP 	leftplayer: autoDraw = False
10.8592 	EXP 	icon7: autoDraw = False
10.8592 	EXP 	ison7t: autoDraw = False
10.8592 	EXP 	icon8: autoDraw = False
10.8592 	EXP 	icon8t: autoDraw = False
10.8592 	EXP 	icon9: autoDraw = False
10.8592 	EXP 	int9: autoDraw = False
10.8592 	EXP 	leftplayert: autoDraw = False
10.8592 	EXP 	yes1: autoDraw = False
10.8592 	EXP 	topleftpeerchoice: image = 'stimuli/children/M19.png'
10.8592 	EXP 	topleftpeerchoice: autoDraw = True
10.8592 	EXP 	icon10: autoDraw = True
10.8592 	EXP 	int10: autoDraw = True
10.8592 	EXP 	icon11: autoDraw = True
10.8592 	EXP 	int111: autoDraw = True
10.8592 	EXP 	icon12: autoDraw = True
10.8592 	EXP 	int12: autoDraw = True
10.8592 	EXP 	toppeername: autoDraw = True
11.8617 	EXP 	you: autoDraw = True
11.8617 	EXP 	icon13: autoDraw = True
11.8617 	EXP 	int13: autoDraw = True
11.8617 	EXP 	icon14: autoDraw = True
11.8617 	EXP 	int14: autoDraw = True
11.8617 	EXP 	icon15: autoDraw = True
11.8617 	EXP 	int15: autoDraw = True
11.8617 	EXP 	participantpic: autoDraw = True
13.3424 	EXP 	polygon_5: autoDraw = True
13.3424 	EXP 	yess: autoDraw = True
13.8268 	EXP 	Created sequence: random, trialTypes=1, nReps=0, seed=None
13.8452 	EXP 	polygon_5: autoDraw = False
13.8452 	EXP 	topleftpeerchoice: autoDraw = False
13.8452 	EXP 	icon10: autoDraw = False
13.8452 	EXP 	int10: autoDraw = False
13.8452 	EXP 	icon11: autoDraw = False
13.8452 	EXP 	int111: autoDraw = False
13.8452 	EXP 	icon12: autoDraw = False
13.8452 	EXP 	int12: autoDraw = False
13.8452 	EXP 	toppeername: autoDraw = False
13.8452 	EXP 	you: autoDraw = False
13.8452 	EXP 	icon13: autoDraw = False
13.8452 	EXP 	int13: autoDraw = False
13.8452 	EXP 	icon14: autoDraw = False
13.8452 	EXP 	int14: autoDraw = False
13.8452 	EXP 	icon15: autoDraw = False
13.8452 	EXP 	int15: autoDraw = False
13.8452 	EXP 	participantpic: autoDraw = False
13.8452 	EXP 	yess: autoDraw = False
13.8452 	EXP 	polygon: autoDraw = True
13.8452 	EXP 	text_16: autoDraw = True
16.8127 	EXP 	New trial (rep=0, index=1): {'children': 'children/F18.png', 'teens': 'adolescents/F18.png', 'young_young_adultss': 'young_adults/F18.png'}
16.8305 	EXP 	polygon: autoDraw = False
16.8305 	EXP 	text_16: autoDraw = False
16.8305 	EXP 	Player1demo: image = 'stimuli/children/F58.png'
16.8305 	EXP 	Player2demo: image = 'stimuli/children/F46.png'
16.8305 	EXP 	Who: autoDraw = True
16.8305 	EXP 	text_2: autoDraw = True
16.8305 	EXP 	text_3: autoDraw = True
16.8305 	EXP 	Player1demo: autoDraw = True
16.8305 	EXP 	Player2demo: autoDraw = True
16.8305 	EXP 	cooking: autoDraw = True
16.8305 	EXP 	text_4: autoDraw = True
16.8305 	EXP 	movies: autoDraw = True
16.8305 	EXP 	text_5: autoDraw = True
16.8305 	EXP 	dancing: autoDraw = True
16.8305 	EXP 	text_6: autoDraw = True
16.8305 	EXP 	fashion: autoDraw = True
16.8305 	EXP 	text_7: autoDraw = True
16.8305 	EXP 	movie: autoDraw = True
16.8305 	EXP 	text_8: autoDraw = True
16.8305 	EXP 	writing: autoDraw = True
16.8305 	EXP 	text_9: autoDraw = True
33.6431 	EXP 	Created sequence: random, trialTypes=1, nReps=1, seed=None
33.6432 	EXP 	New trial (rep=0, index=0): None
33.6492 	DATA 	Keypress: 1
33.6591 	EXP 	Who: autoDraw = False
33.6591 	EXP 	text_2: autoDraw = False
33.6591 	EXP 	text_3: autoDraw = False
33.6591 	EXP 	Player1demo: autoDraw = False
33.6591 	EXP 	Player2demo: autoDraw = False
33.6591 	EXP 	cooking: autoDraw = False
33.6591 	EXP 	text_4: autoDraw = False
33.6591 	EXP 	movies: autoDraw = False
33.6591 	EXP 	text_5: autoDraw = False
33.6591 	EXP 	dancing: autoDraw = False
33.6591 	EXP 	text_6: autoDraw = False
33.6591 	EXP 	fashion: autoDraw = False
33.6591 	EXP 	text_7: autoDraw = False
33.6591 	EXP 	movie: autoDraw = False
33.6591 	EXP 	text_8: autoDraw = False
33.6591 	EXP 	writing: autoDraw = False
33.6591 	EXP 	text_9: autoDraw = False
33.6591 	EXP 	leftplayer: image = 'stimuli/children/F58.png'
33.6591 	EXP 	polygon_6: autoDraw = True
33.6591 	EXP 	leftplayer: autoDraw = True
33.6591 	EXP 	icon7: autoDraw = True
33.6591 	EXP 	ison7t: autoDraw = True
33.6591 	EXP 	icon8: autoDraw = True
33.6591 	EXP 	icon8t: autoDraw = True
33.6591 	EXP 	icon9: autoDraw = True
33.6591 	EXP 	int9: autoDraw = True
33.6591 	EXP 	leftplayert: autoDraw = True
33.6591 	EXP 	yes1: autoDraw = True
36.6415 	EXP 	polygon_6: autoDraw = False
36.6415 	EXP 	leftplayer: autoDraw = False
36.6415 	EXP 	icon7: autoDraw = False
36.6415 	EXP 	ison7t: autoDraw = False
36.6415 	EXP 	icon8: autoDraw = False
36.6415 	EXP 	icon8t: autoDraw = False
36.6415 	EXP 	icon9: autoDraw = False
36.6415 	EXP 	int9: autoDraw = False
36.6415 	EXP 	leftplayert: autoDraw = False
36.6415 	EXP 	yes1: autoDraw = False
36.6415 	EXP 	topleftpeerchoice: image = 'stimuli/children/F58.png'
36.6415 	EXP 	topleftpeerchoice: autoDraw = True
36.6415 	EXP 	icon10: autoDraw = True
36.6415 	EXP 	int10: autoDraw = True
36.6415 	EXP 	icon11: autoDraw = True
36.6415 	EXP 	int111: autoDraw = True
36.6415 	EXP 	icon12: autoDraw = True
36.6415 	EXP 	int12: autoDraw = True
36.6415 	EXP 	toppeername: autoDraw = True
37.6253 	EXP 	you: autoDraw = True
37.6253 	EXP 	icon13: autoDraw = True
37.6253 	EXP 	int13: autoDraw = True
37.6253 	EXP 	icon14: autoDraw = True
37.6253 	EXP 	int14: autoDraw = True
37.6253 	EXP 	icon15: autoDraw = True
37.6253 	EXP 	int15: autoDraw = True
37.6253 	EXP 	participantpic: autoDraw = True
39.1258 	EXP 	polygon_5: autoDraw = True
39.1258 	EXP 	yess: autoDraw = True
39.6100 	EXP 	Created sequence: random, trialTypes=1, nReps=0, seed=None
39.6287 	EXP 	polygon_5: autoDraw = False
39.6287 	EXP 	topleftpeerchoice: autoDraw = False
39.6287 	EXP 	icon10: autoDraw = False
39.6287 	EXP 	int10: autoDraw = False
39.6287 	EXP 	icon11: autoDraw = False
39.6287 	EXP 	int111: autoDraw = False
39.6287 	EXP 	icon12: autoDraw = False
39.6287 	EXP 	int12: autoDraw = False
39.6287 	EXP 	toppeername: autoDraw = False
39.6287 	EXP 	you: autoDraw = False
39.6287 	EXP 	icon13: autoDraw = False
39.6287 	EXP 	int13: autoDraw = False
39.6287 	EXP 	icon14: autoDraw = False
39.6287 	EXP 	int14: autoDraw = False
39.6287 	EXP 	icon15: autoDraw = False
39.6287 	EXP 	int15: autoDraw = False
39.6287 	EXP 	participantpic: autoDraw = False
39.6287 	EXP 	yess: autoDraw = False
39.6287 	EXP 	polygon: autoDraw = True
39.6287 	EXP 	text_16: autoDraw = True
42.5961 	EXP 	New trial (rep=0, index=2): {'children': 'children/M01.png', 'teens': 'adolescents/M01.png', 'young_young_adultss': 'young_adults/M01.png'}
42.6140 	EXP 	polygon: autoDraw = False
42.6140 	EXP 	text_16: autoDraw = False
42.6140 	EXP 	Player1demo: image = 'stimuli/children/M17.png'
42.6140 	EXP 	Player2demo: image = 'stimuli/children/M31.png'
42.6140 	EXP 	Who: autoDraw = True
42.6140 	EXP 	text_2: autoDraw = True
42.6140 	EXP 	text_3: autoDraw = True
42.6140 	EXP 	Player1demo: autoDraw = True
42.6140 	EXP 	Player2demo: autoDraw = True
42.6140 	EXP 	cooking: autoDraw = True
42.6140 	EXP 	text_4: autoDraw = True
42.6140 	EXP 	movies: autoDraw = True
42.6140 	EXP 	text_5: autoDraw = True
42.6140 	EXP 	dancing: autoDraw = True
42.6140 	EXP 	text_6: autoDraw = True
42.6140 	EXP 	fashion: autoDraw = True
42.6140 	EXP 	text_7: autoDraw = True
42.6140 	EXP 	movie: autoDraw = True
42.6140 	EXP 	text_8: autoDraw = True
42.6140 	EXP 	writing: autoDraw = True
42.6140 	EXP 	text_9: autoDraw = True
44.3931 	EXP 	Created sequence: random, trialTypes=1, nReps=1, seed=None
44.3933 	EXP 	New trial (rep=0, index=0): None
44.3993 	DATA 	Keypress: 2
44.4089 	EXP 	Who: autoDraw = False
44.4089 	EXP 	text_2: autoDraw = False
44.4089 	EXP 	text_3: autoDraw = False
44.4089 	EXP 	Player1demo: autoDraw = False
44.4089 	EXP 	Player2demo: autoDraw = False
44.4089 	EXP 	cooking: autoDraw = False
44.4089 	EXP 	text_4: autoDraw = False
44.4089 	EXP 	movies: autoDraw = False
44.4089 	EXP 	text_5: autoDraw = False
44.4089 	EXP 	dancing: autoDraw = False
44.4089 	EXP 	text_6: autoDraw = False
44.4089 	EXP 	fashion: autoDraw = False
44.4089 	EXP 	text_7: autoDraw = False
44.4089 	EXP 	movie: autoDraw = False
44.4089 	EXP 	text_8: autoDraw = False
44.4089 	EXP 	writing: autoDraw = False
44.4089 	EXP 	text_9: autoDraw = False
44.4089 	EXP 	leftplayer: image = 'stimuli/children/M17.png'
44.4089 	EXP 	polygon_6: autoDraw = True
44.4089 	EXP 	leftplayer: autoDraw = True
44.4089 	EXP 	icon7: autoDraw = True
44.4089 	EXP 	ison7t: autoDraw = True
44.4089 	EXP 	icon8: autoDraw = True
44.4089 	EXP 	icon8t: autoDraw = True
44.4089 	EXP 	icon9: autoDraw = True
44.4089 	EXP 	int9: autoDraw = True
44.4089 	EXP 	leftplayert: autoDraw = True
44.4089 	EXP 	yes1: autoDraw = True
47.3914 	EXP 	polygon_6: autoDraw = False
47.3914 	EXP 	leftplayer: autoDraw = False
47.3914 	EXP 	icon7: autoDraw = False
47.3914 	EXP 	ison7t: autoDraw = False
47.3914 	EXP 	icon8: autoDraw = False
47.3914 	EXP 	icon8t: autoDraw = False
47.3914 	EXP 	icon9: autoDraw = False
47.3914 	EXP 	int9: autoDraw = False
47.3914 	EXP 	leftplayert: autoDraw = False
47.3914 	EXP 	yes1: autoDraw = False
47.3914 	EXP 	topleftpeerchoice: image = 'stimuli/children/M17.png'
47.3914 	EXP 	topleftpeerchoice: autoDraw = True
47.3914 	EXP 	icon10: autoDraw = True
47.3914 	EXP 	int10: autoDraw = True
47.3914 	EXP 	icon11: autoDraw = True
47.3914 	EXP 	int111: autoDraw = True
47.3914 	EXP 	icon12: autoDraw = True
47.3914 	EXP 	int12: autoDraw = True
47.3914 	EXP 	toppeername: autoDraw = True
48.3917 	EXP 	you: autoDraw = True
48.3917 	EXP 	icon13: autoDraw = True
48.3917 	EXP 	int13: autoDraw = True
48.3917 	EXP 	icon14: autoDraw = True
48.3917 	EXP 	int14: autoDraw = True
48.3917 	EXP 	icon15: autoDraw = True
48.3917 	EXP 	int15: autoDraw = True
48.3917 	EXP 	participantpic: autoDraw = True
49.8756 	EXP 	polygon_5: autoDraw = True
49.8756 	EXP 	yess: autoDraw = True
50.3600 	EXP 	Created sequence: random, trialTypes=1, nReps=0, seed=None
50.3787 	EXP 	polygon_5: autoDraw = False
50.3787 	EXP 	topleftpeerchoice: autoDraw = False
50.3787 	EXP 	icon10: autoDraw = False
50.3787 	EXP 	int10: autoDraw = False
50.3787 	EXP 	icon11: autoDraw = False
50.3787 	EXP 	int111: autoDraw = False
50.3787 	EXP 	icon12: autoDraw = False
50.3787 	EXP 	int12: autoDraw = False
50.3787 	EXP 	toppeername: autoDraw = False
50.3787 	EXP 	you: autoDraw = False
50.3787 	EXP 	icon13: autoDraw = False
50.3787 	EXP 	int13: autoDraw = False
50.3787 	EXP 	icon14: autoDraw = False
50.3787 	EXP 	int14: autoDraw = False
50.3787 	EXP 	icon15: autoDraw = False
50.3787 	EXP 	int15: autoDraw = False
50.3787 	EXP 	participantpic: autoDraw = False
50.3787 	EXP 	yess: autoDraw = False
50.3787 	EXP 	polygon: autoDraw = True
50.3787 	EXP 	text_16: autoDraw = True
53.3461 	EXP 	New trial (rep=0, index=3): {'children': 'children/F53.png', 'teens': 'adolescents/F53.png', 'young_young_adultss': 'young_adults/F53.png'}
53.3640 	EXP 	polygon: autoDraw = False
53.3640 	EXP 	text_16: autoDraw = False
53.3640 	EXP 	Player1demo: image = 'stimuli/children/F10.png'
53.3640 	EXP 	Player2demo: image = 'stimuli/children/F31.png'
53.3640 	EXP 	Who: autoDraw = True
53.3640 	EXP 	text_2: autoDraw = True
53.3640 	EXP 	text_3: autoDraw = True
53.3640 	EXP 	Player1demo: autoDraw = True
53.3640 	EXP 	Player2demo: autoDraw = True
53.3640 	EXP 	cooking: autoDraw = True
53.3640 	EXP 	text_4: autoDraw = True
53.3640 	EXP 	movies: autoDraw = True
53.3640 	EXP 	text_5: autoDraw = True
53.3640 	EXP 	dancing: autoDraw = True
53.3640 	EXP 	text_6: autoDraw = True
53.3640 	EXP 	fashion: autoDraw = True
53.3640 	EXP 	text_7: autoDraw = True
53.3640 	EXP 	movie: autoDraw = True
53.3640 	EXP 	text_8: autoDraw = True
53.3640 	EXP 	writing: autoDraw = True
53.3640 	EXP 	text_9: autoDraw = True
55.5264 	EXP 	Created sequence: random, trialTypes=1, nReps=1, seed=None
55.5265 	EXP 	New trial (rep=0, index=0): None
55.5326 	DATA 	Keypress: 2
55.5422 	EXP 	Who: autoDraw = False
55.5422 	EXP 	text_2: autoDraw = False
55.5422 	EXP 	text_3: autoDraw = False
55.5422 	EXP 	Player1demo: autoDraw = False
55.5422 	EXP 	Player2demo: autoDraw = False
55.5422 	EXP 	cooking: autoDraw = False
55.5422 	EXP 	text_4: autoDraw = False
55.5422 	EXP 	movies: autoDraw = False
55.5422 	EXP 	text_5: autoDraw = False
55.5422 	EXP 	dancing: autoDraw = False
55.5422 	EXP 	text_6: autoDraw = False
55.5422 	EXP 	fashion: autoDraw = False
55.5422 	EXP 	text_7: autoDraw = False
55.5422 	EXP 	movie: autoDraw = False
55.5422 	EXP 	text_8: autoDraw = False
55.5422 	EXP 	writing: autoDraw = False
55.5422 	EXP 	text_9: autoDraw = False
55.5422 	EXP 	leftplayer: image = 'stimuli/children/F10.png'
55.5422 	EXP 	polygon_6: autoDraw = True
55.5422 	EXP 	leftplayer: autoDraw = True
55.5422 	EXP 	icon7: autoDraw = True
55.5422 	EXP 	ison7t: autoDraw = True
55.5422 	EXP 	icon8: autoDraw = True
55.5422 	EXP 	icon8t: autoDraw = True
55.5422 	EXP 	icon9: autoDraw = True
55.5422 	EXP 	int9: autoDraw = True
55.5422 	EXP 	leftplayert: autoDraw = True
55.5422 	EXP 	yes1: autoDraw = True
58.5251 	EXP 	polygon_6: autoDraw = False
58.5251 	EXP 	leftplayer: autoDraw = False
58.5251 	EXP 	icon7: autoDraw = False
58.5251 	EXP 	ison7t: autoDraw = False
58.5251 	EXP 	icon8: autoDraw = False
58.5251 	EXP 	icon8t: autoDraw = False
58.5251 	EXP 	icon9: autoDraw = False
58.5251 	EXP 	int9: autoDraw = False
58.5251 	EXP 	leftplayert: autoDraw = False
58.5251 	EXP 	yes1: autoDraw = False
58.5251 	EXP 	topleftpeerchoice: image = 'stimuli/children/F10.png'
58.5251 	EXP 	topleftpeerchoice: autoDraw = True
58.5251 	EXP 	icon10: autoDraw = True
58.5251 	EXP 	int10: autoDraw = True
58.5251 	EXP 	icon11: autoDraw = True
58.5251 	EXP 	int111: autoDraw = True
58.5251 	EXP 	icon12: autoDraw = True
58.5251 	EXP 	int12: autoDraw = True
58.5251 	EXP 	toppeername: autoDraw = True
59.5251 	EXP 	you: autoDraw = True
59.5251 	EXP 	icon13: autoDraw = True
59.5251 	EXP 	int13: autoDraw = True
59.5251 	EXP 	icon14: autoDraw = True
59.5251 	EXP 	int14: autoDraw = True
59.5251 	EXP 	icon15: autoDraw = True
59.5251 	EXP 	int15: autoDraw = True
59.5251 	EXP 	participantpic: autoDraw = True
61.0091 	EXP 	polygon_5: autoDraw = True
61.0091 	EXP 	yess: autoDraw = True
61.4933 	EXP 	Created sequence: random, trialTypes=1, nReps=0, seed=None
61.5121 	EXP 	polygon_5: autoDraw = False
61.5121 	EXP 	topleftpeerchoice: autoDraw = False
61.5121 	EXP 	icon10: autoDraw = False
61.5121 	EXP 	int10: autoDraw = False
61.5121 	EXP 	icon11: autoDraw = False
61.5121 	EXP 	int111: autoDraw = False
61.5121 	EXP 	icon12: autoDraw = False
61.5121 	EXP 	int12: autoDraw = False
61.5121 	EXP 	toppeername: autoDraw = False
61.5121 	EXP 	you: autoDraw = False
61.5121 	EXP 	icon13: autoDraw = False
61.5121 	EXP 	int13: autoDraw = False
61.5121 	EXP 	icon14: autoDraw = False
61.5121 	EXP 	int14: autoDraw = False
61.5121 	EXP 	icon15: autoDraw = False
61.5121 	EXP 	int15: autoDraw = False
61.5121 	EXP 	participantpic: autoDraw = False
61.5121 	EXP 	yess: autoDraw = False
61.5121 	EXP 	polygon: autoDraw = True
61.5121 	EXP 	text_16: autoDraw = True
64.4796 	EXP 	New trial (rep=0, index=4): {'children': 'children/M33.png', 'teens': 'adolescents/M33.png', 'young_young_adultss': 'young_adults/M33.png'}
64.4971 	EXP 	polygon: autoDraw = False
64.4971 	EXP 	text_16: autoDraw = False
64.4971 	EXP 	Player1demo: image = 'stimuli/children/M51.png'
64.4971 	EXP 	Player2demo: image = 'stimuli/children/M39.png'
64.4971 	EXP 	Who: autoDraw = True
64.4971 	EXP 	text_2: autoDraw = True
64.4971 	EXP 	text_3: autoDraw = True
64.4971 	EXP 	Player1demo: autoDraw = True
64.4971 	EXP 	Player2demo: autoDraw = True
64.4971 	EXP 	cooking: autoDraw = True
64.4971 	EXP 	text_4: autoDraw = True
64.4971 	EXP 	movies: autoDraw = True
64.4971 	EXP 	text_5: autoDraw = True
64.4971 	EXP 	dancing: autoDraw = True
64.4971 	EXP 	text_6: autoDraw = True
64.4971 	EXP 	fashion: autoDraw = True
64.4971 	EXP 	text_7: autoDraw = True
64.4971 	EXP 	movie: autoDraw = True
64.4971 	EXP 	text_8: autoDraw = True
64.4971 	EXP 	writing: autoDraw = True
64.4971 	EXP 	text_9: autoDraw = True
65.3430 	EXP 	Created sequence: random, trialTypes=1, nReps=1, seed=None
65.3431 	EXP 	New trial (rep=0, index=0): None
65.3491 	DATA 	Keypress: 1
65.3588 	EXP 	Who: autoDraw = False
65.3588 	EXP 	text_2: autoDraw = False
65.3588 	EXP 	text_3: autoDraw = False
65.3588 	EXP 	Player1demo: autoDraw = False
65.3588 	EXP 	Player2demo: autoDraw = False
65.3588 	EXP 	cooking: autoDraw = False
65.3588 	EXP 	text_4: autoDraw = False
65.3588 	EXP 	movies: autoDraw = False
65.3588 	EXP 	text_5: autoDraw = False
65.3588 	EXP 	dancing: autoDraw = False
65.3588 	EXP 	text_6: autoDraw = False
65.3588 	EXP 	fashion: autoDraw = False
65.3588 	EXP 	text_7: autoDraw = False
65.3588 	EXP 	movie: autoDraw = False
65.3588 	EXP 	text_8: autoDraw = False
65.3588 	EXP 	writing: autoDraw = False
65.3588 	EXP 	text_9: autoDraw = False
65.3588 	EXP 	leftplayer: image = 'stimuli/children/M51.png'
65.3588 	EXP 	polygon_6: autoDraw = True
65.3588 	EXP 	leftplayer: autoDraw = True
65.3588 	EXP 	icon7: autoDraw = True
65.3588 	EXP 	ison7t: autoDraw = True
65.3588 	EXP 	icon8: autoDraw = True
65.3588 	EXP 	icon8t: autoDraw = True
65.3588 	EXP 	icon9: autoDraw = True
65.3588 	EXP 	int9: autoDraw = True
65.3588 	EXP 	leftplayert: autoDraw = True
65.3588 	EXP 	yes1: autoDraw = True
68.3415 	EXP 	polygon_6: autoDraw = False
68.3415 	EXP 	leftplayer: autoDraw = False
68.3415 	EXP 	icon7: autoDraw = False
68.3415 	EXP 	ison7t: autoDraw = False
68.3415 	EXP 	icon8: autoDraw = False
68.3415 	EXP 	icon8t: autoDraw = False
68.3415 	EXP 	icon9: autoDraw = False
68.3415 	EXP 	int9: autoDraw = False
68.3415 	EXP 	leftplayert: autoDraw = False
68.3415 	EXP 	yes1: autoDraw = False
68.3415 	EXP 	topleftpeerchoice: image = 'stimuli/children/M51.png'
68.3415 	EXP 	topleftpeerchoice: autoDraw = True
68.3415 	EXP 	icon10: autoDraw = True
68.3415 	EXP 	int10: autoDraw = True
68.3415 	EXP 	icon11: autoDraw = True
68.3415 	EXP 	int111: autoDraw = True
68.3415 	EXP 	icon12: autoDraw = True
68.3415 	EXP 	int12: autoDraw = True
68.3415 	EXP 	toppeername: autoDraw = True
69.3420 	EXP 	you: autoDraw = True
69.3420 	EXP 	icon13: autoDraw = True
69.3420 	EXP 	int13: autoDraw = True
69.3420 	EXP 	icon14: autoDraw = True
69.3420 	EXP 	int14: autoDraw = True
69.3420 	EXP 	icon15: autoDraw = True
69.3420 	EXP 	int15: autoDraw = True
69.3420 	EXP 	participantpic: autoDraw = True
70.8255 	EXP 	polygon_5: autoDraw = True
70.8255 	EXP 	yess: autoDraw = True
71.3101 	EXP 	Created sequence: random, trialTypes=1, nReps=0, seed=None
71.3289 	EXP 	polygon_5: autoDraw = False
71.3289 	EXP 	topleftpeerchoice: autoDraw = False
71.3289 	EXP 	icon10: autoDraw = False
71.3289 	EXP 	int10: autoDraw = False
71.3289 	EXP 	icon11: autoDraw = False
71.3289 	EXP 	int111: autoDraw = False
71.3289 	EXP 	icon12: autoDraw = False
71.3289 	EXP 	int12: autoDraw = False
71.3289 	EXP 	toppeername: autoDraw = False
71.3289 	EXP 	you: autoDraw = False
71.3289 	EXP 	icon13: autoDraw = False
71.3289 	EXP 	int13: autoDraw = False
71.3289 	EXP 	icon14: autoDraw = False
71.3289 	EXP 	int14: autoDraw = False
71.3289 	EXP 	icon15: autoDraw = False
71.3289 	EXP 	int15: autoDraw = False
71.3289 	EXP 	participantpic: autoDraw = False
71.3289 	EXP 	yess: autoDraw = False
71.3289 	EXP 	polygon: autoDraw = True
71.3289 	EXP 	text_16: autoDraw = True
73.9471 	DATA 	Keypress: escape
74.0125 	EXP 	PAT_PRACTICE_icons: status = STOPPED
74.0248 	EXP 	polygon: autoDraw = False
74.0248 	EXP 	text_16: autoDraw = False
74.0248 	EXP 	PAT_PRACTICE_icons: status = STOPPED
74.1529 	EXP 	window1: mouseVisible = True
