7.0160 	EXP 	Created window1 = Window(allowGUI=True, allowStencil=False, autoLog=True, backendConf=UNKNOWN, backgroundFit=<method-wrapper '__getattribute__' of attributeSetter object at 0x00000185CCB27610>, backgroundImage=<method-wrapper '__getattribute__' of attributeSetter object at 0x00000185CCB27220>, bitsMode=UNKNOWN, blendMode='avg', bpc=(8, 8, 8), color=array([0, 0, 0]), colorSpace='rgb', depthBits=8, fullscr=<method-wrapper '__getattribute__' of attributeSetter object at 0x00000185CCB27E50>, gamma=None, gammaErrorPolicy='raise', lms=UNKNOWN, monitor=<psychopy.monitors.calibTools.Monitor object at 0x00000185CCEC2AF0>, multiSample=False, name='window1', numSamples=2, pos=(0, 0), screen=0, size=array([1920, 1080]), stencilBits=0, stereo=False, title='PsychoPy', units='height', useFBO=True, useRetina=False, viewOri=0.0, viewPos=None, viewScale=None, waitBlanking=True, winType='pyglet')
7.0160 	EXP 	window1: mouseVisible = True
7.0161 	EXP 	window1: backgroundImage = ''
7.0161 	EXP 	window1: backgroundFit = 'none'
7.0174 	EXP 	window1: Attempting to measure frame rate of screen (0) ...
7.0174 	EXP 	window1: recordFrameIntervals = False
7.1823 	EXP 	window1: recordFrameIntervals = True
7.3656 	EXP 	Screen (0) actual frame rate measured at 60.07Hz
7.3656 	EXP 	window1: recordFrameIntervals = False
7.3657 	EXP 	window1: mouseVisible = False
9.1620 	EXP 	PAT_PRACTICE_icons: status = STARTED
9.1624 	EXP 	window1: mouseVisible = True
9.2265 	EXP 	Created wel = TextStim(__class__=<class 'psychopy.visual.text.TextStim'>, alignHoriz=method-wrapper(...), alignText='center', alignVert=method-wrapper(...), anchorHoriz='center', anchorVert='center', antialias=True, autoDraw=False, autoLog=True, bold=False, color=array([-1., -1., -1.]), colorSpace='rgb', contrast=1.0, depth=0.0, draggable=False, flipHoriz=False, flipVert=False, font='Consolas', fontFiles=[], height=0.05, italic=False, languageStyle='LTR', name='wel', opacity=1.0, ori=0.0, pos=array([0., 0.]), rgb=UNKNOWN, text=str(...), units='height', win=Window(...), wrapWidth=2.0)
9.2267 	EXP 	window1: mouseVisible = True
9.2351 	EXP 	Created Who = TextStim(__class__=<class 'psychopy.visual.text.TextStim'>, alignHoriz=method-wrapper(...), alignText='center', alignVert=method-wrapper(...), anchorHoriz='center', anchorVert='center', antialias=True, autoDraw=False, autoLog=True, bold=False, color=array([-1., -1., -1.]), colorSpace='rgb', contrast=1.0, depth=0.0, draggable=False, flipHoriz=False, flipVert=False, font='Courier New', fontFiles=[], height=0.04, italic=False, languageStyle='LTR', name='Who', opacity=1.0, ori=0.0, pos=array([0.  , 0.38]), rgb=UNKNOWN, text='Who do you want to be friends with? \n\n', units='height', win=Window(...), wrapWidth=1)
9.2352 	EXP 	window1: mouseVisible = True
9.2429 	EXP 	Created text_2 = TextStim(__class__=<class 'psychopy.visual.text.TextStim'>, alignHoriz=method-wrapper(...), alignText='center', alignVert=method-wrapper(...), anchorHoriz='center', anchorVert='center', antialias=True, autoDraw=False, autoLog=True, bold=False, color=array([-1., -1., -1.]), colorSpace='rgb', contrast=1.0, depth=-1.0, draggable=False, flipHoriz=False, flipVert=False, font='Consolas', fontFiles=[], height=0.03, italic=False, languageStyle='LTR', name='text_2', opacity=1.0, ori=0.0, pos=array([-0.4,  0.3]), rgb=UNKNOWN, text='Player-1\n', units='height', win=Window(...), wrapWidth=1)
9.2430 	EXP 	window1: mouseVisible = True
9.2456 	EXP 	Created text_3 = TextStim(__class__=<class 'psychopy.visual.text.TextStim'>, alignHoriz=method-wrapper(...), alignText='center', alignVert=method-wrapper(...), anchorHoriz='center', anchorVert='center', antialias=True, autoDraw=False, autoLog=True, bold=False, color=array([-1., -1., -1.]), colorSpace='rgb', contrast=1.0, depth=-2.0, draggable=False, flipHoriz=False, flipVert=False, font='Consolas', fontFiles=[], height=0.03, italic=False, languageStyle='LTR', name='text_3', opacity=1.0, ori=0.0, pos=array([0.4, 0.3]), rgb=UNKNOWN, text='Player-2\n', units='height', win=Window(...), wrapWidth=1)
9.2457 	EXP 	window1: mouseVisible = True
9.2945 	EXP 	Created Player1demo = ImageStim(__class__=<class 'psychopy.visual.image.ImageStim'>, anchor=('center', 'center'), autoLog=True, color=array([1., 1., 1.]), colorSpace='rgb', contrast=1.0, depth=-3.0, draggable=False, flipHoriz=False, flipVert=False, image=str(...), interpolate=True, mask=None, maskParams=None, name='Player1demo', opacity=1.0, ori=0.0, pos=array([-0.4 ,  0.13]), size=array([0.2 , 0.25]), texRes=128.0, units='height', win=Window(...))
9.2950 	EXP 	window1: mouseVisible = True
9.3366 	EXP 	Created Player2demo = ImageStim(__class__=<class 'psychopy.visual.image.ImageStim'>, anchor=('center', 'center'), autoLog=True, color=array([1., 1., 1.]), colorSpace='rgb', contrast=1.0, depth=-4.0, draggable=False, flipHoriz=False, flipVert=False, image=str(...), interpolate=True, mask=None, maskParams=None, name='Player2demo', opacity=1.0, ori=0.0, pos=array([0.4 , 0.13]), size=array([0.2 , 0.25]), texRes=128.0, units='height', win=Window(...))
9.3367 	EXP 	window1: mouseVisible = True
9.3572 	EXP 	Created cooking = ImageStim(__class__=<class 'psychopy.visual.image.ImageStim'>, anchor=('center', 'center'), autoLog=True, color=array([1., 1., 1.]), colorSpace='rgb', contrast=1.0, depth=-5.0, draggable=False, flipHoriz=False, flipVert=False, image=str(...), interpolate=True, mask=None, maskParams=None, name='cooking', opacity=1.0, ori=0.0, pos=array([-0.5 , -0.03]), size=array([0.04, 0.04]), texRes=128.0, units='height', win=Window(...))
9.3574 	EXP 	window1: mouseVisible = True
9.3674 	EXP 	Created text_4 = TextStim(__class__=<class 'psychopy.visual.text.TextStim'>, alignHoriz=method-wrapper(...), alignText='center', alignVert=method-wrapper(...), anchorHoriz='center', anchorVert='center', antialias=True, autoDraw=False, autoLog=True, bold=False, color=array([-1., -1., -1.]), colorSpace='rgb', contrast=1.0, depth=-6.0, draggable=False, flipHoriz=False, flipVert=False, font='Open Sans', fontFiles=[], height=0.01, italic=False, languageStyle='LTR', name='text_4', opacity=1.0, ori=0.0, pos=array([-0.5 , -0.08]), rgb=UNKNOWN, text='cooking\n\n', units='height', win=Window(...), wrapWidth=1)
9.3675 	EXP 	window1: mouseVisible = True
9.3868 	EXP 	Created movies = ImageStim(__class__=<class 'psychopy.visual.image.ImageStim'>, anchor=('center', 'center'), autoLog=True, color=array([1., 1., 1.]), colorSpace='rgb', contrast=1.0, depth=-7.0, draggable=False, flipHoriz=False, flipVert=False, image=str(...), interpolate=True, mask=None, maskParams=None, name='movies', opacity=1.0, ori=0.0, pos=array([-0.4 , -0.03]), size=array([0.04, 0.04]), texRes=128.0, units='height', win=Window(...))
9.3869 	EXP 	window1: mouseVisible = True
9.3905 	EXP 	Created text_5 = TextStim(__class__=<class 'psychopy.visual.text.TextStim'>, alignHoriz=method-wrapper(...), alignText='center', alignVert=method-wrapper(...), anchorHoriz='center', anchorVert='center', antialias=True, autoDraw=False, autoLog=True, bold=False, color=array([-1., -1., -1.]), colorSpace='rgb', contrast=1.0, depth=-8.0, draggable=False, flipHoriz=False, flipVert=False, font='Open Sans', fontFiles=[], height=0.01, italic=False, languageStyle='LTR', name='text_5', opacity=1.0, ori=0.0, pos=array([-0.3 , -0.07]), rgb=UNKNOWN, text='dancing', units='height', win=Window(...), wrapWidth=1)
9.3906 	EXP 	window1: mouseVisible = True
9.4089 	EXP 	Created dancing = ImageStim(__class__=<class 'psychopy.visual.image.ImageStim'>, anchor=('center', 'center'), autoLog=True, color=array([1., 1., 1.]), colorSpace='rgb', contrast=1.0, depth=-9.0, draggable=False, flipHoriz=False, flipVert=False, image=str(...), interpolate=True, mask=None, maskParams=None, name='dancing', opacity=1.0, ori=0.0, pos=array([-0.3 , -0.03]), size=array([0.04, 0.04]), texRes=128.0, units='height', win=Window(...))
9.4091 	EXP 	window1: mouseVisible = True
9.4136 	EXP 	Created text_6 = TextStim(__class__=<class 'psychopy.visual.text.TextStim'>, alignHoriz=method-wrapper(...), alignText='center', alignVert=method-wrapper(...), anchorHoriz='center', anchorVert='center', antialias=True, autoDraw=False, autoLog=True, bold=False, color=array([-1., -1., -1.]), colorSpace='rgb', contrast=1.0, depth=-10.0, draggable=False, flipHoriz=False, flipVert=False, font='Open Sans', fontFiles=[], height=0.01, italic=False, languageStyle='LTR', name='text_6', opacity=1.0, ori=0.0, pos=array([-0.4 , -0.07]), rgb=UNKNOWN, text='movies', units='height', win=Window(...), wrapWidth=1)
9.4137 	EXP 	window1: mouseVisible = True
9.4336 	EXP 	Created fashion = ImageStim(__class__=<class 'psychopy.visual.image.ImageStim'>, anchor=('center', 'center'), autoLog=True, color=array([1., 1., 1.]), colorSpace='rgb', contrast=1.0, depth=-11.0, draggable=False, flipHoriz=False, flipVert=False, image=str(...), interpolate=True, mask=None, maskParams=None, name='fashion', opacity=1.0, ori=0.0, pos=array([ 0.3 , -0.03]), size=array([0.04, 0.04]), texRes=128.0, units='height', win=Window(...))
9.4337 	EXP 	window1: mouseVisible = True
9.4376 	EXP 	Created text_7 = TextStim(__class__=<class 'psychopy.visual.text.TextStim'>, alignHoriz=method-wrapper(...), alignText='center', alignVert=method-wrapper(...), anchorHoriz='center', anchorVert='center', antialias=True, autoDraw=False, autoLog=True, bold=False, color=array([-1., -1., -1.]), colorSpace='rgb', contrast=1.0, depth=-12.0, draggable=False, flipHoriz=False, flipVert=False, font='Open Sans', fontFiles=[], height=0.01, italic=False, languageStyle='LTR', name='text_7', opacity=1.0, ori=0.0, pos=array([ 0.3 , -0.07]), rgb=UNKNOWN, text='fashion', units='height', win=Window(...), wrapWidth=1)
9.4377 	EXP 	window1: mouseVisible = True
9.4579 	EXP 	Created movie = ImageStim(__class__=<class 'psychopy.visual.image.ImageStim'>, anchor=('center', 'center'), autoLog=True, color=array([1., 1., 1.]), colorSpace='rgb', contrast=1.0, depth=-13.0, draggable=False, flipHoriz=False, flipVert=False, image=str(...), interpolate=True, mask=None, maskParams=None, name='movie', opacity=1.0, ori=0.0, pos=array([ 0.4 , -0.03]), size=array([0.04, 0.04]), texRes=128.0, units='height', win=Window(...))
9.4580 	EXP 	window1: mouseVisible = True
9.4599 	EXP 	Created text_8 = TextStim(__class__=<class 'psychopy.visual.text.TextStim'>, alignHoriz=method-wrapper(...), alignText='center', alignVert=method-wrapper(...), anchorHoriz='center', anchorVert='center', antialias=True, autoDraw=False, autoLog=True, bold=False, color=array([-1., -1., -1.]), colorSpace='rgb', contrast=1.0, depth=-14.0, draggable=False, flipHoriz=False, flipVert=False, font='Open Sans', fontFiles=[], height=0.01, italic=False, languageStyle='LTR', name='text_8', opacity=1.0, ori=0.0, pos=array([ 0.4 , -0.07]), rgb=UNKNOWN, text='movies', units='height', win=Window(...), wrapWidth=1)
9.4600 	EXP 	window1: mouseVisible = True
9.4827 	EXP 	Created writing = ImageStim(__class__=<class 'psychopy.visual.image.ImageStim'>, anchor=('center', 'center'), autoLog=True, color=array([1., 1., 1.]), colorSpace='rgb', contrast=1.0, depth=-15.0, draggable=False, flipHoriz=False, flipVert=False, image=str(...), interpolate=True, mask=None, maskParams=None, name='writing', opacity=1.0, ori=0.0, pos=array([ 0.5 , -0.03]), size=array([0.04, 0.04]), texRes=128.0, units='height', win=Window(...))
9.4828 	EXP 	window1: mouseVisible = True
9.4874 	EXP 	Created text_9 = TextStim(__class__=<class 'psychopy.visual.text.TextStim'>, alignHoriz=method-wrapper(...), alignText='center', alignVert=method-wrapper(...), anchorHoriz='center', anchorVert='center', antialias=True, autoDraw=False, autoLog=True, bold=False, color=array([-1., -1., -1.]), colorSpace='rgb', contrast=1.0, depth=-16.0, draggable=False, flipHoriz=False, flipVert=False, font='Open Sans', fontFiles=[], height=0.01, italic=False, languageStyle='LTR', name='text_9', opacity=1.0, ori=0.0, pos=array([ 0.5 , -0.07]), rgb=UNKNOWN, text='writing', units='height', win=Window(...), wrapWidth=1)
9.4875 	EXP 	window1: mouseVisible = True
9.5222 	EXP 	Created Player1 = ImageStim(__class__=<class 'psychopy.visual.image.ImageStim'>, anchor=('center', 'center'), autoLog=True, color=array([1., 1., 1.]), colorSpace='rgb', contrast=1.0, depth=0.0, draggable=False, flipHoriz=False, flipVert=False, image=str(...), interpolate=True, mask=None, maskParams=None, name='Player1', opacity=1.0, ori=0.0, pos=array([-0.4 ,  0.13]), size=array([0.2 , 0.25]), texRes=128.0, units='height', win=Window(...))
9.5223 	EXP 	window1: mouseVisible = True
9.5437 	EXP 	Created cook = ImageStim(__class__=<class 'psychopy.visual.image.ImageStim'>, anchor=('center', 'center'), autoLog=True, color=array([1., 1., 1.]), colorSpace='rgb', contrast=1.0, depth=-1.0, draggable=False, flipHoriz=False, flipVert=False, image=str(...), interpolate=True, mask=None, maskParams=None, name='cook', opacity=1.0, ori=0.0, pos=array([-0.5 , -0.03]), size=array([0.04, 0.04]), texRes=128.0, units='height', win=Window(...))
9.5438 	EXP 	window1: mouseVisible = True
9.5458 	EXP 	Created var_4 = TextStim(__class__=<class 'psychopy.visual.text.TextStim'>, alignHoriz=method-wrapper(...), alignText='center', alignVert=method-wrapper(...), anchorHoriz='center', anchorVert='center', antialias=True, autoDraw=False, autoLog=True, bold=False, color=array([-1., -1., -1.]), colorSpace='rgb', contrast=1.0, depth=-2.0, draggable=False, flipHoriz=False, flipVert=False, font='Open Sans', fontFiles=[], height=0.01, italic=False, languageStyle='LTR', name='var_4', opacity=1.0, ori=0.0, pos=array([-0.5 , -0.08]), rgb=UNKNOWN, text='cooking\n\n', units='height', win=Window(...), wrapWidth=1)
9.5459 	EXP 	window1: mouseVisible = True
9.5655 	EXP 	Created movie_2 = ImageStim(__class__=<class 'psychopy.visual.image.ImageStim'>, anchor=('center', 'center'), autoLog=True, color=array([1., 1., 1.]), colorSpace='rgb', contrast=1.0, depth=-3.0, draggable=False, flipHoriz=False, flipVert=False, image=str(...), interpolate=True, mask=None, maskParams=None, name='movie_2', opacity=1.0, ori=0.0, pos=array([-0.4 , -0.03]), size=array([0.04, 0.04]), texRes=128.0, units='height', win=Window(...))
9.5656 	EXP 	window1: mouseVisible = True
9.5675 	EXP 	Created var_5 = TextStim(__class__=<class 'psychopy.visual.text.TextStim'>, alignHoriz=method-wrapper(...), alignText='center', alignVert=method-wrapper(...), anchorHoriz='center', anchorVert='center', antialias=True, autoDraw=False, autoLog=True, bold=False, color=array([-1., -1., -1.]), colorSpace='rgb', contrast=1.0, depth=-4.0, draggable=False, flipHoriz=False, flipVert=False, font='Open Sans', fontFiles=[], height=0.01, italic=False, languageStyle='LTR', name='var_5', opacity=1.0, ori=0.0, pos=array([-0.3 , -0.07]), rgb=UNKNOWN, text='dancing', units='height', win=Window(...), wrapWidth=1)
9.5675 	EXP 	window1: mouseVisible = True
9.5887 	EXP 	Created dance = ImageStim(__class__=<class 'psychopy.visual.image.ImageStim'>, anchor=('center', 'center'), autoLog=True, color=array([1., 1., 1.]), colorSpace='rgb', contrast=1.0, depth=-5.0, draggable=False, flipHoriz=False, flipVert=False, image=str(...), interpolate=True, mask=None, maskParams=None, name='dance', opacity=1.0, ori=0.0, pos=array([-0.3 , -0.03]), size=array([0.04, 0.04]), texRes=128.0, units='height', win=Window(...))
9.5888 	EXP 	window1: mouseVisible = True
9.5907 	EXP 	Created text = TextStim(__class__=<class 'psychopy.visual.text.TextStim'>, alignHoriz=method-wrapper(...), alignText='center', alignVert=method-wrapper(...), anchorHoriz='center', anchorVert='center', antialias=True, autoDraw=False, autoLog=True, bold=False, color=array([-1., -1., -1.]), colorSpace='rgb', contrast=1.0, depth=-6.0, draggable=False, flipHoriz=False, flipVert=False, font='Open Sans', fontFiles=[], height=0.01, italic=False, languageStyle='LTR', name='text', opacity=1.0, ori=0.0, pos=array([-0.4 , -0.07]), rgb=UNKNOWN, text='movies', units='height', win=Window(...), wrapWidth=1)
9.5908 	EXP 	window1: mouseVisible = True
9.5927 	EXP 	Created p1 = TextStim(__class__=<class 'psychopy.visual.text.TextStim'>, alignHoriz=method-wrapper(...), alignText='center', alignVert=method-wrapper(...), anchorHoriz='center', anchorVert='center', antialias=True, autoDraw=False, autoLog=True, bold=False, color=array([-1., -1., -1.]), colorSpace='rgb', contrast=1.0, depth=-7.0, draggable=False, flipHoriz=False, flipVert=False, font='Consolas', fontFiles=[], height=0.03, italic=False, languageStyle='LTR', name='p1', opacity=1.0, ori=0.0, pos=array([-0.4,  0.3]), rgb=UNKNOWN, text='Player-1\n', units='height', win=Window(...), wrapWidth=1)
9.5928 	EXP 	window1: mouseVisible = True
9.6016 	EXP 	Created yes1 = ImageStim(__class__=<class 'psychopy.visual.image.ImageStim'>, anchor=('center', 'center'), autoLog=True, color=array([1., 1., 1.]), colorSpace='rgb', contrast=1.0, depth=-8.0, draggable=False, flipHoriz=False, flipVert=False, image=str(...), interpolate=True, mask=None, maskParams=None, name='yes1', opacity=1.0, ori=0.0, pos=array([-0.4 ,  0.13]), size=array([0.3, 0.3]), texRes=128.0, units='height', win=Window(...))
9.6017 	EXP 	window1: mouseVisible = True
9.6425 	EXP 	Created Player1_2 = ImageStim(__class__=<class 'psychopy.visual.image.ImageStim'>, anchor=('center', 'center'), autoLog=True, color=array([1., 1., 1.]), colorSpace='rgb', contrast=1.0, depth=0.0, draggable=False, flipHoriz=False, flipVert=False, image=str(...), interpolate=True, mask=None, maskParams=None, name='Player1_2', opacity=1.0, ori=0.0, pos=array([0. , 0.3]), size=array([0.2 , 0.25]), texRes=128.0, units='height', win=Window(...))
9.6426 	EXP 	window1: mouseVisible = True
9.6663 	EXP 	Created cook_2 = ImageStim(__class__=<class 'psychopy.visual.image.ImageStim'>, anchor=('center', 'center'), autoLog=True, color=array([1., 1., 1.]), colorSpace='rgb', contrast=1.0, depth=-1.0, draggable=False, flipHoriz=False, flipVert=False, image=str(...), interpolate=True, mask=None, maskParams=None, name='cook_2', opacity=1.0, ori=0.0, pos=array([-0.13,  0.14]), size=array([0.04, 0.04]), texRes=128.0, units='height', win=Window(...))
9.6664 	EXP 	window1: mouseVisible = True
9.6684 	EXP 	Created var = TextStim(__class__=<class 'psychopy.visual.text.TextStim'>, alignHoriz=method-wrapper(...), alignText='center', alignVert=method-wrapper(...), anchorHoriz='center', anchorVert='center', antialias=True, autoDraw=False, autoLog=True, bold=False, color=array([-1., -1., -1.]), colorSpace='rgb', contrast=1.0, depth=-2.0, draggable=False, flipHoriz=False, flipVert=False, font='Open Sans', fontFiles=[], height=0.01, italic=False, languageStyle='LTR', name='var', opacity=1.0, ori=0.0, pos=array([-0.13 ,  0.095]), rgb=UNKNOWN, text='cooking\n\n', units='height', win=Window(...), wrapWidth=1)
9.6685 	EXP 	window1: mouseVisible = True
9.6931 	EXP 	Created movie_4 = ImageStim(__class__=<class 'psychopy.visual.image.ImageStim'>, anchor=('center', 'center'), autoLog=True, color=array([1., 1., 1.]), colorSpace='rgb', contrast=1.0, depth=-3.0, draggable=False, flipHoriz=False, flipVert=False, image=str(...), interpolate=True, mask=None, maskParams=None, name='movie_4', opacity=1.0, ori=0.0, pos=array([0.  , 0.14]), size=array([0.04, 0.04]), texRes=128.0, units='height', win=Window(...))
9.6932 	EXP 	window1: mouseVisible = True
9.6951 	EXP 	Created var_6 = TextStim(__class__=<class 'psychopy.visual.text.TextStim'>, alignHoriz=method-wrapper(...), alignText='center', alignVert=method-wrapper(...), anchorHoriz='center', anchorVert='center', antialias=True, autoDraw=False, autoLog=True, bold=False, color=array([-1., -1., -1.]), colorSpace='rgb', contrast=1.0, depth=-4.0, draggable=False, flipHoriz=False, flipVert=False, font='Open Sans', fontFiles=[], height=0.01, italic=False, languageStyle='LTR', name='var_6', opacity=1.0, ori=0.0, pos=array([0.13, 0.11]), rgb=UNKNOWN, text='dancing', units='height', win=Window(...), wrapWidth=1)
9.6952 	EXP 	window1: mouseVisible = True
9.7200 	EXP 	Created dance_2 = ImageStim(__class__=<class 'psychopy.visual.image.ImageStim'>, anchor=('center', 'center'), autoLog=True, color=array([1., 1., 1.]), colorSpace='rgb', contrast=1.0, depth=-5.0, draggable=False, flipHoriz=False, flipVert=False, image=str(...), interpolate=True, mask=None, maskParams=None, name='dance_2', opacity=1.0, ori=0.0, pos=array([0.13, 0.14]), size=array([0.04, 0.04]), texRes=128.0, units='height', win=Window(...))
9.7201 	EXP 	window1: mouseVisible = True
9.7222 	EXP 	Created text_13 = TextStim(__class__=<class 'psychopy.visual.text.TextStim'>, alignHoriz=method-wrapper(...), alignText='center', alignVert=method-wrapper(...), anchorHoriz='center', anchorVert='center', antialias=True, autoDraw=False, autoLog=True, bold=False, color=array([-1., -1., -1.]), colorSpace='rgb', contrast=1.0, depth=-6.0, draggable=False, flipHoriz=False, flipVert=False, font='Open Sans', fontFiles=[], height=0.01, italic=False, languageStyle='LTR', name='text_13', opacity=1.0, ori=0.0, pos=array([0.  , 0.11]), rgb=UNKNOWN, text='movies', units='height', win=Window(...), wrapWidth=1)
9.7223 	EXP 	window1: mouseVisible = True
9.7244 	EXP 	Created p1_2 = TextStim(__class__=<class 'psychopy.visual.text.TextStim'>, alignHoriz=method-wrapper(...), alignText='center', alignVert=method-wrapper(...), anchorHoriz='center', anchorVert='center', antialias=True, autoDraw=False, autoLog=True, bold=False, color=array([-1., -1., -1.]), colorSpace='rgb', contrast=1.0, depth=-7.0, draggable=False, flipHoriz=False, flipVert=False, font='Consolas', fontFiles=[], height=0.03, italic=False, languageStyle='LTR', name='p1_2', opacity=1.0, ori=0.0, pos=array([0.  , 0.45]), rgb=UNKNOWN, text='Player-1\n', units='height', win=Window(...), wrapWidth=1)
9.7245 	EXP 	window1: mouseVisible = True
9.7354 	EXP 	Created you = TextStim(__class__=<class 'psychopy.visual.text.TextStim'>, alignHoriz=method-wrapper(...), alignText='center', alignVert=method-wrapper(...), anchorHoriz='center', anchorVert='center', antialias=True, autoDraw=False, autoLog=True, bold=False, color=array([-1., -1., -1.]), colorSpace='rgb', contrast=1.0, depth=-8.0, draggable=False, flipHoriz=False, flipVert=False, font='Consolas', fontFiles=[], height=0.03, italic=False, languageStyle='LTR', name='you', opacity=1.0, ori=0.0, pos=array([0.  , 0.07]), rgb=UNKNOWN, text='You', units='height', win=Window(...), wrapWidth=1)
9.7356 	EXP 	window1: mouseVisible = True
9.7747 	EXP 	Created chatting = ImageStim(__class__=<class 'psychopy.visual.image.ImageStim'>, anchor=('center', 'center'), autoLog=True, color=array([1., 1., 1.]), colorSpace='rgb', contrast=1.0, depth=-9.0, draggable=False, flipHoriz=False, flipVert=False, image=str(...), interpolate=True, mask=None, maskParams=None, name='chatting', opacity=1.0, ori=0.0, pos=array([-0.13, -0.2 ]), size=array([0.04, 0.04]), texRes=128.0, units='height', win=Window(...))
9.7748 	EXP 	window1: mouseVisible = True
9.8320 	EXP 	Created chat = TextStim(__class__=<class 'psychopy.visual.text.TextStim'>, alignHoriz=method-wrapper(...), alignText='center', alignVert=method-wrapper(...), anchorHoriz='center', anchorVert='center', antialias=True, autoDraw=False, autoLog=True, bold=False, color=array([-1., -1., -1.]), colorSpace='rgb', contrast=1.0, depth=-10.0, draggable=False, flipHoriz=False, flipVert=False, font='Open Sans', fontFiles=[], height=0.01, italic=False, languageStyle='LTR', name='chat', opacity=1.0, ori=0.0, pos=array([-0.13, -0.23]), rgb=UNKNOWN, text='chatting', units='height', win=Window(...), wrapWidth=1)
9.8321 	EXP 	window1: mouseVisible = True
9.8475 	EXP 	Created sports = ImageStim(__class__=<class 'psychopy.visual.image.ImageStim'>, anchor=('center', 'center'), autoLog=True, color=array([1., 1., 1.]), colorSpace='rgb', contrast=1.0, depth=-11.0, draggable=False, flipHoriz=False, flipVert=False, image=str(...), interpolate=True, mask=None, maskParams=None, name='sports', opacity=1.0, ori=0.0, pos=array([ 0. , -0.2]), size=array([0.04, 0.04]), texRes=128.0, units='height', win=Window(...))
9.8476 	EXP 	window1: mouseVisible = True
9.8520 	EXP 	Created sport = TextStim(__class__=<class 'psychopy.visual.text.TextStim'>, alignHoriz=method-wrapper(...), alignText='center', alignVert=method-wrapper(...), anchorHoriz='center', anchorVert='center', antialias=True, autoDraw=False, autoLog=True, bold=False, color=array([-1., -1., -1.]), colorSpace='rgb', contrast=1.0, depth=-12.0, draggable=False, flipHoriz=False, flipVert=False, font='Open Sans', fontFiles=[], height=0.01, italic=False, languageStyle='LTR', name='sport', opacity=1.0, ori=0.0, pos=array([ 0.  , -0.23]), rgb=UNKNOWN, text='sports', units='height', win=Window(...), wrapWidth=1)
9.8521 	EXP 	window1: mouseVisible = True
9.8772 	EXP 	Created beach = ImageStim(__class__=<class 'psychopy.visual.image.ImageStim'>, anchor=('center', 'center'), autoLog=True, color=array([1., 1., 1.]), colorSpace='rgb', contrast=1.0, depth=-13.0, draggable=False, flipHoriz=False, flipVert=False, image=str(...), interpolate=True, mask=None, maskParams=None, name='beach', opacity=1.0, ori=0.0, pos=array([ 0.13, -0.2 ]), size=array([0.04, 0.04]), texRes=128.0, units='height', win=Window(...))
9.8774 	EXP 	window1: mouseVisible = True
9.8813 	EXP 	Created beach_txt = TextStim(__class__=<class 'psychopy.visual.text.TextStim'>, alignHoriz=method-wrapper(...), alignText='center', alignVert=method-wrapper(...), anchorHoriz='center', anchorVert='center', antialias=True, autoDraw=False, autoLog=True, bold=False, color=array([-1., -1., -1.]), colorSpace='rgb', contrast=1.0, depth=-14.0, draggable=False, flipHoriz=False, flipVert=False, font='Open Sans', fontFiles=[], height=0.01, italic=False, languageStyle='LTR', name='beach_txt', opacity=1.0, ori=0.0, pos=array([ 0.13, -0.23]), rgb=UNKNOWN, text='beach', units='height', win=Window(...), wrapWidth=1)
9.8814 	EXP 	window1: mouseVisible = True
9.9285 	EXP 	Created participantpic = ImageStim(__class__=<class 'psychopy.visual.image.ImageStim'>, anchor=('center', 'center'), autoLog=True, color=array([1., 1., 1.]), colorSpace='rgb', contrast=1.0, depth=-15.0, draggable=False, flipHoriz=False, flipVert=False, image=str(...), interpolate=True, mask=None, maskParams=None, name='participantpic', opacity=1.0, ori=0.0, pos=array([ 0.   , -0.073]), size=array([0.15, 0.2 ]), texRes=128.0, units='height', win=Window(...))
9.9287 	EXP 	window1: mouseVisible = True
9.9378 	EXP 	Created yess = ImageStim(__class__=<class 'psychopy.visual.image.ImageStim'>, anchor=('center', 'center'), autoLog=True, color=array([1., 1., 1.]), colorSpace='rgb', contrast=1.0, depth=-16.0, draggable=False, flipHoriz=False, flipVert=False, image=str(...), interpolate=True, mask=None, maskParams=None, name='yess', opacity=1.0, ori=0.0, pos=array([ 0.   , -0.073]), size=array([0.2, 0.3]), texRes=128.0, units='height', win=Window(...))
9.9379 	EXP 	window1: mouseVisible = True
9.9829 	EXP 	Created player = ImageStim(__class__=<class 'psychopy.visual.image.ImageStim'>, anchor=('center', 'center'), autoLog=True, color=array([1., 1., 1.]), colorSpace='rgb', contrast=1.0, depth=0.0, draggable=False, flipHoriz=False, flipVert=False, image=str(...), interpolate=True, mask=None, maskParams=None, name='player', opacity=1.0, ori=0.0, pos=array([0.4 , 0.13]), size=array([0.2 , 0.25]), texRes=128.0, units='height', win=Window(...))
9.9831 	EXP 	window1: mouseVisible = True
10.0083 	EXP 	Created fashion_2 = ImageStim(__class__=<class 'psychopy.visual.image.ImageStim'>, anchor=('center', 'center'), autoLog=True, color=array([1., 1., 1.]), colorSpace='rgb', contrast=1.0, depth=-1.0, draggable=False, flipHoriz=False, flipVert=False, image=str(...), interpolate=True, mask=None, maskParams=None, name='fashion_2', opacity=1.0, ori=0.0, pos=array([ 0.3 , -0.03]), size=array([0.04, 0.04]), texRes=128.0, units='height', win=Window(...))
10.0084 	EXP 	window1: mouseVisible = True
10.0107 	EXP 	Created text_10 = TextStim(__class__=<class 'psychopy.visual.text.TextStim'>, alignHoriz=method-wrapper(...), alignText='center', alignVert=method-wrapper(...), anchorHoriz='center', anchorVert='center', antialias=True, autoDraw=False, autoLog=True, bold=False, color=array([-1., -1., -1.]), colorSpace='rgb', contrast=1.0, depth=-2.0, draggable=False, flipHoriz=False, flipVert=False, font='Open Sans', fontFiles=[], height=0.01, italic=False, languageStyle='LTR', name='text_10', opacity=1.0, ori=0.0, pos=array([ 0.3 , -0.07]), rgb=UNKNOWN, text='fashion', units='height', win=Window(...), wrapWidth=1)
10.0108 	EXP 	window1: mouseVisible = True
10.0363 	EXP 	Created movie_3 = ImageStim(__class__=<class 'psychopy.visual.image.ImageStim'>, anchor=('center', 'center'), autoLog=True, color=array([1., 1., 1.]), colorSpace='rgb', contrast=1.0, depth=-3.0, draggable=False, flipHoriz=False, flipVert=False, image=str(...), interpolate=True, mask=None, maskParams=None, name='movie_3', opacity=1.0, ori=0.0, pos=array([ 0.4 , -0.03]), size=array([0.04, 0.04]), texRes=128.0, units='height', win=Window(...))
10.0364 	EXP 	window1: mouseVisible = True
10.0388 	EXP 	Created text_11 = TextStim(__class__=<class 'psychopy.visual.text.TextStim'>, alignHoriz=method-wrapper(...), alignText='center', alignVert=method-wrapper(...), anchorHoriz='center', anchorVert='center', antialias=True, autoDraw=False, autoLog=True, bold=False, color=array([-1., -1., -1.]), colorSpace='rgb', contrast=1.0, depth=-4.0, draggable=False, flipHoriz=False, flipVert=False, font='Open Sans', fontFiles=[], height=0.01, italic=False, languageStyle='LTR', name='text_11', opacity=1.0, ori=0.0, pos=array([ 0.4 , -0.07]), rgb=UNKNOWN, text='movies', units='height', win=Window(...), wrapWidth=1)
10.0389 	EXP 	window1: mouseVisible = True
10.0627 	EXP 	Created writing_2 = ImageStim(__class__=<class 'psychopy.visual.image.ImageStim'>, anchor=('center', 'center'), autoLog=True, color=array([1., 1., 1.]), colorSpace='rgb', contrast=1.0, depth=-5.0, draggable=False, flipHoriz=False, flipVert=False, image=str(...), interpolate=True, mask=None, maskParams=None, name='writing_2', opacity=1.0, ori=0.0, pos=array([ 0.5 , -0.03]), size=array([0.04, 0.04]), texRes=128.0, units='height', win=Window(...))
10.0628 	EXP 	window1: mouseVisible = True
10.0660 	EXP 	Created text_12 = TextStim(__class__=<class 'psychopy.visual.text.TextStim'>, alignHoriz=method-wrapper(...), alignText='center', alignVert=method-wrapper(...), anchorHoriz='center', anchorVert='center', antialias=True, autoDraw=False, autoLog=True, bold=False, color=array([-1., -1., -1.]), colorSpace='rgb', contrast=1.0, depth=-6.0, draggable=False, flipHoriz=False, flipVert=False, font='Open Sans', fontFiles=[], height=0.01, italic=False, languageStyle='LTR', name='text_12', opacity=1.0, ori=0.0, pos=array([ 0.5 , -0.07]), rgb=UNKNOWN, text='writing', units='height', win=Window(...), wrapWidth=1)
10.0661 	EXP 	window1: mouseVisible = True
10.0785 	EXP 	Created yes1_2 = ImageStim(__class__=<class 'psychopy.visual.image.ImageStim'>, anchor=('center', 'center'), autoLog=True, color=array([1., 1., 1.]), colorSpace='rgb', contrast=1.0, depth=-7.0, draggable=False, flipHoriz=False, flipVert=False, image=str(...), interpolate=True, mask=None, maskParams=None, name='yes1_2', opacity=1.0, ori=0.0, pos=array([0.4 , 0.13]), size=array([0.3, 0.3]), texRes=128.0, units='height', win=Window(...))
10.0786 	EXP 	window1: mouseVisible = True
10.0813 	EXP 	Created text_14 = TextStim(__class__=<class 'psychopy.visual.text.TextStim'>, alignHoriz=method-wrapper(...), alignText='center', alignVert=method-wrapper(...), anchorHoriz='center', anchorVert='center', antialias=True, autoDraw=False, autoLog=True, bold=False, color=array([-1., -1., -1.]), colorSpace='rgb', contrast=1.0, depth=-8.0, draggable=False, flipHoriz=False, flipVert=False, font='Consolas', fontFiles=[], height=0.03, italic=False, languageStyle='LTR', name='text_14', opacity=1.0, ori=0.0, pos=array([0.4, 0.3]), rgb=UNKNOWN, text='Player-2\n', units='height', win=Window(...), wrapWidth=1)
10.0814 	EXP 	window1: mouseVisible = True
10.1262 	EXP 	Created Player2_4 = ImageStim(__class__=<class 'psychopy.visual.image.ImageStim'>, anchor=('center', 'center'), autoLog=True, color=array([1., 1., 1.]), colorSpace='rgb', contrast=1.0, depth=0.0, draggable=False, flipHoriz=False, flipVert=False, image=str(...), interpolate=True, mask=None, maskParams=None, name='Player2_4', opacity=1.0, ori=0.0, pos=array([0. , 0.3]), size=array([0.2 , 0.25]), texRes=128.0, units='height', win=Window(...))
10.1262 	EXP 	window1: mouseVisible = True
10.1449 	EXP 	Created fashion_3 = ImageStim(__class__=<class 'psychopy.visual.image.ImageStim'>, anchor=('center', 'center'), autoLog=True, color=array([1., 1., 1.]), colorSpace='rgb', contrast=1.0, depth=-1.0, draggable=False, flipHoriz=False, flipVert=False, image=str(...), interpolate=True, mask=None, maskParams=None, name='fashion_3', opacity=1.0, ori=0.0, pos=array([-0.13,  0.14]), size=array([0.04, 0.04]), texRes=128.0, units='height', win=Window(...))
10.1450 	EXP 	window1: mouseVisible = True
10.1471 	EXP 	Created var_2 = TextStim(__class__=<class 'psychopy.visual.text.TextStim'>, alignHoriz=method-wrapper(...), alignText='center', alignVert=method-wrapper(...), anchorHoriz='center', anchorVert='center', antialias=True, autoDraw=False, autoLog=True, bold=False, color=array([-1., -1., -1.]), colorSpace='rgb', contrast=1.0, depth=-2.0, draggable=False, flipHoriz=False, flipVert=False, font='Open Sans', fontFiles=[], height=0.01, italic=False, languageStyle='LTR', name='var_2', opacity=1.0, ori=0.0, pos=array([-0.13 ,  0.095]), rgb=UNKNOWN, text='fashion\n\n\n', units='height', win=Window(...), wrapWidth=1)
10.1472 	EXP 	window1: mouseVisible = True
10.1653 	EXP 	Created movie_5 = ImageStim(__class__=<class 'psychopy.visual.image.ImageStim'>, anchor=('center', 'center'), autoLog=True, color=array([1., 1., 1.]), colorSpace='rgb', contrast=1.0, depth=-3.0, draggable=False, flipHoriz=False, flipVert=False, image=str(...), interpolate=True, mask=None, maskParams=None, name='movie_5', opacity=1.0, ori=0.0, pos=array([0.  , 0.14]), size=array([0.04, 0.04]), texRes=128.0, units='height', win=Window(...))
10.1654 	EXP 	window1: mouseVisible = True
10.1674 	EXP 	Created var_7 = TextStim(__class__=<class 'psychopy.visual.text.TextStim'>, alignHoriz=method-wrapper(...), alignText='center', alignVert=method-wrapper(...), anchorHoriz='center', anchorVert='center', antialias=True, autoDraw=False, autoLog=True, bold=False, color=array([-1., -1., -1.]), colorSpace='rgb', contrast=1.0, depth=-4.0, draggable=False, flipHoriz=False, flipVert=False, font='Open Sans', fontFiles=[], height=0.01, italic=False, languageStyle='LTR', name='var_7', opacity=1.0, ori=0.0, pos=array([0.13, 0.11]), rgb=UNKNOWN, text='dancing', units='height', win=Window(...), wrapWidth=1)
10.1674 	EXP 	window1: mouseVisible = True
10.1888 	EXP 	Created writ = ImageStim(__class__=<class 'psychopy.visual.image.ImageStim'>, anchor=('center', 'center'), autoLog=True, color=array([1., 1., 1.]), colorSpace='rgb', contrast=1.0, depth=-5.0, draggable=False, flipHoriz=False, flipVert=False, image=str(...), interpolate=True, mask=None, maskParams=None, name='writ', opacity=1.0, ori=0.0, pos=array([0.13, 0.14]), size=array([0.04, 0.04]), texRes=128.0, units='height', win=Window(...))
10.1889 	EXP 	window1: mouseVisible = True
10.1908 	EXP 	Created text_31 = TextStim(__class__=<class 'psychopy.visual.text.TextStim'>, alignHoriz=method-wrapper(...), alignText='center', alignVert=method-wrapper(...), anchorHoriz='center', anchorVert='center', antialias=True, autoDraw=False, autoLog=True, bold=False, color=array([-1., -1., -1.]), colorSpace='rgb', contrast=1.0, depth=-6.0, draggable=False, flipHoriz=False, flipVert=False, font='Open Sans', fontFiles=[], height=0.01, italic=False, languageStyle='LTR', name='text_31', opacity=1.0, ori=0.0, pos=array([0.  , 0.11]), rgb=UNKNOWN, text='writing', units='height', win=Window(...), wrapWidth=1)
10.1909 	EXP 	window1: mouseVisible = True
10.1928 	EXP 	Created p1_4 = TextStim(__class__=<class 'psychopy.visual.text.TextStim'>, alignHoriz=method-wrapper(...), alignText='center', alignVert=method-wrapper(...), anchorHoriz='center', anchorVert='center', antialias=True, autoDraw=False, autoLog=True, bold=False, color=array([-1., -1., -1.]), colorSpace='rgb', contrast=1.0, depth=-7.0, draggable=False, flipHoriz=False, flipVert=False, font='Consolas', fontFiles=[], height=0.03, italic=False, languageStyle='LTR', name='p1_4', opacity=1.0, ori=0.0, pos=array([0.  , 0.45]), rgb=UNKNOWN, text='Player-2\n\n', units='height', win=Window(...), wrapWidth=1)
10.1929 	EXP 	window1: mouseVisible = True
10.1945 	EXP 	Created you_2 = TextStim(__class__=<class 'psychopy.visual.text.TextStim'>, alignHoriz=method-wrapper(...), alignText='center', alignVert=method-wrapper(...), anchorHoriz='center', anchorVert='center', antialias=True, autoDraw=False, autoLog=True, bold=False, color=array([-1., -1., -1.]), colorSpace='rgb', contrast=1.0, depth=-8.0, draggable=False, flipHoriz=False, flipVert=False, font='Consolas', fontFiles=[], height=0.03, italic=False, languageStyle='LTR', name='you_2', opacity=1.0, ori=0.0, pos=array([0.  , 0.07]), rgb=UNKNOWN, text='You', units='height', win=Window(...), wrapWidth=1)
10.1946 	EXP 	window1: mouseVisible = True
10.2153 	EXP 	Created chatting_2 = ImageStim(__class__=<class 'psychopy.visual.image.ImageStim'>, anchor=('center', 'center'), autoLog=True, color=array([1., 1., 1.]), colorSpace='rgb', contrast=1.0, depth=-9.0, draggable=False, flipHoriz=False, flipVert=False, image=str(...), interpolate=True, mask=None, maskParams=None, name='chatting_2', opacity=1.0, ori=0.0, pos=array([-0.13, -0.2 ]), size=array([0.04, 0.04]), texRes=128.0, units='height', win=Window(...))
10.2154 	EXP 	window1: mouseVisible = True
10.2173 	EXP 	Created chat_2 = TextStim(__class__=<class 'psychopy.visual.text.TextStim'>, alignHoriz=method-wrapper(...), alignText='center', alignVert=method-wrapper(...), anchorHoriz='center', anchorVert='center', antialias=True, autoDraw=False, autoLog=True, bold=False, color=array([-1., -1., -1.]), colorSpace='rgb', contrast=1.0, depth=-10.0, draggable=False, flipHoriz=False, flipVert=False, font='Open Sans', fontFiles=[], height=0.01, italic=False, languageStyle='LTR', name='chat_2', opacity=1.0, ori=0.0, pos=array([-0.13, -0.23]), rgb=UNKNOWN, text='chatting', units='height', win=Window(...), wrapWidth=1)
10.2174 	EXP 	window1: mouseVisible = True
10.2276 	EXP 	Created sports_2 = ImageStim(__class__=<class 'psychopy.visual.image.ImageStim'>, anchor=('center', 'center'), autoLog=True, color=array([1., 1., 1.]), colorSpace='rgb', contrast=1.0, depth=-11.0, draggable=False, flipHoriz=False, flipVert=False, image=str(...), interpolate=True, mask=None, maskParams=None, name='sports_2', opacity=1.0, ori=0.0, pos=array([ 0. , -0.2]), size=array([0.04, 0.04]), texRes=128.0, units='height', win=Window(...))
10.2277 	EXP 	window1: mouseVisible = True
10.2297 	EXP 	Created sport_2 = TextStim(__class__=<class 'psychopy.visual.text.TextStim'>, alignHoriz=method-wrapper(...), alignText='center', alignVert=method-wrapper(...), anchorHoriz='center', anchorVert='center', antialias=True, autoDraw=False, autoLog=True, bold=False, color=array([-1., -1., -1.]), colorSpace='rgb', contrast=1.0, depth=-12.0, draggable=False, flipHoriz=False, flipVert=False, font='Open Sans', fontFiles=[], height=0.01, italic=False, languageStyle='LTR', name='sport_2', opacity=1.0, ori=0.0, pos=array([ 0.  , -0.23]), rgb=UNKNOWN, text='sports', units='height', win=Window(...), wrapWidth=1)
10.2298 	EXP 	window1: mouseVisible = True
10.2540 	EXP 	Created beach_2 = ImageStim(__class__=<class 'psychopy.visual.image.ImageStim'>, anchor=('center', 'center'), autoLog=True, color=array([1., 1., 1.]), colorSpace='rgb', contrast=1.0, depth=-13.0, draggable=False, flipHoriz=False, flipVert=False, image=str(...), interpolate=True, mask=None, maskParams=None, name='beach_2', opacity=1.0, ori=0.0, pos=array([ 0.13, -0.2 ]), size=array([0.04, 0.04]), texRes=128.0, units='height', win=Window(...))
10.2541 	EXP 	window1: mouseVisible = True
10.2982 	EXP 	Created participantpic_5 = ImageStim(__class__=<class 'psychopy.visual.image.ImageStim'>, anchor=('center', 'center'), autoLog=True, color=array([1., 1., 1.]), colorSpace='rgb', contrast=1.0, depth=-14.0, draggable=False, flipHoriz=False, flipVert=False, image=str(...), interpolate=True, mask=None, maskParams=None, name='participantpic_5', opacity=1.0, ori=0.0, pos=array([ 0.   , -0.073]), size=array([0.15, 0.2 ]), texRes=128.0, units='height', win=Window(...))
10.2983 	EXP 	window1: mouseVisible = True
10.3004 	EXP 	Created beach_txt_2 = TextStim(__class__=<class 'psychopy.visual.text.TextStim'>, alignHoriz=method-wrapper(...), alignText='center', alignVert=method-wrapper(...), anchorHoriz='center', anchorVert='center', antialias=True, autoDraw=False, autoLog=True, bold=False, color=array([-1., -1., -1.]), colorSpace='rgb', contrast=1.0, depth=-15.0, draggable=False, flipHoriz=False, flipVert=False, font='Open Sans', fontFiles=[], height=0.01, italic=False, languageStyle='LTR', name='beach_txt_2', opacity=1.0, ori=0.0, pos=array([ 0.13, -0.23]), rgb=UNKNOWN, text='beach', units='height', win=Window(...), wrapWidth=1)
10.3005 	EXP 	window1: mouseVisible = True
10.3109 	EXP 	Created yes = ImageStim(__class__=<class 'psychopy.visual.image.ImageStim'>, anchor=('center', 'center'), autoLog=True, color=array([1., 1., 1.]), colorSpace='rgb', contrast=1.0, depth=-16.0, draggable=False, flipHoriz=False, flipVert=False, image=str(...), interpolate=True, mask=None, maskParams=None, name='yes', opacity=1.0, ori=0.0, pos=array([ 0.   , -0.073]), size=array([0.2, 0.3]), texRes=128.0, units='height', win=Window(...))
10.3111 	EXP 	window1: mouseVisible = True
10.3121 	EXP 	Created polygon = Rect(__class__=<class 'psychopy.visual.rect.Rect'>, anchor=('center', 'center'), autoDraw=False, autoLog=True, closeShape=True, color=method-wrapper(...), colorSpace='rgb', contrast=None, depth=0.0, draggable=False, fillColor=array([-1., -1., -1.]), fillColorSpace='rgb', fillRGB=array([-1., -1., -1.]), interpolate=True, lineColor=array([-1., -1., -1.]), lineColorSpace='rgb', lineRGB=array([-1., -1., -1.]), lineWidth=1.0, name='polygon', opacity=1.0, ori=0.0, pos=array([0., 0.]), size=array([4., 4.]), units='height', vertices=ndarray(...), win=Window(...))
10.3122 	EXP 	window1: mouseVisible = True
10.3251 	EXP 	Created text_16 = TextStim(__class__=<class 'psychopy.visual.text.TextStim'>, alignHoriz=method-wrapper(...), alignText='center', alignVert=method-wrapper(...), anchorHoriz='center', anchorVert='center', antialias=True, autoDraw=False, autoLog=True, bold=False, color=array([1., 1., 1.]), colorSpace='rgb', contrast=1.0, depth=-1.0, draggable=False, flipHoriz=False, flipVert=False, font='Open Sans', fontFiles=[], height=0.06, italic=False, languageStyle='LTR', name='text_16', opacity=1.0, ori=0.0, pos=array([0., 0.]), rgb=UNKNOWN, text='+', units='height', win=Window(...), wrapWidth=1)
10.3253 	EXP 	window1: mouseVisible = True
10.3557 	EXP 	Created Who_2 = TextStim(__class__=<class 'psychopy.visual.text.TextStim'>, alignHoriz=method-wrapper(...), alignText='center', alignVert=method-wrapper(...), anchorHoriz='center', anchorVert='center', antialias=True, autoDraw=False, autoLog=True, bold=False, color=array([-1., -1., -1.]), colorSpace='rgb', contrast=1.0, depth=0.0, draggable=False, flipHoriz=False, flipVert=False, font='Courier New', fontFiles=[], height=0.04, italic=False, languageStyle='LTR', name='Who_2', opacity=1.0, ori=0.0, pos=array([0.  , 0.38]), rgb=UNKNOWN, text='Who do you want to be friends with? \n\n', units='height', win=Window(...), wrapWidth=1)
10.3558 	EXP 	window1: mouseVisible = True
10.3611 	EXP 	Created text_15 = TextStim(__class__=<class 'psychopy.visual.text.TextStim'>, alignHoriz=method-wrapper(...), alignText='center', alignVert=method-wrapper(...), anchorHoriz='center', anchorVert='center', antialias=True, autoDraw=False, autoLog=True, bold=False, color=array([-1., -1., -1.]), colorSpace='rgb', contrast=1.0, depth=-1.0, draggable=False, flipHoriz=False, flipVert=False, font='Consolas', fontFiles=[], height=0.03, italic=False, languageStyle='LTR', name='text_15', opacity=1.0, ori=0.0, pos=array([-0.4,  0.3]), rgb=UNKNOWN, text='Player-1\n', units='height', win=Window(...), wrapWidth=1)
10.3612 	EXP 	window1: mouseVisible = True
10.3643 	EXP 	Created text_17 = TextStim(__class__=<class 'psychopy.visual.text.TextStim'>, alignHoriz=method-wrapper(...), alignText='center', alignVert=method-wrapper(...), anchorHoriz='center', anchorVert='center', antialias=True, autoDraw=False, autoLog=True, bold=False, color=array([-1., -1., -1.]), colorSpace='rgb', contrast=1.0, depth=-2.0, draggable=False, flipHoriz=False, flipVert=False, font='Consolas', fontFiles=[], height=0.03, italic=False, languageStyle='LTR', name='text_17', opacity=1.0, ori=0.0, pos=array([0.4, 0.3]), rgb=UNKNOWN, text='Player-2\n', units='height', win=Window(...), wrapWidth=1)
10.3644 	EXP 	window1: mouseVisible = True
10.4096 	EXP 	Created Player1demo_2 = ImageStim(__class__=<class 'psychopy.visual.image.ImageStim'>, anchor=('center', 'center'), autoLog=True, color=array([1., 1., 1.]), colorSpace='rgb', contrast=1.0, depth=-3.0, draggable=False, flipHoriz=False, flipVert=False, image=str(...), interpolate=True, mask=None, maskParams=None, name='Player1demo_2', opacity=1.0, ori=0.0, pos=array([-0.4 ,  0.13]), size=array([0.2 , 0.25]), texRes=128.0, units='height', win=Window(...))
10.4097 	EXP 	window1: mouseVisible = True
10.4519 	EXP 	Created Player2demo_2 = ImageStim(__class__=<class 'psychopy.visual.image.ImageStim'>, anchor=('center', 'center'), autoLog=True, color=array([1., 1., 1.]), colorSpace='rgb', contrast=1.0, depth=-4.0, draggable=False, flipHoriz=False, flipVert=False, image=str(...), interpolate=True, mask=None, maskParams=None, name='Player2demo_2', opacity=1.0, ori=0.0, pos=array([0.4 , 0.13]), size=array([0.2 , 0.25]), texRes=128.0, units='height', win=Window(...))
10.4520 	EXP 	window1: mouseVisible = True
10.4776 	EXP 	Created writingpic = ImageStim(__class__=<class 'psychopy.visual.image.ImageStim'>, anchor=('center', 'center'), autoLog=True, color=array([1., 1., 1.]), colorSpace='rgb', contrast=1.0, depth=-5.0, draggable=False, flipHoriz=False, flipVert=False, image=str(...), interpolate=True, mask=None, maskParams=None, name='writingpic', opacity=1.0, ori=0.0, pos=array([-0.5 , -0.03]), size=array([0.04, 0.04]), texRes=128.0, units='height', win=Window(...))
10.4777 	EXP 	window1: mouseVisible = True
10.4938 	EXP 	Created text_18 = TextStim(__class__=<class 'psychopy.visual.text.TextStim'>, alignHoriz=method-wrapper(...), alignText='center', alignVert=method-wrapper(...), anchorHoriz='center', anchorVert='center', antialias=True, autoDraw=False, autoLog=True, bold=False, color=array([-1., -1., -1.]), colorSpace='rgb', contrast=1.0, depth=-6.0, draggable=False, flipHoriz=False, flipVert=False, font='Open Sans', fontFiles=[], height=0.01, italic=False, languageStyle='LTR', name='text_18', opacity=1.0, ori=0.0, pos=array([-0.5 , -0.08]), rgb=UNKNOWN, text='writing\n\n', units='height', win=Window(...), wrapWidth=1)
10.4939 	EXP 	window1: mouseVisible = True
10.5191 	EXP 	Created instruments = ImageStim(__class__=<class 'psychopy.visual.image.ImageStim'>, anchor=('center', 'center'), autoLog=True, color=array([1., 1., 1.]), colorSpace='rgb', contrast=1.0, depth=-7.0, draggable=False, flipHoriz=False, flipVert=False, image=str(...), interpolate=True, mask=None, maskParams=None, name='instruments', opacity=1.0, ori=0.0, pos=array([-0.4 , -0.03]), size=array([0.04, 0.04]), texRes=128.0, units='height', win=Window(...))
10.5192 	EXP 	window1: mouseVisible = True
10.5246 	EXP 	Created text_20 = TextStim(__class__=<class 'psychopy.visual.text.TextStim'>, alignHoriz=method-wrapper(...), alignText='center', alignVert=method-wrapper(...), anchorHoriz='center', anchorVert='center', antialias=True, autoDraw=False, autoLog=True, bold=False, color=array([-1., -1., -1.]), colorSpace='rgb', contrast=1.0, depth=-8.0, draggable=False, flipHoriz=False, flipVert=False, font='Open Sans', fontFiles=[], height=0.01, italic=False, languageStyle='LTR', name='text_20', opacity=1.0, ori=0.0, pos=array([-0.4 , -0.07]), rgb=UNKNOWN, text='instruments', units='height', win=Window(...), wrapWidth=1)
10.5247 	EXP 	window1: mouseVisible = True
10.5429 	EXP 	Created knitting = ImageStim(__class__=<class 'psychopy.visual.image.ImageStim'>, anchor=('center', 'center'), autoLog=True, color=array([1., 1., 1.]), colorSpace='rgb', contrast=1.0, depth=-9.0, draggable=False, flipHoriz=False, flipVert=False, image=str(...), interpolate=True, mask=None, maskParams=None, name='knitting', opacity=1.0, ori=0.0, pos=array([-0.3 , -0.03]), size=array([0.04, 0.04]), texRes=128.0, units='height', win=Window(...))
10.5430 	EXP 	window1: mouseVisible = True
10.5466 	EXP 	Created text_19 = TextStim(__class__=<class 'psychopy.visual.text.TextStim'>, alignHoriz=method-wrapper(...), alignText='center', alignVert=method-wrapper(...), anchorHoriz='center', anchorVert='center', antialias=True, autoDraw=False, autoLog=True, bold=False, color=array([-1., -1., -1.]), colorSpace='rgb', contrast=1.0, depth=-10.0, draggable=False, flipHoriz=False, flipVert=False, font='Open Sans', fontFiles=[], height=0.01, italic=False, languageStyle='LTR', name='text_19', opacity=1.0, ori=0.0, pos=array([-0.3 , -0.07]), rgb=UNKNOWN, text='knitting', units='height', win=Window(...), wrapWidth=1)
10.5467 	EXP 	window1: mouseVisible = True
10.5664 	EXP 	Created beachpic = ImageStim(__class__=<class 'psychopy.visual.image.ImageStim'>, anchor=('center', 'center'), autoLog=True, color=array([1., 1., 1.]), colorSpace='rgb', contrast=1.0, depth=-11.0, draggable=False, flipHoriz=False, flipVert=False, image=str(...), interpolate=True, mask=None, maskParams=None, name='beachpic', opacity=1.0, ori=0.0, pos=array([ 0.3 , -0.03]), size=array([0.04, 0.04]), texRes=128.0, units='height', win=Window(...))
10.5665 	EXP 	window1: mouseVisible = True
10.5851 	EXP 	Created writingpic2 = ImageStim(__class__=<class 'psychopy.visual.image.ImageStim'>, anchor=('center', 'center'), autoLog=True, color=array([1., 1., 1.]), colorSpace='rgb', contrast=1.0, depth=-12.0, draggable=False, flipHoriz=False, flipVert=False, image=str(...), interpolate=True, mask=None, maskParams=None, name='writingpic2', opacity=1.0, ori=0.0, pos=array([ 0.4 , -0.03]), size=array([0.04, 0.04]), texRes=128.0, units='height', win=Window(...))
10.5852 	EXP 	window1: mouseVisible = True
10.5887 	EXP 	Created text_22 = TextStim(__class__=<class 'psychopy.visual.text.TextStim'>, alignHoriz=method-wrapper(...), alignText='center', alignVert=method-wrapper(...), anchorHoriz='center', anchorVert='center', antialias=True, autoDraw=False, autoLog=True, bold=False, color=array([-1., -1., -1.]), colorSpace='rgb', contrast=1.0, depth=-13.0, draggable=False, flipHoriz=False, flipVert=False, font='Open Sans', fontFiles=[], height=0.01, italic=False, languageStyle='LTR', name='text_22', opacity=1.0, ori=0.0, pos=array([ 0.4 , -0.08]), rgb=UNKNOWN, text='writing\n', units='height', win=Window(...), wrapWidth=1)
10.5888 	EXP 	window1: mouseVisible = True
10.6087 	EXP 	Created cycling = ImageStim(__class__=<class 'psychopy.visual.image.ImageStim'>, anchor=('center', 'center'), autoLog=True, color=array([1., 1., 1.]), colorSpace='rgb', contrast=1.0, depth=-14.0, draggable=False, flipHoriz=False, flipVert=False, image=str(...), interpolate=True, mask=None, maskParams=None, name='cycling', opacity=1.0, ori=0.0, pos=array([ 0.5 , -0.03]), size=array([0.04, 0.04]), texRes=128.0, units='height', win=Window(...))
10.6088 	EXP 	window1: mouseVisible = True
10.6130 	EXP 	Created text_23 = TextStim(__class__=<class 'psychopy.visual.text.TextStim'>, alignHoriz=method-wrapper(...), alignText='center', alignVert=method-wrapper(...), anchorHoriz='center', anchorVert='center', antialias=True, autoDraw=False, autoLog=True, bold=False, color=array([-1., -1., -1.]), colorSpace='rgb', contrast=1.0, depth=-15.0, draggable=False, flipHoriz=False, flipVert=False, font='Open Sans', fontFiles=[], height=0.01, italic=False, languageStyle='LTR', name='text_23', opacity=1.0, ori=0.0, pos=array([ 0.5 , -0.07]), rgb=UNKNOWN, text='cycling', units='height', win=Window(...), wrapWidth=1)
10.6131 	EXP 	window1: mouseVisible = True
10.6161 	EXP 	Created text_24 = TextStim(__class__=<class 'psychopy.visual.text.TextStim'>, alignHoriz=method-wrapper(...), alignText='center', alignVert=method-wrapper(...), anchorHoriz='center', anchorVert='center', antialias=True, autoDraw=False, autoLog=True, bold=False, color=array([-1., -1., -1.]), colorSpace='rgb', contrast=1.0, depth=-17.0, draggable=False, flipHoriz=False, flipVert=False, font='Open Sans', fontFiles=[], height=0.01, italic=False, languageStyle='LTR', name='text_24', opacity=1.0, ori=0.0, pos=array([ 0.3 , -0.07]), rgb=UNKNOWN, text='beach', units='height', win=Window(...), wrapWidth=1)
10.6162 	EXP 	window1: mouseVisible = True
10.6186 	EXP 	Created p1_3 = TextStim(__class__=<class 'psychopy.visual.text.TextStim'>, alignHoriz=method-wrapper(...), alignText='center', alignVert=method-wrapper(...), anchorHoriz='center', anchorVert='center', antialias=True, autoDraw=False, autoLog=True, bold=False, color=array([-1., -1., -1.]), colorSpace='rgb', contrast=1.0, depth=0.0, draggable=False, flipHoriz=False, flipVert=False, font='Consolas', fontFiles=[], height=0.03, italic=False, languageStyle='LTR', name='p1_3', opacity=1.0, ori=0.0, pos=array([-0.4,  0.3]), rgb=UNKNOWN, text='Player-1\n', units='height', win=Window(...), wrapWidth=1)
10.6186 	EXP 	window1: mouseVisible = True
10.6525 	EXP 	Created Player1_3 = ImageStim(__class__=<class 'psychopy.visual.image.ImageStim'>, anchor=('center', 'center'), autoLog=True, color=array([1., 1., 1.]), colorSpace='rgb', contrast=1.0, depth=-1.0, draggable=False, flipHoriz=False, flipVert=False, image=str(...), interpolate=True, mask=None, maskParams=None, name='Player1_3', opacity=1.0, ori=0.0, pos=array([-0.4 ,  0.13]), size=array([0.2 , 0.25]), texRes=128.0, units='height', win=Window(...))
10.6526 	EXP 	window1: mouseVisible = True
10.6725 	EXP 	Created writingpic_2 = ImageStim(__class__=<class 'psychopy.visual.image.ImageStim'>, anchor=('center', 'center'), autoLog=True, color=array([1., 1., 1.]), colorSpace='rgb', contrast=1.0, depth=-2.0, draggable=False, flipHoriz=False, flipVert=False, image=str(...), interpolate=True, mask=None, maskParams=None, name='writingpic_2', opacity=1.0, ori=0.0, pos=array([-0.5 , -0.03]), size=array([0.04, 0.04]), texRes=128.0, units='height', win=Window(...))
10.6726 	EXP 	window1: mouseVisible = True
10.6747 	EXP 	Created text_28 = TextStim(__class__=<class 'psychopy.visual.text.TextStim'>, alignHoriz=method-wrapper(...), alignText='center', alignVert=method-wrapper(...), anchorHoriz='center', anchorVert='center', antialias=True, autoDraw=False, autoLog=True, bold=False, color=array([-1., -1., -1.]), colorSpace='rgb', contrast=1.0, depth=-3.0, draggable=False, flipHoriz=False, flipVert=False, font='Open Sans', fontFiles=[], height=0.01, italic=False, languageStyle='LTR', name='text_28', opacity=1.0, ori=0.0, pos=array([-0.5 , -0.08]), rgb=UNKNOWN, text='writing\n\n', units='height', win=Window(...), wrapWidth=1)
10.6747 	EXP 	window1: mouseVisible = True
10.6948 	EXP 	Created instruments_2 = ImageStim(__class__=<class 'psychopy.visual.image.ImageStim'>, anchor=('center', 'center'), autoLog=True, color=array([1., 1., 1.]), colorSpace='rgb', contrast=1.0, depth=-4.0, draggable=False, flipHoriz=False, flipVert=False, image=str(...), interpolate=True, mask=None, maskParams=None, name='instruments_2', opacity=1.0, ori=0.0, pos=array([-0.4 , -0.03]), size=array([0.04, 0.04]), texRes=128.0, units='height', win=Window(...))
10.6949 	EXP 	window1: mouseVisible = True
10.6970 	EXP 	Created text_29 = TextStim(__class__=<class 'psychopy.visual.text.TextStim'>, alignHoriz=method-wrapper(...), alignText='center', alignVert=method-wrapper(...), anchorHoriz='center', anchorVert='center', antialias=True, autoDraw=False, autoLog=True, bold=False, color=array([-1., -1., -1.]), colorSpace='rgb', contrast=1.0, depth=-5.0, draggable=False, flipHoriz=False, flipVert=False, font='Open Sans', fontFiles=[], height=0.01, italic=False, languageStyle='LTR', name='text_29', opacity=1.0, ori=0.0, pos=array([-0.4 , -0.07]), rgb=UNKNOWN, text='instruments', units='height', win=Window(...), wrapWidth=1)
10.6971 	EXP 	window1: mouseVisible = True
10.7148 	EXP 	Created knitting_2 = ImageStim(__class__=<class 'psychopy.visual.image.ImageStim'>, anchor=('center', 'center'), autoLog=True, color=array([1., 1., 1.]), colorSpace='rgb', contrast=1.0, depth=-6.0, draggable=False, flipHoriz=False, flipVert=False, image=str(...), interpolate=True, mask=None, maskParams=None, name='knitting_2', opacity=1.0, ori=0.0, pos=array([-0.3 , -0.03]), size=array([0.04, 0.04]), texRes=128.0, units='height', win=Window(...))
10.7149 	EXP 	window1: mouseVisible = True
10.7221 	EXP 	Created yes1_4 = ImageStim(__class__=<class 'psychopy.visual.image.ImageStim'>, anchor=('center', 'center'), autoLog=True, color=array([1., 1., 1.]), colorSpace='rgb', contrast=1.0, depth=-7.0, draggable=False, flipHoriz=False, flipVert=False, image=str(...), interpolate=True, mask=None, maskParams=None, name='yes1_4', opacity=1.0, ori=0.0, pos=array([-0.4 ,  0.13]), size=array([0.3, 0.3]), texRes=128.0, units='height', win=Window(...))
10.7222 	EXP 	window1: mouseVisible = True
10.7271 	EXP 	Created text_37 = TextStim(__class__=<class 'psychopy.visual.text.TextStim'>, alignHoriz=method-wrapper(...), alignText='center', alignVert=method-wrapper(...), anchorHoriz='center', anchorVert='center', antialias=True, autoDraw=False, autoLog=True, bold=False, color=array([-1., -1., -1.]), colorSpace='rgb', contrast=1.0, depth=-8.0, draggable=False, flipHoriz=False, flipVert=False, font='Open Sans', fontFiles=[], height=0.01, italic=False, languageStyle='LTR', name='text_37', opacity=1.0, ori=0.0, pos=array([-0.4 , -0.07]), rgb=UNKNOWN, text='movies', units='height', win=Window(...), wrapWidth=1)
10.7275 	EXP 	window1: mouseVisible = True
10.7359 	EXP 	Created text_38 = TextStim(__class__=<class 'psychopy.visual.text.TextStim'>, alignHoriz=method-wrapper(...), alignText='center', alignVert=method-wrapper(...), anchorHoriz='center', anchorVert='center', antialias=True, autoDraw=False, autoLog=True, bold=False, color=array([-1., -1., -1.]), colorSpace='rgb', contrast=1.0, depth=-9.0, draggable=False, flipHoriz=False, flipVert=False, font='Open Sans', fontFiles=[], height=0.01, italic=False, languageStyle='LTR', name='text_38', opacity=1.0, ori=0.0, pos=array([-0.3 , -0.07]), rgb=UNKNOWN, text='knitting', units='height', win=Window(...), wrapWidth=1)
10.7361 	EXP 	window1: mouseVisible = True
10.7755 	EXP 	Created Player1_5 = ImageStim(__class__=<class 'psychopy.visual.image.ImageStim'>, anchor=('center', 'center'), autoLog=True, color=array([1., 1., 1.]), colorSpace='rgb', contrast=1.0, depth=0.0, draggable=False, flipHoriz=False, flipVert=False, image=str(...), interpolate=True, mask=None, maskParams=None, name='Player1_5', opacity=1.0, ori=0.0, pos=array([0. , 0.3]), size=array([0.2 , 0.25]), texRes=128.0, units='height', win=Window(...))
10.7757 	EXP 	window1: mouseVisible = True
10.7985 	EXP 	Created writt = ImageStim(__class__=<class 'psychopy.visual.image.ImageStim'>, anchor=('center', 'center'), autoLog=True, color=array([1., 1., 1.]), colorSpace='rgb', contrast=1.0, depth=-1.0, draggable=False, flipHoriz=False, flipVert=False, image=str(...), interpolate=True, mask=None, maskParams=None, name='writt', opacity=1.0, ori=0.0, pos=array([-0.13,  0.14]), size=array([0.04, 0.04]), texRes=128.0, units='height', win=Window(...))
10.7986 	EXP 	window1: mouseVisible = True
10.8011 	EXP 	Created var_3 = TextStim(__class__=<class 'psychopy.visual.text.TextStim'>, alignHoriz=method-wrapper(...), alignText='center', alignVert=method-wrapper(...), anchorHoriz='center', anchorVert='center', antialias=True, autoDraw=False, autoLog=True, bold=False, color=array([-1., -1., -1.]), colorSpace='rgb', contrast=1.0, depth=-2.0, draggable=False, flipHoriz=False, flipVert=False, font='Open Sans', fontFiles=[], height=0.01, italic=False, languageStyle='LTR', name='var_3', opacity=1.0, ori=0.0, pos=array([-0.13 ,  0.095]), rgb=UNKNOWN, text='writing\n', units='height', win=Window(...), wrapWidth=1)
10.8012 	EXP 	window1: mouseVisible = True
10.8258 	EXP 	Created piano = ImageStim(__class__=<class 'psychopy.visual.image.ImageStim'>, anchor=('center', 'center'), autoLog=True, color=array([1., 1., 1.]), colorSpace='rgb', contrast=1.0, depth=-3.0, draggable=False, flipHoriz=False, flipVert=False, image=str(...), interpolate=True, mask=None, maskParams=None, name='piano', opacity=1.0, ori=0.0, pos=array([0.  , 0.14]), size=array([0.04, 0.04]), texRes=128.0, units='height', win=Window(...))
10.8259 	EXP 	window1: mouseVisible = True
10.8283 	EXP 	Created var_8 = TextStim(__class__=<class 'psychopy.visual.text.TextStim'>, alignHoriz=method-wrapper(...), alignText='center', alignVert=method-wrapper(...), anchorHoriz='center', anchorVert='center', antialias=True, autoDraw=False, autoLog=True, bold=False, color=array([-1., -1., -1.]), colorSpace='rgb', contrast=1.0, depth=-4.0, draggable=False, flipHoriz=False, flipVert=False, font='Open Sans', fontFiles=[], height=0.01, italic=False, languageStyle='LTR', name='var_8', opacity=1.0, ori=0.0, pos=array([0.13, 0.11]), rgb=UNKNOWN, text='instruments\n', units='height', win=Window(...), wrapWidth=1)
10.8284 	EXP 	window1: mouseVisible = True
10.8547 	EXP 	Created knittingg = ImageStim(__class__=<class 'psychopy.visual.image.ImageStim'>, anchor=('center', 'center'), autoLog=True, color=array([1., 1., 1.]), colorSpace='rgb', contrast=1.0, depth=-5.0, draggable=False, flipHoriz=False, flipVert=False, image=str(...), interpolate=True, mask=None, maskParams=None, name='knittingg', opacity=1.0, ori=0.0, pos=array([0.13, 0.14]), size=array([0.04, 0.04]), texRes=128.0, units='height', win=Window(...))
10.8548 	EXP 	window1: mouseVisible = True
10.8571 	EXP 	Created text_32 = TextStim(__class__=<class 'psychopy.visual.text.TextStim'>, alignHoriz=method-wrapper(...), alignText='center', alignVert=method-wrapper(...), anchorHoriz='center', anchorVert='center', antialias=True, autoDraw=False, autoLog=True, bold=False, color=array([-1., -1., -1.]), colorSpace='rgb', contrast=1.0, depth=-6.0, draggable=False, flipHoriz=False, flipVert=False, font='Open Sans', fontFiles=[], height=0.01, italic=False, languageStyle='LTR', name='text_32', opacity=1.0, ori=0.0, pos=array([0.  , 0.11]), rgb=UNKNOWN, text='knitting', units='height', win=Window(...), wrapWidth=1)
10.8572 	EXP 	window1: mouseVisible = True
10.8592 	EXP 	Created p1_5 = TextStim(__class__=<class 'psychopy.visual.text.TextStim'>, alignHoriz=method-wrapper(...), alignText='center', alignVert=method-wrapper(...), anchorHoriz='center', anchorVert='center', antialias=True, autoDraw=False, autoLog=True, bold=False, color=array([-1., -1., -1.]), colorSpace='rgb', contrast=1.0, depth=-7.0, draggable=False, flipHoriz=False, flipVert=False, font='Consolas', fontFiles=[], height=0.03, italic=False, languageStyle='LTR', name='p1_5', opacity=1.0, ori=0.0, pos=array([0.  , 0.45]), rgb=UNKNOWN, text='Player-1\n', units='height', win=Window(...), wrapWidth=1)
10.8592 	EXP 	window1: mouseVisible = True
10.8692 	EXP 	Created you_3 = TextStim(__class__=<class 'psychopy.visual.text.TextStim'>, alignHoriz=method-wrapper(...), alignText='center', alignVert=method-wrapper(...), anchorHoriz='center', anchorVert='center', antialias=True, autoDraw=False, autoLog=True, bold=False, color=array([-1., -1., -1.]), colorSpace='rgb', contrast=1.0, depth=-8.0, draggable=False, flipHoriz=False, flipVert=False, font='Consolas', fontFiles=[], height=0.03, italic=False, languageStyle='LTR', name='you_3', opacity=1.0, ori=0.0, pos=array([0.  , 0.07]), rgb=UNKNOWN, text='You', units='height', win=Window(...), wrapWidth=1)
10.8698 	EXP 	window1: mouseVisible = True
10.8945 	EXP 	Created chatting_3 = ImageStim(__class__=<class 'psychopy.visual.image.ImageStim'>, anchor=('center', 'center'), autoLog=True, color=array([1., 1., 1.]), colorSpace='rgb', contrast=1.0, depth=-9.0, draggable=False, flipHoriz=False, flipVert=False, image=str(...), interpolate=True, mask=None, maskParams=None, name='chatting_3', opacity=1.0, ori=0.0, pos=array([-0.13, -0.2 ]), size=array([0.04, 0.04]), texRes=128.0, units='height', win=Window(...))
10.8947 	EXP 	window1: mouseVisible = True
10.8970 	EXP 	Created chat_3 = TextStim(__class__=<class 'psychopy.visual.text.TextStim'>, alignHoriz=method-wrapper(...), alignText='center', alignVert=method-wrapper(...), anchorHoriz='center', anchorVert='center', antialias=True, autoDraw=False, autoLog=True, bold=False, color=array([-1., -1., -1.]), colorSpace='rgb', contrast=1.0, depth=-10.0, draggable=False, flipHoriz=False, flipVert=False, font='Open Sans', fontFiles=[], height=0.01, italic=False, languageStyle='LTR', name='chat_3', opacity=1.0, ori=0.0, pos=array([-0.13, -0.23]), rgb=UNKNOWN, text='chatting', units='height', win=Window(...), wrapWidth=1)
10.8971 	EXP 	window1: mouseVisible = True
10.9082 	EXP 	Created sports_3 = ImageStim(__class__=<class 'psychopy.visual.image.ImageStim'>, anchor=('center', 'center'), autoLog=True, color=array([1., 1., 1.]), colorSpace='rgb', contrast=1.0, depth=-11.0, draggable=False, flipHoriz=False, flipVert=False, image=str(...), interpolate=True, mask=None, maskParams=None, name='sports_3', opacity=1.0, ori=0.0, pos=array([ 0. , -0.2]), size=array([0.04, 0.04]), texRes=128.0, units='height', win=Window(...))
10.9083 	EXP 	window1: mouseVisible = True
10.9125 	EXP 	Created sport_3 = TextStim(__class__=<class 'psychopy.visual.text.TextStim'>, alignHoriz=method-wrapper(...), alignText='center', alignVert=method-wrapper(...), anchorHoriz='center', anchorVert='center', antialias=True, autoDraw=False, autoLog=True, bold=False, color=array([-1., -1., -1.]), colorSpace='rgb', contrast=1.0, depth=-12.0, draggable=False, flipHoriz=False, flipVert=False, font='Open Sans', fontFiles=[], height=0.01, italic=False, languageStyle='LTR', name='sport_3', opacity=1.0, ori=0.0, pos=array([ 0.  , -0.23]), rgb=UNKNOWN, text='sports', units='height', win=Window(...), wrapWidth=1)
10.9126 	EXP 	window1: mouseVisible = True
10.9378 	EXP 	Created beach_3 = ImageStim(__class__=<class 'psychopy.visual.image.ImageStim'>, anchor=('center', 'center'), autoLog=True, color=array([1., 1., 1.]), colorSpace='rgb', contrast=1.0, depth=-13.0, draggable=False, flipHoriz=False, flipVert=False, image=str(...), interpolate=True, mask=None, maskParams=None, name='beach_3', opacity=1.0, ori=0.0, pos=array([ 0.13, -0.2 ]), size=array([0.04, 0.04]), texRes=128.0, units='height', win=Window(...))
10.9379 	EXP 	window1: mouseVisible = True
10.9397 	EXP 	Created beach_txt_3 = TextStim(__class__=<class 'psychopy.visual.text.TextStim'>, alignHoriz=method-wrapper(...), alignText='center', alignVert=method-wrapper(...), anchorHoriz='center', anchorVert='center', antialias=True, autoDraw=False, autoLog=True, bold=False, color=array([-1., -1., -1.]), colorSpace='rgb', contrast=1.0, depth=-14.0, draggable=False, flipHoriz=False, flipVert=False, font='Open Sans', fontFiles=[], height=0.01, italic=False, languageStyle='LTR', name='beach_txt_3', opacity=1.0, ori=0.0, pos=array([ 0.13, -0.23]), rgb=UNKNOWN, text='beach', units='height', win=Window(...), wrapWidth=1)
10.9398 	EXP 	window1: mouseVisible = True
10.9721 	EXP 	Created participantpic_6 = ImageStim(__class__=<class 'psychopy.visual.image.ImageStim'>, anchor=('center', 'center'), autoLog=True, color=array([1., 1., 1.]), colorSpace='rgb', contrast=1.0, depth=-15.0, draggable=False, flipHoriz=False, flipVert=False, image=str(...), interpolate=True, mask=None, maskParams=None, name='participantpic_6', opacity=1.0, ori=0.0, pos=array([ 0.   , -0.073]), size=array([0.15, 0.2 ]), texRes=128.0, units='height', win=Window(...))
10.9722 	EXP 	window1: mouseVisible = True
10.9827 	EXP 	Created no_3 = ImageStim(__class__=<class 'psychopy.visual.image.ImageStim'>, anchor=('center', 'center'), autoLog=True, color=array([1., 1., 1.]), colorSpace='rgb', contrast=1.0, depth=-16.0, draggable=False, flipHoriz=False, flipVert=False, image=str(...), interpolate=True, mask=None, maskParams=None, name='no_3', opacity=1.0, ori=0.0, pos=array([ 0.   , -0.073]), size=array([0.2, 0.3]), texRes=128.0, units='height', win=Window(...))
10.9828 	EXP 	window1: mouseVisible = True
10.9869 	EXP 	Created text_27 = TextStim(__class__=<class 'psychopy.visual.text.TextStim'>, alignHoriz=method-wrapper(...), alignText='center', alignVert=method-wrapper(...), anchorHoriz='center', anchorVert='center', antialias=True, autoDraw=False, autoLog=True, bold=False, color=array([-1., -1., -1.]), colorSpace='rgb', contrast=1.0, depth=0.0, draggable=False, flipHoriz=False, flipVert=False, font='Consolas', fontFiles=[], height=0.03, italic=False, languageStyle='LTR', name='text_27', opacity=1.0, ori=0.0, pos=array([0.4, 0.3]), rgb=UNKNOWN, text='Player-2\n', units='height', win=Window(...), wrapWidth=1)
10.9871 	EXP 	window1: mouseVisible = True
11.0233 	EXP 	Created player_3 = ImageStim(__class__=<class 'psychopy.visual.image.ImageStim'>, anchor=('center', 'center'), autoLog=True, color=array([1., 1., 1.]), colorSpace='rgb', contrast=1.0, depth=-1.0, draggable=False, flipHoriz=False, flipVert=False, image=str(...), interpolate=True, mask=None, maskParams=None, name='player_3', opacity=1.0, ori=0.0, pos=array([0.4 , 0.13]), size=array([0.2 , 0.25]), texRes=128.0, units='height', win=Window(...))
11.0234 	EXP 	window1: mouseVisible = True
11.0413 	EXP 	Created beachpic_2 = ImageStim(__class__=<class 'psychopy.visual.image.ImageStim'>, anchor=('center', 'center'), autoLog=True, color=array([1., 1., 1.]), colorSpace='rgb', contrast=1.0, depth=-2.0, draggable=False, flipHoriz=False, flipVert=False, image=str(...), interpolate=True, mask=None, maskParams=None, name='beachpic_2', opacity=1.0, ori=0.0, pos=array([ 0.3 , -0.03]), size=array([0.04, 0.04]), texRes=128.0, units='height', win=Window(...))
11.0414 	EXP 	window1: mouseVisible = True
11.0434 	EXP 	Created text_25 = TextStim(__class__=<class 'psychopy.visual.text.TextStim'>, alignHoriz=method-wrapper(...), alignText='center', alignVert=method-wrapper(...), anchorHoriz='center', anchorVert='center', antialias=True, autoDraw=False, autoLog=True, bold=False, color=array([-1., -1., -1.]), colorSpace='rgb', contrast=1.0, depth=-3.0, draggable=False, flipHoriz=False, flipVert=False, font='Open Sans', fontFiles=[], height=0.01, italic=False, languageStyle='LTR', name='text_25', opacity=1.0, ori=0.0, pos=array([ 0.3 , -0.07]), rgb=UNKNOWN, text='beach', units='height', win=Window(...), wrapWidth=1)
11.0434 	EXP 	window1: mouseVisible = True
11.0617 	EXP 	Created writingpic2_2 = ImageStim(__class__=<class 'psychopy.visual.image.ImageStim'>, anchor=('center', 'center'), autoLog=True, color=array([1., 1., 1.]), colorSpace='rgb', contrast=1.0, depth=-4.0, draggable=False, flipHoriz=False, flipVert=False, image=str(...), interpolate=True, mask=None, maskParams=None, name='writingpic2_2', opacity=1.0, ori=0.0, pos=array([ 0.4 , -0.03]), size=array([0.04, 0.04]), texRes=128.0, units='height', win=Window(...))
11.0619 	EXP 	window1: mouseVisible = True
11.0639 	EXP 	Created text_26 = TextStim(__class__=<class 'psychopy.visual.text.TextStim'>, alignHoriz=method-wrapper(...), alignText='center', alignVert=method-wrapper(...), anchorHoriz='center', anchorVert='center', antialias=True, autoDraw=False, autoLog=True, bold=False, color=array([-1., -1., -1.]), colorSpace='rgb', contrast=1.0, depth=-5.0, draggable=False, flipHoriz=False, flipVert=False, font='Open Sans', fontFiles=[], height=0.01, italic=False, languageStyle='LTR', name='text_26', opacity=1.0, ori=0.0, pos=array([ 0.4 , -0.08]), rgb=UNKNOWN, text='writing\n', units='height', win=Window(...), wrapWidth=1)
11.0640 	EXP 	window1: mouseVisible = True
11.0831 	EXP 	Created cycling_2 = ImageStim(__class__=<class 'psychopy.visual.image.ImageStim'>, anchor=('center', 'center'), autoLog=True, color=array([1., 1., 1.]), colorSpace='rgb', contrast=1.0, depth=-6.0, draggable=False, flipHoriz=False, flipVert=False, image=str(...), interpolate=True, mask=None, maskParams=None, name='cycling_2', opacity=1.0, ori=0.0, pos=array([ 0.5 , -0.03]), size=array([0.04, 0.04]), texRes=128.0, units='height', win=Window(...))
11.0832 	EXP 	window1: mouseVisible = True
11.0852 	EXP 	Created text_30 = TextStim(__class__=<class 'psychopy.visual.text.TextStim'>, alignHoriz=method-wrapper(...), alignText='center', alignVert=method-wrapper(...), anchorHoriz='center', anchorVert='center', antialias=True, autoDraw=False, autoLog=True, bold=False, color=array([-1., -1., -1.]), colorSpace='rgb', contrast=1.0, depth=-7.0, draggable=False, flipHoriz=False, flipVert=False, font='Open Sans', fontFiles=[], height=0.01, italic=False, languageStyle='LTR', name='text_30', opacity=1.0, ori=0.0, pos=array([ 0.5 , -0.07]), rgb=UNKNOWN, text='cycling', units='height', win=Window(...), wrapWidth=1)
11.0853 	EXP 	window1: mouseVisible = True
11.0925 	EXP 	Created yes1_3 = ImageStim(__class__=<class 'psychopy.visual.image.ImageStim'>, anchor=('center', 'center'), autoLog=True, color=array([1., 1., 1.]), colorSpace='rgb', contrast=1.0, depth=-8.0, draggable=False, flipHoriz=False, flipVert=False, image=str(...), interpolate=True, mask=None, maskParams=None, name='yes1_3', opacity=1.0, ori=0.0, pos=array([0.4 , 0.13]), size=array([0.3, 0.3]), texRes=128.0, units='height', win=Window(...))
11.0925 	EXP 	window1: mouseVisible = True
11.1257 	EXP 	Created Player1_6 = ImageStim(__class__=<class 'psychopy.visual.image.ImageStim'>, anchor=('center', 'center'), autoLog=True, color=array([1., 1., 1.]), colorSpace='rgb', contrast=1.0, depth=0.0, draggable=False, flipHoriz=False, flipVert=False, image=str(...), interpolate=True, mask=None, maskParams=None, name='Player1_6', opacity=1.0, ori=0.0, pos=array([0. , 0.3]), size=array([0.2 , 0.25]), texRes=128.0, units='height', win=Window(...))
11.1258 	EXP 	window1: mouseVisible = True
11.1440 	EXP 	Created cook_5 = ImageStim(__class__=<class 'psychopy.visual.image.ImageStim'>, anchor=('center', 'center'), autoLog=True, color=array([1., 1., 1.]), colorSpace='rgb', contrast=1.0, depth=-1.0, draggable=False, flipHoriz=False, flipVert=False, image=str(...), interpolate=True, mask=None, maskParams=None, name='cook_5', opacity=1.0, ori=0.0, pos=array([-0.13,  0.14]), size=array([0.04, 0.04]), texRes=128.0, units='height', win=Window(...))
11.1441 	EXP 	window1: mouseVisible = True
11.1460 	EXP 	Created var_9 = TextStim(__class__=<class 'psychopy.visual.text.TextStim'>, alignHoriz=method-wrapper(...), alignText='center', alignVert=method-wrapper(...), anchorHoriz='center', anchorVert='center', antialias=True, autoDraw=False, autoLog=True, bold=False, color=array([-1., -1., -1.]), colorSpace='rgb', contrast=1.0, depth=-2.0, draggable=False, flipHoriz=False, flipVert=False, font='Open Sans', fontFiles=[], height=0.01, italic=False, languageStyle='LTR', name='var_9', opacity=1.0, ori=0.0, pos=array([-0.13 ,  0.095]), rgb=UNKNOWN, text='cooking\n\n', units='height', win=Window(...), wrapWidth=1)
11.1460 	EXP 	window1: mouseVisible = True
11.1645 	EXP 	Created movie_7 = ImageStim(__class__=<class 'psychopy.visual.image.ImageStim'>, anchor=('center', 'center'), autoLog=True, color=array([1., 1., 1.]), colorSpace='rgb', contrast=1.0, depth=-3.0, draggable=False, flipHoriz=False, flipVert=False, image=str(...), interpolate=True, mask=None, maskParams=None, name='movie_7', opacity=1.0, ori=0.0, pos=array([0.  , 0.14]), size=array([0.04, 0.04]), texRes=128.0, units='height', win=Window(...))
11.1646 	EXP 	window1: mouseVisible = True
11.1689 	EXP 	Created var_10 = TextStim(__class__=<class 'psychopy.visual.text.TextStim'>, alignHoriz=method-wrapper(...), alignText='center', alignVert=method-wrapper(...), anchorHoriz='center', anchorVert='center', antialias=True, autoDraw=False, autoLog=True, bold=False, color=array([-1., -1., -1.]), colorSpace='rgb', contrast=1.0, depth=-4.0, draggable=False, flipHoriz=False, flipVert=False, font='Open Sans', fontFiles=[], height=0.01, italic=False, languageStyle='LTR', name='var_10', opacity=1.0, ori=0.0, pos=array([0.13, 0.11]), rgb=UNKNOWN, text='dancing', units='height', win=Window(...), wrapWidth=1)
11.1691 	EXP 	window1: mouseVisible = True
11.1909 	EXP 	Created dance_5 = ImageStim(__class__=<class 'psychopy.visual.image.ImageStim'>, anchor=('center', 'center'), autoLog=True, color=array([1., 1., 1.]), colorSpace='rgb', contrast=1.0, depth=-5.0, draggable=False, flipHoriz=False, flipVert=False, image=str(...), interpolate=True, mask=None, maskParams=None, name='dance_5', opacity=1.0, ori=0.0, pos=array([0.13, 0.14]), size=array([0.04, 0.04]), texRes=128.0, units='height', win=Window(...))
11.1910 	EXP 	window1: mouseVisible = True
11.1929 	EXP 	Created text_33 = TextStim(__class__=<class 'psychopy.visual.text.TextStim'>, alignHoriz=method-wrapper(...), alignText='center', alignVert=method-wrapper(...), anchorHoriz='center', anchorVert='center', antialias=True, autoDraw=False, autoLog=True, bold=False, color=array([-1., -1., -1.]), colorSpace='rgb', contrast=1.0, depth=-6.0, draggable=False, flipHoriz=False, flipVert=False, font='Open Sans', fontFiles=[], height=0.01, italic=False, languageStyle='LTR', name='text_33', opacity=1.0, ori=0.0, pos=array([0.  , 0.11]), rgb=UNKNOWN, text='movies', units='height', win=Window(...), wrapWidth=1)
11.1930 	EXP 	window1: mouseVisible = True
11.1948 	EXP 	Created p1_6 = TextStim(__class__=<class 'psychopy.visual.text.TextStim'>, alignHoriz=method-wrapper(...), alignText='center', alignVert=method-wrapper(...), anchorHoriz='center', anchorVert='center', antialias=True, autoDraw=False, autoLog=True, bold=False, color=array([-1., -1., -1.]), colorSpace='rgb', contrast=1.0, depth=-7.0, draggable=False, flipHoriz=False, flipVert=False, font='Consolas', fontFiles=[], height=0.03, italic=False, languageStyle='LTR', name='p1_6', opacity=1.0, ori=0.0, pos=array([0.  , 0.45]), rgb=UNKNOWN, text='Player-2\n', units='height', win=Window(...), wrapWidth=1)
11.1948 	EXP 	window1: mouseVisible = True
11.1964 	EXP 	Created you_4 = TextStim(__class__=<class 'psychopy.visual.text.TextStim'>, alignHoriz=method-wrapper(...), alignText='center', alignVert=method-wrapper(...), anchorHoriz='center', anchorVert='center', antialias=True, autoDraw=False, autoLog=True, bold=False, color=array([-1., -1., -1.]), colorSpace='rgb', contrast=1.0, depth=-8.0, draggable=False, flipHoriz=False, flipVert=False, font='Consolas', fontFiles=[], height=0.03, italic=False, languageStyle='LTR', name='you_4', opacity=1.0, ori=0.0, pos=array([0.  , 0.07]), rgb=UNKNOWN, text='You', units='height', win=Window(...), wrapWidth=1)
11.1965 	EXP 	window1: mouseVisible = True
11.2147 	EXP 	Created chatting_4 = ImageStim(__class__=<class 'psychopy.visual.image.ImageStim'>, anchor=('center', 'center'), autoLog=True, color=array([1., 1., 1.]), colorSpace='rgb', contrast=1.0, depth=-9.0, draggable=False, flipHoriz=False, flipVert=False, image=str(...), interpolate=True, mask=None, maskParams=None, name='chatting_4', opacity=1.0, ori=0.0, pos=array([-0.13, -0.2 ]), size=array([0.04, 0.04]), texRes=128.0, units='height', win=Window(...))
11.2148 	EXP 	window1: mouseVisible = True
11.2168 	EXP 	Created chat_4 = TextStim(__class__=<class 'psychopy.visual.text.TextStim'>, alignHoriz=method-wrapper(...), alignText='center', alignVert=method-wrapper(...), anchorHoriz='center', anchorVert='center', antialias=True, autoDraw=False, autoLog=True, bold=False, color=array([-1., -1., -1.]), colorSpace='rgb', contrast=1.0, depth=-10.0, draggable=False, flipHoriz=False, flipVert=False, font='Open Sans', fontFiles=[], height=0.01, italic=False, languageStyle='LTR', name='chat_4', opacity=1.0, ori=0.0, pos=array([-0.13, -0.23]), rgb=UNKNOWN, text='chatting', units='height', win=Window(...), wrapWidth=1)
11.2168 	EXP 	window1: mouseVisible = True
11.2264 	EXP 	Created sports_4 = ImageStim(__class__=<class 'psychopy.visual.image.ImageStim'>, anchor=('center', 'center'), autoLog=True, color=array([1., 1., 1.]), colorSpace='rgb', contrast=1.0, depth=-11.0, draggable=False, flipHoriz=False, flipVert=False, image=str(...), interpolate=True, mask=None, maskParams=None, name='sports_4', opacity=1.0, ori=0.0, pos=array([ 0. , -0.2]), size=array([0.04, 0.04]), texRes=128.0, units='height', win=Window(...))
11.2265 	EXP 	window1: mouseVisible = True
11.2289 	EXP 	Created sport_4 = TextStim(__class__=<class 'psychopy.visual.text.TextStim'>, alignHoriz=method-wrapper(...), alignText='center', alignVert=method-wrapper(...), anchorHoriz='center', anchorVert='center', antialias=True, autoDraw=False, autoLog=True, bold=False, color=array([-1., -1., -1.]), colorSpace='rgb', contrast=1.0, depth=-12.0, draggable=False, flipHoriz=False, flipVert=False, font='Open Sans', fontFiles=[], height=0.01, italic=False, languageStyle='LTR', name='sport_4', opacity=1.0, ori=0.0, pos=array([ 0.  , -0.23]), rgb=UNKNOWN, text='sports', units='height', win=Window(...), wrapWidth=1)
11.2289 	EXP 	window1: mouseVisible = True
11.2498 	EXP 	Created beach_4 = ImageStim(__class__=<class 'psychopy.visual.image.ImageStim'>, anchor=('center', 'center'), autoLog=True, color=array([1., 1., 1.]), colorSpace='rgb', contrast=1.0, depth=-13.0, draggable=False, flipHoriz=False, flipVert=False, image=str(...), interpolate=True, mask=None, maskParams=None, name='beach_4', opacity=1.0, ori=0.0, pos=array([ 0.13, -0.2 ]), size=array([0.04, 0.04]), texRes=128.0, units='height', win=Window(...))
11.2500 	EXP 	window1: mouseVisible = True
11.2519 	EXP 	Created beach_txt_4 = TextStim(__class__=<class 'psychopy.visual.text.TextStim'>, alignHoriz=method-wrapper(...), alignText='center', alignVert=method-wrapper(...), anchorHoriz='center', anchorVert='center', antialias=True, autoDraw=False, autoLog=True, bold=False, color=array([-1., -1., -1.]), colorSpace='rgb', contrast=1.0, depth=-14.0, draggable=False, flipHoriz=False, flipVert=False, font='Open Sans', fontFiles=[], height=0.01, italic=False, languageStyle='LTR', name='beach_txt_4', opacity=1.0, ori=0.0, pos=array([ 0.13, -0.23]), rgb=UNKNOWN, text='beach', units='height', win=Window(...), wrapWidth=1)
11.2519 	EXP 	window1: mouseVisible = True
11.2856 	EXP 	Created participantpic_2 = ImageStim(__class__=<class 'psychopy.visual.image.ImageStim'>, anchor=('center', 'center'), autoLog=True, color=array([1., 1., 1.]), colorSpace='rgb', contrast=1.0, depth=-15.0, draggable=False, flipHoriz=False, flipVert=False, image=str(...), interpolate=True, mask=None, maskParams=None, name='participantpic_2', opacity=1.0, ori=0.0, pos=array([ 0.   , -0.073]), size=array([0.15, 0.2 ]), texRes=128.0, units='height', win=Window(...))
11.2856 	EXP 	window1: mouseVisible = True
11.2928 	EXP 	Created no_4 = ImageStim(__class__=<class 'psychopy.visual.image.ImageStim'>, anchor=('center', 'center'), autoLog=True, color=array([1., 1., 1.]), colorSpace='rgb', contrast=1.0, depth=-16.0, draggable=False, flipHoriz=False, flipVert=False, image=str(...), interpolate=True, mask=None, maskParams=None, name='no_4', opacity=1.0, ori=0.0, pos=array([ 0.   , -0.073]), size=array([0.2, 0.3]), texRes=128.0, units='height', win=Window(...))
11.2929 	EXP 	window1: mouseVisible = True
11.2939 	EXP 	Created polygon_2 = Rect(__class__=<class 'psychopy.visual.rect.Rect'>, anchor=('center', 'center'), autoDraw=False, autoLog=True, closeShape=True, color=method-wrapper(...), colorSpace='rgb', contrast=None, depth=0.0, draggable=False, fillColor=array([-1., -1., -1.]), fillColorSpace='rgb', fillRGB=array([-1., -1., -1.]), interpolate=True, lineColor=array([-1., -1., -1.]), lineColorSpace='rgb', lineRGB=array([-1., -1., -1.]), lineWidth=1.0, name='polygon_2', opacity=1.0, ori=0.0, pos=array([0., 0.]), size=array([4., 4.]), units='height', vertices=ndarray(...), win=Window(...))
11.2940 	EXP 	window1: mouseVisible = True
11.3021 	EXP 	Created text_36 = TextStim(__class__=<class 'psychopy.visual.text.TextStim'>, alignHoriz=method-wrapper(...), alignText='center', alignVert=method-wrapper(...), anchorHoriz='center', anchorVert='center', antialias=True, autoDraw=False, autoLog=True, bold=False, color=array([1., 1., 1.]), colorSpace='rgb', contrast=1.0, depth=-1.0, draggable=False, flipHoriz=False, flipVert=False, font='Open Sans', fontFiles=[], height=0.06, italic=False, languageStyle='LTR', name='text_36', opacity=1.0, ori=0.0, pos=array([0., 0.]), rgb=UNKNOWN, text='+', units='height', win=Window(...), wrapWidth=1)
0.0122 	EXP 	wel: autoDraw = True
1.5933 	DATA 	Keypress: space
1.6010 	EXP 	wel: autoDraw = False
1.6010 	EXP 	Who: autoDraw = True
1.6010 	EXP 	text_2: autoDraw = True
1.6010 	EXP 	text_3: autoDraw = True
1.6010 	EXP 	Player1demo: autoDraw = True
1.6010 	EXP 	Player2demo: autoDraw = True
1.6010 	EXP 	cooking: autoDraw = True
1.6010 	EXP 	text_4: autoDraw = True
1.6010 	EXP 	movies: autoDraw = True
1.6010 	EXP 	text_5: autoDraw = True
1.6010 	EXP 	dancing: autoDraw = True
1.6010 	EXP 	text_6: autoDraw = True
1.6010 	EXP 	fashion: autoDraw = True
1.6010 	EXP 	text_7: autoDraw = True
1.6010 	EXP 	movie: autoDraw = True
1.6010 	EXP 	text_8: autoDraw = True
1.6010 	EXP 	writing: autoDraw = True
1.6010 	EXP 	text_9: autoDraw = True
4.5183 	DATA 	Keypress: n
4.5504 	EXP 	Who: autoDraw = False
4.5504 	EXP 	text_2: autoDraw = False
4.5504 	EXP 	text_3: autoDraw = False
4.5504 	EXP 	Player1demo: autoDraw = False
4.5504 	EXP 	Player2demo: autoDraw = False
4.5504 	EXP 	cooking: autoDraw = False
4.5504 	EXP 	text_4: autoDraw = False
4.5504 	EXP 	movies: autoDraw = False
4.5504 	EXP 	text_5: autoDraw = False
4.5504 	EXP 	dancing: autoDraw = False
4.5504 	EXP 	text_6: autoDraw = False
4.5504 	EXP 	fashion: autoDraw = False
4.5504 	EXP 	text_7: autoDraw = False
4.5504 	EXP 	movie: autoDraw = False
4.5504 	EXP 	text_8: autoDraw = False
4.5504 	EXP 	writing: autoDraw = False
4.5504 	EXP 	text_9: autoDraw = False
4.5504 	EXP 	Player1: autoDraw = True
4.5504 	EXP 	cook: autoDraw = True
4.5504 	EXP 	var_4: autoDraw = True
4.5504 	EXP 	movie_2: autoDraw = True
4.5504 	EXP 	var_5: autoDraw = True
4.5504 	EXP 	dance: autoDraw = True
4.5504 	EXP 	text: autoDraw = True
4.5504 	EXP 	p1: autoDraw = True
4.5504 	EXP 	yes1: autoDraw = True
6.0335 	EXP 	Player1: autoDraw = False
6.0335 	EXP 	cook: autoDraw = False
6.0335 	EXP 	var_4: autoDraw = False
6.0335 	EXP 	movie_2: autoDraw = False
6.0335 	EXP 	var_5: autoDraw = False
6.0335 	EXP 	dance: autoDraw = False
6.0335 	EXP 	text: autoDraw = False
6.0335 	EXP 	p1: autoDraw = False
6.0335 	EXP 	yes1: autoDraw = False
6.0335 	EXP 	Player1_2: autoDraw = True
6.0335 	EXP 	cook_2: autoDraw = True
6.0335 	EXP 	var: autoDraw = True
6.0335 	EXP 	movie_4: autoDraw = True
6.0335 	EXP 	var_6: autoDraw = True
6.0335 	EXP 	dance_2: autoDraw = True
6.0335 	EXP 	text_13: autoDraw = True
6.0335 	EXP 	p1_2: autoDraw = True
7.0172 	EXP 	you: autoDraw = True
7.0172 	EXP 	chatting: autoDraw = True
7.0172 	EXP 	chat: autoDraw = True
7.0172 	EXP 	sports: autoDraw = True
7.0172 	EXP 	sport: autoDraw = True
7.0172 	EXP 	beach: autoDraw = True
7.0172 	EXP 	beach_txt: autoDraw = True
7.0172 	EXP 	participantpic: autoDraw = True
8.5143 	EXP 	yess: autoDraw = True
10.5172 	EXP 	Player1_2: autoDraw = False
10.5172 	EXP 	cook_2: autoDraw = False
10.5172 	EXP 	var: autoDraw = False
10.5172 	EXP 	movie_4: autoDraw = False
10.5172 	EXP 	var_6: autoDraw = False
10.5172 	EXP 	dance_2: autoDraw = False
10.5172 	EXP 	text_13: autoDraw = False
10.5172 	EXP 	p1_2: autoDraw = False
10.5172 	EXP 	you: autoDraw = False
10.5172 	EXP 	chatting: autoDraw = False
10.5172 	EXP 	chat: autoDraw = False
10.5172 	EXP 	sports: autoDraw = False
10.5172 	EXP 	sport: autoDraw = False
10.5172 	EXP 	beach: autoDraw = False
10.5172 	EXP 	beach_txt: autoDraw = False
10.5172 	EXP 	participantpic: autoDraw = False
10.5172 	EXP 	yess: autoDraw = False
10.5172 	EXP 	player: autoDraw = False
10.5172 	EXP 	fashion_2: autoDraw = False
10.5172 	EXP 	text_10: autoDraw = False
10.5172 	EXP 	movie_3: autoDraw = False
10.5172 	EXP 	text_11: autoDraw = False
10.5172 	EXP 	writing_2: autoDraw = False
10.5172 	EXP 	text_12: autoDraw = False
10.5172 	EXP 	yes1_2: autoDraw = False
10.5172 	EXP 	text_14: autoDraw = False
10.5172 	EXP 	Player2_4: autoDraw = False
10.5172 	EXP 	fashion_3: autoDraw = False
10.5172 	EXP 	var_2: autoDraw = False
10.5172 	EXP 	movie_5: autoDraw = False
10.5172 	EXP 	var_7: autoDraw = False
10.5172 	EXP 	writ: autoDraw = False
10.5172 	EXP 	text_31: autoDraw = False
10.5172 	EXP 	p1_4: autoDraw = False
10.5172 	EXP 	you_2: autoDraw = False
10.5172 	EXP 	chatting_2: autoDraw = False
10.5172 	EXP 	chat_2: autoDraw = False
10.5172 	EXP 	sports_2: autoDraw = False
10.5172 	EXP 	sport_2: autoDraw = False
10.5172 	EXP 	beach_2: autoDraw = False
10.5172 	EXP 	participantpic_5: autoDraw = False
10.5172 	EXP 	beach_txt_2: autoDraw = False
10.5172 	EXP 	yes: autoDraw = False
10.5172 	EXP 	polygon: autoDraw = True
10.5172 	EXP 	text_16: autoDraw = True
13.5013 	EXP 	polygon: autoDraw = False
13.5013 	EXP 	text_16: autoDraw = False
13.5013 	EXP 	Who_2: autoDraw = True
13.5013 	EXP 	text_15: autoDraw = True
13.5013 	EXP 	text_17: autoDraw = True
13.5013 	EXP 	Player1demo_2: autoDraw = True
13.5013 	EXP 	Player2demo_2: autoDraw = True
13.5013 	EXP 	writingpic: autoDraw = True
13.5013 	EXP 	text_18: autoDraw = True
13.5013 	EXP 	instruments: autoDraw = True
13.5013 	EXP 	text_20: autoDraw = True
13.5013 	EXP 	knitting: autoDraw = True
13.5013 	EXP 	text_19: autoDraw = True
13.5013 	EXP 	beachpic: autoDraw = True
13.5013 	EXP 	writingpic2: autoDraw = True
13.5013 	EXP 	text_22: autoDraw = True
13.5013 	EXP 	cycling: autoDraw = True
13.5013 	EXP 	text_23: autoDraw = True
13.5013 	EXP 	text_24: autoDraw = True
14.5853 	DATA 	Keypress: y
14.5982 	EXP 	Who_2: autoDraw = False
14.5982 	EXP 	text_15: autoDraw = False
14.5982 	EXP 	text_17: autoDraw = False
14.5982 	EXP 	Player1demo_2: autoDraw = False
14.5982 	EXP 	Player2demo_2: autoDraw = False
14.5982 	EXP 	writingpic: autoDraw = False
14.5982 	EXP 	text_18: autoDraw = False
14.5982 	EXP 	instruments: autoDraw = False
14.5982 	EXP 	text_20: autoDraw = False
14.5982 	EXP 	knitting: autoDraw = False
14.5982 	EXP 	text_19: autoDraw = False
14.5982 	EXP 	beachpic: autoDraw = False
14.5982 	EXP 	writingpic2: autoDraw = False
14.5982 	EXP 	text_22: autoDraw = False
14.5982 	EXP 	cycling: autoDraw = False
14.5982 	EXP 	text_23: autoDraw = False
14.5982 	EXP 	text_24: autoDraw = False
14.5982 	EXP 	p1_3: autoDraw = False
14.5982 	EXP 	Player1_3: autoDraw = False
14.5982 	EXP 	writingpic_2: autoDraw = False
14.5982 	EXP 	text_28: autoDraw = False
14.5982 	EXP 	instruments_2: autoDraw = False
14.5982 	EXP 	text_29: autoDraw = False
14.5982 	EXP 	knitting_2: autoDraw = False
14.5982 	EXP 	yes1_4: autoDraw = False
14.5982 	EXP 	text_37: autoDraw = False
14.5982 	EXP 	text_38: autoDraw = False
14.5982 	EXP 	Player1_5: autoDraw = False
14.5982 	EXP 	writt: autoDraw = False
14.5982 	EXP 	var_3: autoDraw = False
14.5982 	EXP 	piano: autoDraw = False
14.5982 	EXP 	var_8: autoDraw = False
14.5982 	EXP 	knittingg: autoDraw = False
14.5982 	EXP 	text_32: autoDraw = False
14.5982 	EXP 	p1_5: autoDraw = False
14.5982 	EXP 	you_3: autoDraw = False
14.5982 	EXP 	chatting_3: autoDraw = False
14.5982 	EXP 	chat_3: autoDraw = False
14.5982 	EXP 	sports_3: autoDraw = False
14.5982 	EXP 	sport_3: autoDraw = False
14.5982 	EXP 	beach_3: autoDraw = False
14.5982 	EXP 	beach_txt_3: autoDraw = False
14.5982 	EXP 	participantpic_6: autoDraw = False
14.5982 	EXP 	no_3: autoDraw = False
14.5982 	EXP 	text_27: autoDraw = True
14.5982 	EXP 	player_3: autoDraw = True
14.5982 	EXP 	beachpic_2: autoDraw = True
14.5982 	EXP 	text_25: autoDraw = True
14.5982 	EXP 	writingpic2_2: autoDraw = True
14.5982 	EXP 	text_26: autoDraw = True
14.5982 	EXP 	cycling_2: autoDraw = True
14.5982 	EXP 	text_30: autoDraw = True
14.5982 	EXP 	yes1_3: autoDraw = True
16.0978 	EXP 	text_27: autoDraw = False
16.0978 	EXP 	player_3: autoDraw = False
16.0978 	EXP 	beachpic_2: autoDraw = False
16.0978 	EXP 	text_25: autoDraw = False
16.0978 	EXP 	writingpic2_2: autoDraw = False
16.0978 	EXP 	text_26: autoDraw = False
16.0978 	EXP 	cycling_2: autoDraw = False
16.0978 	EXP 	text_30: autoDraw = False
16.0978 	EXP 	yes1_3: autoDraw = False
16.0978 	EXP 	Player1_6: autoDraw = True
16.0978 	EXP 	cook_5: autoDraw = True
16.0978 	EXP 	var_9: autoDraw = True
16.0978 	EXP 	movie_7: autoDraw = True
16.0978 	EXP 	var_10: autoDraw = True
16.0978 	EXP 	dance_5: autoDraw = True
16.0978 	EXP 	text_33: autoDraw = True
16.0978 	EXP 	p1_6: autoDraw = True
17.0837 	EXP 	you_4: autoDraw = True
17.0837 	EXP 	chatting_4: autoDraw = True
17.0837 	EXP 	chat_4: autoDraw = True
17.0837 	EXP 	sports_4: autoDraw = True
17.0837 	EXP 	sport_4: autoDraw = True
17.0837 	EXP 	beach_4: autoDraw = True
17.0837 	EXP 	beach_txt_4: autoDraw = True
17.0837 	EXP 	participantpic_2: autoDraw = True
18.5806 	EXP 	no_4: autoDraw = True
20.5838 	EXP 	Player1_6: autoDraw = False
20.5838 	EXP 	cook_5: autoDraw = False
20.5838 	EXP 	var_9: autoDraw = False
20.5838 	EXP 	movie_7: autoDraw = False
20.5838 	EXP 	var_10: autoDraw = False
20.5838 	EXP 	dance_5: autoDraw = False
20.5838 	EXP 	text_33: autoDraw = False
20.5838 	EXP 	p1_6: autoDraw = False
20.5838 	EXP 	you_4: autoDraw = False
20.5838 	EXP 	chatting_4: autoDraw = False
20.5838 	EXP 	chat_4: autoDraw = False
20.5838 	EXP 	sports_4: autoDraw = False
20.5838 	EXP 	sport_4: autoDraw = False
20.5838 	EXP 	beach_4: autoDraw = False
20.5838 	EXP 	beach_txt_4: autoDraw = False
20.5838 	EXP 	participantpic_2: autoDraw = False
20.5838 	EXP 	no_4: autoDraw = False
20.5838 	EXP 	polygon_2: autoDraw = True
20.5838 	EXP 	text_36: autoDraw = True
23.5632 	EXP 	polygon_2: autoDraw = False
23.5632 	EXP 	text_36: autoDraw = False
23.5633 	EXP 	PAT_PRACTICE_icons: status = STOPPED
23.6910 	EXP 	window1: mouseVisible = True
