11.6717 	EXP 	Created window1 = Window(allowGUI=True, allowStencil=False, autoLog=True, backendConf=UNKNOWN, backgroundFit=<method-wrapper '__getattribute__' of attributeSetter object at 0x0000026877EDB280>, backgroundImage=<method-wrapper '__getattribute__' of attributeSetter object at 0x0000026877EDB220>, bitsMode=UNKNOWN, blendMode='avg', bpc=(8, 8, 8), color=array([0, 0, 0]), colorSpace='rgb', depthBits=8, fullscr=<method-wrapper '__getattribute__' of attributeSetter object at 0x0000026877EDB070>, gamma=None, gammaErrorPolicy='raise', lms=UNKNOWN, monitor=<psychopy.monitors.calibTools.Monitor object at 0x0000026878250D60>, multiSample=False, name='window1', numSamples=2, pos=(0, 0), screen=0, size=array([1920, 1080]), stencilBits=0, stereo=False, title='PsychoPy', units='height', useFBO=True, useRetina=False, viewOri=0.0, viewPos=None, viewScale=None, waitBlanking=True, winType='pyglet')
11.6718 	EXP 	window1: mouseVisible = True
11.6718 	EXP 	window1: backgroundImage = ''
11.6718 	EXP 	window1: backgroundFit = 'none'
11.6731 	EXP 	window1: Attempting to measure frame rate of screen (0) ...
11.6731 	EXP 	window1: recordFrameIntervals = False
11.8376 	EXP 	window1: recordFrameIntervals = True
12.0214 	EXP 	Screen (0) actual frame rate measured at 59.87Hz
12.0215 	EXP 	window1: recordFrameIntervals = False
12.0216 	EXP 	window1: mouseVisible = False
13.9207 	EXP 	PAT_PRACTICE_icons: status = STARTED
13.9211 	EXP 	window1: mouseVisible = True
13.9820 	EXP 	Created wel = TextStim(__class__=<class 'psychopy.visual.text.TextStim'>, alignHoriz=method-wrapper(...), alignText='center', alignVert=method-wrapper(...), anchorHoriz='center', anchorVert='center', antialias=True, autoDraw=False, autoLog=True, bold=False, color=array([-1., -1., -1.]), colorSpace='rgb', contrast=1.0, depth=0.0, draggable=False, flipHoriz=False, flipVert=False, font='Consolas', fontFiles=[], height=0.05, italic=False, languageStyle='LTR', name='wel', opacity=1.0, ori=0.0, pos=array([0., 0.]), rgb=UNKNOWN, text=str(...), units='height', win=Window(...), wrapWidth=2.0)
13.9821 	EXP 	window1: mouseVisible = True
13.9908 	EXP 	Created Who = TextStim(__class__=<class 'psychopy.visual.text.TextStim'>, alignHoriz=method-wrapper(...), alignText='center', alignVert=method-wrapper(...), anchorHoriz='center', anchorVert='center', antialias=True, autoDraw=False, autoLog=True, bold=False, color=array([-1., -1., -1.]), colorSpace='rgb', contrast=1.0, depth=0.0, draggable=False, flipHoriz=False, flipVert=False, font='Courier New', fontFiles=[], height=0.04, italic=False, languageStyle='LTR', name='Who', opacity=1.0, ori=0.0, pos=array([0.  , 0.38]), rgb=UNKNOWN, text='Who do you want to be friends with? \n\n', units='height', win=Window(...), wrapWidth=1)
13.9909 	EXP 	window1: mouseVisible = True
13.9981 	EXP 	Created text_2 = TextStim(__class__=<class 'psychopy.visual.text.TextStim'>, alignHoriz=method-wrapper(...), alignText='center', alignVert=method-wrapper(...), anchorHoriz='center', anchorVert='center', antialias=True, autoDraw=False, autoLog=True, bold=False, color=array([-1., -1., -1.]), colorSpace='rgb', contrast=1.0, depth=-1.0, draggable=False, flipHoriz=False, flipVert=False, font='Consolas', fontFiles=[], height=0.03, italic=False, languageStyle='LTR', name='text_2', opacity=1.0, ori=0.0, pos=array([-0.4,  0.3]), rgb=UNKNOWN, text='Player-1\n', units='height', win=Window(...), wrapWidth=1)
13.9982 	EXP 	window1: mouseVisible = True
14.0007 	EXP 	Created text_3 = TextStim(__class__=<class 'psychopy.visual.text.TextStim'>, alignHoriz=method-wrapper(...), alignText='center', alignVert=method-wrapper(...), anchorHoriz='center', anchorVert='center', antialias=True, autoDraw=False, autoLog=True, bold=False, color=array([-1., -1., -1.]), colorSpace='rgb', contrast=1.0, depth=-2.0, draggable=False, flipHoriz=False, flipVert=False, font='Consolas', fontFiles=[], height=0.03, italic=False, languageStyle='LTR', name='text_3', opacity=1.0, ori=0.0, pos=array([0.4, 0.3]), rgb=UNKNOWN, text='Player-2\n', units='height', win=Window(...), wrapWidth=1)
14.0008 	EXP 	window1: mouseVisible = True
14.0586 	EXP 	Created Player1demo = ImageStim(__class__=<class 'psychopy.visual.image.ImageStim'>, anchor=('center', 'center'), autoLog=True, color=array([1., 1., 1.]), colorSpace='rgb', contrast=1.0, depth=-3.0, draggable=False, flipHoriz=False, flipVert=False, image=str(...), interpolate=True, mask=None, maskParams=None, name='Player1demo', opacity=1.0, ori=0.0, pos=array([-0.4 ,  0.13]), size=array([0.2 , 0.25]), texRes=128.0, units='height', win=Window(...))
14.0592 	EXP 	window1: mouseVisible = True
14.1020 	EXP 	Created Player2demo = ImageStim(__class__=<class 'psychopy.visual.image.ImageStim'>, anchor=('center', 'center'), autoLog=True, color=array([1., 1., 1.]), colorSpace='rgb', contrast=1.0, depth=-4.0, draggable=False, flipHoriz=False, flipVert=False, image=str(...), interpolate=True, mask=None, maskParams=None, name='Player2demo', opacity=1.0, ori=0.0, pos=array([0.4 , 0.13]), size=array([0.2 , 0.25]), texRes=128.0, units='height', win=Window(...))
14.1022 	EXP 	window1: mouseVisible = True
14.1252 	EXP 	Created cooking = ImageStim(__class__=<class 'psychopy.visual.image.ImageStim'>, anchor=('center', 'center'), autoLog=True, color=array([1., 1., 1.]), colorSpace='rgb', contrast=1.0, depth=-5.0, draggable=False, flipHoriz=False, flipVert=False, image=str(...), interpolate=True, mask=None, maskParams=None, name='cooking', opacity=1.0, ori=0.0, pos=array([-0.5 , -0.03]), size=array([0.04, 0.04]), texRes=128.0, units='height', win=Window(...))
14.1253 	EXP 	window1: mouseVisible = True
14.1355 	EXP 	Created text_4 = TextStim(__class__=<class 'psychopy.visual.text.TextStim'>, alignHoriz=method-wrapper(...), alignText='center', alignVert=method-wrapper(...), anchorHoriz='center', anchorVert='center', antialias=True, autoDraw=False, autoLog=True, bold=False, color=array([-1., -1., -1.]), colorSpace='rgb', contrast=1.0, depth=-6.0, draggable=False, flipHoriz=False, flipVert=False, font='Open Sans', fontFiles=[], height=0.01, italic=False, languageStyle='LTR', name='text_4', opacity=1.0, ori=0.0, pos=array([-0.5 , -0.08]), rgb=UNKNOWN, text='cooking\n\n', units='height', win=Window(...), wrapWidth=1)
14.1356 	EXP 	window1: mouseVisible = True
14.1549 	EXP 	Created movies = ImageStim(__class__=<class 'psychopy.visual.image.ImageStim'>, anchor=('center', 'center'), autoLog=True, color=array([1., 1., 1.]), colorSpace='rgb', contrast=1.0, depth=-7.0, draggable=False, flipHoriz=False, flipVert=False, image=str(...), interpolate=True, mask=None, maskParams=None, name='movies', opacity=1.0, ori=0.0, pos=array([-0.4 , -0.03]), size=array([0.04, 0.04]), texRes=128.0, units='height', win=Window(...))
14.1550 	EXP 	window1: mouseVisible = True
14.1587 	EXP 	Created text_5 = TextStim(__class__=<class 'psychopy.visual.text.TextStim'>, alignHoriz=method-wrapper(...), alignText='center', alignVert=method-wrapper(...), anchorHoriz='center', anchorVert='center', antialias=True, autoDraw=False, autoLog=True, bold=False, color=array([-1., -1., -1.]), colorSpace='rgb', contrast=1.0, depth=-8.0, draggable=False, flipHoriz=False, flipVert=False, font='Open Sans', fontFiles=[], height=0.01, italic=False, languageStyle='LTR', name='text_5', opacity=1.0, ori=0.0, pos=array([-0.3 , -0.07]), rgb=UNKNOWN, text='dancing', units='height', win=Window(...), wrapWidth=1)
14.1588 	EXP 	window1: mouseVisible = True
14.1776 	EXP 	Created dancing = ImageStim(__class__=<class 'psychopy.visual.image.ImageStim'>, anchor=('center', 'center'), autoLog=True, color=array([1., 1., 1.]), colorSpace='rgb', contrast=1.0, depth=-9.0, draggable=False, flipHoriz=False, flipVert=False, image=str(...), interpolate=True, mask=None, maskParams=None, name='dancing', opacity=1.0, ori=0.0, pos=array([-0.3 , -0.03]), size=array([0.04, 0.04]), texRes=128.0, units='height', win=Window(...))
14.1777 	EXP 	window1: mouseVisible = True
14.1822 	EXP 	Created text_6 = TextStim(__class__=<class 'psychopy.visual.text.TextStim'>, alignHoriz=method-wrapper(...), alignText='center', alignVert=method-wrapper(...), anchorHoriz='center', anchorVert='center', antialias=True, autoDraw=False, autoLog=True, bold=False, color=array([-1., -1., -1.]), colorSpace='rgb', contrast=1.0, depth=-10.0, draggable=False, flipHoriz=False, flipVert=False, font='Open Sans', fontFiles=[], height=0.01, italic=False, languageStyle='LTR', name='text_6', opacity=1.0, ori=0.0, pos=array([-0.4 , -0.07]), rgb=UNKNOWN, text='movies', units='height', win=Window(...), wrapWidth=1)
14.1823 	EXP 	window1: mouseVisible = True
14.2032 	EXP 	Created fashion = ImageStim(__class__=<class 'psychopy.visual.image.ImageStim'>, anchor=('center', 'center'), autoLog=True, color=array([1., 1., 1.]), colorSpace='rgb', contrast=1.0, depth=-11.0, draggable=False, flipHoriz=False, flipVert=False, image=str(...), interpolate=True, mask=None, maskParams=None, name='fashion', opacity=1.0, ori=0.0, pos=array([ 0.3 , -0.03]), size=array([0.04, 0.04]), texRes=128.0, units='height', win=Window(...))
14.2033 	EXP 	window1: mouseVisible = True
14.2072 	EXP 	Created text_7 = TextStim(__class__=<class 'psychopy.visual.text.TextStim'>, alignHoriz=method-wrapper(...), alignText='center', alignVert=method-wrapper(...), anchorHoriz='center', anchorVert='center', antialias=True, autoDraw=False, autoLog=True, bold=False, color=array([-1., -1., -1.]), colorSpace='rgb', contrast=1.0, depth=-12.0, draggable=False, flipHoriz=False, flipVert=False, font='Open Sans', fontFiles=[], height=0.01, italic=False, languageStyle='LTR', name='text_7', opacity=1.0, ori=0.0, pos=array([ 0.3 , -0.07]), rgb=UNKNOWN, text='fashion', units='height', win=Window(...), wrapWidth=1)
14.2073 	EXP 	window1: mouseVisible = True
14.2269 	EXP 	Created movie = ImageStim(__class__=<class 'psychopy.visual.image.ImageStim'>, anchor=('center', 'center'), autoLog=True, color=array([1., 1., 1.]), colorSpace='rgb', contrast=1.0, depth=-13.0, draggable=False, flipHoriz=False, flipVert=False, image=str(...), interpolate=True, mask=None, maskParams=None, name='movie', opacity=1.0, ori=0.0, pos=array([ 0.4 , -0.03]), size=array([0.04, 0.04]), texRes=128.0, units='height', win=Window(...))
14.2270 	EXP 	window1: mouseVisible = True
14.2289 	EXP 	Created text_8 = TextStim(__class__=<class 'psychopy.visual.text.TextStim'>, alignHoriz=method-wrapper(...), alignText='center', alignVert=method-wrapper(...), anchorHoriz='center', anchorVert='center', antialias=True, autoDraw=False, autoLog=True, bold=False, color=array([-1., -1., -1.]), colorSpace='rgb', contrast=1.0, depth=-14.0, draggable=False, flipHoriz=False, flipVert=False, font='Open Sans', fontFiles=[], height=0.01, italic=False, languageStyle='LTR', name='text_8', opacity=1.0, ori=0.0, pos=array([ 0.4 , -0.07]), rgb=UNKNOWN, text='movies', units='height', win=Window(...), wrapWidth=1)
14.2290 	EXP 	window1: mouseVisible = True
14.2535 	EXP 	Created writing = ImageStim(__class__=<class 'psychopy.visual.image.ImageStim'>, anchor=('center', 'center'), autoLog=True, color=array([1., 1., 1.]), colorSpace='rgb', contrast=1.0, depth=-15.0, draggable=False, flipHoriz=False, flipVert=False, image=str(...), interpolate=True, mask=None, maskParams=None, name='writing', opacity=1.0, ori=0.0, pos=array([ 0.5 , -0.03]), size=array([0.04, 0.04]), texRes=128.0, units='height', win=Window(...))
14.2536 	EXP 	window1: mouseVisible = True
14.2583 	EXP 	Created text_9 = TextStim(__class__=<class 'psychopy.visual.text.TextStim'>, alignHoriz=method-wrapper(...), alignText='center', alignVert=method-wrapper(...), anchorHoriz='center', anchorVert='center', antialias=True, autoDraw=False, autoLog=True, bold=False, color=array([-1., -1., -1.]), colorSpace='rgb', contrast=1.0, depth=-16.0, draggable=False, flipHoriz=False, flipVert=False, font='Open Sans', fontFiles=[], height=0.01, italic=False, languageStyle='LTR', name='text_9', opacity=1.0, ori=0.0, pos=array([ 0.5 , -0.07]), rgb=UNKNOWN, text='writing', units='height', win=Window(...), wrapWidth=1)
14.2585 	EXP 	window1: mouseVisible = True
14.2950 	EXP 	Created Player1 = ImageStim(__class__=<class 'psychopy.visual.image.ImageStim'>, anchor=('center', 'center'), autoLog=True, color=array([1., 1., 1.]), colorSpace='rgb', contrast=1.0, depth=0.0, draggable=False, flipHoriz=False, flipVert=False, image=str(...), interpolate=True, mask=None, maskParams=None, name='Player1', opacity=1.0, ori=0.0, pos=array([-0.4 ,  0.13]), size=array([0.2 , 0.25]), texRes=128.0, units='height', win=Window(...))
14.2951 	EXP 	window1: mouseVisible = True
14.3144 	EXP 	Created cook = ImageStim(__class__=<class 'psychopy.visual.image.ImageStim'>, anchor=('center', 'center'), autoLog=True, color=array([1., 1., 1.]), colorSpace='rgb', contrast=1.0, depth=-1.0, draggable=False, flipHoriz=False, flipVert=False, image=str(...), interpolate=True, mask=None, maskParams=None, name='cook', opacity=1.0, ori=0.0, pos=array([-0.5 , -0.03]), size=array([0.04, 0.04]), texRes=128.0, units='height', win=Window(...))
14.3145 	EXP 	window1: mouseVisible = True
14.3165 	EXP 	Created var_4 = TextStim(__class__=<class 'psychopy.visual.text.TextStim'>, alignHoriz=method-wrapper(...), alignText='center', alignVert=method-wrapper(...), anchorHoriz='center', anchorVert='center', antialias=True, autoDraw=False, autoLog=True, bold=False, color=array([-1., -1., -1.]), colorSpace='rgb', contrast=1.0, depth=-2.0, draggable=False, flipHoriz=False, flipVert=False, font='Open Sans', fontFiles=[], height=0.01, italic=False, languageStyle='LTR', name='var_4', opacity=1.0, ori=0.0, pos=array([-0.5 , -0.08]), rgb=UNKNOWN, text='cooking\n\n', units='height', win=Window(...), wrapWidth=1)
14.3166 	EXP 	window1: mouseVisible = True
14.3374 	EXP 	Created movie_2 = ImageStim(__class__=<class 'psychopy.visual.image.ImageStim'>, anchor=('center', 'center'), autoLog=True, color=array([1., 1., 1.]), colorSpace='rgb', contrast=1.0, depth=-3.0, draggable=False, flipHoriz=False, flipVert=False, image=str(...), interpolate=True, mask=None, maskParams=None, name='movie_2', opacity=1.0, ori=0.0, pos=array([-0.4 , -0.03]), size=array([0.04, 0.04]), texRes=128.0, units='height', win=Window(...))
14.3375 	EXP 	window1: mouseVisible = True
14.3395 	EXP 	Created var_5 = TextStim(__class__=<class 'psychopy.visual.text.TextStim'>, alignHoriz=method-wrapper(...), alignText='center', alignVert=method-wrapper(...), anchorHoriz='center', anchorVert='center', antialias=True, autoDraw=False, autoLog=True, bold=False, color=array([-1., -1., -1.]), colorSpace='rgb', contrast=1.0, depth=-4.0, draggable=False, flipHoriz=False, flipVert=False, font='Open Sans', fontFiles=[], height=0.01, italic=False, languageStyle='LTR', name='var_5', opacity=1.0, ori=0.0, pos=array([-0.3 , -0.07]), rgb=UNKNOWN, text='dancing', units='height', win=Window(...), wrapWidth=1)
14.3396 	EXP 	window1: mouseVisible = True
14.3628 	EXP 	Created dance = ImageStim(__class__=<class 'psychopy.visual.image.ImageStim'>, anchor=('center', 'center'), autoLog=True, color=array([1., 1., 1.]), colorSpace='rgb', contrast=1.0, depth=-5.0, draggable=False, flipHoriz=False, flipVert=False, image=str(...), interpolate=True, mask=None, maskParams=None, name='dance', opacity=1.0, ori=0.0, pos=array([-0.3 , -0.03]), size=array([0.04, 0.04]), texRes=128.0, units='height', win=Window(...))
14.3629 	EXP 	window1: mouseVisible = True
14.3649 	EXP 	Created text = TextStim(__class__=<class 'psychopy.visual.text.TextStim'>, alignHoriz=method-wrapper(...), alignText='center', alignVert=method-wrapper(...), anchorHoriz='center', anchorVert='center', antialias=True, autoDraw=False, autoLog=True, bold=False, color=array([-1., -1., -1.]), colorSpace='rgb', contrast=1.0, depth=-6.0, draggable=False, flipHoriz=False, flipVert=False, font='Open Sans', fontFiles=[], height=0.01, italic=False, languageStyle='LTR', name='text', opacity=1.0, ori=0.0, pos=array([-0.4 , -0.07]), rgb=UNKNOWN, text='movies', units='height', win=Window(...), wrapWidth=1)
14.3650 	EXP 	window1: mouseVisible = True
14.3671 	EXP 	Created p1 = TextStim(__class__=<class 'psychopy.visual.text.TextStim'>, alignHoriz=method-wrapper(...), alignText='center', alignVert=method-wrapper(...), anchorHoriz='center', anchorVert='center', antialias=True, autoDraw=False, autoLog=True, bold=False, color=array([-1., -1., -1.]), colorSpace='rgb', contrast=1.0, depth=-7.0, draggable=False, flipHoriz=False, flipVert=False, font='Consolas', fontFiles=[], height=0.03, italic=False, languageStyle='LTR', name='p1', opacity=1.0, ori=0.0, pos=array([-0.4,  0.3]), rgb=UNKNOWN, text='Player-1\n', units='height', win=Window(...), wrapWidth=1)
14.3672 	EXP 	window1: mouseVisible = True
14.3776 	EXP 	Created yes1 = ImageStim(__class__=<class 'psychopy.visual.image.ImageStim'>, anchor=('center', 'center'), autoLog=True, color=array([1., 1., 1.]), colorSpace='rgb', contrast=1.0, depth=-8.0, draggable=False, flipHoriz=False, flipVert=False, image=str(...), interpolate=True, mask=None, maskParams=None, name='yes1', opacity=1.0, ori=0.0, pos=array([-0.4 ,  0.13]), size=array([0.3, 0.3]), texRes=128.0, units='height', win=Window(...))
14.3777 	EXP 	window1: mouseVisible = True
14.4304 	EXP 	Created Player1_2 = ImageStim(__class__=<class 'psychopy.visual.image.ImageStim'>, anchor=('center', 'center'), autoLog=True, color=array([1., 1., 1.]), colorSpace='rgb', contrast=1.0, depth=0.0, draggable=False, flipHoriz=False, flipVert=False, image=str(...), interpolate=True, mask=None, maskParams=None, name='Player1_2', opacity=1.0, ori=0.0, pos=array([0. , 0.3]), size=array([0.2 , 0.25]), texRes=128.0, units='height', win=Window(...))
14.4305 	EXP 	window1: mouseVisible = True
14.4572 	EXP 	Created cook_2 = ImageStim(__class__=<class 'psychopy.visual.image.ImageStim'>, anchor=('center', 'center'), autoLog=True, color=array([1., 1., 1.]), colorSpace='rgb', contrast=1.0, depth=-1.0, draggable=False, flipHoriz=False, flipVert=False, image=str(...), interpolate=True, mask=None, maskParams=None, name='cook_2', opacity=1.0, ori=0.0, pos=array([-0.13,  0.14]), size=array([0.04, 0.04]), texRes=128.0, units='height', win=Window(...))
14.4573 	EXP 	window1: mouseVisible = True
14.4594 	EXP 	Created var = TextStim(__class__=<class 'psychopy.visual.text.TextStim'>, alignHoriz=method-wrapper(...), alignText='center', alignVert=method-wrapper(...), anchorHoriz='center', anchorVert='center', antialias=True, autoDraw=False, autoLog=True, bold=False, color=array([-1., -1., -1.]), colorSpace='rgb', contrast=1.0, depth=-2.0, draggable=False, flipHoriz=False, flipVert=False, font='Open Sans', fontFiles=[], height=0.01, italic=False, languageStyle='LTR', name='var', opacity=1.0, ori=0.0, pos=array([-0.13 ,  0.095]), rgb=UNKNOWN, text='cooking\n\n', units='height', win=Window(...), wrapWidth=1)
14.4595 	EXP 	window1: mouseVisible = True
14.4853 	EXP 	Created movie_4 = ImageStim(__class__=<class 'psychopy.visual.image.ImageStim'>, anchor=('center', 'center'), autoLog=True, color=array([1., 1., 1.]), colorSpace='rgb', contrast=1.0, depth=-3.0, draggable=False, flipHoriz=False, flipVert=False, image=str(...), interpolate=True, mask=None, maskParams=None, name='movie_4', opacity=1.0, ori=0.0, pos=array([0.  , 0.14]), size=array([0.04, 0.04]), texRes=128.0, units='height', win=Window(...))
14.4855 	EXP 	window1: mouseVisible = True
14.4876 	EXP 	Created var_6 = TextStim(__class__=<class 'psychopy.visual.text.TextStim'>, alignHoriz=method-wrapper(...), alignText='center', alignVert=method-wrapper(...), anchorHoriz='center', anchorVert='center', antialias=True, autoDraw=False, autoLog=True, bold=False, color=array([-1., -1., -1.]), colorSpace='rgb', contrast=1.0, depth=-4.0, draggable=False, flipHoriz=False, flipVert=False, font='Open Sans', fontFiles=[], height=0.01, italic=False, languageStyle='LTR', name='var_6', opacity=1.0, ori=0.0, pos=array([0.13, 0.11]), rgb=UNKNOWN, text='dancing', units='height', win=Window(...), wrapWidth=1)
14.4877 	EXP 	window1: mouseVisible = True
14.5160 	EXP 	Created dance_2 = ImageStim(__class__=<class 'psychopy.visual.image.ImageStim'>, anchor=('center', 'center'), autoLog=True, color=array([1., 1., 1.]), colorSpace='rgb', contrast=1.0, depth=-5.0, draggable=False, flipHoriz=False, flipVert=False, image=str(...), interpolate=True, mask=None, maskParams=None, name='dance_2', opacity=1.0, ori=0.0, pos=array([0.13, 0.14]), size=array([0.04, 0.04]), texRes=128.0, units='height', win=Window(...))
14.5161 	EXP 	window1: mouseVisible = True
14.5183 	EXP 	Created text_13 = TextStim(__class__=<class 'psychopy.visual.text.TextStim'>, alignHoriz=method-wrapper(...), alignText='center', alignVert=method-wrapper(...), anchorHoriz='center', anchorVert='center', antialias=True, autoDraw=False, autoLog=True, bold=False, color=array([-1., -1., -1.]), colorSpace='rgb', contrast=1.0, depth=-6.0, draggable=False, flipHoriz=False, flipVert=False, font='Open Sans', fontFiles=[], height=0.01, italic=False, languageStyle='LTR', name='text_13', opacity=1.0, ori=0.0, pos=array([0.  , 0.11]), rgb=UNKNOWN, text='movies', units='height', win=Window(...), wrapWidth=1)
14.5184 	EXP 	window1: mouseVisible = True
14.5208 	EXP 	Created p1_2 = TextStim(__class__=<class 'psychopy.visual.text.TextStim'>, alignHoriz=method-wrapper(...), alignText='center', alignVert=method-wrapper(...), anchorHoriz='center', anchorVert='center', antialias=True, autoDraw=False, autoLog=True, bold=False, color=array([-1., -1., -1.]), colorSpace='rgb', contrast=1.0, depth=-7.0, draggable=False, flipHoriz=False, flipVert=False, font='Consolas', fontFiles=[], height=0.03, italic=False, languageStyle='LTR', name='p1_2', opacity=1.0, ori=0.0, pos=array([0.  , 0.45]), rgb=UNKNOWN, text='Player-1\n', units='height', win=Window(...), wrapWidth=1)
14.5209 	EXP 	window1: mouseVisible = True
14.5315 	EXP 	Created you = TextStim(__class__=<class 'psychopy.visual.text.TextStim'>, alignHoriz=method-wrapper(...), alignText='center', alignVert=method-wrapper(...), anchorHoriz='center', anchorVert='center', antialias=True, autoDraw=False, autoLog=True, bold=False, color=array([-1., -1., -1.]), colorSpace='rgb', contrast=1.0, depth=-8.0, draggable=False, flipHoriz=False, flipVert=False, font='Consolas', fontFiles=[], height=0.03, italic=False, languageStyle='LTR', name='you', opacity=1.0, ori=0.0, pos=array([0.  , 0.07]), rgb=UNKNOWN, text='You', units='height', win=Window(...), wrapWidth=1)
14.5320 	EXP 	window1: mouseVisible = True
14.5694 	EXP 	Created chatting = ImageStim(__class__=<class 'psychopy.visual.image.ImageStim'>, anchor=('center', 'center'), autoLog=True, color=array([1., 1., 1.]), colorSpace='rgb', contrast=1.0, depth=-9.0, draggable=False, flipHoriz=False, flipVert=False, image=str(...), interpolate=True, mask=None, maskParams=None, name='chatting', opacity=1.0, ori=0.0, pos=array([-0.13, -0.2 ]), size=array([0.04, 0.04]), texRes=128.0, units='height', win=Window(...))
14.5696 	EXP 	window1: mouseVisible = True
14.6175 	EXP 	Created chat = TextStim(__class__=<class 'psychopy.visual.text.TextStim'>, alignHoriz=method-wrapper(...), alignText='center', alignVert=method-wrapper(...), anchorHoriz='center', anchorVert='center', antialias=True, autoDraw=False, autoLog=True, bold=False, color=array([-1., -1., -1.]), colorSpace='rgb', contrast=1.0, depth=-10.0, draggable=False, flipHoriz=False, flipVert=False, font='Open Sans', fontFiles=[], height=0.01, italic=False, languageStyle='LTR', name='chat', opacity=1.0, ori=0.0, pos=array([-0.13, -0.23]), rgb=UNKNOWN, text='chatting', units='height', win=Window(...), wrapWidth=1)
14.6176 	EXP 	window1: mouseVisible = True
14.6321 	EXP 	Created sports = ImageStim(__class__=<class 'psychopy.visual.image.ImageStim'>, anchor=('center', 'center'), autoLog=True, color=array([1., 1., 1.]), colorSpace='rgb', contrast=1.0, depth=-11.0, draggable=False, flipHoriz=False, flipVert=False, image=str(...), interpolate=True, mask=None, maskParams=None, name='sports', opacity=1.0, ori=0.0, pos=array([ 0. , -0.2]), size=array([0.04, 0.04]), texRes=128.0, units='height', win=Window(...))
14.6322 	EXP 	window1: mouseVisible = True
14.6364 	EXP 	Created sport = TextStim(__class__=<class 'psychopy.visual.text.TextStim'>, alignHoriz=method-wrapper(...), alignText='center', alignVert=method-wrapper(...), anchorHoriz='center', anchorVert='center', antialias=True, autoDraw=False, autoLog=True, bold=False, color=array([-1., -1., -1.]), colorSpace='rgb', contrast=1.0, depth=-12.0, draggable=False, flipHoriz=False, flipVert=False, font='Open Sans', fontFiles=[], height=0.01, italic=False, languageStyle='LTR', name='sport', opacity=1.0, ori=0.0, pos=array([ 0.  , -0.23]), rgb=UNKNOWN, text='sports', units='height', win=Window(...), wrapWidth=1)
14.6365 	EXP 	window1: mouseVisible = True
14.6547 	EXP 	Created beach = ImageStim(__class__=<class 'psychopy.visual.image.ImageStim'>, anchor=('center', 'center'), autoLog=True, color=array([1., 1., 1.]), colorSpace='rgb', contrast=1.0, depth=-13.0, draggable=False, flipHoriz=False, flipVert=False, image=str(...), interpolate=True, mask=None, maskParams=None, name='beach', opacity=1.0, ori=0.0, pos=array([ 0.13, -0.2 ]), size=array([0.04, 0.04]), texRes=128.0, units='height', win=Window(...))
14.6548 	EXP 	window1: mouseVisible = True
14.6583 	EXP 	Created beach_txt = TextStim(__class__=<class 'psychopy.visual.text.TextStim'>, alignHoriz=method-wrapper(...), alignText='center', alignVert=method-wrapper(...), anchorHoriz='center', anchorVert='center', antialias=True, autoDraw=False, autoLog=True, bold=False, color=array([-1., -1., -1.]), colorSpace='rgb', contrast=1.0, depth=-14.0, draggable=False, flipHoriz=False, flipVert=False, font='Open Sans', fontFiles=[], height=0.01, italic=False, languageStyle='LTR', name='beach_txt', opacity=1.0, ori=0.0, pos=array([ 0.13, -0.23]), rgb=UNKNOWN, text='beach', units='height', win=Window(...), wrapWidth=1)
14.6584 	EXP 	window1: mouseVisible = True
14.6925 	EXP 	Created participantpic = ImageStim(__class__=<class 'psychopy.visual.image.ImageStim'>, anchor=('center', 'center'), autoLog=True, color=array([1., 1., 1.]), colorSpace='rgb', contrast=1.0, depth=-15.0, draggable=False, flipHoriz=False, flipVert=False, image=str(...), interpolate=True, mask=None, maskParams=None, name='participantpic', opacity=1.0, ori=0.0, pos=array([ 0.   , -0.073]), size=array([0.15, 0.2 ]), texRes=128.0, units='height', win=Window(...))
14.6926 	EXP 	window1: mouseVisible = True
14.7001 	EXP 	Created yess = ImageStim(__class__=<class 'psychopy.visual.image.ImageStim'>, anchor=('center', 'center'), autoLog=True, color=array([1., 1., 1.]), colorSpace='rgb', contrast=1.0, depth=-16.0, draggable=False, flipHoriz=False, flipVert=False, image=str(...), interpolate=True, mask=None, maskParams=None, name='yess', opacity=1.0, ori=0.0, pos=array([ 0.   , -0.073]), size=array([0.2, 0.3]), texRes=128.0, units='height', win=Window(...))
14.7002 	EXP 	window1: mouseVisible = True
14.7296 	EXP 	Created player = ImageStim(__class__=<class 'psychopy.visual.image.ImageStim'>, anchor=('center', 'center'), autoLog=True, color=array([1., 1., 1.]), colorSpace='rgb', contrast=1.0, depth=0.0, draggable=False, flipHoriz=False, flipVert=False, image=str(...), interpolate=True, mask=None, maskParams=None, name='player', opacity=1.0, ori=0.0, pos=array([0.4 , 0.13]), size=array([0.2 , 0.25]), texRes=128.0, units='height', win=Window(...))
14.7297 	EXP 	window1: mouseVisible = True
14.7479 	EXP 	Created fashion_2 = ImageStim(__class__=<class 'psychopy.visual.image.ImageStim'>, anchor=('center', 'center'), autoLog=True, color=array([1., 1., 1.]), colorSpace='rgb', contrast=1.0, depth=-1.0, draggable=False, flipHoriz=False, flipVert=False, image=str(...), interpolate=True, mask=None, maskParams=None, name='fashion_2', opacity=1.0, ori=0.0, pos=array([ 0.3 , -0.03]), size=array([0.04, 0.04]), texRes=128.0, units='height', win=Window(...))
14.7480 	EXP 	window1: mouseVisible = True
14.7500 	EXP 	Created text_10 = TextStim(__class__=<class 'psychopy.visual.text.TextStim'>, alignHoriz=method-wrapper(...), alignText='center', alignVert=method-wrapper(...), anchorHoriz='center', anchorVert='center', antialias=True, autoDraw=False, autoLog=True, bold=False, color=array([-1., -1., -1.]), colorSpace='rgb', contrast=1.0, depth=-2.0, draggable=False, flipHoriz=False, flipVert=False, font='Open Sans', fontFiles=[], height=0.01, italic=False, languageStyle='LTR', name='text_10', opacity=1.0, ori=0.0, pos=array([ 0.3 , -0.07]), rgb=UNKNOWN, text='fashion', units='height', win=Window(...), wrapWidth=1)
14.7501 	EXP 	window1: mouseVisible = True
14.7677 	EXP 	Created movie_3 = ImageStim(__class__=<class 'psychopy.visual.image.ImageStim'>, anchor=('center', 'center'), autoLog=True, color=array([1., 1., 1.]), colorSpace='rgb', contrast=1.0, depth=-3.0, draggable=False, flipHoriz=False, flipVert=False, image=str(...), interpolate=True, mask=None, maskParams=None, name='movie_3', opacity=1.0, ori=0.0, pos=array([ 0.4 , -0.03]), size=array([0.04, 0.04]), texRes=128.0, units='height', win=Window(...))
14.7679 	EXP 	window1: mouseVisible = True
14.7704 	EXP 	Created text_11 = TextStim(__class__=<class 'psychopy.visual.text.TextStim'>, alignHoriz=method-wrapper(...), alignText='center', alignVert=method-wrapper(...), anchorHoriz='center', anchorVert='center', antialias=True, autoDraw=False, autoLog=True, bold=False, color=array([-1., -1., -1.]), colorSpace='rgb', contrast=1.0, depth=-4.0, draggable=False, flipHoriz=False, flipVert=False, font='Open Sans', fontFiles=[], height=0.01, italic=False, languageStyle='LTR', name='text_11', opacity=1.0, ori=0.0, pos=array([ 0.4 , -0.07]), rgb=UNKNOWN, text='movies', units='height', win=Window(...), wrapWidth=1)
14.7705 	EXP 	window1: mouseVisible = True
14.7881 	EXP 	Created writing_2 = ImageStim(__class__=<class 'psychopy.visual.image.ImageStim'>, anchor=('center', 'center'), autoLog=True, color=array([1., 1., 1.]), colorSpace='rgb', contrast=1.0, depth=-5.0, draggable=False, flipHoriz=False, flipVert=False, image=str(...), interpolate=True, mask=None, maskParams=None, name='writing_2', opacity=1.0, ori=0.0, pos=array([ 0.5 , -0.03]), size=array([0.04, 0.04]), texRes=128.0, units='height', win=Window(...))
14.7883 	EXP 	window1: mouseVisible = True
14.7903 	EXP 	Created text_12 = TextStim(__class__=<class 'psychopy.visual.text.TextStim'>, alignHoriz=method-wrapper(...), alignText='center', alignVert=method-wrapper(...), anchorHoriz='center', anchorVert='center', antialias=True, autoDraw=False, autoLog=True, bold=False, color=array([-1., -1., -1.]), colorSpace='rgb', contrast=1.0, depth=-6.0, draggable=False, flipHoriz=False, flipVert=False, font='Open Sans', fontFiles=[], height=0.01, italic=False, languageStyle='LTR', name='text_12', opacity=1.0, ori=0.0, pos=array([ 0.5 , -0.07]), rgb=UNKNOWN, text='writing', units='height', win=Window(...), wrapWidth=1)
14.7904 	EXP 	window1: mouseVisible = True
14.8023 	EXP 	Created yes1_2 = ImageStim(__class__=<class 'psychopy.visual.image.ImageStim'>, anchor=('center', 'center'), autoLog=True, color=array([1., 1., 1.]), colorSpace='rgb', contrast=1.0, depth=-7.0, draggable=False, flipHoriz=False, flipVert=False, image=str(...), interpolate=True, mask=None, maskParams=None, name='yes1_2', opacity=1.0, ori=0.0, pos=array([0.4 , 0.13]), size=array([0.3, 0.3]), texRes=128.0, units='height', win=Window(...))
14.8024 	EXP 	window1: mouseVisible = True
14.8044 	EXP 	Created text_14 = TextStim(__class__=<class 'psychopy.visual.text.TextStim'>, alignHoriz=method-wrapper(...), alignText='center', alignVert=method-wrapper(...), anchorHoriz='center', anchorVert='center', antialias=True, autoDraw=False, autoLog=True, bold=False, color=array([-1., -1., -1.]), colorSpace='rgb', contrast=1.0, depth=-8.0, draggable=False, flipHoriz=False, flipVert=False, font='Consolas', fontFiles=[], height=0.03, italic=False, languageStyle='LTR', name='text_14', opacity=1.0, ori=0.0, pos=array([0.4, 0.3]), rgb=UNKNOWN, text='Player-2\n', units='height', win=Window(...), wrapWidth=1)
14.8045 	EXP 	window1: mouseVisible = True
14.8466 	EXP 	Created Player2_4 = ImageStim(__class__=<class 'psychopy.visual.image.ImageStim'>, anchor=('center', 'center'), autoLog=True, color=array([1., 1., 1.]), colorSpace='rgb', contrast=1.0, depth=0.0, draggable=False, flipHoriz=False, flipVert=False, image=str(...), interpolate=True, mask=None, maskParams=None, name='Player2_4', opacity=1.0, ori=0.0, pos=array([0. , 0.3]), size=array([0.2 , 0.25]), texRes=128.0, units='height', win=Window(...))
14.8467 	EXP 	window1: mouseVisible = True
14.8654 	EXP 	Created fashion_3 = ImageStim(__class__=<class 'psychopy.visual.image.ImageStim'>, anchor=('center', 'center'), autoLog=True, color=array([1., 1., 1.]), colorSpace='rgb', contrast=1.0, depth=-1.0, draggable=False, flipHoriz=False, flipVert=False, image=str(...), interpolate=True, mask=None, maskParams=None, name='fashion_3', opacity=1.0, ori=0.0, pos=array([-0.13,  0.14]), size=array([0.04, 0.04]), texRes=128.0, units='height', win=Window(...))
14.8655 	EXP 	window1: mouseVisible = True
14.8676 	EXP 	Created var_2 = TextStim(__class__=<class 'psychopy.visual.text.TextStim'>, alignHoriz=method-wrapper(...), alignText='center', alignVert=method-wrapper(...), anchorHoriz='center', anchorVert='center', antialias=True, autoDraw=False, autoLog=True, bold=False, color=array([-1., -1., -1.]), colorSpace='rgb', contrast=1.0, depth=-2.0, draggable=False, flipHoriz=False, flipVert=False, font='Open Sans', fontFiles=[], height=0.01, italic=False, languageStyle='LTR', name='var_2', opacity=1.0, ori=0.0, pos=array([-0.13 ,  0.095]), rgb=UNKNOWN, text='fashion\n\n\n', units='height', win=Window(...), wrapWidth=1)
14.8677 	EXP 	window1: mouseVisible = True
14.8860 	EXP 	Created movie_5 = ImageStim(__class__=<class 'psychopy.visual.image.ImageStim'>, anchor=('center', 'center'), autoLog=True, color=array([1., 1., 1.]), colorSpace='rgb', contrast=1.0, depth=-3.0, draggable=False, flipHoriz=False, flipVert=False, image=str(...), interpolate=True, mask=None, maskParams=None, name='movie_5', opacity=1.0, ori=0.0, pos=array([0.  , 0.14]), size=array([0.04, 0.04]), texRes=128.0, units='height', win=Window(...))
14.8861 	EXP 	window1: mouseVisible = True
14.8881 	EXP 	Created var_7 = TextStim(__class__=<class 'psychopy.visual.text.TextStim'>, alignHoriz=method-wrapper(...), alignText='center', alignVert=method-wrapper(...), anchorHoriz='center', anchorVert='center', antialias=True, autoDraw=False, autoLog=True, bold=False, color=array([-1., -1., -1.]), colorSpace='rgb', contrast=1.0, depth=-4.0, draggable=False, flipHoriz=False, flipVert=False, font='Open Sans', fontFiles=[], height=0.01, italic=False, languageStyle='LTR', name='var_7', opacity=1.0, ori=0.0, pos=array([0.13, 0.11]), rgb=UNKNOWN, text='dancing', units='height', win=Window(...), wrapWidth=1)
14.8882 	EXP 	window1: mouseVisible = True
14.9076 	EXP 	Created writ = ImageStim(__class__=<class 'psychopy.visual.image.ImageStim'>, anchor=('center', 'center'), autoLog=True, color=array([1., 1., 1.]), colorSpace='rgb', contrast=1.0, depth=-5.0, draggable=False, flipHoriz=False, flipVert=False, image=str(...), interpolate=True, mask=None, maskParams=None, name='writ', opacity=1.0, ori=0.0, pos=array([0.13, 0.14]), size=array([0.04, 0.04]), texRes=128.0, units='height', win=Window(...))
14.9077 	EXP 	window1: mouseVisible = True
14.9100 	EXP 	Created text_31 = TextStim(__class__=<class 'psychopy.visual.text.TextStim'>, alignHoriz=method-wrapper(...), alignText='center', alignVert=method-wrapper(...), anchorHoriz='center', anchorVert='center', antialias=True, autoDraw=False, autoLog=True, bold=False, color=array([-1., -1., -1.]), colorSpace='rgb', contrast=1.0, depth=-6.0, draggable=False, flipHoriz=False, flipVert=False, font='Open Sans', fontFiles=[], height=0.01, italic=False, languageStyle='LTR', name='text_31', opacity=1.0, ori=0.0, pos=array([0.  , 0.11]), rgb=UNKNOWN, text='writing', units='height', win=Window(...), wrapWidth=1)
14.9101 	EXP 	window1: mouseVisible = True
14.9122 	EXP 	Created p1_4 = TextStim(__class__=<class 'psychopy.visual.text.TextStim'>, alignHoriz=method-wrapper(...), alignText='center', alignVert=method-wrapper(...), anchorHoriz='center', anchorVert='center', antialias=True, autoDraw=False, autoLog=True, bold=False, color=array([-1., -1., -1.]), colorSpace='rgb', contrast=1.0, depth=-7.0, draggable=False, flipHoriz=False, flipVert=False, font='Consolas', fontFiles=[], height=0.03, italic=False, languageStyle='LTR', name='p1_4', opacity=1.0, ori=0.0, pos=array([0.  , 0.45]), rgb=UNKNOWN, text='Player-1\n', units='height', win=Window(...), wrapWidth=1)
14.9122 	EXP 	window1: mouseVisible = True
14.9139 	EXP 	Created you_2 = TextStim(__class__=<class 'psychopy.visual.text.TextStim'>, alignHoriz=method-wrapper(...), alignText='center', alignVert=method-wrapper(...), anchorHoriz='center', anchorVert='center', antialias=True, autoDraw=False, autoLog=True, bold=False, color=array([-1., -1., -1.]), colorSpace='rgb', contrast=1.0, depth=-8.0, draggable=False, flipHoriz=False, flipVert=False, font='Consolas', fontFiles=[], height=0.03, italic=False, languageStyle='LTR', name='you_2', opacity=1.0, ori=0.0, pos=array([0.  , 0.07]), rgb=UNKNOWN, text='You', units='height', win=Window(...), wrapWidth=1)
14.9139 	EXP 	window1: mouseVisible = True
14.9324 	EXP 	Created chatting_2 = ImageStim(__class__=<class 'psychopy.visual.image.ImageStim'>, anchor=('center', 'center'), autoLog=True, color=array([1., 1., 1.]), colorSpace='rgb', contrast=1.0, depth=-9.0, draggable=False, flipHoriz=False, flipVert=False, image=str(...), interpolate=True, mask=None, maskParams=None, name='chatting_2', opacity=1.0, ori=0.0, pos=array([-0.13, -0.2 ]), size=array([0.04, 0.04]), texRes=128.0, units='height', win=Window(...))
14.9325 	EXP 	window1: mouseVisible = True
14.9344 	EXP 	Created chat_2 = TextStim(__class__=<class 'psychopy.visual.text.TextStim'>, alignHoriz=method-wrapper(...), alignText='center', alignVert=method-wrapper(...), anchorHoriz='center', anchorVert='center', antialias=True, autoDraw=False, autoLog=True, bold=False, color=array([-1., -1., -1.]), colorSpace='rgb', contrast=1.0, depth=-10.0, draggable=False, flipHoriz=False, flipVert=False, font='Open Sans', fontFiles=[], height=0.01, italic=False, languageStyle='LTR', name='chat_2', opacity=1.0, ori=0.0, pos=array([-0.13, -0.23]), rgb=UNKNOWN, text='chatting', units='height', win=Window(...), wrapWidth=1)
14.9345 	EXP 	window1: mouseVisible = True
14.9453 	EXP 	Created sports_2 = ImageStim(__class__=<class 'psychopy.visual.image.ImageStim'>, anchor=('center', 'center'), autoLog=True, color=array([1., 1., 1.]), colorSpace='rgb', contrast=1.0, depth=-11.0, draggable=False, flipHoriz=False, flipVert=False, image=str(...), interpolate=True, mask=None, maskParams=None, name='sports_2', opacity=1.0, ori=0.0, pos=array([ 0. , -0.2]), size=array([0.04, 0.04]), texRes=128.0, units='height', win=Window(...))
14.9454 	EXP 	window1: mouseVisible = True
14.9477 	EXP 	Created sport_2 = TextStim(__class__=<class 'psychopy.visual.text.TextStim'>, alignHoriz=method-wrapper(...), alignText='center', alignVert=method-wrapper(...), anchorHoriz='center', anchorVert='center', antialias=True, autoDraw=False, autoLog=True, bold=False, color=array([-1., -1., -1.]), colorSpace='rgb', contrast=1.0, depth=-12.0, draggable=False, flipHoriz=False, flipVert=False, font='Open Sans', fontFiles=[], height=0.01, italic=False, languageStyle='LTR', name='sport_2', opacity=1.0, ori=0.0, pos=array([ 0.  , -0.23]), rgb=UNKNOWN, text='sports', units='height', win=Window(...), wrapWidth=1)
14.9477 	EXP 	window1: mouseVisible = True
14.9726 	EXP 	Created beach_2 = ImageStim(__class__=<class 'psychopy.visual.image.ImageStim'>, anchor=('center', 'center'), autoLog=True, color=array([1., 1., 1.]), colorSpace='rgb', contrast=1.0, depth=-13.0, draggable=False, flipHoriz=False, flipVert=False, image=str(...), interpolate=True, mask=None, maskParams=None, name='beach_2', opacity=1.0, ori=0.0, pos=array([ 0.13, -0.2 ]), size=array([0.04, 0.04]), texRes=128.0, units='height', win=Window(...))
14.9727 	EXP 	window1: mouseVisible = True
15.0169 	EXP 	Created participantpic_5 = ImageStim(__class__=<class 'psychopy.visual.image.ImageStim'>, anchor=('center', 'center'), autoLog=True, color=array([1., 1., 1.]), colorSpace='rgb', contrast=1.0, depth=-14.0, draggable=False, flipHoriz=False, flipVert=False, image=str(...), interpolate=True, mask=None, maskParams=None, name='participantpic_5', opacity=1.0, ori=0.0, pos=array([ 0.   , -0.073]), size=array([0.15, 0.2 ]), texRes=128.0, units='height', win=Window(...))
15.0170 	EXP 	window1: mouseVisible = True
15.0192 	EXP 	Created beach_txt_2 = TextStim(__class__=<class 'psychopy.visual.text.TextStim'>, alignHoriz=method-wrapper(...), alignText='center', alignVert=method-wrapper(...), anchorHoriz='center', anchorVert='center', antialias=True, autoDraw=False, autoLog=True, bold=False, color=array([-1., -1., -1.]), colorSpace='rgb', contrast=1.0, depth=-15.0, draggable=False, flipHoriz=False, flipVert=False, font='Open Sans', fontFiles=[], height=0.01, italic=False, languageStyle='LTR', name='beach_txt_2', opacity=1.0, ori=0.0, pos=array([ 0.13, -0.23]), rgb=UNKNOWN, text='beach', units='height', win=Window(...), wrapWidth=1)
15.0193 	EXP 	window1: mouseVisible = True
15.0331 	EXP 	Created yes = ImageStim(__class__=<class 'psychopy.visual.image.ImageStim'>, anchor=('center', 'center'), autoLog=True, color=array([1., 1., 1.]), colorSpace='rgb', contrast=1.0, depth=-16.0, draggable=False, flipHoriz=False, flipVert=False, image=str(...), interpolate=True, mask=None, maskParams=None, name='yes', opacity=1.0, ori=0.0, pos=array([ 0.   , -0.073]), size=array([0.2, 0.3]), texRes=128.0, units='height', win=Window(...))
15.0332 	EXP 	window1: mouseVisible = True
15.0343 	EXP 	Created polygon = Rect(__class__=<class 'psychopy.visual.rect.Rect'>, anchor=('center', 'center'), autoDraw=False, autoLog=True, closeShape=True, color=method-wrapper(...), colorSpace='rgb', contrast=None, depth=0.0, draggable=False, fillColor=array([-1., -1., -1.]), fillColorSpace='rgb', fillRGB=array([-1., -1., -1.]), interpolate=True, lineColor=array([-1., -1., -1.]), lineColorSpace='rgb', lineRGB=array([-1., -1., -1.]), lineWidth=1.0, name='polygon', opacity=1.0, ori=0.0, pos=array([0., 0.]), size=array([4., 4.]), units='height', vertices=ndarray(...), win=Window(...))
15.0344 	EXP 	window1: mouseVisible = True
15.0474 	EXP 	Created text_16 = TextStim(__class__=<class 'psychopy.visual.text.TextStim'>, alignHoriz=method-wrapper(...), alignText='center', alignVert=method-wrapper(...), anchorHoriz='center', anchorVert='center', antialias=True, autoDraw=False, autoLog=True, bold=False, color=array([1., 1., 1.]), colorSpace='rgb', contrast=1.0, depth=-1.0, draggable=False, flipHoriz=False, flipVert=False, font='Open Sans', fontFiles=[], height=0.06, italic=False, languageStyle='LTR', name='text_16', opacity=1.0, ori=0.0, pos=array([0., 0.]), rgb=UNKNOWN, text='+', units='height', win=Window(...), wrapWidth=1)
15.0476 	EXP 	window1: mouseVisible = True
15.0784 	EXP 	Created Who_2 = TextStim(__class__=<class 'psychopy.visual.text.TextStim'>, alignHoriz=method-wrapper(...), alignText='center', alignVert=method-wrapper(...), anchorHoriz='center', anchorVert='center', antialias=True, autoDraw=False, autoLog=True, bold=False, color=array([-1., -1., -1.]), colorSpace='rgb', contrast=1.0, depth=0.0, draggable=False, flipHoriz=False, flipVert=False, font='Courier New', fontFiles=[], height=0.04, italic=False, languageStyle='LTR', name='Who_2', opacity=1.0, ori=0.0, pos=array([0.  , 0.38]), rgb=UNKNOWN, text='Who do you want to be friends with? \n\n', units='height', win=Window(...), wrapWidth=1)
15.0785 	EXP 	window1: mouseVisible = True
15.0831 	EXP 	Created text_15 = TextStim(__class__=<class 'psychopy.visual.text.TextStim'>, alignHoriz=method-wrapper(...), alignText='center', alignVert=method-wrapper(...), anchorHoriz='center', anchorVert='center', antialias=True, autoDraw=False, autoLog=True, bold=False, color=array([-1., -1., -1.]), colorSpace='rgb', contrast=1.0, depth=-1.0, draggable=False, flipHoriz=False, flipVert=False, font='Consolas', fontFiles=[], height=0.03, italic=False, languageStyle='LTR', name='text_15', opacity=1.0, ori=0.0, pos=array([-0.4,  0.3]), rgb=UNKNOWN, text='Player-1\n', units='height', win=Window(...), wrapWidth=1)
15.0832 	EXP 	window1: mouseVisible = True
15.0860 	EXP 	Created text_17 = TextStim(__class__=<class 'psychopy.visual.text.TextStim'>, alignHoriz=method-wrapper(...), alignText='center', alignVert=method-wrapper(...), anchorHoriz='center', anchorVert='center', antialias=True, autoDraw=False, autoLog=True, bold=False, color=array([-1., -1., -1.]), colorSpace='rgb', contrast=1.0, depth=-2.0, draggable=False, flipHoriz=False, flipVert=False, font='Consolas', fontFiles=[], height=0.03, italic=False, languageStyle='LTR', name='text_17', opacity=1.0, ori=0.0, pos=array([0.4, 0.3]), rgb=UNKNOWN, text='Player-2\n', units='height', win=Window(...), wrapWidth=1)
15.0861 	EXP 	window1: mouseVisible = True
15.1204 	EXP 	Created Player1demo_2 = ImageStim(__class__=<class 'psychopy.visual.image.ImageStim'>, anchor=('center', 'center'), autoLog=True, color=array([1., 1., 1.]), colorSpace='rgb', contrast=1.0, depth=-3.0, draggable=False, flipHoriz=False, flipVert=False, image=str(...), interpolate=True, mask=None, maskParams=None, name='Player1demo_2', opacity=1.0, ori=0.0, pos=array([-0.4 ,  0.13]), size=array([0.2 , 0.25]), texRes=128.0, units='height', win=Window(...))
15.1205 	EXP 	window1: mouseVisible = True
15.1502 	EXP 	Created Player2demo_2 = ImageStim(__class__=<class 'psychopy.visual.image.ImageStim'>, anchor=('center', 'center'), autoLog=True, color=array([1., 1., 1.]), colorSpace='rgb', contrast=1.0, depth=-4.0, draggable=False, flipHoriz=False, flipVert=False, image=str(...), interpolate=True, mask=None, maskParams=None, name='Player2demo_2', opacity=1.0, ori=0.0, pos=array([0.4 , 0.13]), size=array([0.2 , 0.25]), texRes=128.0, units='height', win=Window(...))
15.1505 	EXP 	window1: mouseVisible = True
15.1685 	EXP 	Created writingpic = ImageStim(__class__=<class 'psychopy.visual.image.ImageStim'>, anchor=('center', 'center'), autoLog=True, color=array([1., 1., 1.]), colorSpace='rgb', contrast=1.0, depth=-5.0, draggable=False, flipHoriz=False, flipVert=False, image=str(...), interpolate=True, mask=None, maskParams=None, name='writingpic', opacity=1.0, ori=0.0, pos=array([-0.5 , -0.03]), size=array([0.04, 0.04]), texRes=128.0, units='height', win=Window(...))
15.1687 	EXP 	window1: mouseVisible = True
15.1795 	EXP 	Created text_18 = TextStim(__class__=<class 'psychopy.visual.text.TextStim'>, alignHoriz=method-wrapper(...), alignText='center', alignVert=method-wrapper(...), anchorHoriz='center', anchorVert='center', antialias=True, autoDraw=False, autoLog=True, bold=False, color=array([-1., -1., -1.]), colorSpace='rgb', contrast=1.0, depth=-6.0, draggable=False, flipHoriz=False, flipVert=False, font='Open Sans', fontFiles=[], height=0.01, italic=False, languageStyle='LTR', name='text_18', opacity=1.0, ori=0.0, pos=array([-0.5 , -0.08]), rgb=UNKNOWN, text='writing\n\n', units='height', win=Window(...), wrapWidth=1)
15.1797 	EXP 	window1: mouseVisible = True
15.2001 	EXP 	Created instruments = ImageStim(__class__=<class 'psychopy.visual.image.ImageStim'>, anchor=('center', 'center'), autoLog=True, color=array([1., 1., 1.]), colorSpace='rgb', contrast=1.0, depth=-7.0, draggable=False, flipHoriz=False, flipVert=False, image=str(...), interpolate=True, mask=None, maskParams=None, name='instruments', opacity=1.0, ori=0.0, pos=array([-0.4 , -0.03]), size=array([0.04, 0.04]), texRes=128.0, units='height', win=Window(...))
15.2002 	EXP 	window1: mouseVisible = True
15.2066 	EXP 	Created text_20 = TextStim(__class__=<class 'psychopy.visual.text.TextStim'>, alignHoriz=method-wrapper(...), alignText='center', alignVert=method-wrapper(...), anchorHoriz='center', anchorVert='center', antialias=True, autoDraw=False, autoLog=True, bold=False, color=array([-1., -1., -1.]), colorSpace='rgb', contrast=1.0, depth=-8.0, draggable=False, flipHoriz=False, flipVert=False, font='Open Sans', fontFiles=[], height=0.01, italic=False, languageStyle='LTR', name='text_20', opacity=1.0, ori=0.0, pos=array([-0.4 , -0.07]), rgb=UNKNOWN, text='instruments', units='height', win=Window(...), wrapWidth=1)
15.2067 	EXP 	window1: mouseVisible = True
15.2236 	EXP 	Created knitting = ImageStim(__class__=<class 'psychopy.visual.image.ImageStim'>, anchor=('center', 'center'), autoLog=True, color=array([1., 1., 1.]), colorSpace='rgb', contrast=1.0, depth=-9.0, draggable=False, flipHoriz=False, flipVert=False, image=str(...), interpolate=True, mask=None, maskParams=None, name='knitting', opacity=1.0, ori=0.0, pos=array([-0.3 , -0.03]), size=array([0.04, 0.04]), texRes=128.0, units='height', win=Window(...))
15.2237 	EXP 	window1: mouseVisible = True
15.2274 	EXP 	Created text_19 = TextStim(__class__=<class 'psychopy.visual.text.TextStim'>, alignHoriz=method-wrapper(...), alignText='center', alignVert=method-wrapper(...), anchorHoriz='center', anchorVert='center', antialias=True, autoDraw=False, autoLog=True, bold=False, color=array([-1., -1., -1.]), colorSpace='rgb', contrast=1.0, depth=-10.0, draggable=False, flipHoriz=False, flipVert=False, font='Open Sans', fontFiles=[], height=0.01, italic=False, languageStyle='LTR', name='text_19', opacity=1.0, ori=0.0, pos=array([-0.3 , -0.07]), rgb=UNKNOWN, text='knitting', units='height', win=Window(...), wrapWidth=1)
15.2275 	EXP 	window1: mouseVisible = True
15.2452 	EXP 	Created beachpic = ImageStim(__class__=<class 'psychopy.visual.image.ImageStim'>, anchor=('center', 'center'), autoLog=True, color=array([1., 1., 1.]), colorSpace='rgb', contrast=1.0, depth=-11.0, draggable=False, flipHoriz=False, flipVert=False, image=str(...), interpolate=True, mask=None, maskParams=None, name='beachpic', opacity=1.0, ori=0.0, pos=array([ 0.3 , -0.03]), size=array([0.04, 0.04]), texRes=128.0, units='height', win=Window(...))
15.2453 	EXP 	window1: mouseVisible = True
15.2625 	EXP 	Created writingpic2 = ImageStim(__class__=<class 'psychopy.visual.image.ImageStim'>, anchor=('center', 'center'), autoLog=True, color=array([1., 1., 1.]), colorSpace='rgb', contrast=1.0, depth=-12.0, draggable=False, flipHoriz=False, flipVert=False, image=str(...), interpolate=True, mask=None, maskParams=None, name='writingpic2', opacity=1.0, ori=0.0, pos=array([ 0.4 , -0.03]), size=array([0.04, 0.04]), texRes=128.0, units='height', win=Window(...))
15.2626 	EXP 	window1: mouseVisible = True
15.2662 	EXP 	Created text_22 = TextStim(__class__=<class 'psychopy.visual.text.TextStim'>, alignHoriz=method-wrapper(...), alignText='center', alignVert=method-wrapper(...), anchorHoriz='center', anchorVert='center', antialias=True, autoDraw=False, autoLog=True, bold=False, color=array([-1., -1., -1.]), colorSpace='rgb', contrast=1.0, depth=-13.0, draggable=False, flipHoriz=False, flipVert=False, font='Open Sans', fontFiles=[], height=0.01, italic=False, languageStyle='LTR', name='text_22', opacity=1.0, ori=0.0, pos=array([ 0.4 , -0.08]), rgb=UNKNOWN, text='writing\n', units='height', win=Window(...), wrapWidth=1)
15.2663 	EXP 	window1: mouseVisible = True
15.2845 	EXP 	Created cycling = ImageStim(__class__=<class 'psychopy.visual.image.ImageStim'>, anchor=('center', 'center'), autoLog=True, color=array([1., 1., 1.]), colorSpace='rgb', contrast=1.0, depth=-14.0, draggable=False, flipHoriz=False, flipVert=False, image=str(...), interpolate=True, mask=None, maskParams=None, name='cycling', opacity=1.0, ori=0.0, pos=array([ 0.5 , -0.03]), size=array([0.04, 0.04]), texRes=128.0, units='height', win=Window(...))
15.2846 	EXP 	window1: mouseVisible = True
15.2895 	EXP 	Created text_23 = TextStim(__class__=<class 'psychopy.visual.text.TextStim'>, alignHoriz=method-wrapper(...), alignText='center', alignVert=method-wrapper(...), anchorHoriz='center', anchorVert='center', antialias=True, autoDraw=False, autoLog=True, bold=False, color=array([-1., -1., -1.]), colorSpace='rgb', contrast=1.0, depth=-15.0, draggable=False, flipHoriz=False, flipVert=False, font='Open Sans', fontFiles=[], height=0.01, italic=False, languageStyle='LTR', name='text_23', opacity=1.0, ori=0.0, pos=array([ 0.5 , -0.07]), rgb=UNKNOWN, text='cycling', units='height', win=Window(...), wrapWidth=1)
15.2897 	EXP 	window1: mouseVisible = True
15.2926 	EXP 	Created text_24 = TextStim(__class__=<class 'psychopy.visual.text.TextStim'>, alignHoriz=method-wrapper(...), alignText='center', alignVert=method-wrapper(...), anchorHoriz='center', anchorVert='center', antialias=True, autoDraw=False, autoLog=True, bold=False, color=array([-1., -1., -1.]), colorSpace='rgb', contrast=1.0, depth=-17.0, draggable=False, flipHoriz=False, flipVert=False, font='Open Sans', fontFiles=[], height=0.01, italic=False, languageStyle='LTR', name='text_24', opacity=1.0, ori=0.0, pos=array([ 0.3 , -0.07]), rgb=UNKNOWN, text='beach', units='height', win=Window(...), wrapWidth=1)
15.2927 	EXP 	window1: mouseVisible = True
15.2952 	EXP 	Created p1_3 = TextStim(__class__=<class 'psychopy.visual.text.TextStim'>, alignHoriz=method-wrapper(...), alignText='center', alignVert=method-wrapper(...), anchorHoriz='center', anchorVert='center', antialias=True, autoDraw=False, autoLog=True, bold=False, color=array([-1., -1., -1.]), colorSpace='rgb', contrast=1.0, depth=0.0, draggable=False, flipHoriz=False, flipVert=False, font='Consolas', fontFiles=[], height=0.03, italic=False, languageStyle='LTR', name='p1_3', opacity=1.0, ori=0.0, pos=array([-0.4,  0.3]), rgb=UNKNOWN, text='Player-1\n', units='height', win=Window(...), wrapWidth=1)
15.2952 	EXP 	window1: mouseVisible = True
15.3326 	EXP 	Created Player1_3 = ImageStim(__class__=<class 'psychopy.visual.image.ImageStim'>, anchor=('center', 'center'), autoLog=True, color=array([1., 1., 1.]), colorSpace='rgb', contrast=1.0, depth=-1.0, draggable=False, flipHoriz=False, flipVert=False, image=str(...), interpolate=True, mask=None, maskParams=None, name='Player1_3', opacity=1.0, ori=0.0, pos=array([-0.4 ,  0.13]), size=array([0.2 , 0.25]), texRes=128.0, units='height', win=Window(...))
15.3326 	EXP 	window1: mouseVisible = True
15.3506 	EXP 	Created writingpic_2 = ImageStim(__class__=<class 'psychopy.visual.image.ImageStim'>, anchor=('center', 'center'), autoLog=True, color=array([1., 1., 1.]), colorSpace='rgb', contrast=1.0, depth=-2.0, draggable=False, flipHoriz=False, flipVert=False, image=str(...), interpolate=True, mask=None, maskParams=None, name='writingpic_2', opacity=1.0, ori=0.0, pos=array([-0.5 , -0.03]), size=array([0.04, 0.04]), texRes=128.0, units='height', win=Window(...))
15.3507 	EXP 	window1: mouseVisible = True
15.3532 	EXP 	Created text_28 = TextStim(__class__=<class 'psychopy.visual.text.TextStim'>, alignHoriz=method-wrapper(...), alignText='center', alignVert=method-wrapper(...), anchorHoriz='center', anchorVert='center', antialias=True, autoDraw=False, autoLog=True, bold=False, color=array([-1., -1., -1.]), colorSpace='rgb', contrast=1.0, depth=-3.0, draggable=False, flipHoriz=False, flipVert=False, font='Open Sans', fontFiles=[], height=0.01, italic=False, languageStyle='LTR', name='text_28', opacity=1.0, ori=0.0, pos=array([-0.5 , -0.08]), rgb=UNKNOWN, text='writing\n\n', units='height', win=Window(...), wrapWidth=1)
15.3532 	EXP 	window1: mouseVisible = True
15.3717 	EXP 	Created instruments_2 = ImageStim(__class__=<class 'psychopy.visual.image.ImageStim'>, anchor=('center', 'center'), autoLog=True, color=array([1., 1., 1.]), colorSpace='rgb', contrast=1.0, depth=-4.0, draggable=False, flipHoriz=False, flipVert=False, image=str(...), interpolate=True, mask=None, maskParams=None, name='instruments_2', opacity=1.0, ori=0.0, pos=array([-0.4 , -0.03]), size=array([0.04, 0.04]), texRes=128.0, units='height', win=Window(...))
15.3718 	EXP 	window1: mouseVisible = True
15.3740 	EXP 	Created text_29 = TextStim(__class__=<class 'psychopy.visual.text.TextStim'>, alignHoriz=method-wrapper(...), alignText='center', alignVert=method-wrapper(...), anchorHoriz='center', anchorVert='center', antialias=True, autoDraw=False, autoLog=True, bold=False, color=array([-1., -1., -1.]), colorSpace='rgb', contrast=1.0, depth=-5.0, draggable=False, flipHoriz=False, flipVert=False, font='Open Sans', fontFiles=[], height=0.01, italic=False, languageStyle='LTR', name='text_29', opacity=1.0, ori=0.0, pos=array([-0.4 , -0.07]), rgb=UNKNOWN, text='instruments', units='height', win=Window(...), wrapWidth=1)
15.3741 	EXP 	window1: mouseVisible = True
15.3927 	EXP 	Created knitting_2 = ImageStim(__class__=<class 'psychopy.visual.image.ImageStim'>, anchor=('center', 'center'), autoLog=True, color=array([1., 1., 1.]), colorSpace='rgb', contrast=1.0, depth=-6.0, draggable=False, flipHoriz=False, flipVert=False, image=str(...), interpolate=True, mask=None, maskParams=None, name='knitting_2', opacity=1.0, ori=0.0, pos=array([-0.3 , -0.03]), size=array([0.04, 0.04]), texRes=128.0, units='height', win=Window(...))
15.3928 	EXP 	window1: mouseVisible = True
15.4004 	EXP 	Created yes1_4 = ImageStim(__class__=<class 'psychopy.visual.image.ImageStim'>, anchor=('center', 'center'), autoLog=True, color=array([1., 1., 1.]), colorSpace='rgb', contrast=1.0, depth=-7.0, draggable=False, flipHoriz=False, flipVert=False, image=str(...), interpolate=True, mask=None, maskParams=None, name='yes1_4', opacity=1.0, ori=0.0, pos=array([-0.4 ,  0.13]), size=array([0.3, 0.3]), texRes=128.0, units='height', win=Window(...))
15.4005 	EXP 	window1: mouseVisible = True
15.4114 	EXP 	Created text_37 = TextStim(__class__=<class 'psychopy.visual.text.TextStim'>, alignHoriz=method-wrapper(...), alignText='center', alignVert=method-wrapper(...), anchorHoriz='center', anchorVert='center', antialias=True, autoDraw=False, autoLog=True, bold=False, color=array([-1., -1., -1.]), colorSpace='rgb', contrast=1.0, depth=-8.0, draggable=False, flipHoriz=False, flipVert=False, font='Open Sans', fontFiles=[], height=0.01, italic=False, languageStyle='LTR', name='text_37', opacity=1.0, ori=0.0, pos=array([-0.4 , -0.07]), rgb=UNKNOWN, text='movies', units='height', win=Window(...), wrapWidth=1)
15.4115 	EXP 	window1: mouseVisible = True
15.4156 	EXP 	Created text_38 = TextStim(__class__=<class 'psychopy.visual.text.TextStim'>, alignHoriz=method-wrapper(...), alignText='center', alignVert=method-wrapper(...), anchorHoriz='center', anchorVert='center', antialias=True, autoDraw=False, autoLog=True, bold=False, color=array([-1., -1., -1.]), colorSpace='rgb', contrast=1.0, depth=-9.0, draggable=False, flipHoriz=False, flipVert=False, font='Open Sans', fontFiles=[], height=0.01, italic=False, languageStyle='LTR', name='text_38', opacity=1.0, ori=0.0, pos=array([-0.3 , -0.07]), rgb=UNKNOWN, text='knitting', units='height', win=Window(...), wrapWidth=1)
15.4157 	EXP 	window1: mouseVisible = True
15.4671 	EXP 	Created Player1_5 = ImageStim(__class__=<class 'psychopy.visual.image.ImageStim'>, anchor=('center', 'center'), autoLog=True, color=array([1., 1., 1.]), colorSpace='rgb', contrast=1.0, depth=0.0, draggable=False, flipHoriz=False, flipVert=False, image=str(...), interpolate=True, mask=None, maskParams=None, name='Player1_5', opacity=1.0, ori=0.0, pos=array([0. , 0.3]), size=array([0.2 , 0.25]), texRes=128.0, units='height', win=Window(...))
15.4672 	EXP 	window1: mouseVisible = True
15.4849 	EXP 	Created writt = ImageStim(__class__=<class 'psychopy.visual.image.ImageStim'>, anchor=('center', 'center'), autoLog=True, color=array([1., 1., 1.]), colorSpace='rgb', contrast=1.0, depth=-1.0, draggable=False, flipHoriz=False, flipVert=False, image=str(...), interpolate=True, mask=None, maskParams=None, name='writt', opacity=1.0, ori=0.0, pos=array([-0.13,  0.14]), size=array([0.04, 0.04]), texRes=128.0, units='height', win=Window(...))
15.4850 	EXP 	window1: mouseVisible = True
15.4877 	EXP 	Created var_3 = TextStim(__class__=<class 'psychopy.visual.text.TextStim'>, alignHoriz=method-wrapper(...), alignText='center', alignVert=method-wrapper(...), anchorHoriz='center', anchorVert='center', antialias=True, autoDraw=False, autoLog=True, bold=False, color=array([-1., -1., -1.]), colorSpace='rgb', contrast=1.0, depth=-2.0, draggable=False, flipHoriz=False, flipVert=False, font='Open Sans', fontFiles=[], height=0.01, italic=False, languageStyle='LTR', name='var_3', opacity=1.0, ori=0.0, pos=array([-0.13 ,  0.095]), rgb=UNKNOWN, text='writing\n', units='height', win=Window(...), wrapWidth=1)
15.4878 	EXP 	window1: mouseVisible = True
15.5061 	EXP 	Created piano = ImageStim(__class__=<class 'psychopy.visual.image.ImageStim'>, anchor=('center', 'center'), autoLog=True, color=array([1., 1., 1.]), colorSpace='rgb', contrast=1.0, depth=-3.0, draggable=False, flipHoriz=False, flipVert=False, image=str(...), interpolate=True, mask=None, maskParams=None, name='piano', opacity=1.0, ori=0.0, pos=array([0.  , 0.14]), size=array([0.04, 0.04]), texRes=128.0, units='height', win=Window(...))
15.5062 	EXP 	window1: mouseVisible = True
15.5082 	EXP 	Created var_8 = TextStim(__class__=<class 'psychopy.visual.text.TextStim'>, alignHoriz=method-wrapper(...), alignText='center', alignVert=method-wrapper(...), anchorHoriz='center', anchorVert='center', antialias=True, autoDraw=False, autoLog=True, bold=False, color=array([-1., -1., -1.]), colorSpace='rgb', contrast=1.0, depth=-4.0, draggable=False, flipHoriz=False, flipVert=False, font='Open Sans', fontFiles=[], height=0.01, italic=False, languageStyle='LTR', name='var_8', opacity=1.0, ori=0.0, pos=array([0.13, 0.11]), rgb=UNKNOWN, text='instruments\n', units='height', win=Window(...), wrapWidth=1)
15.5083 	EXP 	window1: mouseVisible = True
15.5261 	EXP 	Created knittingg = ImageStim(__class__=<class 'psychopy.visual.image.ImageStim'>, anchor=('center', 'center'), autoLog=True, color=array([1., 1., 1.]), colorSpace='rgb', contrast=1.0, depth=-5.0, draggable=False, flipHoriz=False, flipVert=False, image=str(...), interpolate=True, mask=None, maskParams=None, name='knittingg', opacity=1.0, ori=0.0, pos=array([0.13, 0.14]), size=array([0.04, 0.04]), texRes=128.0, units='height', win=Window(...))
15.5262 	EXP 	window1: mouseVisible = True
15.5282 	EXP 	Created text_32 = TextStim(__class__=<class 'psychopy.visual.text.TextStim'>, alignHoriz=method-wrapper(...), alignText='center', alignVert=method-wrapper(...), anchorHoriz='center', anchorVert='center', antialias=True, autoDraw=False, autoLog=True, bold=False, color=array([-1., -1., -1.]), colorSpace='rgb', contrast=1.0, depth=-6.0, draggable=False, flipHoriz=False, flipVert=False, font='Open Sans', fontFiles=[], height=0.01, italic=False, languageStyle='LTR', name='text_32', opacity=1.0, ori=0.0, pos=array([0.  , 0.11]), rgb=UNKNOWN, text='knitting', units='height', win=Window(...), wrapWidth=1)
15.5282 	EXP 	window1: mouseVisible = True
15.5300 	EXP 	Created p1_5 = TextStim(__class__=<class 'psychopy.visual.text.TextStim'>, alignHoriz=method-wrapper(...), alignText='center', alignVert=method-wrapper(...), anchorHoriz='center', anchorVert='center', antialias=True, autoDraw=False, autoLog=True, bold=False, color=array([-1., -1., -1.]), colorSpace='rgb', contrast=1.0, depth=-7.0, draggable=False, flipHoriz=False, flipVert=False, font='Consolas', fontFiles=[], height=0.03, italic=False, languageStyle='LTR', name='p1_5', opacity=1.0, ori=0.0, pos=array([0.  , 0.45]), rgb=UNKNOWN, text='Player-1\n', units='height', win=Window(...), wrapWidth=1)
15.5301 	EXP 	window1: mouseVisible = True
15.5348 	EXP 	Created you_3 = TextStim(__class__=<class 'psychopy.visual.text.TextStim'>, alignHoriz=method-wrapper(...), alignText='center', alignVert=method-wrapper(...), anchorHoriz='center', anchorVert='center', antialias=True, autoDraw=False, autoLog=True, bold=False, color=array([-1., -1., -1.]), colorSpace='rgb', contrast=1.0, depth=-8.0, draggable=False, flipHoriz=False, flipVert=False, font='Consolas', fontFiles=[], height=0.03, italic=False, languageStyle='LTR', name='you_3', opacity=1.0, ori=0.0, pos=array([0.  , 0.07]), rgb=UNKNOWN, text='You', units='height', win=Window(...), wrapWidth=1)
15.5350 	EXP 	window1: mouseVisible = True
15.5587 	EXP 	Created chatting_3 = ImageStim(__class__=<class 'psychopy.visual.image.ImageStim'>, anchor=('center', 'center'), autoLog=True, color=array([1., 1., 1.]), colorSpace='rgb', contrast=1.0, depth=-9.0, draggable=False, flipHoriz=False, flipVert=False, image=str(...), interpolate=True, mask=None, maskParams=None, name='chatting_3', opacity=1.0, ori=0.0, pos=array([-0.13, -0.2 ]), size=array([0.04, 0.04]), texRes=128.0, units='height', win=Window(...))
15.5589 	EXP 	window1: mouseVisible = True
15.5608 	EXP 	Created chat_3 = TextStim(__class__=<class 'psychopy.visual.text.TextStim'>, alignHoriz=method-wrapper(...), alignText='center', alignVert=method-wrapper(...), anchorHoriz='center', anchorVert='center', antialias=True, autoDraw=False, autoLog=True, bold=False, color=array([-1., -1., -1.]), colorSpace='rgb', contrast=1.0, depth=-10.0, draggable=False, flipHoriz=False, flipVert=False, font='Open Sans', fontFiles=[], height=0.01, italic=False, languageStyle='LTR', name='chat_3', opacity=1.0, ori=0.0, pos=array([-0.13, -0.23]), rgb=UNKNOWN, text='chatting', units='height', win=Window(...), wrapWidth=1)
15.5609 	EXP 	window1: mouseVisible = True
15.5709 	EXP 	Created sports_3 = ImageStim(__class__=<class 'psychopy.visual.image.ImageStim'>, anchor=('center', 'center'), autoLog=True, color=array([1., 1., 1.]), colorSpace='rgb', contrast=1.0, depth=-11.0, draggable=False, flipHoriz=False, flipVert=False, image=str(...), interpolate=True, mask=None, maskParams=None, name='sports_3', opacity=1.0, ori=0.0, pos=array([ 0. , -0.2]), size=array([0.04, 0.04]), texRes=128.0, units='height', win=Window(...))
15.5710 	EXP 	window1: mouseVisible = True
15.5748 	EXP 	Created sport_3 = TextStim(__class__=<class 'psychopy.visual.text.TextStim'>, alignHoriz=method-wrapper(...), alignText='center', alignVert=method-wrapper(...), anchorHoriz='center', anchorVert='center', antialias=True, autoDraw=False, autoLog=True, bold=False, color=array([-1., -1., -1.]), colorSpace='rgb', contrast=1.0, depth=-12.0, draggable=False, flipHoriz=False, flipVert=False, font='Open Sans', fontFiles=[], height=0.01, italic=False, languageStyle='LTR', name='sport_3', opacity=1.0, ori=0.0, pos=array([ 0.  , -0.23]), rgb=UNKNOWN, text='sports', units='height', win=Window(...), wrapWidth=1)
15.5749 	EXP 	window1: mouseVisible = True
15.5926 	EXP 	Created beach_3 = ImageStim(__class__=<class 'psychopy.visual.image.ImageStim'>, anchor=('center', 'center'), autoLog=True, color=array([1., 1., 1.]), colorSpace='rgb', contrast=1.0, depth=-13.0, draggable=False, flipHoriz=False, flipVert=False, image=str(...), interpolate=True, mask=None, maskParams=None, name='beach_3', opacity=1.0, ori=0.0, pos=array([ 0.13, -0.2 ]), size=array([0.04, 0.04]), texRes=128.0, units='height', win=Window(...))
15.5928 	EXP 	window1: mouseVisible = True
15.5956 	EXP 	Created beach_txt_3 = TextStim(__class__=<class 'psychopy.visual.text.TextStim'>, alignHoriz=method-wrapper(...), alignText='center', alignVert=method-wrapper(...), anchorHoriz='center', anchorVert='center', antialias=True, autoDraw=False, autoLog=True, bold=False, color=array([-1., -1., -1.]), colorSpace='rgb', contrast=1.0, depth=-14.0, draggable=False, flipHoriz=False, flipVert=False, font='Open Sans', fontFiles=[], height=0.01, italic=False, languageStyle='LTR', name='beach_txt_3', opacity=1.0, ori=0.0, pos=array([ 0.13, -0.23]), rgb=UNKNOWN, text='beach', units='height', win=Window(...), wrapWidth=1)
15.5957 	EXP 	window1: mouseVisible = True
15.6303 	EXP 	Created participantpic_6 = ImageStim(__class__=<class 'psychopy.visual.image.ImageStim'>, anchor=('center', 'center'), autoLog=True, color=array([1., 1., 1.]), colorSpace='rgb', contrast=1.0, depth=-15.0, draggable=False, flipHoriz=False, flipVert=False, image=str(...), interpolate=True, mask=None, maskParams=None, name='participantpic_6', opacity=1.0, ori=0.0, pos=array([ 0.   , -0.073]), size=array([0.15, 0.2 ]), texRes=128.0, units='height', win=Window(...))
15.6304 	EXP 	window1: mouseVisible = True
15.6389 	EXP 	Created no_3 = ImageStim(__class__=<class 'psychopy.visual.image.ImageStim'>, anchor=('center', 'center'), autoLog=True, color=array([1., 1., 1.]), colorSpace='rgb', contrast=1.0, depth=-16.0, draggable=False, flipHoriz=False, flipVert=False, image=str(...), interpolate=True, mask=None, maskParams=None, name='no_3', opacity=1.0, ori=0.0, pos=array([ 0.   , -0.073]), size=array([0.2, 0.3]), texRes=128.0, units='height', win=Window(...))
15.6391 	EXP 	window1: mouseVisible = True
15.6441 	EXP 	Created text_27 = TextStim(__class__=<class 'psychopy.visual.text.TextStim'>, alignHoriz=method-wrapper(...), alignText='center', alignVert=method-wrapper(...), anchorHoriz='center', anchorVert='center', antialias=True, autoDraw=False, autoLog=True, bold=False, color=array([-1., -1., -1.]), colorSpace='rgb', contrast=1.0, depth=0.0, draggable=False, flipHoriz=False, flipVert=False, font='Consolas', fontFiles=[], height=0.03, italic=False, languageStyle='LTR', name='text_27', opacity=1.0, ori=0.0, pos=array([0.4, 0.3]), rgb=UNKNOWN, text='Player-2\n', units='height', win=Window(...), wrapWidth=1)
15.6442 	EXP 	window1: mouseVisible = True
15.6782 	EXP 	Created player_3 = ImageStim(__class__=<class 'psychopy.visual.image.ImageStim'>, anchor=('center', 'center'), autoLog=True, color=array([1., 1., 1.]), colorSpace='rgb', contrast=1.0, depth=-1.0, draggable=False, flipHoriz=False, flipVert=False, image=str(...), interpolate=True, mask=None, maskParams=None, name='player_3', opacity=1.0, ori=0.0, pos=array([0.4 , 0.13]), size=array([0.2 , 0.25]), texRes=128.0, units='height', win=Window(...))
15.6783 	EXP 	window1: mouseVisible = True
15.6962 	EXP 	Created beachpic_2 = ImageStim(__class__=<class 'psychopy.visual.image.ImageStim'>, anchor=('center', 'center'), autoLog=True, color=array([1., 1., 1.]), colorSpace='rgb', contrast=1.0, depth=-2.0, draggable=False, flipHoriz=False, flipVert=False, image=str(...), interpolate=True, mask=None, maskParams=None, name='beachpic_2', opacity=1.0, ori=0.0, pos=array([ 0.3 , -0.03]), size=array([0.04, 0.04]), texRes=128.0, units='height', win=Window(...))
15.6963 	EXP 	window1: mouseVisible = True
15.6983 	EXP 	Created text_25 = TextStim(__class__=<class 'psychopy.visual.text.TextStim'>, alignHoriz=method-wrapper(...), alignText='center', alignVert=method-wrapper(...), anchorHoriz='center', anchorVert='center', antialias=True, autoDraw=False, autoLog=True, bold=False, color=array([-1., -1., -1.]), colorSpace='rgb', contrast=1.0, depth=-3.0, draggable=False, flipHoriz=False, flipVert=False, font='Open Sans', fontFiles=[], height=0.01, italic=False, languageStyle='LTR', name='text_25', opacity=1.0, ori=0.0, pos=array([ 0.3 , -0.07]), rgb=UNKNOWN, text='beach', units='height', win=Window(...), wrapWidth=1)
15.6984 	EXP 	window1: mouseVisible = True
15.7158 	EXP 	Created writingpic2_2 = ImageStim(__class__=<class 'psychopy.visual.image.ImageStim'>, anchor=('center', 'center'), autoLog=True, color=array([1., 1., 1.]), colorSpace='rgb', contrast=1.0, depth=-4.0, draggable=False, flipHoriz=False, flipVert=False, image=str(...), interpolate=True, mask=None, maskParams=None, name='writingpic2_2', opacity=1.0, ori=0.0, pos=array([ 0.4 , -0.03]), size=array([0.04, 0.04]), texRes=128.0, units='height', win=Window(...))
15.7159 	EXP 	window1: mouseVisible = True
15.7185 	EXP 	Created text_26 = TextStim(__class__=<class 'psychopy.visual.text.TextStim'>, alignHoriz=method-wrapper(...), alignText='center', alignVert=method-wrapper(...), anchorHoriz='center', anchorVert='center', antialias=True, autoDraw=False, autoLog=True, bold=False, color=array([-1., -1., -1.]), colorSpace='rgb', contrast=1.0, depth=-5.0, draggable=False, flipHoriz=False, flipVert=False, font='Open Sans', fontFiles=[], height=0.01, italic=False, languageStyle='LTR', name='text_26', opacity=1.0, ori=0.0, pos=array([ 0.4 , -0.08]), rgb=UNKNOWN, text='writing\n', units='height', win=Window(...), wrapWidth=1)
15.7187 	EXP 	window1: mouseVisible = True
15.7372 	EXP 	Created cycling_2 = ImageStim(__class__=<class 'psychopy.visual.image.ImageStim'>, anchor=('center', 'center'), autoLog=True, color=array([1., 1., 1.]), colorSpace='rgb', contrast=1.0, depth=-6.0, draggable=False, flipHoriz=False, flipVert=False, image=str(...), interpolate=True, mask=None, maskParams=None, name='cycling_2', opacity=1.0, ori=0.0, pos=array([ 0.5 , -0.03]), size=array([0.04, 0.04]), texRes=128.0, units='height', win=Window(...))
15.7373 	EXP 	window1: mouseVisible = True
15.7394 	EXP 	Created text_30 = TextStim(__class__=<class 'psychopy.visual.text.TextStim'>, alignHoriz=method-wrapper(...), alignText='center', alignVert=method-wrapper(...), anchorHoriz='center', anchorVert='center', antialias=True, autoDraw=False, autoLog=True, bold=False, color=array([-1., -1., -1.]), colorSpace='rgb', contrast=1.0, depth=-7.0, draggable=False, flipHoriz=False, flipVert=False, font='Open Sans', fontFiles=[], height=0.01, italic=False, languageStyle='LTR', name='text_30', opacity=1.0, ori=0.0, pos=array([ 0.5 , -0.07]), rgb=UNKNOWN, text='cycling', units='height', win=Window(...), wrapWidth=1)
15.7395 	EXP 	window1: mouseVisible = True
15.7466 	EXP 	Created yes1_3 = ImageStim(__class__=<class 'psychopy.visual.image.ImageStim'>, anchor=('center', 'center'), autoLog=True, color=array([1., 1., 1.]), colorSpace='rgb', contrast=1.0, depth=-8.0, draggable=False, flipHoriz=False, flipVert=False, image=str(...), interpolate=True, mask=None, maskParams=None, name='yes1_3', opacity=1.0, ori=0.0, pos=array([0.4 , 0.13]), size=array([0.3, 0.3]), texRes=128.0, units='height', win=Window(...))
15.7467 	EXP 	window1: mouseVisible = True
15.7486 	EXP 	Created text_21 = TextStim(__class__=<class 'psychopy.visual.text.TextStim'>, alignHoriz=method-wrapper(...), alignText='center', alignVert=method-wrapper(...), anchorHoriz='center', anchorVert='center', antialias=True, autoDraw=False, autoLog=True, bold=False, color=array([-1., -1., -1.]), colorSpace='rgb', contrast=1.0, depth=-9.0, draggable=False, flipHoriz=False, flipVert=False, font='Open Sans', fontFiles=[], height=0.01, italic=False, languageStyle='LTR', name='text_21', opacity=1.0, ori=0.0, pos=array([-0.3 , -0.07]), rgb=UNKNOWN, text='knitting', units='height', win=Window(...), wrapWidth=1)
15.7487 	EXP 	window1: mouseVisible = True
15.7896 	EXP 	Created Player1_6 = ImageStim(__class__=<class 'psychopy.visual.image.ImageStim'>, anchor=('center', 'center'), autoLog=True, color=array([1., 1., 1.]), colorSpace='rgb', contrast=1.0, depth=0.0, draggable=False, flipHoriz=False, flipVert=False, image=str(...), interpolate=True, mask=None, maskParams=None, name='Player1_6', opacity=1.0, ori=0.0, pos=array([0. , 0.3]), size=array([0.2 , 0.25]), texRes=128.0, units='height', win=Window(...))
15.7897 	EXP 	window1: mouseVisible = True
15.8107 	EXP 	Created cook_5 = ImageStim(__class__=<class 'psychopy.visual.image.ImageStim'>, anchor=('center', 'center'), autoLog=True, color=array([1., 1., 1.]), colorSpace='rgb', contrast=1.0, depth=-1.0, draggable=False, flipHoriz=False, flipVert=False, image=str(...), interpolate=True, mask=None, maskParams=None, name='cook_5', opacity=1.0, ori=0.0, pos=array([-0.13,  0.14]), size=array([0.04, 0.04]), texRes=128.0, units='height', win=Window(...))
15.8108 	EXP 	window1: mouseVisible = True
15.8129 	EXP 	Created var_9 = TextStim(__class__=<class 'psychopy.visual.text.TextStim'>, alignHoriz=method-wrapper(...), alignText='center', alignVert=method-wrapper(...), anchorHoriz='center', anchorVert='center', antialias=True, autoDraw=False, autoLog=True, bold=False, color=array([-1., -1., -1.]), colorSpace='rgb', contrast=1.0, depth=-2.0, draggable=False, flipHoriz=False, flipVert=False, font='Open Sans', fontFiles=[], height=0.01, italic=False, languageStyle='LTR', name='var_9', opacity=1.0, ori=0.0, pos=array([-0.13 ,  0.095]), rgb=UNKNOWN, text='cooking\n\n', units='height', win=Window(...), wrapWidth=1)
15.8130 	EXP 	window1: mouseVisible = True
15.8361 	EXP 	Created movie_7 = ImageStim(__class__=<class 'psychopy.visual.image.ImageStim'>, anchor=('center', 'center'), autoLog=True, color=array([1., 1., 1.]), colorSpace='rgb', contrast=1.0, depth=-3.0, draggable=False, flipHoriz=False, flipVert=False, image=str(...), interpolate=True, mask=None, maskParams=None, name='movie_7', opacity=1.0, ori=0.0, pos=array([0.  , 0.14]), size=array([0.04, 0.04]), texRes=128.0, units='height', win=Window(...))
15.8363 	EXP 	window1: mouseVisible = True
15.8410 	EXP 	Created var_10 = TextStim(__class__=<class 'psychopy.visual.text.TextStim'>, alignHoriz=method-wrapper(...), alignText='center', alignVert=method-wrapper(...), anchorHoriz='center', anchorVert='center', antialias=True, autoDraw=False, autoLog=True, bold=False, color=array([-1., -1., -1.]), colorSpace='rgb', contrast=1.0, depth=-4.0, draggable=False, flipHoriz=False, flipVert=False, font='Open Sans', fontFiles=[], height=0.01, italic=False, languageStyle='LTR', name='var_10', opacity=1.0, ori=0.0, pos=array([0.13, 0.11]), rgb=UNKNOWN, text='dancing', units='height', win=Window(...), wrapWidth=1)
15.8412 	EXP 	window1: mouseVisible = True
15.8700 	EXP 	Created dance_5 = ImageStim(__class__=<class 'psychopy.visual.image.ImageStim'>, anchor=('center', 'center'), autoLog=True, color=array([1., 1., 1.]), colorSpace='rgb', contrast=1.0, depth=-5.0, draggable=False, flipHoriz=False, flipVert=False, image=str(...), interpolate=True, mask=None, maskParams=None, name='dance_5', opacity=1.0, ori=0.0, pos=array([0.13, 0.14]), size=array([0.04, 0.04]), texRes=128.0, units='height', win=Window(...))
15.8701 	EXP 	window1: mouseVisible = True
15.8722 	EXP 	Created text_33 = TextStim(__class__=<class 'psychopy.visual.text.TextStim'>, alignHoriz=method-wrapper(...), alignText='center', alignVert=method-wrapper(...), anchorHoriz='center', anchorVert='center', antialias=True, autoDraw=False, autoLog=True, bold=False, color=array([-1., -1., -1.]), colorSpace='rgb', contrast=1.0, depth=-6.0, draggable=False, flipHoriz=False, flipVert=False, font='Open Sans', fontFiles=[], height=0.01, italic=False, languageStyle='LTR', name='text_33', opacity=1.0, ori=0.0, pos=array([0.  , 0.11]), rgb=UNKNOWN, text='movies', units='height', win=Window(...), wrapWidth=1)
15.8723 	EXP 	window1: mouseVisible = True
15.8742 	EXP 	Created p1_6 = TextStim(__class__=<class 'psychopy.visual.text.TextStim'>, alignHoriz=method-wrapper(...), alignText='center', alignVert=method-wrapper(...), anchorHoriz='center', anchorVert='center', antialias=True, autoDraw=False, autoLog=True, bold=False, color=array([-1., -1., -1.]), colorSpace='rgb', contrast=1.0, depth=-7.0, draggable=False, flipHoriz=False, flipVert=False, font='Consolas', fontFiles=[], height=0.03, italic=False, languageStyle='LTR', name='p1_6', opacity=1.0, ori=0.0, pos=array([0.  , 0.45]), rgb=UNKNOWN, text='Player-1\n', units='height', win=Window(...), wrapWidth=1)
15.8742 	EXP 	window1: mouseVisible = True
15.8759 	EXP 	Created you_4 = TextStim(__class__=<class 'psychopy.visual.text.TextStim'>, alignHoriz=method-wrapper(...), alignText='center', alignVert=method-wrapper(...), anchorHoriz='center', anchorVert='center', antialias=True, autoDraw=False, autoLog=True, bold=False, color=array([-1., -1., -1.]), colorSpace='rgb', contrast=1.0, depth=-8.0, draggable=False, flipHoriz=False, flipVert=False, font='Consolas', fontFiles=[], height=0.03, italic=False, languageStyle='LTR', name='you_4', opacity=1.0, ori=0.0, pos=array([0.  , 0.07]), rgb=UNKNOWN, text='You', units='height', win=Window(...), wrapWidth=1)
15.8759 	EXP 	window1: mouseVisible = True
15.8961 	EXP 	Created chatting_4 = ImageStim(__class__=<class 'psychopy.visual.image.ImageStim'>, anchor=('center', 'center'), autoLog=True, color=array([1., 1., 1.]), colorSpace='rgb', contrast=1.0, depth=-9.0, draggable=False, flipHoriz=False, flipVert=False, image=str(...), interpolate=True, mask=None, maskParams=None, name='chatting_4', opacity=1.0, ori=0.0, pos=array([-0.13, -0.2 ]), size=array([0.04, 0.04]), texRes=128.0, units='height', win=Window(...))
15.8962 	EXP 	window1: mouseVisible = True
15.8984 	EXP 	Created chat_4 = TextStim(__class__=<class 'psychopy.visual.text.TextStim'>, alignHoriz=method-wrapper(...), alignText='center', alignVert=method-wrapper(...), anchorHoriz='center', anchorVert='center', antialias=True, autoDraw=False, autoLog=True, bold=False, color=array([-1., -1., -1.]), colorSpace='rgb', contrast=1.0, depth=-10.0, draggable=False, flipHoriz=False, flipVert=False, font='Open Sans', fontFiles=[], height=0.01, italic=False, languageStyle='LTR', name='chat_4', opacity=1.0, ori=0.0, pos=array([-0.13, -0.23]), rgb=UNKNOWN, text='chatting', units='height', win=Window(...), wrapWidth=1)
15.8984 	EXP 	window1: mouseVisible = True
15.9086 	EXP 	Created sports_4 = ImageStim(__class__=<class 'psychopy.visual.image.ImageStim'>, anchor=('center', 'center'), autoLog=True, color=array([1., 1., 1.]), colorSpace='rgb', contrast=1.0, depth=-11.0, draggable=False, flipHoriz=False, flipVert=False, image=str(...), interpolate=True, mask=None, maskParams=None, name='sports_4', opacity=1.0, ori=0.0, pos=array([ 0. , -0.2]), size=array([0.04, 0.04]), texRes=128.0, units='height', win=Window(...))
15.9087 	EXP 	window1: mouseVisible = True
15.9107 	EXP 	Created sport_4 = TextStim(__class__=<class 'psychopy.visual.text.TextStim'>, alignHoriz=method-wrapper(...), alignText='center', alignVert=method-wrapper(...), anchorHoriz='center', anchorVert='center', antialias=True, autoDraw=False, autoLog=True, bold=False, color=array([-1., -1., -1.]), colorSpace='rgb', contrast=1.0, depth=-12.0, draggable=False, flipHoriz=False, flipVert=False, font='Open Sans', fontFiles=[], height=0.01, italic=False, languageStyle='LTR', name='sport_4', opacity=1.0, ori=0.0, pos=array([ 0.  , -0.23]), rgb=UNKNOWN, text='sports', units='height', win=Window(...), wrapWidth=1)
15.9108 	EXP 	window1: mouseVisible = True
15.9315 	EXP 	Created beach_4 = ImageStim(__class__=<class 'psychopy.visual.image.ImageStim'>, anchor=('center', 'center'), autoLog=True, color=array([1., 1., 1.]), colorSpace='rgb', contrast=1.0, depth=-13.0, draggable=False, flipHoriz=False, flipVert=False, image=str(...), interpolate=True, mask=None, maskParams=None, name='beach_4', opacity=1.0, ori=0.0, pos=array([ 0.13, -0.2 ]), size=array([0.04, 0.04]), texRes=128.0, units='height', win=Window(...))
15.9317 	EXP 	window1: mouseVisible = True
15.9336 	EXP 	Created beach_txt_4 = TextStim(__class__=<class 'psychopy.visual.text.TextStim'>, alignHoriz=method-wrapper(...), alignText='center', alignVert=method-wrapper(...), anchorHoriz='center', anchorVert='center', antialias=True, autoDraw=False, autoLog=True, bold=False, color=array([-1., -1., -1.]), colorSpace='rgb', contrast=1.0, depth=-14.0, draggable=False, flipHoriz=False, flipVert=False, font='Open Sans', fontFiles=[], height=0.01, italic=False, languageStyle='LTR', name='beach_txt_4', opacity=1.0, ori=0.0, pos=array([ 0.13, -0.23]), rgb=UNKNOWN, text='beach', units='height', win=Window(...), wrapWidth=1)
15.9337 	EXP 	window1: mouseVisible = True
15.9702 	EXP 	Created participantpic_2 = ImageStim(__class__=<class 'psychopy.visual.image.ImageStim'>, anchor=('center', 'center'), autoLog=True, color=array([1., 1., 1.]), colorSpace='rgb', contrast=1.0, depth=-15.0, draggable=False, flipHoriz=False, flipVert=False, image=str(...), interpolate=True, mask=None, maskParams=None, name='participantpic_2', opacity=1.0, ori=0.0, pos=array([ 0.   , -0.073]), size=array([0.15, 0.2 ]), texRes=128.0, units='height', win=Window(...))
15.9703 	EXP 	window1: mouseVisible = True
15.9786 	EXP 	Created no_4 = ImageStim(__class__=<class 'psychopy.visual.image.ImageStim'>, anchor=('center', 'center'), autoLog=True, color=array([1., 1., 1.]), colorSpace='rgb', contrast=1.0, depth=-16.0, draggable=False, flipHoriz=False, flipVert=False, image=str(...), interpolate=True, mask=None, maskParams=None, name='no_4', opacity=1.0, ori=0.0, pos=array([ 0.   , -0.073]), size=array([0.2, 0.3]), texRes=128.0, units='height', win=Window(...))
15.9787 	EXP 	window1: mouseVisible = True
15.9798 	EXP 	Created polygon_2 = Rect(__class__=<class 'psychopy.visual.rect.Rect'>, anchor=('center', 'center'), autoDraw=False, autoLog=True, closeShape=True, color=method-wrapper(...), colorSpace='rgb', contrast=None, depth=0.0, draggable=False, fillColor=array([-1., -1., -1.]), fillColorSpace='rgb', fillRGB=array([-1., -1., -1.]), interpolate=True, lineColor=array([-1., -1., -1.]), lineColorSpace='rgb', lineRGB=array([-1., -1., -1.]), lineWidth=1.0, name='polygon_2', opacity=1.0, ori=0.0, pos=array([0., 0.]), size=array([4., 4.]), units='height', vertices=ndarray(...), win=Window(...))
15.9799 	EXP 	window1: mouseVisible = True
15.9887 	EXP 	Created text_36 = TextStim(__class__=<class 'psychopy.visual.text.TextStim'>, alignHoriz=method-wrapper(...), alignText='center', alignVert=method-wrapper(...), anchorHoriz='center', anchorVert='center', antialias=True, autoDraw=False, autoLog=True, bold=False, color=array([1., 1., 1.]), colorSpace='rgb', contrast=1.0, depth=-1.0, draggable=False, flipHoriz=False, flipVert=False, font='Open Sans', fontFiles=[], height=0.06, italic=False, languageStyle='LTR', name='text_36', opacity=1.0, ori=0.0, pos=array([0., 0.]), rgb=UNKNOWN, text='+', units='height', win=Window(...), wrapWidth=1)
0.0128 	EXP 	wel: autoDraw = True
5.5398 	DATA 	Keypress: space
5.5478 	EXP 	wel: autoDraw = False
5.5478 	EXP 	Who: autoDraw = True
5.5478 	EXP 	text_2: autoDraw = True
5.5478 	EXP 	text_3: autoDraw = True
5.5478 	EXP 	Player1demo: autoDraw = True
5.5478 	EXP 	Player2demo: autoDraw = True
5.5478 	EXP 	cooking: autoDraw = True
5.5478 	EXP 	text_4: autoDraw = True
5.5478 	EXP 	movies: autoDraw = True
5.5478 	EXP 	text_5: autoDraw = True
5.5478 	EXP 	dancing: autoDraw = True
5.5478 	EXP 	text_6: autoDraw = True
5.5478 	EXP 	fashion: autoDraw = True
5.5478 	EXP 	text_7: autoDraw = True
5.5478 	EXP 	movie: autoDraw = True
5.5478 	EXP 	text_8: autoDraw = True
5.5478 	EXP 	writing: autoDraw = True
5.5478 	EXP 	text_9: autoDraw = True
12.0539 	EXP 	window1: mouseVisible = True
