8.7253 	EXP 	Created window1 = Window(allowGUI=True, allowStencil=False, autoLog=True, backendConf=UNKNOWN, backgroundFit=<method-wrapper '__getattribute__' of attributeSetter object at 0x000002B877122DF0>, backgroundImage=<method-wrapper '__getattribute__' of attributeSetter object at 0x000002B877122D90>, bitsMode=UNKNOWN, blendMode='avg', bpc=(8, 8, 8), color=array([0, 0, 0]), colorSpace='rgb', depthBits=8, fullscr=<method-wrapper '__getattribute__' of attributeSetter object at 0x000002B877122BB0>, gamma=None, gammaErrorPolicy='raise', lms=UNKNOWN, monitor=<psychopy.monitors.calibTools.Monitor object at 0x000002B8774D98B0>, multiSample=False, name='window1', numSamples=2, pos=(0, 0), screen=0, size=array([1920, 1080]), stencilBits=0, stereo=False, title='PsychoPy', units='height', useFBO=True, useRetina=False, viewOri=0.0, viewPos=None, viewScale=None, waitBlanking=True, winType='pyglet')
8.7254 	EXP 	window1: mouseVisible = True
8.7254 	EXP 	window1: backgroundImage = ''
8.7254 	EXP 	window1: backgroundFit = 'none'
8.7268 	EXP 	window1: Attempting to measure frame rate of screen (0) ...
8.7268 	EXP 	window1: recordFrameIntervals = False
8.8917 	EXP 	window1: recordFrameIntervals = True
9.0751 	EXP 	Screen (0) actual frame rate measured at 60.01Hz
9.0752 	EXP 	window1: recordFrameIntervals = False
9.0753 	EXP 	window1: mouseVisible = False
15.3240 	EXP 	PAT_PRACTICE_icons: status = STARTED
15.3245 	EXP 	window1: mouseVisible = True
15.3853 	EXP 	Created wel = TextStim(__class__=<class 'psychopy.visual.text.TextStim'>, alignHoriz=method-wrapper(...), alignText='center', alignVert=method-wrapper(...), anchorHoriz='center', anchorVert='center', antialias=True, autoDraw=False, autoLog=True, bold=False, color=array([-1., -1., -1.]), colorSpace='rgb', contrast=1.0, depth=0.0, draggable=False, flipHoriz=False, flipVert=False, font='Consolas', fontFiles=[], height=0.05, italic=False, languageStyle='LTR', name='wel', opacity=1.0, ori=0.0, pos=array([0., 0.]), rgb=UNKNOWN, text=str(...), units='height', win=Window(...), wrapWidth=2.0)
15.3855 	EXP 	window1: mouseVisible = True
15.3904 	EXP 	Created wel = TextStim(__class__=<class 'psychopy.visual.text.TextStim'>, alignHoriz=method-wrapper(...), alignText='center', alignVert=method-wrapper(...), anchorHoriz='center', anchorVert='center', antialias=True, autoDraw=False, autoLog=True, bold=False, color=array([-1., -1., -1.]), colorSpace='rgb', contrast=1.0, depth=0.0, draggable=False, flipHoriz=False, flipVert=False, font='Consolas', fontFiles=[], height=0.05, italic=False, languageStyle='LTR', name='wel', opacity=1.0, ori=0.0, pos=array([0., 0.]), rgb=UNKNOWN, text=str(...), units='height', win=Window(...), wrapWidth=2.0)
15.3905 	EXP 	window1: mouseVisible = True
15.3997 	EXP 	Created Who = TextStim(__class__=<class 'psychopy.visual.text.TextStim'>, alignHoriz=method-wrapper(...), alignText='center', alignVert=method-wrapper(...), anchorHoriz='center', anchorVert='center', antialias=True, autoDraw=False, autoLog=True, bold=False, color=array([-1., -1., -1.]), colorSpace='rgb', contrast=1.0, depth=0.0, draggable=False, flipHoriz=False, flipVert=False, font='Courier New', fontFiles=[], height=0.04, italic=False, languageStyle='LTR', name='Who', opacity=1.0, ori=0.0, pos=array([0.  , 0.38]), rgb=UNKNOWN, text='Who do you want to be friends with? \n\n', units='height', win=Window(...), wrapWidth=1)
15.3998 	EXP 	window1: mouseVisible = True
15.4077 	EXP 	Created text_2 = TextStim(__class__=<class 'psychopy.visual.text.TextStim'>, alignHoriz=method-wrapper(...), alignText='center', alignVert=method-wrapper(...), anchorHoriz='center', anchorVert='center', antialias=True, autoDraw=False, autoLog=True, bold=False, color=array([-1., -1., -1.]), colorSpace='rgb', contrast=1.0, depth=-1.0, draggable=False, flipHoriz=False, flipVert=False, font='Consolas', fontFiles=[], height=0.03, italic=False, languageStyle='LTR', name='text_2', opacity=1.0, ori=0.0, pos=array([-0.4,  0.3]), rgb=UNKNOWN, text='Player-1\n', units='height', win=Window(...), wrapWidth=1)
15.4078 	EXP 	window1: mouseVisible = True
15.4108 	EXP 	Created text_3 = TextStim(__class__=<class 'psychopy.visual.text.TextStim'>, alignHoriz=method-wrapper(...), alignText='center', alignVert=method-wrapper(...), anchorHoriz='center', anchorVert='center', antialias=True, autoDraw=False, autoLog=True, bold=False, color=array([-1., -1., -1.]), colorSpace='rgb', contrast=1.0, depth=-2.0, draggable=False, flipHoriz=False, flipVert=False, font='Consolas', fontFiles=[], height=0.03, italic=False, languageStyle='LTR', name='text_3', opacity=1.0, ori=0.0, pos=array([0.4, 0.3]), rgb=UNKNOWN, text='Player-2\n', units='height', win=Window(...), wrapWidth=1)
15.4109 	EXP 	window1: mouseVisible = True
15.4633 	EXP 	Created Player1demo = ImageStim(__class__=<class 'psychopy.visual.image.ImageStim'>, anchor=('center', 'center'), autoLog=True, color=array([1., 1., 1.]), colorSpace='rgb', contrast=1.0, depth=-3.0, draggable=False, flipHoriz=False, flipVert=False, image=str(...), interpolate=True, mask=None, maskParams=None, name='Player1demo', opacity=1.0, ori=0.0, pos=array([-0.4 ,  0.13]), size=array([0.2 , 0.25]), texRes=128.0, units='height', win=Window(...))
15.4636 	EXP 	window1: mouseVisible = True
15.5035 	EXP 	Created Player2demo = ImageStim(__class__=<class 'psychopy.visual.image.ImageStim'>, anchor=('center', 'center'), autoLog=True, color=array([1., 1., 1.]), colorSpace='rgb', contrast=1.0, depth=-4.0, draggable=False, flipHoriz=False, flipVert=False, image=str(...), interpolate=True, mask=None, maskParams=None, name='Player2demo', opacity=1.0, ori=0.0, pos=array([0.4 , 0.13]), size=array([0.2 , 0.25]), texRes=128.0, units='height', win=Window(...))
15.5036 	EXP 	window1: mouseVisible = True
15.5274 	EXP 	Created cooking = ImageStim(__class__=<class 'psychopy.visual.image.ImageStim'>, anchor=('center', 'center'), autoLog=True, color=array([1., 1., 1.]), colorSpace='rgb', contrast=1.0, depth=-5.0, draggable=False, flipHoriz=False, flipVert=False, image=str(...), interpolate=True, mask=None, maskParams=None, name='cooking', opacity=1.0, ori=0.0, pos=array([-0.5 , -0.03]), size=array([0.04, 0.04]), texRes=128.0, units='height', win=Window(...))
15.5275 	EXP 	window1: mouseVisible = True
15.5375 	EXP 	Created text_4 = TextStim(__class__=<class 'psychopy.visual.text.TextStim'>, alignHoriz=method-wrapper(...), alignText='center', alignVert=method-wrapper(...), anchorHoriz='center', anchorVert='center', antialias=True, autoDraw=False, autoLog=True, bold=False, color=array([-1., -1., -1.]), colorSpace='rgb', contrast=1.0, depth=-6.0, draggable=False, flipHoriz=False, flipVert=False, font='Open Sans', fontFiles=[], height=0.01, italic=False, languageStyle='LTR', name='text_4', opacity=1.0, ori=0.0, pos=array([-0.5 , -0.08]), rgb=UNKNOWN, text='cooking\n\n', units='height', win=Window(...), wrapWidth=1)
15.5376 	EXP 	window1: mouseVisible = True
15.5570 	EXP 	Created movies = ImageStim(__class__=<class 'psychopy.visual.image.ImageStim'>, anchor=('center', 'center'), autoLog=True, color=array([1., 1., 1.]), colorSpace='rgb', contrast=1.0, depth=-7.0, draggable=False, flipHoriz=False, flipVert=False, image=str(...), interpolate=True, mask=None, maskParams=None, name='movies', opacity=1.0, ori=0.0, pos=array([-0.4 , -0.03]), size=array([0.04, 0.04]), texRes=128.0, units='height', win=Window(...))
15.5571 	EXP 	window1: mouseVisible = True
15.5608 	EXP 	Created text_5 = TextStim(__class__=<class 'psychopy.visual.text.TextStim'>, alignHoriz=method-wrapper(...), alignText='center', alignVert=method-wrapper(...), anchorHoriz='center', anchorVert='center', antialias=True, autoDraw=False, autoLog=True, bold=False, color=array([-1., -1., -1.]), colorSpace='rgb', contrast=1.0, depth=-8.0, draggable=False, flipHoriz=False, flipVert=False, font='Open Sans', fontFiles=[], height=0.01, italic=False, languageStyle='LTR', name='text_5', opacity=1.0, ori=0.0, pos=array([-0.3 , -0.07]), rgb=UNKNOWN, text='dancing', units='height', win=Window(...), wrapWidth=1)
15.5609 	EXP 	window1: mouseVisible = True
15.5802 	EXP 	Created dancing = ImageStim(__class__=<class 'psychopy.visual.image.ImageStim'>, anchor=('center', 'center'), autoLog=True, color=array([1., 1., 1.]), colorSpace='rgb', contrast=1.0, depth=-9.0, draggable=False, flipHoriz=False, flipVert=False, image=str(...), interpolate=True, mask=None, maskParams=None, name='dancing', opacity=1.0, ori=0.0, pos=array([-0.3 , -0.03]), size=array([0.04, 0.04]), texRes=128.0, units='height', win=Window(...))
15.5803 	EXP 	window1: mouseVisible = True
15.5850 	EXP 	Created text_6 = TextStim(__class__=<class 'psychopy.visual.text.TextStim'>, alignHoriz=method-wrapper(...), alignText='center', alignVert=method-wrapper(...), anchorHoriz='center', anchorVert='center', antialias=True, autoDraw=False, autoLog=True, bold=False, color=array([-1., -1., -1.]), colorSpace='rgb', contrast=1.0, depth=-10.0, draggable=False, flipHoriz=False, flipVert=False, font='Open Sans', fontFiles=[], height=0.01, italic=False, languageStyle='LTR', name='text_6', opacity=1.0, ori=0.0, pos=array([-0.4 , -0.07]), rgb=UNKNOWN, text='movies', units='height', win=Window(...), wrapWidth=1)
15.5851 	EXP 	window1: mouseVisible = True
15.6047 	EXP 	Created fashion = ImageStim(__class__=<class 'psychopy.visual.image.ImageStim'>, anchor=('center', 'center'), autoLog=True, color=array([1., 1., 1.]), colorSpace='rgb', contrast=1.0, depth=-11.0, draggable=False, flipHoriz=False, flipVert=False, image=str(...), interpolate=True, mask=None, maskParams=None, name='fashion', opacity=1.0, ori=0.0, pos=array([ 0.3 , -0.03]), size=array([0.04, 0.04]), texRes=128.0, units='height', win=Window(...))
15.6049 	EXP 	window1: mouseVisible = True
15.6091 	EXP 	Created text_7 = TextStim(__class__=<class 'psychopy.visual.text.TextStim'>, alignHoriz=method-wrapper(...), alignText='center', alignVert=method-wrapper(...), anchorHoriz='center', anchorVert='center', antialias=True, autoDraw=False, autoLog=True, bold=False, color=array([-1., -1., -1.]), colorSpace='rgb', contrast=1.0, depth=-12.0, draggable=False, flipHoriz=False, flipVert=False, font='Open Sans', fontFiles=[], height=0.01, italic=False, languageStyle='LTR', name='text_7', opacity=1.0, ori=0.0, pos=array([ 0.3 , -0.07]), rgb=UNKNOWN, text='fashion', units='height', win=Window(...), wrapWidth=1)
15.6092 	EXP 	window1: mouseVisible = True
15.6278 	EXP 	Created movie = ImageStim(__class__=<class 'psychopy.visual.image.ImageStim'>, anchor=('center', 'center'), autoLog=True, color=array([1., 1., 1.]), colorSpace='rgb', contrast=1.0, depth=-13.0, draggable=False, flipHoriz=False, flipVert=False, image=str(...), interpolate=True, mask=None, maskParams=None, name='movie', opacity=1.0, ori=0.0, pos=array([ 0.4 , -0.03]), size=array([0.04, 0.04]), texRes=128.0, units='height', win=Window(...))
15.6279 	EXP 	window1: mouseVisible = True
15.6298 	EXP 	Created text_8 = TextStim(__class__=<class 'psychopy.visual.text.TextStim'>, alignHoriz=method-wrapper(...), alignText='center', alignVert=method-wrapper(...), anchorHoriz='center', anchorVert='center', antialias=True, autoDraw=False, autoLog=True, bold=False, color=array([-1., -1., -1.]), colorSpace='rgb', contrast=1.0, depth=-14.0, draggable=False, flipHoriz=False, flipVert=False, font='Open Sans', fontFiles=[], height=0.01, italic=False, languageStyle='LTR', name='text_8', opacity=1.0, ori=0.0, pos=array([ 0.4 , -0.07]), rgb=UNKNOWN, text='movies', units='height', win=Window(...), wrapWidth=1)
15.6299 	EXP 	window1: mouseVisible = True
15.6538 	EXP 	Created writing = ImageStim(__class__=<class 'psychopy.visual.image.ImageStim'>, anchor=('center', 'center'), autoLog=True, color=array([1., 1., 1.]), colorSpace='rgb', contrast=1.0, depth=-15.0, draggable=False, flipHoriz=False, flipVert=False, image=str(...), interpolate=True, mask=None, maskParams=None, name='writing', opacity=1.0, ori=0.0, pos=array([ 0.5 , -0.03]), size=array([0.04, 0.04]), texRes=128.0, units='height', win=Window(...))
15.6539 	EXP 	window1: mouseVisible = True
15.6596 	EXP 	Created text_9 = TextStim(__class__=<class 'psychopy.visual.text.TextStim'>, alignHoriz=method-wrapper(...), alignText='center', alignVert=method-wrapper(...), anchorHoriz='center', anchorVert='center', antialias=True, autoDraw=False, autoLog=True, bold=False, color=array([-1., -1., -1.]), colorSpace='rgb', contrast=1.0, depth=-16.0, draggable=False, flipHoriz=False, flipVert=False, font='Open Sans', fontFiles=[], height=0.01, italic=False, languageStyle='LTR', name='text_9', opacity=1.0, ori=0.0, pos=array([ 0.5 , -0.07]), rgb=UNKNOWN, text='writing', units='height', win=Window(...), wrapWidth=1)
15.6597 	EXP 	window1: mouseVisible = True
15.6967 	EXP 	Created Player1 = ImageStim(__class__=<class 'psychopy.visual.image.ImageStim'>, anchor=('center', 'center'), autoLog=True, color=array([1., 1., 1.]), colorSpace='rgb', contrast=1.0, depth=0.0, draggable=False, flipHoriz=False, flipVert=False, image=str(...), interpolate=True, mask=None, maskParams=None, name='Player1', opacity=1.0, ori=0.0, pos=array([-0.4 ,  0.13]), size=array([0.2 , 0.25]), texRes=128.0, units='height', win=Window(...))
15.6968 	EXP 	window1: mouseVisible = True
15.7156 	EXP 	Created cook = ImageStim(__class__=<class 'psychopy.visual.image.ImageStim'>, anchor=('center', 'center'), autoLog=True, color=array([1., 1., 1.]), colorSpace='rgb', contrast=1.0, depth=-1.0, draggable=False, flipHoriz=False, flipVert=False, image=str(...), interpolate=True, mask=None, maskParams=None, name='cook', opacity=1.0, ori=0.0, pos=array([-0.5 , -0.03]), size=array([0.04, 0.04]), texRes=128.0, units='height', win=Window(...))
15.7157 	EXP 	window1: mouseVisible = True
15.7180 	EXP 	Created var_4 = TextStim(__class__=<class 'psychopy.visual.text.TextStim'>, alignHoriz=method-wrapper(...), alignText='center', alignVert=method-wrapper(...), anchorHoriz='center', anchorVert='center', antialias=True, autoDraw=False, autoLog=True, bold=False, color=array([-1., -1., -1.]), colorSpace='rgb', contrast=1.0, depth=-2.0, draggable=False, flipHoriz=False, flipVert=False, font='Open Sans', fontFiles=[], height=0.01, italic=False, languageStyle='LTR', name='var_4', opacity=1.0, ori=0.0, pos=array([-0.5 , -0.08]), rgb=UNKNOWN, text='cooking\n\n', units='height', win=Window(...), wrapWidth=1)
15.7180 	EXP 	window1: mouseVisible = True
15.7374 	EXP 	Created movie_2 = ImageStim(__class__=<class 'psychopy.visual.image.ImageStim'>, anchor=('center', 'center'), autoLog=True, color=array([1., 1., 1.]), colorSpace='rgb', contrast=1.0, depth=-3.0, draggable=False, flipHoriz=False, flipVert=False, image=str(...), interpolate=True, mask=None, maskParams=None, name='movie_2', opacity=1.0, ori=0.0, pos=array([-0.4 , -0.03]), size=array([0.04, 0.04]), texRes=128.0, units='height', win=Window(...))
15.7375 	EXP 	window1: mouseVisible = True
15.7397 	EXP 	Created var_5 = TextStim(__class__=<class 'psychopy.visual.text.TextStim'>, alignHoriz=method-wrapper(...), alignText='center', alignVert=method-wrapper(...), anchorHoriz='center', anchorVert='center', antialias=True, autoDraw=False, autoLog=True, bold=False, color=array([-1., -1., -1.]), colorSpace='rgb', contrast=1.0, depth=-4.0, draggable=False, flipHoriz=False, flipVert=False, font='Open Sans', fontFiles=[], height=0.01, italic=False, languageStyle='LTR', name='var_5', opacity=1.0, ori=0.0, pos=array([-0.3 , -0.07]), rgb=UNKNOWN, text='dancing', units='height', win=Window(...), wrapWidth=1)
15.7398 	EXP 	window1: mouseVisible = True
15.7635 	EXP 	Created dance = ImageStim(__class__=<class 'psychopy.visual.image.ImageStim'>, anchor=('center', 'center'), autoLog=True, color=array([1., 1., 1.]), colorSpace='rgb', contrast=1.0, depth=-5.0, draggable=False, flipHoriz=False, flipVert=False, image=str(...), interpolate=True, mask=None, maskParams=None, name='dance', opacity=1.0, ori=0.0, pos=array([-0.3 , -0.03]), size=array([0.04, 0.04]), texRes=128.0, units='height', win=Window(...))
15.7636 	EXP 	window1: mouseVisible = True
15.7658 	EXP 	Created text = TextStim(__class__=<class 'psychopy.visual.text.TextStim'>, alignHoriz=method-wrapper(...), alignText='center', alignVert=method-wrapper(...), anchorHoriz='center', anchorVert='center', antialias=True, autoDraw=False, autoLog=True, bold=False, color=array([-1., -1., -1.]), colorSpace='rgb', contrast=1.0, depth=-6.0, draggable=False, flipHoriz=False, flipVert=False, font='Open Sans', fontFiles=[], height=0.01, italic=False, languageStyle='LTR', name='text', opacity=1.0, ori=0.0, pos=array([-0.4 , -0.07]), rgb=UNKNOWN, text='movies', units='height', win=Window(...), wrapWidth=1)
15.7659 	EXP 	window1: mouseVisible = True
15.7679 	EXP 	Created p1 = TextStim(__class__=<class 'psychopy.visual.text.TextStim'>, alignHoriz=method-wrapper(...), alignText='center', alignVert=method-wrapper(...), anchorHoriz='center', anchorVert='center', antialias=True, autoDraw=False, autoLog=True, bold=False, color=array([-1., -1., -1.]), colorSpace='rgb', contrast=1.0, depth=-7.0, draggable=False, flipHoriz=False, flipVert=False, font='Consolas', fontFiles=[], height=0.03, italic=False, languageStyle='LTR', name='p1', opacity=1.0, ori=0.0, pos=array([-0.4,  0.3]), rgb=UNKNOWN, text='Player-1\n', units='height', win=Window(...), wrapWidth=1)
15.7680 	EXP 	window1: mouseVisible = True
15.7781 	EXP 	Created yes1 = ImageStim(__class__=<class 'psychopy.visual.image.ImageStim'>, anchor=('center', 'center'), autoLog=True, color=array([1., 1., 1.]), colorSpace='rgb', contrast=1.0, depth=-8.0, draggable=False, flipHoriz=False, flipVert=False, image=str(...), interpolate=True, mask=None, maskParams=None, name='yes1', opacity=1.0, ori=0.0, pos=array([-0.4 ,  0.13]), size=array([0.3, 0.3]), texRes=128.0, units='height', win=Window(...))
15.7782 	EXP 	window1: mouseVisible = True
15.8110 	EXP 	Created player = ImageStim(__class__=<class 'psychopy.visual.image.ImageStim'>, anchor=('center', 'center'), autoLog=True, color=array([1., 1., 1.]), colorSpace='rgb', contrast=1.0, depth=0.0, draggable=False, flipHoriz=False, flipVert=False, image=str(...), interpolate=True, mask=None, maskParams=None, name='player', opacity=1.0, ori=0.0, pos=array([0.4 , 0.13]), size=array([0.2 , 0.25]), texRes=128.0, units='height', win=Window(...))
15.8111 	EXP 	window1: mouseVisible = True
15.8375 	EXP 	Created fashion_2 = ImageStim(__class__=<class 'psychopy.visual.image.ImageStim'>, anchor=('center', 'center'), autoLog=True, color=array([1., 1., 1.]), colorSpace='rgb', contrast=1.0, depth=-1.0, draggable=False, flipHoriz=False, flipVert=False, image=str(...), interpolate=True, mask=None, maskParams=None, name='fashion_2', opacity=1.0, ori=0.0, pos=array([ 0.3 , -0.03]), size=array([0.04, 0.04]), texRes=128.0, units='height', win=Window(...))
15.8376 	EXP 	window1: mouseVisible = True
15.8398 	EXP 	Created text_10 = TextStim(__class__=<class 'psychopy.visual.text.TextStim'>, alignHoriz=method-wrapper(...), alignText='center', alignVert=method-wrapper(...), anchorHoriz='center', anchorVert='center', antialias=True, autoDraw=False, autoLog=True, bold=False, color=array([-1., -1., -1.]), colorSpace='rgb', contrast=1.0, depth=-2.0, draggable=False, flipHoriz=False, flipVert=False, font='Open Sans', fontFiles=[], height=0.01, italic=False, languageStyle='LTR', name='text_10', opacity=1.0, ori=0.0, pos=array([ 0.3 , -0.07]), rgb=UNKNOWN, text='fashion', units='height', win=Window(...), wrapWidth=1)
15.8399 	EXP 	window1: mouseVisible = True
15.8657 	EXP 	Created movie_3 = ImageStim(__class__=<class 'psychopy.visual.image.ImageStim'>, anchor=('center', 'center'), autoLog=True, color=array([1., 1., 1.]), colorSpace='rgb', contrast=1.0, depth=-3.0, draggable=False, flipHoriz=False, flipVert=False, image=str(...), interpolate=True, mask=None, maskParams=None, name='movie_3', opacity=1.0, ori=0.0, pos=array([ 0.4 , -0.03]), size=array([0.04, 0.04]), texRes=128.0, units='height', win=Window(...))
15.8658 	EXP 	window1: mouseVisible = True
15.8687 	EXP 	Created text_11 = TextStim(__class__=<class 'psychopy.visual.text.TextStim'>, alignHoriz=method-wrapper(...), alignText='center', alignVert=method-wrapper(...), anchorHoriz='center', anchorVert='center', antialias=True, autoDraw=False, autoLog=True, bold=False, color=array([-1., -1., -1.]), colorSpace='rgb', contrast=1.0, depth=-4.0, draggable=False, flipHoriz=False, flipVert=False, font='Open Sans', fontFiles=[], height=0.01, italic=False, languageStyle='LTR', name='text_11', opacity=1.0, ori=0.0, pos=array([ 0.4 , -0.07]), rgb=UNKNOWN, text='movies', units='height', win=Window(...), wrapWidth=1)
15.8688 	EXP 	window1: mouseVisible = True
15.8949 	EXP 	Created writing_2 = ImageStim(__class__=<class 'psychopy.visual.image.ImageStim'>, anchor=('center', 'center'), autoLog=True, color=array([1., 1., 1.]), colorSpace='rgb', contrast=1.0, depth=-5.0, draggable=False, flipHoriz=False, flipVert=False, image=str(...), interpolate=True, mask=None, maskParams=None, name='writing_2', opacity=1.0, ori=0.0, pos=array([ 0.5 , -0.03]), size=array([0.04, 0.04]), texRes=128.0, units='height', win=Window(...))
15.8950 	EXP 	window1: mouseVisible = True
15.8970 	EXP 	Created text_12 = TextStim(__class__=<class 'psychopy.visual.text.TextStim'>, alignHoriz=method-wrapper(...), alignText='center', alignVert=method-wrapper(...), anchorHoriz='center', anchorVert='center', antialias=True, autoDraw=False, autoLog=True, bold=False, color=array([-1., -1., -1.]), colorSpace='rgb', contrast=1.0, depth=-6.0, draggable=False, flipHoriz=False, flipVert=False, font='Open Sans', fontFiles=[], height=0.01, italic=False, languageStyle='LTR', name='text_12', opacity=1.0, ori=0.0, pos=array([ 0.5 , -0.07]), rgb=UNKNOWN, text='writing', units='height', win=Window(...), wrapWidth=1)
15.8971 	EXP 	window1: mouseVisible = True
15.9103 	EXP 	Created yes1_2 = ImageStim(__class__=<class 'psychopy.visual.image.ImageStim'>, anchor=('center', 'center'), autoLog=True, color=array([1., 1., 1.]), colorSpace='rgb', contrast=1.0, depth=-8.0, draggable=False, flipHoriz=False, flipVert=False, image=str(...), interpolate=True, mask=None, maskParams=None, name='yes1_2', opacity=1.0, ori=0.0, pos=array([0.4 , 0.13]), size=array([0.3, 0.3]), texRes=128.0, units='height', win=Window(...))
15.9104 	EXP 	window1: mouseVisible = True
15.9124 	EXP 	Created text_14 = TextStim(__class__=<class 'psychopy.visual.text.TextStim'>, alignHoriz=method-wrapper(...), alignText='center', alignVert=method-wrapper(...), anchorHoriz='center', anchorVert='center', antialias=True, autoDraw=False, autoLog=True, bold=False, color=array([-1., -1., -1.]), colorSpace='rgb', contrast=1.0, depth=-9.0, draggable=False, flipHoriz=False, flipVert=False, font='Consolas', fontFiles=[], height=0.03, italic=False, languageStyle='LTR', name='text_14', opacity=1.0, ori=0.0, pos=array([0.4, 0.3]), rgb=UNKNOWN, text='Player-2\n', units='height', win=Window(...), wrapWidth=1)
15.9125 	EXP 	window1: mouseVisible = True
15.9864 	EXP 	Created Player1_2 = ImageStim(__class__=<class 'psychopy.visual.image.ImageStim'>, anchor=('center', 'center'), autoLog=True, color=array([1., 1., 1.]), colorSpace='rgb', contrast=1.0, depth=0.0, draggable=False, flipHoriz=False, flipVert=False, image=str(...), interpolate=True, mask=None, maskParams=None, name='Player1_2', opacity=1.0, ori=0.0, pos=array([0. , 0.3]), size=array([0.2 , 0.25]), texRes=128.0, units='height', win=Window(...))
15.9865 	EXP 	window1: mouseVisible = True
16.0133 	EXP 	Created cook_2 = ImageStim(__class__=<class 'psychopy.visual.image.ImageStim'>, anchor=('center', 'center'), autoLog=True, color=array([1., 1., 1.]), colorSpace='rgb', contrast=1.0, depth=-1.0, draggable=False, flipHoriz=False, flipVert=False, image=str(...), interpolate=True, mask=None, maskParams=None, name='cook_2', opacity=1.0, ori=0.0, pos=array([-0.13,  0.14]), size=array([0.04, 0.04]), texRes=128.0, units='height', win=Window(...))
16.0134 	EXP 	window1: mouseVisible = True
16.0633 	EXP 	Created var = TextStim(__class__=<class 'psychopy.visual.text.TextStim'>, alignHoriz=method-wrapper(...), alignText='center', alignVert=method-wrapper(...), anchorHoriz='center', anchorVert='center', antialias=True, autoDraw=False, autoLog=True, bold=False, color=array([-1., -1., -1.]), colorSpace='rgb', contrast=1.0, depth=-2.0, draggable=False, flipHoriz=False, flipVert=False, font='Open Sans', fontFiles=[], height=0.01, italic=False, languageStyle='LTR', name='var', opacity=1.0, ori=0.0, pos=array([-0.13 ,  0.095]), rgb=UNKNOWN, text='cooking\n\n', units='height', win=Window(...), wrapWidth=1)
16.0634 	EXP 	window1: mouseVisible = True
16.0885 	EXP 	Created movie_4 = ImageStim(__class__=<class 'psychopy.visual.image.ImageStim'>, anchor=('center', 'center'), autoLog=True, color=array([1., 1., 1.]), colorSpace='rgb', contrast=1.0, depth=-3.0, draggable=False, flipHoriz=False, flipVert=False, image=str(...), interpolate=True, mask=None, maskParams=None, name='movie_4', opacity=1.0, ori=0.0, pos=array([0.  , 0.14]), size=array([0.04, 0.04]), texRes=128.0, units='height', win=Window(...))
16.0886 	EXP 	window1: mouseVisible = True
16.0906 	EXP 	Created var_6 = TextStim(__class__=<class 'psychopy.visual.text.TextStim'>, alignHoriz=method-wrapper(...), alignText='center', alignVert=method-wrapper(...), anchorHoriz='center', anchorVert='center', antialias=True, autoDraw=False, autoLog=True, bold=False, color=array([-1., -1., -1.]), colorSpace='rgb', contrast=1.0, depth=-4.0, draggable=False, flipHoriz=False, flipVert=False, font='Open Sans', fontFiles=[], height=0.01, italic=False, languageStyle='LTR', name='var_6', opacity=1.0, ori=0.0, pos=array([0.13, 0.11]), rgb=UNKNOWN, text='dancing', units='height', win=Window(...), wrapWidth=1)
16.0907 	EXP 	window1: mouseVisible = True
16.1148 	EXP 	Created dance_2 = ImageStim(__class__=<class 'psychopy.visual.image.ImageStim'>, anchor=('center', 'center'), autoLog=True, color=array([1., 1., 1.]), colorSpace='rgb', contrast=1.0, depth=-5.0, draggable=False, flipHoriz=False, flipVert=False, image=str(...), interpolate=True, mask=None, maskParams=None, name='dance_2', opacity=1.0, ori=0.0, pos=array([0.13, 0.14]), size=array([0.04, 0.04]), texRes=128.0, units='height', win=Window(...))
16.1149 	EXP 	window1: mouseVisible = True
16.1170 	EXP 	Created text_13 = TextStim(__class__=<class 'psychopy.visual.text.TextStim'>, alignHoriz=method-wrapper(...), alignText='center', alignVert=method-wrapper(...), anchorHoriz='center', anchorVert='center', antialias=True, autoDraw=False, autoLog=True, bold=False, color=array([-1., -1., -1.]), colorSpace='rgb', contrast=1.0, depth=-6.0, draggable=False, flipHoriz=False, flipVert=False, font='Open Sans', fontFiles=[], height=0.01, italic=False, languageStyle='LTR', name='text_13', opacity=1.0, ori=0.0, pos=array([0.  , 0.11]), rgb=UNKNOWN, text='movies', units='height', win=Window(...), wrapWidth=1)
16.1171 	EXP 	window1: mouseVisible = True
16.1192 	EXP 	Created p1_2 = TextStim(__class__=<class 'psychopy.visual.text.TextStim'>, alignHoriz=method-wrapper(...), alignText='center', alignVert=method-wrapper(...), anchorHoriz='center', anchorVert='center', antialias=True, autoDraw=False, autoLog=True, bold=False, color=array([-1., -1., -1.]), colorSpace='rgb', contrast=1.0, depth=-7.0, draggable=False, flipHoriz=False, flipVert=False, font='Consolas', fontFiles=[], height=0.03, italic=False, languageStyle='LTR', name='p1_2', opacity=1.0, ori=0.0, pos=array([0.  , 0.45]), rgb=UNKNOWN, text='Player-1\n', units='height', win=Window(...), wrapWidth=1)
16.1193 	EXP 	window1: mouseVisible = True
16.1306 	EXP 	Created you = TextStim(__class__=<class 'psychopy.visual.text.TextStim'>, alignHoriz=method-wrapper(...), alignText='center', alignVert=method-wrapper(...), anchorHoriz='center', anchorVert='center', antialias=True, autoDraw=False, autoLog=True, bold=False, color=array([-1., -1., -1.]), colorSpace='rgb', contrast=1.0, depth=-9.0, draggable=False, flipHoriz=False, flipVert=False, font='Consolas', fontFiles=[], height=0.03, italic=False, languageStyle='LTR', name='you', opacity=1.0, ori=0.0, pos=array([0.  , 0.07]), rgb=UNKNOWN, text='You', units='height', win=Window(...), wrapWidth=1)
16.1307 	EXP 	window1: mouseVisible = True
16.1701 	EXP 	Created chatting = ImageStim(__class__=<class 'psychopy.visual.image.ImageStim'>, anchor=('center', 'center'), autoLog=True, color=array([1., 1., 1.]), colorSpace='rgb', contrast=1.0, depth=-10.0, draggable=False, flipHoriz=False, flipVert=False, image=str(...), interpolate=True, mask=None, maskParams=None, name='chatting', opacity=1.0, ori=0.0, pos=array([-0.13, -0.2 ]), size=array([0.04, 0.04]), texRes=128.0, units='height', win=Window(...))
16.1702 	EXP 	window1: mouseVisible = True
16.1722 	EXP 	Created chat = TextStim(__class__=<class 'psychopy.visual.text.TextStim'>, alignHoriz=method-wrapper(...), alignText='center', alignVert=method-wrapper(...), anchorHoriz='center', anchorVert='center', antialias=True, autoDraw=False, autoLog=True, bold=False, color=array([-1., -1., -1.]), colorSpace='rgb', contrast=1.0, depth=-11.0, draggable=False, flipHoriz=False, flipVert=False, font='Open Sans', fontFiles=[], height=0.01, italic=False, languageStyle='LTR', name='chat', opacity=1.0, ori=0.0, pos=array([-0.13, -0.23]), rgb=UNKNOWN, text='chatting', units='height', win=Window(...), wrapWidth=1)
16.1723 	EXP 	window1: mouseVisible = True
16.1877 	EXP 	Created sports = ImageStim(__class__=<class 'psychopy.visual.image.ImageStim'>, anchor=('center', 'center'), autoLog=True, color=array([1., 1., 1.]), colorSpace='rgb', contrast=1.0, depth=-12.0, draggable=False, flipHoriz=False, flipVert=False, image=str(...), interpolate=True, mask=None, maskParams=None, name='sports', opacity=1.0, ori=0.0, pos=array([ 0. , -0.2]), size=array([0.04, 0.04]), texRes=128.0, units='height', win=Window(...))
16.1878 	EXP 	window1: mouseVisible = True
16.1922 	EXP 	Created sport = TextStim(__class__=<class 'psychopy.visual.text.TextStim'>, alignHoriz=method-wrapper(...), alignText='center', alignVert=method-wrapper(...), anchorHoriz='center', anchorVert='center', antialias=True, autoDraw=False, autoLog=True, bold=False, color=array([-1., -1., -1.]), colorSpace='rgb', contrast=1.0, depth=-13.0, draggable=False, flipHoriz=False, flipVert=False, font='Open Sans', fontFiles=[], height=0.01, italic=False, languageStyle='LTR', name='sport', opacity=1.0, ori=0.0, pos=array([ 0.  , -0.23]), rgb=UNKNOWN, text='sports', units='height', win=Window(...), wrapWidth=1)
16.1923 	EXP 	window1: mouseVisible = True
16.2111 	EXP 	Created beach = ImageStim(__class__=<class 'psychopy.visual.image.ImageStim'>, anchor=('center', 'center'), autoLog=True, color=array([1., 1., 1.]), colorSpace='rgb', contrast=1.0, depth=-14.0, draggable=False, flipHoriz=False, flipVert=False, image=str(...), interpolate=True, mask=None, maskParams=None, name='beach', opacity=1.0, ori=0.0, pos=array([ 0.13, -0.2 ]), size=array([0.04, 0.04]), texRes=128.0, units='height', win=Window(...))
16.2112 	EXP 	window1: mouseVisible = True
16.2146 	EXP 	Created beach_txt = TextStim(__class__=<class 'psychopy.visual.text.TextStim'>, alignHoriz=method-wrapper(...), alignText='center', alignVert=method-wrapper(...), anchorHoriz='center', anchorVert='center', antialias=True, autoDraw=False, autoLog=True, bold=False, color=array([-1., -1., -1.]), colorSpace='rgb', contrast=1.0, depth=-15.0, draggable=False, flipHoriz=False, flipVert=False, font='Open Sans', fontFiles=[], height=0.01, italic=False, languageStyle='LTR', name='beach_txt', opacity=1.0, ori=0.0, pos=array([ 0.13, -0.23]), rgb=UNKNOWN, text='beach', units='height', win=Window(...), wrapWidth=1)
16.2147 	EXP 	window1: mouseVisible = True
16.2491 	EXP 	Created participantpic = ImageStim(__class__=<class 'psychopy.visual.image.ImageStim'>, anchor=('center', 'center'), autoLog=True, color=array([1., 1., 1.]), colorSpace='rgb', contrast=1.0, depth=-16.0, draggable=False, flipHoriz=False, flipVert=False, image=str(...), interpolate=True, mask=None, maskParams=None, name='participantpic', opacity=1.0, ori=0.0, pos=array([ 0.   , -0.073]), size=array([0.15, 0.2 ]), texRes=128.0, units='height', win=Window(...))
16.2491 	EXP 	window1: mouseVisible = True
16.2639 	EXP 	Created no = ImageStim(__class__=<class 'psychopy.visual.image.ImageStim'>, anchor=('center', 'center'), autoLog=True, color=array([1., 1., 1.]), colorSpace='rgb', contrast=1.0, depth=-17.0, draggable=False, flipHoriz=False, flipVert=False, image=str(...), interpolate=True, mask=None, maskParams=None, name='no', opacity=1.0, ori=0.0, pos=array([ 0.   , -0.073]), size=array([0.2, 0.3]), texRes=128.0, units='height', win=Window(...))
16.2641 	EXP 	window1: mouseVisible = True
16.2768 	EXP 	Created text_16 = TextStim(__class__=<class 'psychopy.visual.text.TextStim'>, alignHoriz=method-wrapper(...), alignText='center', alignVert=method-wrapper(...), anchorHoriz='center', anchorVert='center', antialias=True, autoDraw=False, autoLog=True, bold=False, color=array([1., 1., 1.]), colorSpace='rgb', contrast=1.0, depth=0.0, draggable=False, flipHoriz=False, flipVert=False, font='Open Sans', fontFiles=[], height=0.1, italic=False, languageStyle='LTR', name='text_16', opacity=1.0, ori=0.0, pos=array([0., 0.]), rgb=UNKNOWN, text='+', units='height', win=Window(...), wrapWidth=1)
16.2769 	EXP 	window1: mouseVisible = True
16.2780 	EXP 	Created polygon = Rect(__class__=<class 'psychopy.visual.rect.Rect'>, anchor=('center', 'center'), autoDraw=False, autoLog=True, closeShape=True, color=method-wrapper(...), colorSpace='rgb', contrast=None, depth=-1.0, draggable=False, fillColor=array([-1., -1., -1.]), fillColorSpace='rgb', fillRGB=array([-1., -1., -1.]), interpolate=True, lineColor=array([-1., -1., -1.]), lineColorSpace='rgb', lineRGB=array([-1., -1., -1.]), lineWidth=1.0, name='polygon', opacity=1.0, ori=0.0, pos=array([0., 0.]), size=array([4., 4.]), units='height', vertices=ndarray(...), win=Window(...))
0.0060 	EXP 	wel: autoDraw = True
4.8496 	DATA 	Keypress: space
4.8640 	EXP 	wel: autoDraw = False
4.8640 	EXP 	wel: autoDraw = True
5.3364 	DATA 	Keypress: space
5.3435 	EXP 	wel: autoDraw = False
5.3435 	EXP 	Who: autoDraw = True
5.3435 	EXP 	text_2: autoDraw = True
5.3435 	EXP 	text_3: autoDraw = True
5.3435 	EXP 	Player1demo: autoDraw = True
5.3435 	EXP 	Player2demo: autoDraw = True
5.3435 	EXP 	cooking: autoDraw = True
5.3435 	EXP 	text_4: autoDraw = True
5.3435 	EXP 	movies: autoDraw = True
5.3435 	EXP 	text_5: autoDraw = True
5.3435 	EXP 	dancing: autoDraw = True
5.3435 	EXP 	text_6: autoDraw = True
5.3435 	EXP 	fashion: autoDraw = True
5.3435 	EXP 	text_7: autoDraw = True
5.3435 	EXP 	movie: autoDraw = True
5.3435 	EXP 	text_8: autoDraw = True
5.3435 	EXP 	writing: autoDraw = True
5.3435 	EXP 	text_9: autoDraw = True
9.7202 	DATA 	Keypress: space
9.7340 	EXP 	Who: autoDraw = False
9.7340 	EXP 	text_2: autoDraw = False
9.7340 	EXP 	text_3: autoDraw = False
9.7340 	EXP 	Player1demo: autoDraw = False
9.7340 	EXP 	Player2demo: autoDraw = False
9.7340 	EXP 	cooking: autoDraw = False
9.7340 	EXP 	text_4: autoDraw = False
9.7340 	EXP 	movies: autoDraw = False
9.7340 	EXP 	text_5: autoDraw = False
9.7340 	EXP 	dancing: autoDraw = False
9.7340 	EXP 	text_6: autoDraw = False
9.7340 	EXP 	fashion: autoDraw = False
9.7340 	EXP 	text_7: autoDraw = False
9.7340 	EXP 	movie: autoDraw = False
9.7340 	EXP 	text_8: autoDraw = False
9.7340 	EXP 	writing: autoDraw = False
9.7340 	EXP 	text_9: autoDraw = False
9.7340 	EXP 	Player1: autoDraw = True
9.7340 	EXP 	cook: autoDraw = True
9.7340 	EXP 	var_4: autoDraw = True
9.7340 	EXP 	movie_2: autoDraw = True
9.7340 	EXP 	var_5: autoDraw = True
9.7340 	EXP 	dance: autoDraw = True
9.7340 	EXP 	text: autoDraw = True
9.7340 	EXP 	p1: autoDraw = True
9.7340 	EXP 	yes1: autoDraw = True
13.0356 	DATA 	Keypress: space
13.0485 	EXP 	Player1: autoDraw = False
13.0485 	EXP 	cook: autoDraw = False
13.0485 	EXP 	var_4: autoDraw = False
13.0485 	EXP 	movie_2: autoDraw = False
13.0485 	EXP 	var_5: autoDraw = False
13.0485 	EXP 	dance: autoDraw = False
13.0485 	EXP 	text: autoDraw = False
13.0485 	EXP 	p1: autoDraw = False
13.0485 	EXP 	yes1: autoDraw = False
13.0485 	EXP 	player: autoDraw = True
13.0485 	EXP 	fashion_2: autoDraw = True
13.0485 	EXP 	text_10: autoDraw = True
13.0485 	EXP 	movie_3: autoDraw = True
13.0485 	EXP 	text_11: autoDraw = True
13.0485 	EXP 	writing_2: autoDraw = True
13.0485 	EXP 	text_12: autoDraw = True
13.0485 	EXP 	yes1_2: autoDraw = True
13.0485 	EXP 	text_14: autoDraw = True
13.8026 	DATA 	Keypress: space
13.8171 	EXP 	player: autoDraw = False
13.8171 	EXP 	fashion_2: autoDraw = False
13.8171 	EXP 	text_10: autoDraw = False
13.8171 	EXP 	movie_3: autoDraw = False
13.8171 	EXP 	text_11: autoDraw = False
13.8171 	EXP 	writing_2: autoDraw = False
13.8171 	EXP 	text_12: autoDraw = False
13.8171 	EXP 	yes1_2: autoDraw = False
13.8171 	EXP 	text_14: autoDraw = False
13.8171 	EXP 	Player1_2: autoDraw = True
13.8171 	EXP 	cook_2: autoDraw = True
13.8171 	EXP 	var: autoDraw = True
13.8171 	EXP 	movie_4: autoDraw = True
13.8171 	EXP 	var_6: autoDraw = True
13.8171 	EXP 	dance_2: autoDraw = True
13.8171 	EXP 	text_13: autoDraw = True
13.8171 	EXP 	p1_2: autoDraw = True
14.8008 	EXP 	you: autoDraw = True
14.8008 	EXP 	chatting: autoDraw = True
14.8008 	EXP 	chat: autoDraw = True
14.8008 	EXP 	sports: autoDraw = True
14.8008 	EXP 	sport: autoDraw = True
14.8008 	EXP 	beach: autoDraw = True
14.8008 	EXP 	beach_txt: autoDraw = True
14.8008 	EXP 	participantpic: autoDraw = True
16.2981 	EXP 	no: autoDraw = True
21.8169 	DATA 	Keypress: space
21.8345 	EXP 	Player1_2: autoDraw = False
21.8345 	EXP 	cook_2: autoDraw = False
21.8345 	EXP 	var: autoDraw = False
21.8345 	EXP 	movie_4: autoDraw = False
21.8345 	EXP 	var_6: autoDraw = False
21.8345 	EXP 	dance_2: autoDraw = False
21.8345 	EXP 	text_13: autoDraw = False
21.8345 	EXP 	p1_2: autoDraw = False
21.8345 	EXP 	you: autoDraw = False
21.8345 	EXP 	chatting: autoDraw = False
21.8345 	EXP 	chat: autoDraw = False
21.8345 	EXP 	sports: autoDraw = False
21.8345 	EXP 	sport: autoDraw = False
21.8345 	EXP 	beach: autoDraw = False
21.8345 	EXP 	beach_txt: autoDraw = False
21.8345 	EXP 	participantpic: autoDraw = False
21.8345 	EXP 	no: autoDraw = False
21.8345 	EXP 	text_16: autoDraw = True
21.8345 	EXP 	polygon: autoDraw = True
31.4354 	DATA 	Keypress: space
32.0695 	DATA 	Keypress: escape
32.1681 	EXP 	PAT_PRACTICE_icons: status = STOPPED
32.1803 	EXP 	text_16: autoDraw = False
32.1803 	EXP 	polygon: autoDraw = False
32.1803 	EXP 	PAT_PRACTICE_icons: status = STOPPED
32.3952 	EXP 	window1: mouseVisible = True
