15.4401 	EXP 	Created window1 = Window(allowGUI=True, allowStencil=False, autoLog=True, backendConf=UNKNOWN, backgroundFit=<method-wrapper '__getattribute__' of attributeSetter object at 0x000002386323E280>, backgroundImage=<method-wrapper '__getattribute__' of attributeSetter object at 0x000002386323E220>, bitsMode=UNKNOWN, blendMode='avg', bpc=(8, 8, 8), color=array([0, 0, 0]), colorSpace='rgb', depthBits=8, fullscr=<method-wrapper '__getattribute__' of attributeSetter object at 0x000002386323E070>, gamma=None, gammaErrorPolicy='raise', lms=UNKNOWN, monitor=<psychopy.monitors.calibTools.Monitor object at 0x00000238635B9D60>, multiSample=False, name='window1', numSamples=2, pos=(0, 0), screen=0, size=array([1920, 1080]), stencilBits=0, stereo=False, title='PsychoPy', units='height', useFBO=True, useRetina=False, viewOri=0.0, viewPos=None, viewScale=None, waitBlanking=True, winType='pyglet')
15.4401 	EXP 	window1: mouseVisible = True
15.4402 	EXP 	window1: backgroundImage = ''
15.4402 	EXP 	window1: backgroundFit = 'none'
15.4415 	EXP 	window1: Attempting to measure frame rate of screen (0) ...
15.4415 	EXP 	window1: recordFrameIntervals = False
15.6064 	EXP 	window1: recordFrameIntervals = True
15.7899 	EXP 	Screen (0) actual frame rate measured at 60.00Hz
15.7899 	EXP 	window1: recordFrameIntervals = False
15.7900 	EXP 	window1: mouseVisible = False
18.0162 	EXP 	PAT_PRACTICE_icons: status = STARTED
18.0166 	EXP 	window1: mouseVisible = True
18.1174 	EXP 	Created wel = TextStim(__class__=<class 'psychopy.visual.text.TextStim'>, alignHoriz=method-wrapper(...), alignText='center', alignVert=method-wrapper(...), anchorHoriz='center', anchorVert='center', antialias=True, autoDraw=False, autoLog=True, bold=False, color=array([-1., -1., -1.]), colorSpace='rgb', contrast=1.0, depth=0.0, draggable=False, flipHoriz=False, flipVert=False, font='Consolas', fontFiles=[], height=0.05, italic=False, languageStyle='LTR', name='wel', opacity=1.0, ori=0.0, pos=array([0., 0.]), rgb=UNKNOWN, text=str(...), units='height', win=Window(...), wrapWidth=2.0)
18.1175 	EXP 	window1: mouseVisible = True
18.1271 	EXP 	Created Who = TextStim(__class__=<class 'psychopy.visual.text.TextStim'>, alignHoriz=method-wrapper(...), alignText='center', alignVert=method-wrapper(...), anchorHoriz='center', anchorVert='center', antialias=True, autoDraw=False, autoLog=True, bold=False, color=array([-1., -1., -1.]), colorSpace='rgb', contrast=1.0, depth=0.0, draggable=False, flipHoriz=False, flipVert=False, font='Courier New', fontFiles=[], height=0.04, italic=False, languageStyle='LTR', name='Who', opacity=1.0, ori=0.0, pos=array([0.  , 0.38]), rgb=UNKNOWN, text='Who do you want to be friends with? \n\n', units='height', win=Window(...), wrapWidth=1)
18.1272 	EXP 	window1: mouseVisible = True
18.1372 	EXP 	Created text_2 = TextStim(__class__=<class 'psychopy.visual.text.TextStim'>, alignHoriz=method-wrapper(...), alignText='center', alignVert=method-wrapper(...), anchorHoriz='center', anchorVert='center', antialias=True, autoDraw=False, autoLog=True, bold=False, color=array([-1., -1., -1.]), colorSpace='rgb', contrast=1.0, depth=-1.0, draggable=False, flipHoriz=False, flipVert=False, font='Consolas', fontFiles=[], height=0.03, italic=False, languageStyle='LTR', name='text_2', opacity=1.0, ori=0.0, pos=array([-0.4,  0.3]), rgb=UNKNOWN, text='Player-1\n', units='height', win=Window(...), wrapWidth=1)
18.1374 	EXP 	window1: mouseVisible = True
18.1411 	EXP 	Created text_3 = TextStim(__class__=<class 'psychopy.visual.text.TextStim'>, alignHoriz=method-wrapper(...), alignText='center', alignVert=method-wrapper(...), anchorHoriz='center', anchorVert='center', antialias=True, autoDraw=False, autoLog=True, bold=False, color=array([-1., -1., -1.]), colorSpace='rgb', contrast=1.0, depth=-2.0, draggable=False, flipHoriz=False, flipVert=False, font='Consolas', fontFiles=[], height=0.03, italic=False, languageStyle='LTR', name='text_3', opacity=1.0, ori=0.0, pos=array([0.4, 0.3]), rgb=UNKNOWN, text='Player-2\n', units='height', win=Window(...), wrapWidth=1)
18.1412 	EXP 	window1: mouseVisible = True
18.1549 	EXP 	Created Player1demo = ImageStim(__class__=<class 'psychopy.visual.image.ImageStim'>, anchor=('center', 'center'), autoLog=True, color=array([1., 1., 1.]), colorSpace='rgb', contrast=1.0, depth=-3.0, draggable=False, flipHoriz=False, flipVert=False, image='default.png', interpolate=True, mask=None, maskParams=None, name='Player1demo', opacity=1.0, ori=0.0, pos=array([-0.4 ,  0.13]), size=array([0.2 , 0.25]), texRes=128.0, units='height', win=Window(...))
18.1550 	EXP 	window1: mouseVisible = True
18.1681 	EXP 	Created Player2demo = ImageStim(__class__=<class 'psychopy.visual.image.ImageStim'>, anchor=('center', 'center'), autoLog=True, color=array([1., 1., 1.]), colorSpace='rgb', contrast=1.0, depth=-4.0, draggable=False, flipHoriz=False, flipVert=False, image='default.png', interpolate=True, mask=None, maskParams=None, name='Player2demo', opacity=1.0, ori=0.0, pos=array([0.4 , 0.13]), size=array([0.2 , 0.25]), texRes=128.0, units='height', win=Window(...))
18.1682 	EXP 	window1: mouseVisible = True
18.1981 	EXP 	Created cooking = ImageStim(__class__=<class 'psychopy.visual.image.ImageStim'>, anchor=('center', 'center'), autoLog=True, color=array([1., 1., 1.]), colorSpace='rgb', contrast=1.0, depth=-5.0, draggable=False, flipHoriz=False, flipVert=False, image='stimuli/icons/animals.png', interpolate=True, mask=None, maskParams=None, name='cooking', opacity=1.0, ori=0.0, pos=array([-0.5 , -0.03]), size=array([0.04, 0.04]), texRes=128.0, units='height', win=Window(...))
18.1982 	EXP 	window1: mouseVisible = True
18.2068 	EXP 	Created text_4 = TextStim(__class__=<class 'psychopy.visual.text.TextStim'>, alignHoriz=method-wrapper(...), alignText='center', alignVert=method-wrapper(...), anchorHoriz='center', anchorVert='center', antialias=True, autoDraw=False, autoLog=True, bold=False, color=array([-1., -1., -1.]), colorSpace='rgb', contrast=1.0, depth=-6.0, draggable=False, flipHoriz=False, flipVert=False, font='Open Sans', fontFiles=[], height=0.015, italic=False, languageStyle='LTR', name='text_4', opacity=1.0, ori=0.0, pos=array([-0.5  , -0.086]), rgb=UNKNOWN, text='cooking\n\n', units='height', win=Window(...), wrapWidth=1)
18.2069 	EXP 	window1: mouseVisible = True
18.2258 	EXP 	Created movies = ImageStim(__class__=<class 'psychopy.visual.image.ImageStim'>, anchor=('center', 'center'), autoLog=True, color=array([1., 1., 1.]), colorSpace='rgb', contrast=1.0, depth=-7.0, draggable=False, flipHoriz=False, flipVert=False, image='stimuli/icons/animals.png', interpolate=True, mask=None, maskParams=None, name='movies', opacity=1.0, ori=0.0, pos=array([-0.4 , -0.03]), size=array([0.04, 0.04]), texRes=128.0, units='height', win=Window(...))
18.2259 	EXP 	window1: mouseVisible = True
18.2294 	EXP 	Created text_5 = TextStim(__class__=<class 'psychopy.visual.text.TextStim'>, alignHoriz=method-wrapper(...), alignText='center', alignVert=method-wrapper(...), anchorHoriz='center', anchorVert='center', antialias=True, autoDraw=False, autoLog=True, bold=False, color=array([-1., -1., -1.]), colorSpace='rgb', contrast=1.0, depth=-8.0, draggable=False, flipHoriz=False, flipVert=False, font='Open Sans', fontFiles=[], height=0.015, italic=False, languageStyle='LTR', name='text_5', opacity=1.0, ori=0.0, pos=array([-0.3 , -0.07]), rgb=UNKNOWN, text='dancing', units='height', win=Window(...), wrapWidth=1)
18.2295 	EXP 	window1: mouseVisible = True
18.2485 	EXP 	Created dancing = ImageStim(__class__=<class 'psychopy.visual.image.ImageStim'>, anchor=('center', 'center'), autoLog=True, color=array([1., 1., 1.]), colorSpace='rgb', contrast=1.0, depth=-9.0, draggable=False, flipHoriz=False, flipVert=False, image='stimuli/icons/animals.png', interpolate=True, mask=None, maskParams=None, name='dancing', opacity=1.0, ori=0.0, pos=array([-0.3 , -0.03]), size=array([0.04, 0.04]), texRes=128.0, units='height', win=Window(...))
18.2486 	EXP 	window1: mouseVisible = True
18.2528 	EXP 	Created text_6 = TextStim(__class__=<class 'psychopy.visual.text.TextStim'>, alignHoriz=method-wrapper(...), alignText='center', alignVert=method-wrapper(...), anchorHoriz='center', anchorVert='center', antialias=True, autoDraw=False, autoLog=True, bold=False, color=array([-1., -1., -1.]), colorSpace='rgb', contrast=1.0, depth=-10.0, draggable=False, flipHoriz=False, flipVert=False, font='Open Sans', fontFiles=[], height=0.015, italic=False, languageStyle='LTR', name='text_6', opacity=1.0, ori=0.0, pos=array([-0.4 , -0.07]), rgb=UNKNOWN, text='movies', units='height', win=Window(...), wrapWidth=1)
18.2529 	EXP 	window1: mouseVisible = True
18.2730 	EXP 	Created fashion = ImageStim(__class__=<class 'psychopy.visual.image.ImageStim'>, anchor=('center', 'center'), autoLog=True, color=array([1., 1., 1.]), colorSpace='rgb', contrast=1.0, depth=-11.0, draggable=False, flipHoriz=False, flipVert=False, image='stimuli/icons/animals.png', interpolate=True, mask=None, maskParams=None, name='fashion', opacity=1.0, ori=0.0, pos=array([ 0.3 , -0.03]), size=array([0.04, 0.04]), texRes=128.0, units='height', win=Window(...))
18.2731 	EXP 	window1: mouseVisible = True
18.2769 	EXP 	Created text_7 = TextStim(__class__=<class 'psychopy.visual.text.TextStim'>, alignHoriz=method-wrapper(...), alignText='center', alignVert=method-wrapper(...), anchorHoriz='center', anchorVert='center', antialias=True, autoDraw=False, autoLog=True, bold=False, color=array([-1., -1., -1.]), colorSpace='rgb', contrast=1.0, depth=-12.0, draggable=False, flipHoriz=False, flipVert=False, font='Open Sans', fontFiles=[], height=0.015, italic=False, languageStyle='LTR', name='text_7', opacity=1.0, ori=0.0, pos=array([ 0.3 , -0.07]), rgb=UNKNOWN, text='fashion', units='height', win=Window(...), wrapWidth=1)
18.2770 	EXP 	window1: mouseVisible = True
18.2959 	EXP 	Created movie = ImageStim(__class__=<class 'psychopy.visual.image.ImageStim'>, anchor=('center', 'center'), autoLog=True, color=array([1., 1., 1.]), colorSpace='rgb', contrast=1.0, depth=-13.0, draggable=False, flipHoriz=False, flipVert=False, image='stimuli/icons/animals.png', interpolate=True, mask=None, maskParams=None, name='movie', opacity=1.0, ori=0.0, pos=array([ 0.4 , -0.03]), size=array([0.04, 0.04]), texRes=128.0, units='height', win=Window(...))
18.2960 	EXP 	window1: mouseVisible = True
18.2981 	EXP 	Created text_8 = TextStim(__class__=<class 'psychopy.visual.text.TextStim'>, alignHoriz=method-wrapper(...), alignText='center', alignVert=method-wrapper(...), anchorHoriz='center', anchorVert='center', antialias=True, autoDraw=False, autoLog=True, bold=False, color=array([-1., -1., -1.]), colorSpace='rgb', contrast=1.0, depth=-14.0, draggable=False, flipHoriz=False, flipVert=False, font='Open Sans', fontFiles=[], height=0.015, italic=False, languageStyle='LTR', name='text_8', opacity=1.0, ori=0.0, pos=array([ 0.4 , -0.07]), rgb=UNKNOWN, text='movies', units='height', win=Window(...), wrapWidth=1)
18.2982 	EXP 	window1: mouseVisible = True
18.3245 	EXP 	Created writing = ImageStim(__class__=<class 'psychopy.visual.image.ImageStim'>, anchor=('center', 'center'), autoLog=True, color=array([1., 1., 1.]), colorSpace='rgb', contrast=1.0, depth=-15.0, draggable=False, flipHoriz=False, flipVert=False, image='stimuli/icons/animals.png', interpolate=True, mask=None, maskParams=None, name='writing', opacity=1.0, ori=0.0, pos=array([ 0.5 , -0.03]), size=array([0.04, 0.04]), texRes=128.0, units='height', win=Window(...))
18.3246 	EXP 	window1: mouseVisible = True
18.3289 	EXP 	Created text_9 = TextStim(__class__=<class 'psychopy.visual.text.TextStim'>, alignHoriz=method-wrapper(...), alignText='center', alignVert=method-wrapper(...), anchorHoriz='center', anchorVert='center', antialias=True, autoDraw=False, autoLog=True, bold=False, color=array([-1., -1., -1.]), colorSpace='rgb', contrast=1.0, depth=-16.0, draggable=False, flipHoriz=False, flipVert=False, font='Open Sans', fontFiles=[], height=0.015, italic=False, languageStyle='LTR', name='text_9', opacity=1.0, ori=0.0, pos=array([ 0.5 , -0.07]), rgb=UNKNOWN, text='writing', units='height', win=Window(...), wrapWidth=1)
18.3290 	EXP 	window1: mouseVisible = True
18.3300 	EXP 	Created polygon_6 = Rect(__class__=<class 'psychopy.visual.rect.Rect'>, anchor=('center', 'center'), autoDraw=False, autoLog=True, closeShape=True, color=method-wrapper(...), colorSpace='rgb', contrast=None, depth=0.0, draggable=False, fillColor=array([0., 0., 0.]), fillColorSpace='rgb', fillRGB=array([0., 0., 0.]), interpolate=True, lineColor=array([-1.    ,  0.0039, -1.    ]), lineColorSpace='rgb', lineRGB=array([-1.    ,  0.0039, -1.    ]), lineWidth=5.0, name='polygon_6', opacity=1.0, ori=0.0, pos=array([-0.4 ,  0.13]), size=array([0.5, 0.5]), units='height', vertices=ndarray(...), win=Window(...))
18.3301 	EXP 	window1: mouseVisible = True
18.3388 	EXP 	Created leftplayer = ImageStim(__class__=<class 'psychopy.visual.image.ImageStim'>, anchor=('center', 'center'), autoLog=True, color=array([1., 1., 1.]), colorSpace='rgb', contrast=1.0, depth=-1.0, draggable=False, flipHoriz=False, flipVert=False, image='default.png', interpolate=True, mask=None, maskParams=None, name='leftplayer', opacity=1.0, ori=0.0, pos=array([-0.4 ,  0.13]), size=array([0.2 , 0.25]), texRes=128.0, units='height', win=Window(...))
18.3389 	EXP 	window1: mouseVisible = True
18.3650 	EXP 	Created icon7 = ImageStim(__class__=<class 'psychopy.visual.image.ImageStim'>, anchor=('center', 'center'), autoLog=True, color=array([1., 1., 1.]), colorSpace='rgb', contrast=1.0, depth=-2.0, draggable=False, flipHoriz=False, flipVert=False, image='stimuli/icons/animals.png', interpolate=True, mask=None, maskParams=None, name='icon7', opacity=1.0, ori=0.0, pos=array([-0.5 , -0.03]), size=array([0.04, 0.04]), texRes=128.0, units='height', win=Window(...))
18.3651 	EXP 	window1: mouseVisible = True
18.3673 	EXP 	Created ison7t = TextStim(__class__=<class 'psychopy.visual.text.TextStim'>, alignHoriz=method-wrapper(...), alignText='center', alignVert=method-wrapper(...), anchorHoriz='center', anchorVert='center', antialias=True, autoDraw=False, autoLog=True, bold=False, color=array([-1., -1., -1.]), colorSpace='rgb', contrast=1.0, depth=-3.0, draggable=False, flipHoriz=False, flipVert=False, font='Open Sans', fontFiles=[], height=0.015, italic=False, languageStyle='LTR', name='ison7t', opacity=1.0, ori=0.0, pos=array([-0.5  , -0.086]), rgb=UNKNOWN, text='cooking\n\n', units='height', win=Window(...), wrapWidth=1)
18.3674 	EXP 	window1: mouseVisible = True
18.3967 	EXP 	Created icon8 = ImageStim(__class__=<class 'psychopy.visual.image.ImageStim'>, anchor=('center', 'center'), autoLog=True, color=array([1., 1., 1.]), colorSpace='rgb', contrast=1.0, depth=-4.0, draggable=False, flipHoriz=False, flipVert=False, image='stimuli/icons/animals.png', interpolate=True, mask=None, maskParams=None, name='icon8', opacity=1.0, ori=0.0, pos=array([-0.4 , -0.03]), size=array([0.04, 0.04]), texRes=128.0, units='height', win=Window(...))
18.3968 	EXP 	window1: mouseVisible = True
18.3989 	EXP 	Created icon8t = TextStim(__class__=<class 'psychopy.visual.text.TextStim'>, alignHoriz=method-wrapper(...), alignText='center', alignVert=method-wrapper(...), anchorHoriz='center', anchorVert='center', antialias=True, autoDraw=False, autoLog=True, bold=False, color=array([-1., -1., -1.]), colorSpace='rgb', contrast=1.0, depth=-5.0, draggable=False, flipHoriz=False, flipVert=False, font='Open Sans', fontFiles=[], height=0.015, italic=False, languageStyle='LTR', name='icon8t', opacity=1.0, ori=0.0, pos=array([-0.3 , -0.07]), rgb=UNKNOWN, text='dancing', units='height', win=Window(...), wrapWidth=1)
18.3990 	EXP 	window1: mouseVisible = True
18.4260 	EXP 	Created icon9 = ImageStim(__class__=<class 'psychopy.visual.image.ImageStim'>, anchor=('center', 'center'), autoLog=True, color=array([1., 1., 1.]), colorSpace='rgb', contrast=1.0, depth=-6.0, draggable=False, flipHoriz=False, flipVert=False, image='stimuli/icons/animals.png', interpolate=True, mask=None, maskParams=None, name='icon9', opacity=1.0, ori=0.0, pos=array([-0.3 , -0.03]), size=array([0.04, 0.04]), texRes=128.0, units='height', win=Window(...))
18.4261 	EXP 	window1: mouseVisible = True
18.4281 	EXP 	Created int9 = TextStim(__class__=<class 'psychopy.visual.text.TextStim'>, alignHoriz=method-wrapper(...), alignText='center', alignVert=method-wrapper(...), anchorHoriz='center', anchorVert='center', antialias=True, autoDraw=False, autoLog=True, bold=False, color=array([-1., -1., -1.]), colorSpace='rgb', contrast=1.0, depth=-7.0, draggable=False, flipHoriz=False, flipVert=False, font='Open Sans', fontFiles=[], height=0.015, italic=False, languageStyle='LTR', name='int9', opacity=1.0, ori=0.0, pos=array([-0.4 , -0.07]), rgb=UNKNOWN, text='movies', units='height', win=Window(...), wrapWidth=1)
18.4282 	EXP 	window1: mouseVisible = True
18.4302 	EXP 	Created leftplayert = TextStim(__class__=<class 'psychopy.visual.text.TextStim'>, alignHoriz=method-wrapper(...), alignText='center', alignVert=method-wrapper(...), anchorHoriz='center', anchorVert='center', antialias=True, autoDraw=False, autoLog=True, bold=False, color=array([-1., -1., -1.]), colorSpace='rgb', contrast=1.0, depth=-8.0, draggable=False, flipHoriz=False, flipVert=False, font='Consolas', fontFiles=[], height=0.03, italic=False, languageStyle='LTR', name='leftplayert', opacity=1.0, ori=0.0, pos=array([-0.4,  0.3]), rgb=UNKNOWN, text='Player-1\n', units='height', win=Window(...), wrapWidth=1)
18.4303 	EXP 	window1: mouseVisible = True
18.4428 	EXP 	Created yes1 = ImageStim(__class__=<class 'psychopy.visual.image.ImageStim'>, anchor=('center', 'center'), autoLog=True, color=array([1., 1., 1.]), colorSpace='rgb', contrast=1.0, depth=-9.0, draggable=False, flipHoriz=False, flipVert=False, image='stimuli/feedback/Thumbs_up.png', interpolate=True, mask=None, maskParams=None, name='yes1', opacity=1.0, ori=0.0, pos=array([-0.4 ,  0.13]), size=array([0.3, 0.3]), texRes=128.0, units='height', win=Window(...))
18.4429 	EXP 	window1: mouseVisible = True
18.4440 	EXP 	Created polygon_5 = Rect(__class__=<class 'psychopy.visual.rect.Rect'>, anchor=('center', 'center'), autoDraw=False, autoLog=True, closeShape=True, color=method-wrapper(...), colorSpace='rgb', contrast=None, depth=0.0, draggable=False, fillColor=array([0., 0., 0.]), fillColorSpace='rgb', fillRGB=array([0., 0., 0.]), interpolate=True, lineColor=array([-1.    ,  0.0039, -1.    ]), lineColorSpace='rgb', lineRGB=array([-1.    ,  0.0039, -1.    ]), lineWidth=5.0, name='polygon_5', opacity=1.0, ori=0.0, pos=array([ 0.   , -0.073]), size=array([0.4, 0.4]), units='height', vertices=ndarray(...), win=Window(...))
18.4440 	EXP 	window1: mouseVisible = True
18.4535 	EXP 	Created topleftpeerchoice = ImageStim(__class__=<class 'psychopy.visual.image.ImageStim'>, anchor=('center', 'center'), autoLog=True, color=array([1., 1., 1.]), colorSpace='rgb', contrast=1.0, depth=-1.0, draggable=False, flipHoriz=False, flipVert=False, image='default.png', interpolate=True, mask=None, maskParams=None, name='topleftpeerchoice', opacity=1.0, ori=0.0, pos=array([0. , 0.3]), size=array([0.2 , 0.25]), texRes=128.0, units='height', win=Window(...))
18.4536 	EXP 	window1: mouseVisible = True
18.4805 	EXP 	Created icon10 = ImageStim(__class__=<class 'psychopy.visual.image.ImageStim'>, anchor=('center', 'center'), autoLog=True, color=array([1., 1., 1.]), colorSpace='rgb', contrast=1.0, depth=-2.0, draggable=False, flipHoriz=False, flipVert=False, image='stimuli/icons/animals.png', interpolate=True, mask=None, maskParams=None, name='icon10', opacity=1.0, ori=0.0, pos=array([-0.13,  0.14]), size=array([0.04, 0.04]), texRes=128.0, units='height', win=Window(...))
18.4806 	EXP 	window1: mouseVisible = True
18.4827 	EXP 	Created int10 = TextStim(__class__=<class 'psychopy.visual.text.TextStim'>, alignHoriz=method-wrapper(...), alignText='center', alignVert=method-wrapper(...), anchorHoriz='center', anchorVert='center', antialias=True, autoDraw=False, autoLog=True, bold=False, color=array([-1., -1., -1.]), colorSpace='rgb', contrast=1.0, depth=-3.0, draggable=False, flipHoriz=False, flipVert=False, font='Open Sans', fontFiles=[], height=0.015, italic=False, languageStyle='LTR', name='int10', opacity=1.0, ori=0.0, pos=array([-0.13 ,  0.084]), rgb=UNKNOWN, text='cooking\n\n', units='height', win=Window(...), wrapWidth=1)
18.4828 	EXP 	window1: mouseVisible = True
18.5093 	EXP 	Created icon11 = ImageStim(__class__=<class 'psychopy.visual.image.ImageStim'>, anchor=('center', 'center'), autoLog=True, color=array([1., 1., 1.]), colorSpace='rgb', contrast=1.0, depth=-4.0, draggable=False, flipHoriz=False, flipVert=False, image='stimuli/icons/animals.png', interpolate=True, mask=None, maskParams=None, name='icon11', opacity=1.0, ori=0.0, pos=array([0.  , 0.14]), size=array([0.04, 0.04]), texRes=128.0, units='height', win=Window(...))
18.5094 	EXP 	window1: mouseVisible = True
18.5124 	EXP 	Created int111 = TextStim(__class__=<class 'psychopy.visual.text.TextStim'>, alignHoriz=method-wrapper(...), alignText='center', alignVert=method-wrapper(...), anchorHoriz='center', anchorVert='center', antialias=True, autoDraw=False, autoLog=True, bold=False, color=array([-1., -1., -1.]), colorSpace='rgb', contrast=1.0, depth=-5.0, draggable=False, flipHoriz=False, flipVert=False, font='Open Sans', fontFiles=[], height=0.015, italic=False, languageStyle='LTR', name='int111', opacity=1.0, ori=0.0, pos=array([0.13, 0.1 ]), rgb=UNKNOWN, text='dancing', units='height', win=Window(...), wrapWidth=1)
18.5125 	EXP 	window1: mouseVisible = True
18.5416 	EXP 	Created icon12 = ImageStim(__class__=<class 'psychopy.visual.image.ImageStim'>, anchor=('center', 'center'), autoLog=True, color=array([1., 1., 1.]), colorSpace='rgb', contrast=1.0, depth=-6.0, draggable=False, flipHoriz=False, flipVert=False, image='stimuli/icons/animals.png', interpolate=True, mask=None, maskParams=None, name='icon12', opacity=1.0, ori=0.0, pos=array([0.13, 0.14]), size=array([0.04, 0.04]), texRes=128.0, units='height', win=Window(...))
18.5417 	EXP 	window1: mouseVisible = True
18.5436 	EXP 	Created int12 = TextStim(__class__=<class 'psychopy.visual.text.TextStim'>, alignHoriz=method-wrapper(...), alignText='center', alignVert=method-wrapper(...), anchorHoriz='center', anchorVert='center', antialias=True, autoDraw=False, autoLog=True, bold=False, color=array([-1., -1., -1.]), colorSpace='rgb', contrast=1.0, depth=-7.0, draggable=False, flipHoriz=False, flipVert=False, font='Open Sans', fontFiles=[], height=0.015, italic=False, languageStyle='LTR', name='int12', opacity=1.0, ori=0.0, pos=array([0. , 0.1]), rgb=UNKNOWN, text='movies', units='height', win=Window(...), wrapWidth=1)
18.5437 	EXP 	window1: mouseVisible = True
18.5460 	EXP 	Created toppeername = TextStim(__class__=<class 'psychopy.visual.text.TextStim'>, alignHoriz=method-wrapper(...), alignText='center', alignVert=method-wrapper(...), anchorHoriz='center', anchorVert='center', antialias=True, autoDraw=False, autoLog=True, bold=False, color=array([-1., -1., -1.]), colorSpace='rgb', contrast=1.0, depth=-8.0, draggable=False, flipHoriz=False, flipVert=False, font='Consolas', fontFiles=[], height=0.03, italic=False, languageStyle='LTR', name='toppeername', opacity=1.0, ori=0.0, pos=array([0.  , 0.45]), rgb=UNKNOWN, text='Player-1\n', units='height', win=Window(...), wrapWidth=1)
18.5461 	EXP 	window1: mouseVisible = True
18.5513 	EXP 	Created you = TextStim(__class__=<class 'psychopy.visual.text.TextStim'>, alignHoriz=method-wrapper(...), alignText='center', alignVert=method-wrapper(...), anchorHoriz='center', anchorVert='center', antialias=True, autoDraw=False, autoLog=True, bold=False, color=array([-1., -1., -1.]), colorSpace='rgb', contrast=1.0, depth=-9.0, draggable=False, flipHoriz=False, flipVert=False, font='Consolas', fontFiles=[], height=0.03, italic=False, languageStyle='LTR', name='you', opacity=1.0, ori=0.0, pos=array([0.  , 0.07]), rgb=UNKNOWN, text='You', units='height', win=Window(...), wrapWidth=1)
18.5514 	EXP 	window1: mouseVisible = True
18.5718 	EXP 	Created icon13 = ImageStim(__class__=<class 'psychopy.visual.image.ImageStim'>, anchor=('center', 'center'), autoLog=True, color=array([1., 1., 1.]), colorSpace='rgb', contrast=1.0, depth=-10.0, draggable=False, flipHoriz=False, flipVert=False, image='stimuli/icons/animals.png', interpolate=True, mask=None, maskParams=None, name='icon13', opacity=1.0, ori=0.0, pos=array([-0.13, -0.2 ]), size=array([0.04, 0.04]), texRes=128.0, units='height', win=Window(...))
18.5719 	EXP 	window1: mouseVisible = True
18.6237 	EXP 	Created int13 = TextStim(__class__=<class 'psychopy.visual.text.TextStim'>, alignHoriz=method-wrapper(...), alignText='center', alignVert=method-wrapper(...), anchorHoriz='center', anchorVert='center', antialias=True, autoDraw=False, autoLog=True, bold=False, color=array([-1., -1., -1.]), colorSpace='rgb', contrast=1.0, depth=-11.0, draggable=False, flipHoriz=False, flipVert=False, font='Open Sans', fontFiles=[], height=0.015, italic=False, languageStyle='LTR', name='int13', opacity=1.0, ori=0.0, pos=array([-0.13, -0.24]), rgb=UNKNOWN, text='chatting', units='height', win=Window(...), wrapWidth=1)
18.6238 	EXP 	window1: mouseVisible = True
18.6444 	EXP 	Created icon14 = ImageStim(__class__=<class 'psychopy.visual.image.ImageStim'>, anchor=('center', 'center'), autoLog=True, color=array([1., 1., 1.]), colorSpace='rgb', contrast=1.0, depth=-12.0, draggable=False, flipHoriz=False, flipVert=False, image='stimuli/icons/animals.png', interpolate=True, mask=None, maskParams=None, name='icon14', opacity=1.0, ori=0.0, pos=array([ 0. , -0.2]), size=array([0.04, 0.04]), texRes=128.0, units='height', win=Window(...))
18.6445 	EXP 	window1: mouseVisible = True
18.6484 	EXP 	Created int14 = TextStim(__class__=<class 'psychopy.visual.text.TextStim'>, alignHoriz=method-wrapper(...), alignText='center', alignVert=method-wrapper(...), anchorHoriz='center', anchorVert='center', antialias=True, autoDraw=False, autoLog=True, bold=False, color=array([-1., -1., -1.]), colorSpace='rgb', contrast=1.0, depth=-13.0, draggable=False, flipHoriz=False, flipVert=False, font='Open Sans', fontFiles=[], height=0.015, italic=False, languageStyle='LTR', name='int14', opacity=1.0, ori=0.0, pos=array([ 0.  , -0.24]), rgb=UNKNOWN, text='sports', units='height', win=Window(...), wrapWidth=1)
18.6485 	EXP 	window1: mouseVisible = True
18.6672 	EXP 	Created icon15 = ImageStim(__class__=<class 'psychopy.visual.image.ImageStim'>, anchor=('center', 'center'), autoLog=True, color=array([1., 1., 1.]), colorSpace='rgb', contrast=1.0, depth=-14.0, draggable=False, flipHoriz=False, flipVert=False, image='stimuli/icons/animals.png', interpolate=True, mask=None, maskParams=None, name='icon15', opacity=1.0, ori=0.0, pos=array([ 0.13, -0.2 ]), size=array([0.04, 0.04]), texRes=128.0, units='height', win=Window(...))
18.6673 	EXP 	window1: mouseVisible = True
18.6713 	EXP 	Created int15 = TextStim(__class__=<class 'psychopy.visual.text.TextStim'>, alignHoriz=method-wrapper(...), alignText='center', alignVert=method-wrapper(...), anchorHoriz='center', anchorVert='center', antialias=True, autoDraw=False, autoLog=True, bold=False, color=array([-1., -1., -1.]), colorSpace='rgb', contrast=1.0, depth=-15.0, draggable=False, flipHoriz=False, flipVert=False, font='Open Sans', fontFiles=[], height=0.015, italic=False, languageStyle='LTR', name='int15', opacity=1.0, ori=0.0, pos=array([ 0.13, -0.24]), rgb=UNKNOWN, text='beach', units='height', win=Window(...), wrapWidth=1)
18.6714 	EXP 	window1: mouseVisible = True
18.7450 	EXP 	Created participantpic = ImageStim(__class__=<class 'psychopy.visual.image.ImageStim'>, anchor=('center', 'center'), autoLog=True, color=array([1., 1., 1.]), colorSpace='rgb', contrast=1.0, depth=-16.0, draggable=False, flipHoriz=False, flipVert=False, image='stimuli/practice/participant.jpg', interpolate=True, mask=None, maskParams=None, name='participantpic', opacity=1.0, ori=0.0, pos=array([ 0.   , -0.073]), size=array([0.15, 0.2 ]), texRes=128.0, units='height', win=Window(...))
18.7451 	EXP 	window1: mouseVisible = True
18.7535 	EXP 	Created yess = ImageStim(__class__=<class 'psychopy.visual.image.ImageStim'>, anchor=('center', 'center'), autoLog=True, color=array([1., 1., 1.]), colorSpace='rgb', contrast=1.0, depth=-17.0, draggable=False, flipHoriz=False, flipVert=False, image='stimuli/feedback/Thumbs_up.png', interpolate=True, mask=None, maskParams=None, name='yess', opacity=1.0, ori=0.0, pos=array([ 0.  , -0.08]), size=array([0.2, 0.3]), texRes=128.0, units='height', win=Window(...))
18.7536 	EXP 	window1: mouseVisible = True
18.7547 	EXP 	Created polygon_7 = Rect(__class__=<class 'psychopy.visual.rect.Rect'>, anchor=('center', 'center'), autoDraw=False, autoLog=True, closeShape=True, color=method-wrapper(...), colorSpace='rgb', contrast=None, depth=0.0, draggable=False, fillColor=array([0., 0., 0.]), fillColorSpace='rgb', fillRGB=array([0., 0., 0.]), interpolate=True, lineColor=array([-1.    ,  0.0039, -1.    ]), lineColorSpace='rgb', lineRGB=array([-1.    ,  0.0039, -1.    ]), lineWidth=5.0, name='polygon_7', opacity=1.0, ori=0.0, pos=array([0.4 , 0.13]), size=array([0.5, 0.5]), units='height', vertices=ndarray(...), win=Window(...))
18.7548 	EXP 	window1: mouseVisible = True
18.7953 	EXP 	Created rightpeerchoice = ImageStim(__class__=<class 'psychopy.visual.image.ImageStim'>, anchor=('center', 'center'), autoLog=True, color=array([1., 1., 1.]), colorSpace='rgb', contrast=1.0, depth=-1.0, draggable=False, flipHoriz=False, flipVert=False, image='stimuli/practice/player2.jpg', interpolate=True, mask=None, maskParams=None, name='rightpeerchoice', opacity=1.0, ori=0.0, pos=array([0.4 , 0.13]), size=array([0.2 , 0.25]), texRes=128.0, units='height', win=Window(...))
18.7954 	EXP 	window1: mouseVisible = True
18.8148 	EXP 	Created icon16 = ImageStim(__class__=<class 'psychopy.visual.image.ImageStim'>, anchor=('center', 'center'), autoLog=True, color=array([1., 1., 1.]), colorSpace='rgb', contrast=1.0, depth=-2.0, draggable=False, flipHoriz=False, flipVert=False, image='stimuli/icons/animals.png', interpolate=True, mask=None, maskParams=None, name='icon16', opacity=1.0, ori=0.0, pos=array([ 0.3 , -0.03]), size=array([0.04, 0.04]), texRes=128.0, units='height', win=Window(...))
18.8149 	EXP 	window1: mouseVisible = True
18.8172 	EXP 	Created int16 = TextStim(__class__=<class 'psychopy.visual.text.TextStim'>, alignHoriz=method-wrapper(...), alignText='center', alignVert=method-wrapper(...), anchorHoriz='center', anchorVert='center', antialias=True, autoDraw=False, autoLog=True, bold=False, color=array([-1., -1., -1.]), colorSpace='rgb', contrast=1.0, depth=-3.0, draggable=False, flipHoriz=False, flipVert=False, font='Open Sans', fontFiles=[], height=0.015, italic=False, languageStyle='LTR', name='int16', opacity=1.0, ori=0.0, pos=array([ 0.3 , -0.07]), rgb=UNKNOWN, text='fashion', units='height', win=Window(...), wrapWidth=1)
18.8173 	EXP 	window1: mouseVisible = True
18.8361 	EXP 	Created icon17 = ImageStim(__class__=<class 'psychopy.visual.image.ImageStim'>, anchor=('center', 'center'), autoLog=True, color=array([1., 1., 1.]), colorSpace='rgb', contrast=1.0, depth=-4.0, draggable=False, flipHoriz=False, flipVert=False, image='stimuli/icons/animals.png', interpolate=True, mask=None, maskParams=None, name='icon17', opacity=1.0, ori=0.0, pos=array([ 0.4 , -0.03]), size=array([0.04, 0.04]), texRes=128.0, units='height', win=Window(...))
18.8362 	EXP 	window1: mouseVisible = True
18.8389 	EXP 	Created text_11 = TextStim(__class__=<class 'psychopy.visual.text.TextStim'>, alignHoriz=method-wrapper(...), alignText='center', alignVert=method-wrapper(...), anchorHoriz='center', anchorVert='center', antialias=True, autoDraw=False, autoLog=True, bold=False, color=array([-1., -1., -1.]), colorSpace='rgb', contrast=1.0, depth=-5.0, draggable=False, flipHoriz=False, flipVert=False, font='Open Sans', fontFiles=[], height=0.015, italic=False, languageStyle='LTR', name='text_11', opacity=1.0, ori=0.0, pos=array([ 0.4 , -0.07]), rgb=UNKNOWN, text='movies', units='height', win=Window(...), wrapWidth=1)
18.8390 	EXP 	window1: mouseVisible = True
18.8575 	EXP 	Created icon19 = ImageStim(__class__=<class 'psychopy.visual.image.ImageStim'>, anchor=('center', 'center'), autoLog=True, color=array([1., 1., 1.]), colorSpace='rgb', contrast=1.0, depth=-6.0, draggable=False, flipHoriz=False, flipVert=False, image='stimuli/icons/animals.png', interpolate=True, mask=None, maskParams=None, name='icon19', opacity=1.0, ori=0.0, pos=array([ 0.5 , -0.03]), size=array([0.04, 0.04]), texRes=128.0, units='height', win=Window(...))
18.8576 	EXP 	window1: mouseVisible = True
18.8596 	EXP 	Created text_12 = TextStim(__class__=<class 'psychopy.visual.text.TextStim'>, alignHoriz=method-wrapper(...), alignText='center', alignVert=method-wrapper(...), anchorHoriz='center', anchorVert='center', antialias=True, autoDraw=False, autoLog=True, bold=False, color=array([-1., -1., -1.]), colorSpace='rgb', contrast=1.0, depth=-7.0, draggable=False, flipHoriz=False, flipVert=False, font='Open Sans', fontFiles=[], height=0.015, italic=False, languageStyle='LTR', name='text_12', opacity=1.0, ori=0.0, pos=array([ 0.5 , -0.07]), rgb=UNKNOWN, text='writing', units='height', win=Window(...), wrapWidth=1)
18.8597 	EXP 	window1: mouseVisible = True
18.8708 	EXP 	Created yes1_2 = ImageStim(__class__=<class 'psychopy.visual.image.ImageStim'>, anchor=('center', 'center'), autoLog=True, color=array([1., 1., 1.]), colorSpace='rgb', contrast=1.0, depth=-8.0, draggable=False, flipHoriz=False, flipVert=False, image='stimuli/feedback/Thumbs_up.png', interpolate=True, mask=None, maskParams=None, name='yes1_2', opacity=1.0, ori=0.0, pos=array([0.4 , 0.13]), size=array([0.25, 0.25]), texRes=128.0, units='height', win=Window(...))
18.8710 	EXP 	window1: mouseVisible = True
18.8731 	EXP 	Created text_14 = TextStim(__class__=<class 'psychopy.visual.text.TextStim'>, alignHoriz=method-wrapper(...), alignText='center', alignVert=method-wrapper(...), anchorHoriz='center', anchorVert='center', antialias=True, autoDraw=False, autoLog=True, bold=False, color=array([-1., -1., -1.]), colorSpace='rgb', contrast=1.0, depth=-9.0, draggable=False, flipHoriz=False, flipVert=False, font='Consolas', fontFiles=[], height=0.03, italic=False, languageStyle='LTR', name='text_14', opacity=1.0, ori=0.0, pos=array([0.4, 0.3]), rgb=UNKNOWN, text='Player-2\n', units='height', win=Window(...), wrapWidth=1)
18.8732 	EXP 	window1: mouseVisible = True
18.8742 	EXP 	Created polygon_4 = Rect(__class__=<class 'psychopy.visual.rect.Rect'>, anchor=('center', 'center'), autoDraw=False, autoLog=True, closeShape=True, color=method-wrapper(...), colorSpace='rgb', contrast=None, depth=0.0, draggable=False, fillColor=array([0., 0., 0.]), fillColorSpace='rgb', fillRGB=array([0., 0., 0.]), interpolate=True, lineColor=array([-1.    ,  0.0039, -1.    ]), lineColorSpace='rgb', lineRGB=array([-1.    ,  0.0039, -1.    ]), lineWidth=5.0, name='polygon_4', opacity=1.0, ori=0.0, pos=array([ 0.   , -0.073]), size=array([0.4, 0.4]), units='height', vertices=ndarray(...), win=Window(...))
18.8743 	EXP 	window1: mouseVisible = True
18.9161 	EXP 	Created toprightpeer = ImageStim(__class__=<class 'psychopy.visual.image.ImageStim'>, anchor=('center', 'center'), autoLog=True, color=array([1., 1., 1.]), colorSpace='rgb', contrast=1.0, depth=-1.0, draggable=False, flipHoriz=False, flipVert=False, image='stimuli/practice/player2.jpg', interpolate=True, mask=None, maskParams=None, name='toprightpeer', opacity=1.0, ori=0.0, pos=array([0. , 0.3]), size=array([0.2 , 0.25]), texRes=128.0, units='height', win=Window(...))
18.9162 	EXP 	window1: mouseVisible = True
18.9352 	EXP 	Created icon20 = ImageStim(__class__=<class 'psychopy.visual.image.ImageStim'>, anchor=('center', 'center'), autoLog=True, color=array([1., 1., 1.]), colorSpace='rgb', contrast=1.0, depth=-2.0, draggable=False, flipHoriz=False, flipVert=False, image='stimuli/icons/animals.png', interpolate=True, mask=None, maskParams=None, name='icon20', opacity=1.0, ori=0.0, pos=array([-0.13,  0.14]), size=array([0.04, 0.04]), texRes=128.0, units='height', win=Window(...))
18.9353 	EXP 	window1: mouseVisible = True
18.9374 	EXP 	Created var_2 = TextStim(__class__=<class 'psychopy.visual.text.TextStim'>, alignHoriz=method-wrapper(...), alignText='center', alignVert=method-wrapper(...), anchorHoriz='center', anchorVert='center', antialias=True, autoDraw=False, autoLog=True, bold=False, color=array([-1., -1., -1.]), colorSpace='rgb', contrast=1.0, depth=-3.0, draggable=False, flipHoriz=False, flipVert=False, font='Open Sans', fontFiles=[], height=0.015, italic=False, languageStyle='LTR', name='var_2', opacity=1.0, ori=0.0, pos=array([-0.13 ,  0.076]), rgb=UNKNOWN, text='fashion\n\n\n', units='height', win=Window(...), wrapWidth=1)
18.9375 	EXP 	window1: mouseVisible = True
18.9567 	EXP 	Created icon21 = ImageStim(__class__=<class 'psychopy.visual.image.ImageStim'>, anchor=('center', 'center'), autoLog=True, color=array([1., 1., 1.]), colorSpace='rgb', contrast=1.0, depth=-4.0, draggable=False, flipHoriz=False, flipVert=False, image='stimuli/icons/animals.png', interpolate=True, mask=None, maskParams=None, name='icon21', opacity=1.0, ori=0.0, pos=array([0.  , 0.14]), size=array([0.04, 0.04]), texRes=128.0, units='height', win=Window(...))
18.9569 	EXP 	window1: mouseVisible = True
18.9594 	EXP 	Created var_7 = TextStim(__class__=<class 'psychopy.visual.text.TextStim'>, alignHoriz=method-wrapper(...), alignText='center', alignVert=method-wrapper(...), anchorHoriz='center', anchorVert='center', antialias=True, autoDraw=False, autoLog=True, bold=False, color=array([-1., -1., -1.]), colorSpace='rgb', contrast=1.0, depth=-5.0, draggable=False, flipHoriz=False, flipVert=False, font='Open Sans', fontFiles=[], height=0.015, italic=False, languageStyle='LTR', name='var_7', opacity=1.0, ori=0.0, pos=array([0.13, 0.1 ]), rgb=UNKNOWN, text='dancing', units='height', win=Window(...), wrapWidth=1)
18.9595 	EXP 	window1: mouseVisible = True
18.9786 	EXP 	Created icon22 = ImageStim(__class__=<class 'psychopy.visual.image.ImageStim'>, anchor=('center', 'center'), autoLog=True, color=array([1., 1., 1.]), colorSpace='rgb', contrast=1.0, depth=-6.0, draggable=False, flipHoriz=False, flipVert=False, image='stimuli/icons/animals.png', interpolate=True, mask=None, maskParams=None, name='icon22', opacity=1.0, ori=0.0, pos=array([0.13, 0.14]), size=array([0.04, 0.04]), texRes=128.0, units='height', win=Window(...))
18.9787 	EXP 	window1: mouseVisible = True
18.9808 	EXP 	Created text_31 = TextStim(__class__=<class 'psychopy.visual.text.TextStim'>, alignHoriz=method-wrapper(...), alignText='center', alignVert=method-wrapper(...), anchorHoriz='center', anchorVert='center', antialias=True, autoDraw=False, autoLog=True, bold=False, color=array([-1., -1., -1.]), colorSpace='rgb', contrast=1.0, depth=-7.0, draggable=False, flipHoriz=False, flipVert=False, font='Open Sans', fontFiles=[], height=0.015, italic=False, languageStyle='LTR', name='text_31', opacity=1.0, ori=0.0, pos=array([0. , 0.1]), rgb=UNKNOWN, text='writing', units='height', win=Window(...), wrapWidth=1)
18.9808 	EXP 	window1: mouseVisible = True
18.9832 	EXP 	Created p1_4 = TextStim(__class__=<class 'psychopy.visual.text.TextStim'>, alignHoriz=method-wrapper(...), alignText='center', alignVert=method-wrapper(...), anchorHoriz='center', anchorVert='center', antialias=True, autoDraw=False, autoLog=True, bold=False, color=array([-1., -1., -1.]), colorSpace='rgb', contrast=1.0, depth=-8.0, draggable=False, flipHoriz=False, flipVert=False, font='Consolas', fontFiles=[], height=0.03, italic=False, languageStyle='LTR', name='p1_4', opacity=1.0, ori=0.0, pos=array([0.  , 0.45]), rgb=UNKNOWN, text='Player-2\n\n', units='height', win=Window(...), wrapWidth=1)
18.9833 	EXP 	window1: mouseVisible = True
18.9849 	EXP 	Created you_2 = TextStim(__class__=<class 'psychopy.visual.text.TextStim'>, alignHoriz=method-wrapper(...), alignText='center', alignVert=method-wrapper(...), anchorHoriz='center', anchorVert='center', antialias=True, autoDraw=False, autoLog=True, bold=False, color=array([-1., -1., -1.]), colorSpace='rgb', contrast=1.0, depth=-9.0, draggable=False, flipHoriz=False, flipVert=False, font='Consolas', fontFiles=[], height=0.03, italic=False, languageStyle='LTR', name='you_2', opacity=1.0, ori=0.0, pos=array([0.  , 0.07]), rgb=UNKNOWN, text='You', units='height', win=Window(...), wrapWidth=1)
18.9850 	EXP 	window1: mouseVisible = True
19.0052 	EXP 	Created icon23 = ImageStim(__class__=<class 'psychopy.visual.image.ImageStim'>, anchor=('center', 'center'), autoLog=True, color=array([1., 1., 1.]), colorSpace='rgb', contrast=1.0, depth=-10.0, draggable=False, flipHoriz=False, flipVert=False, image='stimuli/icons/animals.png', interpolate=True, mask=None, maskParams=None, name='icon23', opacity=1.0, ori=0.0, pos=array([-0.13, -0.2 ]), size=array([0.04, 0.04]), texRes=128.0, units='height', win=Window(...))
19.0053 	EXP 	window1: mouseVisible = True
19.0074 	EXP 	Created chat_2 = TextStim(__class__=<class 'psychopy.visual.text.TextStim'>, alignHoriz=method-wrapper(...), alignText='center', alignVert=method-wrapper(...), anchorHoriz='center', anchorVert='center', antialias=True, autoDraw=False, autoLog=True, bold=False, color=array([-1., -1., -1.]), colorSpace='rgb', contrast=1.0, depth=-11.0, draggable=False, flipHoriz=False, flipVert=False, font='Open Sans', fontFiles=[], height=0.015, italic=False, languageStyle='LTR', name='chat_2', opacity=1.0, ori=0.0, pos=array([-0.13, -0.24]), rgb=UNKNOWN, text='chatting', units='height', win=Window(...), wrapWidth=1)
19.0074 	EXP 	window1: mouseVisible = True
19.0283 	EXP 	Created icon24 = ImageStim(__class__=<class 'psychopy.visual.image.ImageStim'>, anchor=('center', 'center'), autoLog=True, color=array([1., 1., 1.]), colorSpace='rgb', contrast=1.0, depth=-12.0, draggable=False, flipHoriz=False, flipVert=False, image='stimuli/icons/animals.png', interpolate=True, mask=None, maskParams=None, name='icon24', opacity=1.0, ori=0.0, pos=array([ 0. , -0.2]), size=array([0.04, 0.04]), texRes=128.0, units='height', win=Window(...))
19.0284 	EXP 	window1: mouseVisible = True
19.0303 	EXP 	Created sport_2 = TextStim(__class__=<class 'psychopy.visual.text.TextStim'>, alignHoriz=method-wrapper(...), alignText='center', alignVert=method-wrapper(...), anchorHoriz='center', anchorVert='center', antialias=True, autoDraw=False, autoLog=True, bold=False, color=array([-1., -1., -1.]), colorSpace='rgb', contrast=1.0, depth=-13.0, draggable=False, flipHoriz=False, flipVert=False, font='Open Sans', fontFiles=[], height=0.015, italic=False, languageStyle='LTR', name='sport_2', opacity=1.0, ori=0.0, pos=array([ 0.  , -0.24]), rgb=UNKNOWN, text='sports', units='height', win=Window(...), wrapWidth=1)
19.0304 	EXP 	window1: mouseVisible = True
19.0565 	EXP 	Created icon25 = ImageStim(__class__=<class 'psychopy.visual.image.ImageStim'>, anchor=('center', 'center'), autoLog=True, color=array([1., 1., 1.]), colorSpace='rgb', contrast=1.0, depth=-14.0, draggable=False, flipHoriz=False, flipVert=False, image='stimuli/icons/animals.png', interpolate=True, mask=None, maskParams=None, name='icon25', opacity=1.0, ori=0.0, pos=array([ 0.13, -0.2 ]), size=array([0.04, 0.04]), texRes=128.0, units='height', win=Window(...))
19.0566 	EXP 	window1: mouseVisible = True
19.1339 	EXP 	Created participantpic_5 = ImageStim(__class__=<class 'psychopy.visual.image.ImageStim'>, anchor=('center', 'center'), autoLog=True, color=array([1., 1., 1.]), colorSpace='rgb', contrast=1.0, depth=-15.0, draggable=False, flipHoriz=False, flipVert=False, image='stimuli/practice/player1.jpg', interpolate=True, mask=None, maskParams=None, name='participantpic_5', opacity=1.0, ori=0.0, pos=array([ 0.   , -0.073]), size=array([0.15, 0.2 ]), texRes=128.0, units='height', win=Window(...))
19.1340 	EXP 	window1: mouseVisible = True
19.1360 	EXP 	Created beach_txt_2 = TextStim(__class__=<class 'psychopy.visual.text.TextStim'>, alignHoriz=method-wrapper(...), alignText='center', alignVert=method-wrapper(...), anchorHoriz='center', anchorVert='center', antialias=True, autoDraw=False, autoLog=True, bold=False, color=array([-1., -1., -1.]), colorSpace='rgb', contrast=1.0, depth=-16.0, draggable=False, flipHoriz=False, flipVert=False, font='Open Sans', fontFiles=[], height=0.015, italic=False, languageStyle='LTR', name='beach_txt_2', opacity=1.0, ori=0.0, pos=array([ 0.13, -0.24]), rgb=UNKNOWN, text='beach', units='height', win=Window(...), wrapWidth=1)
19.1361 	EXP 	window1: mouseVisible = True
19.1485 	EXP 	Created yes = ImageStim(__class__=<class 'psychopy.visual.image.ImageStim'>, anchor=('center', 'center'), autoLog=True, color=array([1., 1., 1.]), colorSpace='rgb', contrast=1.0, depth=-17.0, draggable=False, flipHoriz=False, flipVert=False, image='stimuli/feedback/Thumbs_up.png', interpolate=True, mask=None, maskParams=None, name='yes', opacity=1.0, ori=0.0, pos=array([ 0.  , -0.08]), size=array([0.25, 0.25]), texRes=128.0, units='height', win=Window(...))
19.1487 	EXP 	window1: mouseVisible = True
19.1497 	EXP 	Created polygon = Rect(__class__=<class 'psychopy.visual.rect.Rect'>, anchor=('center', 'center'), autoDraw=False, autoLog=True, closeShape=True, color=method-wrapper(...), colorSpace='rgb', contrast=None, depth=0.0, draggable=False, fillColor=array([-1., -1., -1.]), fillColorSpace='rgb', fillRGB=array([-1., -1., -1.]), interpolate=True, lineColor=array([-1., -1., -1.]), lineColorSpace='rgb', lineRGB=array([-1., -1., -1.]), lineWidth=1.0, name='polygon', opacity=1.0, ori=0.0, pos=array([0., 0.]), size=array([4., 4.]), units='height', vertices=ndarray(...), win=Window(...))
19.1498 	EXP 	window1: mouseVisible = True
19.1654 	EXP 	Created text_16 = TextStim(__class__=<class 'psychopy.visual.text.TextStim'>, alignHoriz=method-wrapper(...), alignText='center', alignVert=method-wrapper(...), anchorHoriz='center', anchorVert='center', antialias=True, autoDraw=False, autoLog=True, bold=False, color=array([1., 1., 1.]), colorSpace='rgb', contrast=1.0, depth=-1.0, draggable=False, flipHoriz=False, flipVert=False, font='Open Sans', fontFiles=[], height=0.06, italic=False, languageStyle='LTR', name='text_16', opacity=1.0, ori=0.0, pos=array([0., 0.]), rgb=UNKNOWN, text='+', units='height', win=Window(...), wrapWidth=1)
0.0272 	EXP 	wel: autoDraw = True
1.4005 	EXP 	Imported stimuli/adolF.xlsx as conditions, 60 conditions, 1 params
1.4013 	EXP 	Created sequence: random, trialTypes=60, nReps=5, seed=None
1.4015 	EXP 	New trial (rep=0, index=0): {'adolF_img': 'stimuli/adolescents/F22.png'}
1.6016 	EXP 	window1: mouseVisible = True
