9.2313 	EXP 	Created window1 = Window(allowGUI=True, allowStencil=False, autoLog=True, backendConf=UNKNOWN, backgroundFit=<method-wrapper '__getattribute__' of attributeSetter object at 0x000001B6DEF5AE80>, backgroundImage=<method-wrapper '__getattribute__' of attributeSetter object at 0x000001B6DEF5AE20>, bitsMode=UNKNOWN, blendMode='avg', bpc=(8, 8, 8), color=array([0, 0, 0]), colorSpace='rgb', depthBits=8, fullscr=<method-wrapper '__getattribute__' of attributeSetter object at 0x000001B6DEF5AC40>, gamma=None, gammaErrorPolicy='raise', lms=UNKNOWN, monitor=<psychopy.monitors.calibTools.Monitor object at 0x000001B6DF2F2940>, multiSample=False, name='window1', numSamples=2, pos=(0, 0), screen=0, size=array([1920, 1080]), stencilBits=0, stereo=False, title='PsychoPy', units='height', useFBO=True, useRetina=False, viewOri=0.0, viewPos=None, viewScale=None, waitBlanking=True, winType='pyglet')
9.2314 	EXP 	window1: mouseVisible = True
9.2314 	EXP 	window1: backgroundImage = ''
9.2314 	EXP 	window1: backgroundFit = 'none'
9.2327 	EXP 	window1: Attempting to measure frame rate of screen (0) ...
9.2328 	EXP 	window1: recordFrameIntervals = False
9.3976 	EXP 	window1: recordFrameIntervals = True
9.5811 	EXP 	Screen (0) actual frame rate measured at 60.00Hz
9.5811 	EXP 	window1: recordFrameIntervals = False
9.5812 	EXP 	window1: mouseVisible = False
11.4766 	EXP 	PAT_PRACTICE_icons: status = STARTED
11.4770 	EXP 	window1: mouseVisible = True
11.5405 	EXP 	Created wel = TextStim(__class__=<class 'psychopy.visual.text.TextStim'>, alignHoriz=method-wrapper(...), alignText='center', alignVert=method-wrapper(...), anchorHoriz='center', anchorVert='center', antialias=True, autoDraw=False, autoLog=True, bold=False, color=array([-1., -1., -1.]), colorSpace='rgb', contrast=1.0, depth=0.0, draggable=False, flipHoriz=False, flipVert=False, font='Consolas', fontFiles=[], height=0.05, italic=False, languageStyle='LTR', name='wel', opacity=1.0, ori=0.0, pos=array([0., 0.]), rgb=UNKNOWN, text=str(...), units='height', win=Window(...), wrapWidth=2.0)
11.5406 	EXP 	window1: mouseVisible = True
11.5493 	EXP 	Created Who = TextStim(__class__=<class 'psychopy.visual.text.TextStim'>, alignHoriz=method-wrapper(...), alignText='center', alignVert=method-wrapper(...), anchorHoriz='center', anchorVert='center', antialias=True, autoDraw=False, autoLog=True, bold=False, color=array([-1., -1., -1.]), colorSpace='rgb', contrast=1.0, depth=0.0, draggable=False, flipHoriz=False, flipVert=False, font='Courier New', fontFiles=[], height=0.04, italic=False, languageStyle='LTR', name='Who', opacity=1.0, ori=0.0, pos=array([0.  , 0.38]), rgb=UNKNOWN, text='Who do you want to be friends with? \n\n', units='height', win=Window(...), wrapWidth=1)
11.5494 	EXP 	window1: mouseVisible = True
11.5561 	EXP 	Created text_2 = TextStim(__class__=<class 'psychopy.visual.text.TextStim'>, alignHoriz=method-wrapper(...), alignText='center', alignVert=method-wrapper(...), anchorHoriz='center', anchorVert='center', antialias=True, autoDraw=False, autoLog=True, bold=False, color=array([-1., -1., -1.]), colorSpace='rgb', contrast=1.0, depth=-1.0, draggable=False, flipHoriz=False, flipVert=False, font='Consolas', fontFiles=[], height=0.03, italic=False, languageStyle='LTR', name='text_2', opacity=1.0, ori=0.0, pos=array([-0.4,  0.3]), rgb=UNKNOWN, text='Player-1\n', units='height', win=Window(...), wrapWidth=1)
11.5562 	EXP 	window1: mouseVisible = True
11.5588 	EXP 	Created text_3 = TextStim(__class__=<class 'psychopy.visual.text.TextStim'>, alignHoriz=method-wrapper(...), alignText='center', alignVert=method-wrapper(...), anchorHoriz='center', anchorVert='center', antialias=True, autoDraw=False, autoLog=True, bold=False, color=array([-1., -1., -1.]), colorSpace='rgb', contrast=1.0, depth=-2.0, draggable=False, flipHoriz=False, flipVert=False, font='Consolas', fontFiles=[], height=0.03, italic=False, languageStyle='LTR', name='text_3', opacity=1.0, ori=0.0, pos=array([0.4, 0.3]), rgb=UNKNOWN, text='Player-2\n', units='height', win=Window(...), wrapWidth=1)
11.5589 	EXP 	window1: mouseVisible = True
11.6143 	EXP 	Created Player1demo = ImageStim(__class__=<class 'psychopy.visual.image.ImageStim'>, anchor=('center', 'center'), autoLog=True, color=array([1., 1., 1.]), colorSpace='rgb', contrast=1.0, depth=-3.0, draggable=False, flipHoriz=False, flipVert=False, image=str(...), interpolate=True, mask=None, maskParams=None, name='Player1demo', opacity=1.0, ori=0.0, pos=array([-0.4 ,  0.13]), size=array([0.2 , 0.25]), texRes=128.0, units='height', win=Window(...))
11.6147 	EXP 	window1: mouseVisible = True
11.6575 	EXP 	Created Player2demo = ImageStim(__class__=<class 'psychopy.visual.image.ImageStim'>, anchor=('center', 'center'), autoLog=True, color=array([1., 1., 1.]), colorSpace='rgb', contrast=1.0, depth=-4.0, draggable=False, flipHoriz=False, flipVert=False, image=str(...), interpolate=True, mask=None, maskParams=None, name='Player2demo', opacity=1.0, ori=0.0, pos=array([0.4 , 0.13]), size=array([0.2 , 0.25]), texRes=128.0, units='height', win=Window(...))
11.6576 	EXP 	window1: mouseVisible = True
11.6805 	EXP 	Created cooking = ImageStim(__class__=<class 'psychopy.visual.image.ImageStim'>, anchor=('center', 'center'), autoLog=True, color=array([1., 1., 1.]), colorSpace='rgb', contrast=1.0, depth=-5.0, draggable=False, flipHoriz=False, flipVert=False, image=str(...), interpolate=True, mask=None, maskParams=None, name='cooking', opacity=1.0, ori=0.0, pos=array([-0.5 , -0.03]), size=array([0.04, 0.04]), texRes=128.0, units='height', win=Window(...))
11.6806 	EXP 	window1: mouseVisible = True
11.6905 	EXP 	Created text_4 = TextStim(__class__=<class 'psychopy.visual.text.TextStim'>, alignHoriz=method-wrapper(...), alignText='center', alignVert=method-wrapper(...), anchorHoriz='center', anchorVert='center', antialias=True, autoDraw=False, autoLog=True, bold=False, color=array([-1., -1., -1.]), colorSpace='rgb', contrast=1.0, depth=-6.0, draggable=False, flipHoriz=False, flipVert=False, font='Open Sans', fontFiles=[], height=0.01, italic=False, languageStyle='LTR', name='text_4', opacity=1.0, ori=0.0, pos=array([-0.5 , -0.08]), rgb=UNKNOWN, text='cooking\n\n', units='height', win=Window(...), wrapWidth=1)
11.6906 	EXP 	window1: mouseVisible = True
11.7097 	EXP 	Created movies = ImageStim(__class__=<class 'psychopy.visual.image.ImageStim'>, anchor=('center', 'center'), autoLog=True, color=array([1., 1., 1.]), colorSpace='rgb', contrast=1.0, depth=-7.0, draggable=False, flipHoriz=False, flipVert=False, image=str(...), interpolate=True, mask=None, maskParams=None, name='movies', opacity=1.0, ori=0.0, pos=array([-0.4 , -0.03]), size=array([0.04, 0.04]), texRes=128.0, units='height', win=Window(...))
11.7098 	EXP 	window1: mouseVisible = True
11.7137 	EXP 	Created text_5 = TextStim(__class__=<class 'psychopy.visual.text.TextStim'>, alignHoriz=method-wrapper(...), alignText='center', alignVert=method-wrapper(...), anchorHoriz='center', anchorVert='center', antialias=True, autoDraw=False, autoLog=True, bold=False, color=array([-1., -1., -1.]), colorSpace='rgb', contrast=1.0, depth=-8.0, draggable=False, flipHoriz=False, flipVert=False, font='Open Sans', fontFiles=[], height=0.01, italic=False, languageStyle='LTR', name='text_5', opacity=1.0, ori=0.0, pos=array([-0.3 , -0.07]), rgb=UNKNOWN, text='dancing', units='height', win=Window(...), wrapWidth=1)
11.7138 	EXP 	window1: mouseVisible = True
11.7324 	EXP 	Created dancing = ImageStim(__class__=<class 'psychopy.visual.image.ImageStim'>, anchor=('center', 'center'), autoLog=True, color=array([1., 1., 1.]), colorSpace='rgb', contrast=1.0, depth=-9.0, draggable=False, flipHoriz=False, flipVert=False, image=str(...), interpolate=True, mask=None, maskParams=None, name='dancing', opacity=1.0, ori=0.0, pos=array([-0.3 , -0.03]), size=array([0.04, 0.04]), texRes=128.0, units='height', win=Window(...))
11.7326 	EXP 	window1: mouseVisible = True
11.7372 	EXP 	Created text_6 = TextStim(__class__=<class 'psychopy.visual.text.TextStim'>, alignHoriz=method-wrapper(...), alignText='center', alignVert=method-wrapper(...), anchorHoriz='center', anchorVert='center', antialias=True, autoDraw=False, autoLog=True, bold=False, color=array([-1., -1., -1.]), colorSpace='rgb', contrast=1.0, depth=-10.0, draggable=False, flipHoriz=False, flipVert=False, font='Open Sans', fontFiles=[], height=0.01, italic=False, languageStyle='LTR', name='text_6', opacity=1.0, ori=0.0, pos=array([-0.4 , -0.07]), rgb=UNKNOWN, text='movies', units='height', win=Window(...), wrapWidth=1)
11.7373 	EXP 	window1: mouseVisible = True
11.7569 	EXP 	Created fashion = ImageStim(__class__=<class 'psychopy.visual.image.ImageStim'>, anchor=('center', 'center'), autoLog=True, color=array([1., 1., 1.]), colorSpace='rgb', contrast=1.0, depth=-11.0, draggable=False, flipHoriz=False, flipVert=False, image=str(...), interpolate=True, mask=None, maskParams=None, name='fashion', opacity=1.0, ori=0.0, pos=array([ 0.3 , -0.03]), size=array([0.04, 0.04]), texRes=128.0, units='height', win=Window(...))
11.7570 	EXP 	window1: mouseVisible = True
11.7610 	EXP 	Created text_7 = TextStim(__class__=<class 'psychopy.visual.text.TextStim'>, alignHoriz=method-wrapper(...), alignText='center', alignVert=method-wrapper(...), anchorHoriz='center', anchorVert='center', antialias=True, autoDraw=False, autoLog=True, bold=False, color=array([-1., -1., -1.]), colorSpace='rgb', contrast=1.0, depth=-12.0, draggable=False, flipHoriz=False, flipVert=False, font='Open Sans', fontFiles=[], height=0.01, italic=False, languageStyle='LTR', name='text_7', opacity=1.0, ori=0.0, pos=array([ 0.3 , -0.07]), rgb=UNKNOWN, text='fashion', units='height', win=Window(...), wrapWidth=1)
11.7611 	EXP 	window1: mouseVisible = True
11.7797 	EXP 	Created movie = ImageStim(__class__=<class 'psychopy.visual.image.ImageStim'>, anchor=('center', 'center'), autoLog=True, color=array([1., 1., 1.]), colorSpace='rgb', contrast=1.0, depth=-13.0, draggable=False, flipHoriz=False, flipVert=False, image=str(...), interpolate=True, mask=None, maskParams=None, name='movie', opacity=1.0, ori=0.0, pos=array([ 0.4 , -0.03]), size=array([0.04, 0.04]), texRes=128.0, units='height', win=Window(...))
11.7798 	EXP 	window1: mouseVisible = True
11.7818 	EXP 	Created text_8 = TextStim(__class__=<class 'psychopy.visual.text.TextStim'>, alignHoriz=method-wrapper(...), alignText='center', alignVert=method-wrapper(...), anchorHoriz='center', anchorVert='center', antialias=True, autoDraw=False, autoLog=True, bold=False, color=array([-1., -1., -1.]), colorSpace='rgb', contrast=1.0, depth=-14.0, draggable=False, flipHoriz=False, flipVert=False, font='Open Sans', fontFiles=[], height=0.01, italic=False, languageStyle='LTR', name='text_8', opacity=1.0, ori=0.0, pos=array([ 0.4 , -0.07]), rgb=UNKNOWN, text='movies', units='height', win=Window(...), wrapWidth=1)
11.7818 	EXP 	window1: mouseVisible = True
11.8060 	EXP 	Created writing = ImageStim(__class__=<class 'psychopy.visual.image.ImageStim'>, anchor=('center', 'center'), autoLog=True, color=array([1., 1., 1.]), colorSpace='rgb', contrast=1.0, depth=-15.0, draggable=False, flipHoriz=False, flipVert=False, image=str(...), interpolate=True, mask=None, maskParams=None, name='writing', opacity=1.0, ori=0.0, pos=array([ 0.5 , -0.03]), size=array([0.04, 0.04]), texRes=128.0, units='height', win=Window(...))
11.8062 	EXP 	window1: mouseVisible = True
11.8107 	EXP 	Created text_9 = TextStim(__class__=<class 'psychopy.visual.text.TextStim'>, alignHoriz=method-wrapper(...), alignText='center', alignVert=method-wrapper(...), anchorHoriz='center', anchorVert='center', antialias=True, autoDraw=False, autoLog=True, bold=False, color=array([-1., -1., -1.]), colorSpace='rgb', contrast=1.0, depth=-16.0, draggable=False, flipHoriz=False, flipVert=False, font='Open Sans', fontFiles=[], height=0.01, italic=False, languageStyle='LTR', name='text_9', opacity=1.0, ori=0.0, pos=array([ 0.5 , -0.07]), rgb=UNKNOWN, text='writing', units='height', win=Window(...), wrapWidth=1)
11.8108 	EXP 	window1: mouseVisible = True
11.8455 	EXP 	Created Player1 = ImageStim(__class__=<class 'psychopy.visual.image.ImageStim'>, anchor=('center', 'center'), autoLog=True, color=array([1., 1., 1.]), colorSpace='rgb', contrast=1.0, depth=0.0, draggable=False, flipHoriz=False, flipVert=False, image=str(...), interpolate=True, mask=None, maskParams=None, name='Player1', opacity=1.0, ori=0.0, pos=array([-0.4 ,  0.13]), size=array([0.2 , 0.25]), texRes=128.0, units='height', win=Window(...))
11.8456 	EXP 	window1: mouseVisible = True
11.8644 	EXP 	Created cook = ImageStim(__class__=<class 'psychopy.visual.image.ImageStim'>, anchor=('center', 'center'), autoLog=True, color=array([1., 1., 1.]), colorSpace='rgb', contrast=1.0, depth=-1.0, draggable=False, flipHoriz=False, flipVert=False, image=str(...), interpolate=True, mask=None, maskParams=None, name='cook', opacity=1.0, ori=0.0, pos=array([-0.5 , -0.03]), size=array([0.04, 0.04]), texRes=128.0, units='height', win=Window(...))
11.8645 	EXP 	window1: mouseVisible = True
11.8666 	EXP 	Created var_4 = TextStim(__class__=<class 'psychopy.visual.text.TextStim'>, alignHoriz=method-wrapper(...), alignText='center', alignVert=method-wrapper(...), anchorHoriz='center', anchorVert='center', antialias=True, autoDraw=False, autoLog=True, bold=False, color=array([-1., -1., -1.]), colorSpace='rgb', contrast=1.0, depth=-2.0, draggable=False, flipHoriz=False, flipVert=False, font='Open Sans', fontFiles=[], height=0.01, italic=False, languageStyle='LTR', name='var_4', opacity=1.0, ori=0.0, pos=array([-0.5 , -0.08]), rgb=UNKNOWN, text='cooking\n\n', units='height', win=Window(...), wrapWidth=1)
11.8667 	EXP 	window1: mouseVisible = True
11.8869 	EXP 	Created movie_2 = ImageStim(__class__=<class 'psychopy.visual.image.ImageStim'>, anchor=('center', 'center'), autoLog=True, color=array([1., 1., 1.]), colorSpace='rgb', contrast=1.0, depth=-3.0, draggable=False, flipHoriz=False, flipVert=False, image=str(...), interpolate=True, mask=None, maskParams=None, name='movie_2', opacity=1.0, ori=0.0, pos=array([-0.4 , -0.03]), size=array([0.04, 0.04]), texRes=128.0, units='height', win=Window(...))
11.8870 	EXP 	window1: mouseVisible = True
11.8890 	EXP 	Created var_5 = TextStim(__class__=<class 'psychopy.visual.text.TextStim'>, alignHoriz=method-wrapper(...), alignText='center', alignVert=method-wrapper(...), anchorHoriz='center', anchorVert='center', antialias=True, autoDraw=False, autoLog=True, bold=False, color=array([-1., -1., -1.]), colorSpace='rgb', contrast=1.0, depth=-4.0, draggable=False, flipHoriz=False, flipVert=False, font='Open Sans', fontFiles=[], height=0.01, italic=False, languageStyle='LTR', name='var_5', opacity=1.0, ori=0.0, pos=array([-0.3 , -0.07]), rgb=UNKNOWN, text='dancing', units='height', win=Window(...), wrapWidth=1)
11.8890 	EXP 	window1: mouseVisible = True
11.9115 	EXP 	Created dance = ImageStim(__class__=<class 'psychopy.visual.image.ImageStim'>, anchor=('center', 'center'), autoLog=True, color=array([1., 1., 1.]), colorSpace='rgb', contrast=1.0, depth=-5.0, draggable=False, flipHoriz=False, flipVert=False, image=str(...), interpolate=True, mask=None, maskParams=None, name='dance', opacity=1.0, ori=0.0, pos=array([-0.3 , -0.03]), size=array([0.04, 0.04]), texRes=128.0, units='height', win=Window(...))
11.9116 	EXP 	window1: mouseVisible = True
11.9138 	EXP 	Created text = TextStim(__class__=<class 'psychopy.visual.text.TextStim'>, alignHoriz=method-wrapper(...), alignText='center', alignVert=method-wrapper(...), anchorHoriz='center', anchorVert='center', antialias=True, autoDraw=False, autoLog=True, bold=False, color=array([-1., -1., -1.]), colorSpace='rgb', contrast=1.0, depth=-6.0, draggable=False, flipHoriz=False, flipVert=False, font='Open Sans', fontFiles=[], height=0.01, italic=False, languageStyle='LTR', name='text', opacity=1.0, ori=0.0, pos=array([-0.4 , -0.07]), rgb=UNKNOWN, text='movies', units='height', win=Window(...), wrapWidth=1)
11.9139 	EXP 	window1: mouseVisible = True
11.9159 	EXP 	Created p1 = TextStim(__class__=<class 'psychopy.visual.text.TextStim'>, alignHoriz=method-wrapper(...), alignText='center', alignVert=method-wrapper(...), anchorHoriz='center', anchorVert='center', antialias=True, autoDraw=False, autoLog=True, bold=False, color=array([-1., -1., -1.]), colorSpace='rgb', contrast=1.0, depth=-7.0, draggable=False, flipHoriz=False, flipVert=False, font='Consolas', fontFiles=[], height=0.03, italic=False, languageStyle='LTR', name='p1', opacity=1.0, ori=0.0, pos=array([-0.4,  0.3]), rgb=UNKNOWN, text='Player-1\n', units='height', win=Window(...), wrapWidth=1)
11.9160 	EXP 	window1: mouseVisible = True
11.9263 	EXP 	Created yes1 = ImageStim(__class__=<class 'psychopy.visual.image.ImageStim'>, anchor=('center', 'center'), autoLog=True, color=array([1., 1., 1.]), colorSpace='rgb', contrast=1.0, depth=-8.0, draggable=False, flipHoriz=False, flipVert=False, image=str(...), interpolate=True, mask=None, maskParams=None, name='yes1', opacity=1.0, ori=0.0, pos=array([-0.4 ,  0.13]), size=array([0.3, 0.3]), texRes=128.0, units='height', win=Window(...))
11.9264 	EXP 	window1: mouseVisible = True
11.9778 	EXP 	Created Player1_2 = ImageStim(__class__=<class 'psychopy.visual.image.ImageStim'>, anchor=('center', 'center'), autoLog=True, color=array([1., 1., 1.]), colorSpace='rgb', contrast=1.0, depth=0.0, draggable=False, flipHoriz=False, flipVert=False, image=str(...), interpolate=True, mask=None, maskParams=None, name='Player1_2', opacity=1.0, ori=0.0, pos=array([0. , 0.3]), size=array([0.2 , 0.25]), texRes=128.0, units='height', win=Window(...))
11.9779 	EXP 	window1: mouseVisible = True
12.0028 	EXP 	Created cook_2 = ImageStim(__class__=<class 'psychopy.visual.image.ImageStim'>, anchor=('center', 'center'), autoLog=True, color=array([1., 1., 1.]), colorSpace='rgb', contrast=1.0, depth=-1.0, draggable=False, flipHoriz=False, flipVert=False, image=str(...), interpolate=True, mask=None, maskParams=None, name='cook_2', opacity=1.0, ori=0.0, pos=array([-0.13,  0.14]), size=array([0.04, 0.04]), texRes=128.0, units='height', win=Window(...))
12.0029 	EXP 	window1: mouseVisible = True
12.0054 	EXP 	Created var = TextStim(__class__=<class 'psychopy.visual.text.TextStim'>, alignHoriz=method-wrapper(...), alignText='center', alignVert=method-wrapper(...), anchorHoriz='center', anchorVert='center', antialias=True, autoDraw=False, autoLog=True, bold=False, color=array([-1., -1., -1.]), colorSpace='rgb', contrast=1.0, depth=-2.0, draggable=False, flipHoriz=False, flipVert=False, font='Open Sans', fontFiles=[], height=0.01, italic=False, languageStyle='LTR', name='var', opacity=1.0, ori=0.0, pos=array([-0.13 ,  0.095]), rgb=UNKNOWN, text='cooking\n\n', units='height', win=Window(...), wrapWidth=1)
12.0055 	EXP 	window1: mouseVisible = True
12.0286 	EXP 	Created movie_4 = ImageStim(__class__=<class 'psychopy.visual.image.ImageStim'>, anchor=('center', 'center'), autoLog=True, color=array([1., 1., 1.]), colorSpace='rgb', contrast=1.0, depth=-3.0, draggable=False, flipHoriz=False, flipVert=False, image=str(...), interpolate=True, mask=None, maskParams=None, name='movie_4', opacity=1.0, ori=0.0, pos=array([0.  , 0.14]), size=array([0.04, 0.04]), texRes=128.0, units='height', win=Window(...))
12.0287 	EXP 	window1: mouseVisible = True
12.0307 	EXP 	Created var_6 = TextStim(__class__=<class 'psychopy.visual.text.TextStim'>, alignHoriz=method-wrapper(...), alignText='center', alignVert=method-wrapper(...), anchorHoriz='center', anchorVert='center', antialias=True, autoDraw=False, autoLog=True, bold=False, color=array([-1., -1., -1.]), colorSpace='rgb', contrast=1.0, depth=-4.0, draggable=False, flipHoriz=False, flipVert=False, font='Open Sans', fontFiles=[], height=0.01, italic=False, languageStyle='LTR', name='var_6', opacity=1.0, ori=0.0, pos=array([0.13, 0.11]), rgb=UNKNOWN, text='dancing', units='height', win=Window(...), wrapWidth=1)
12.0308 	EXP 	window1: mouseVisible = True
12.0545 	EXP 	Created dance_2 = ImageStim(__class__=<class 'psychopy.visual.image.ImageStim'>, anchor=('center', 'center'), autoLog=True, color=array([1., 1., 1.]), colorSpace='rgb', contrast=1.0, depth=-5.0, draggable=False, flipHoriz=False, flipVert=False, image=str(...), interpolate=True, mask=None, maskParams=None, name='dance_2', opacity=1.0, ori=0.0, pos=array([0.13, 0.14]), size=array([0.04, 0.04]), texRes=128.0, units='height', win=Window(...))
12.0546 	EXP 	window1: mouseVisible = True
12.0566 	EXP 	Created text_13 = TextStim(__class__=<class 'psychopy.visual.text.TextStim'>, alignHoriz=method-wrapper(...), alignText='center', alignVert=method-wrapper(...), anchorHoriz='center', anchorVert='center', antialias=True, autoDraw=False, autoLog=True, bold=False, color=array([-1., -1., -1.]), colorSpace='rgb', contrast=1.0, depth=-6.0, draggable=False, flipHoriz=False, flipVert=False, font='Open Sans', fontFiles=[], height=0.01, italic=False, languageStyle='LTR', name='text_13', opacity=1.0, ori=0.0, pos=array([0.  , 0.11]), rgb=UNKNOWN, text='movies', units='height', win=Window(...), wrapWidth=1)
12.0567 	EXP 	window1: mouseVisible = True
12.0586 	EXP 	Created p1_2 = TextStim(__class__=<class 'psychopy.visual.text.TextStim'>, alignHoriz=method-wrapper(...), alignText='center', alignVert=method-wrapper(...), anchorHoriz='center', anchorVert='center', antialias=True, autoDraw=False, autoLog=True, bold=False, color=array([-1., -1., -1.]), colorSpace='rgb', contrast=1.0, depth=-7.0, draggable=False, flipHoriz=False, flipVert=False, font='Consolas', fontFiles=[], height=0.03, italic=False, languageStyle='LTR', name='p1_2', opacity=1.0, ori=0.0, pos=array([0.  , 0.45]), rgb=UNKNOWN, text='Player-1\n', units='height', win=Window(...), wrapWidth=1)
12.0587 	EXP 	window1: mouseVisible = True
12.0702 	EXP 	Created you = TextStim(__class__=<class 'psychopy.visual.text.TextStim'>, alignHoriz=method-wrapper(...), alignText='center', alignVert=method-wrapper(...), anchorHoriz='center', anchorVert='center', antialias=True, autoDraw=False, autoLog=True, bold=False, color=array([-1., -1., -1.]), colorSpace='rgb', contrast=1.0, depth=-8.0, draggable=False, flipHoriz=False, flipVert=False, font='Consolas', fontFiles=[], height=0.03, italic=False, languageStyle='LTR', name='you', opacity=1.0, ori=0.0, pos=array([0.  , 0.07]), rgb=UNKNOWN, text='You', units='height', win=Window(...), wrapWidth=1)
12.0703 	EXP 	window1: mouseVisible = True
12.1020 	EXP 	Created chatting = ImageStim(__class__=<class 'psychopy.visual.image.ImageStim'>, anchor=('center', 'center'), autoLog=True, color=array([1., 1., 1.]), colorSpace='rgb', contrast=1.0, depth=-9.0, draggable=False, flipHoriz=False, flipVert=False, image=str(...), interpolate=True, mask=None, maskParams=None, name='chatting', opacity=1.0, ori=0.0, pos=array([-0.13, -0.2 ]), size=array([0.04, 0.04]), texRes=128.0, units='height', win=Window(...))
12.1021 	EXP 	window1: mouseVisible = True
12.1488 	EXP 	Created chat = TextStim(__class__=<class 'psychopy.visual.text.TextStim'>, alignHoriz=method-wrapper(...), alignText='center', alignVert=method-wrapper(...), anchorHoriz='center', anchorVert='center', antialias=True, autoDraw=False, autoLog=True, bold=False, color=array([-1., -1., -1.]), colorSpace='rgb', contrast=1.0, depth=-10.0, draggable=False, flipHoriz=False, flipVert=False, font='Open Sans', fontFiles=[], height=0.01, italic=False, languageStyle='LTR', name='chat', opacity=1.0, ori=0.0, pos=array([-0.13, -0.23]), rgb=UNKNOWN, text='chatting', units='height', win=Window(...), wrapWidth=1)
12.1489 	EXP 	window1: mouseVisible = True
12.1616 	EXP 	Created sports = ImageStim(__class__=<class 'psychopy.visual.image.ImageStim'>, anchor=('center', 'center'), autoLog=True, color=array([1., 1., 1.]), colorSpace='rgb', contrast=1.0, depth=-11.0, draggable=False, flipHoriz=False, flipVert=False, image=str(...), interpolate=True, mask=None, maskParams=None, name='sports', opacity=1.0, ori=0.0, pos=array([ 0. , -0.2]), size=array([0.04, 0.04]), texRes=128.0, units='height', win=Window(...))
12.1618 	EXP 	window1: mouseVisible = True
12.1657 	EXP 	Created sport = TextStim(__class__=<class 'psychopy.visual.text.TextStim'>, alignHoriz=method-wrapper(...), alignText='center', alignVert=method-wrapper(...), anchorHoriz='center', anchorVert='center', antialias=True, autoDraw=False, autoLog=True, bold=False, color=array([-1., -1., -1.]), colorSpace='rgb', contrast=1.0, depth=-12.0, draggable=False, flipHoriz=False, flipVert=False, font='Open Sans', fontFiles=[], height=0.01, italic=False, languageStyle='LTR', name='sport', opacity=1.0, ori=0.0, pos=array([ 0.  , -0.23]), rgb=UNKNOWN, text='sports', units='height', win=Window(...), wrapWidth=1)
12.1658 	EXP 	window1: mouseVisible = True
12.1862 	EXP 	Created beach = ImageStim(__class__=<class 'psychopy.visual.image.ImageStim'>, anchor=('center', 'center'), autoLog=True, color=array([1., 1., 1.]), colorSpace='rgb', contrast=1.0, depth=-13.0, draggable=False, flipHoriz=False, flipVert=False, image=str(...), interpolate=True, mask=None, maskParams=None, name='beach', opacity=1.0, ori=0.0, pos=array([ 0.13, -0.2 ]), size=array([0.04, 0.04]), texRes=128.0, units='height', win=Window(...))
12.1863 	EXP 	window1: mouseVisible = True
12.1898 	EXP 	Created beach_txt = TextStim(__class__=<class 'psychopy.visual.text.TextStim'>, alignHoriz=method-wrapper(...), alignText='center', alignVert=method-wrapper(...), anchorHoriz='center', anchorVert='center', antialias=True, autoDraw=False, autoLog=True, bold=False, color=array([-1., -1., -1.]), colorSpace='rgb', contrast=1.0, depth=-14.0, draggable=False, flipHoriz=False, flipVert=False, font='Open Sans', fontFiles=[], height=0.01, italic=False, languageStyle='LTR', name='beach_txt', opacity=1.0, ori=0.0, pos=array([ 0.13, -0.23]), rgb=UNKNOWN, text='beach', units='height', win=Window(...), wrapWidth=1)
12.1899 	EXP 	window1: mouseVisible = True
12.2232 	EXP 	Created participantpic = ImageStim(__class__=<class 'psychopy.visual.image.ImageStim'>, anchor=('center', 'center'), autoLog=True, color=array([1., 1., 1.]), colorSpace='rgb', contrast=1.0, depth=-15.0, draggable=False, flipHoriz=False, flipVert=False, image=str(...), interpolate=True, mask=None, maskParams=None, name='participantpic', opacity=1.0, ori=0.0, pos=array([ 0.   , -0.073]), size=array([0.15, 0.2 ]), texRes=128.0, units='height', win=Window(...))
12.2233 	EXP 	window1: mouseVisible = True
12.2320 	EXP 	Created yess = ImageStim(__class__=<class 'psychopy.visual.image.ImageStim'>, anchor=('center', 'center'), autoLog=True, color=array([1., 1., 1.]), colorSpace='rgb', contrast=1.0, depth=-16.0, draggable=False, flipHoriz=False, flipVert=False, image=str(...), interpolate=True, mask=None, maskParams=None, name='yess', opacity=1.0, ori=0.0, pos=array([ 0.   , -0.073]), size=array([0.2, 0.3]), texRes=128.0, units='height', win=Window(...))
12.2321 	EXP 	window1: mouseVisible = True
12.2640 	EXP 	Created player = ImageStim(__class__=<class 'psychopy.visual.image.ImageStim'>, anchor=('center', 'center'), autoLog=True, color=array([1., 1., 1.]), colorSpace='rgb', contrast=1.0, depth=0.0, draggable=False, flipHoriz=False, flipVert=False, image=str(...), interpolate=True, mask=None, maskParams=None, name='player', opacity=1.0, ori=0.0, pos=array([0.4 , 0.13]), size=array([0.2 , 0.25]), texRes=128.0, units='height', win=Window(...))
12.2641 	EXP 	window1: mouseVisible = True
12.2824 	EXP 	Created fashion_2 = ImageStim(__class__=<class 'psychopy.visual.image.ImageStim'>, anchor=('center', 'center'), autoLog=True, color=array([1., 1., 1.]), colorSpace='rgb', contrast=1.0, depth=-1.0, draggable=False, flipHoriz=False, flipVert=False, image=str(...), interpolate=True, mask=None, maskParams=None, name='fashion_2', opacity=1.0, ori=0.0, pos=array([ 0.3 , -0.03]), size=array([0.04, 0.04]), texRes=128.0, units='height', win=Window(...))
12.2825 	EXP 	window1: mouseVisible = True
12.2847 	EXP 	Created text_10 = TextStim(__class__=<class 'psychopy.visual.text.TextStim'>, alignHoriz=method-wrapper(...), alignText='center', alignVert=method-wrapper(...), anchorHoriz='center', anchorVert='center', antialias=True, autoDraw=False, autoLog=True, bold=False, color=array([-1., -1., -1.]), colorSpace='rgb', contrast=1.0, depth=-2.0, draggable=False, flipHoriz=False, flipVert=False, font='Open Sans', fontFiles=[], height=0.01, italic=False, languageStyle='LTR', name='text_10', opacity=1.0, ori=0.0, pos=array([ 0.3 , -0.07]), rgb=UNKNOWN, text='fashion', units='height', win=Window(...), wrapWidth=1)
12.2848 	EXP 	window1: mouseVisible = True
12.3031 	EXP 	Created movie_3 = ImageStim(__class__=<class 'psychopy.visual.image.ImageStim'>, anchor=('center', 'center'), autoLog=True, color=array([1., 1., 1.]), colorSpace='rgb', contrast=1.0, depth=-3.0, draggable=False, flipHoriz=False, flipVert=False, image=str(...), interpolate=True, mask=None, maskParams=None, name='movie_3', opacity=1.0, ori=0.0, pos=array([ 0.4 , -0.03]), size=array([0.04, 0.04]), texRes=128.0, units='height', win=Window(...))
12.3032 	EXP 	window1: mouseVisible = True
12.3051 	EXP 	Created text_11 = TextStim(__class__=<class 'psychopy.visual.text.TextStim'>, alignHoriz=method-wrapper(...), alignText='center', alignVert=method-wrapper(...), anchorHoriz='center', anchorVert='center', antialias=True, autoDraw=False, autoLog=True, bold=False, color=array([-1., -1., -1.]), colorSpace='rgb', contrast=1.0, depth=-4.0, draggable=False, flipHoriz=False, flipVert=False, font='Open Sans', fontFiles=[], height=0.01, italic=False, languageStyle='LTR', name='text_11', opacity=1.0, ori=0.0, pos=array([ 0.4 , -0.07]), rgb=UNKNOWN, text='movies', units='height', win=Window(...), wrapWidth=1)
12.3052 	EXP 	window1: mouseVisible = True
12.3233 	EXP 	Created writing_2 = ImageStim(__class__=<class 'psychopy.visual.image.ImageStim'>, anchor=('center', 'center'), autoLog=True, color=array([1., 1., 1.]), colorSpace='rgb', contrast=1.0, depth=-5.0, draggable=False, flipHoriz=False, flipVert=False, image=str(...), interpolate=True, mask=None, maskParams=None, name='writing_2', opacity=1.0, ori=0.0, pos=array([ 0.5 , -0.03]), size=array([0.04, 0.04]), texRes=128.0, units='height', win=Window(...))
12.3234 	EXP 	window1: mouseVisible = True
12.3254 	EXP 	Created text_12 = TextStim(__class__=<class 'psychopy.visual.text.TextStim'>, alignHoriz=method-wrapper(...), alignText='center', alignVert=method-wrapper(...), anchorHoriz='center', anchorVert='center', antialias=True, autoDraw=False, autoLog=True, bold=False, color=array([-1., -1., -1.]), colorSpace='rgb', contrast=1.0, depth=-6.0, draggable=False, flipHoriz=False, flipVert=False, font='Open Sans', fontFiles=[], height=0.01, italic=False, languageStyle='LTR', name='text_12', opacity=1.0, ori=0.0, pos=array([ 0.5 , -0.07]), rgb=UNKNOWN, text='writing', units='height', win=Window(...), wrapWidth=1)
12.3255 	EXP 	window1: mouseVisible = True
12.3363 	EXP 	Created yes1_2 = ImageStim(__class__=<class 'psychopy.visual.image.ImageStim'>, anchor=('center', 'center'), autoLog=True, color=array([1., 1., 1.]), colorSpace='rgb', contrast=1.0, depth=-7.0, draggable=False, flipHoriz=False, flipVert=False, image=str(...), interpolate=True, mask=None, maskParams=None, name='yes1_2', opacity=1.0, ori=0.0, pos=array([0.4 , 0.13]), size=array([0.3, 0.3]), texRes=128.0, units='height', win=Window(...))
12.3364 	EXP 	window1: mouseVisible = True
12.3385 	EXP 	Created text_14 = TextStim(__class__=<class 'psychopy.visual.text.TextStim'>, alignHoriz=method-wrapper(...), alignText='center', alignVert=method-wrapper(...), anchorHoriz='center', anchorVert='center', antialias=True, autoDraw=False, autoLog=True, bold=False, color=array([-1., -1., -1.]), colorSpace='rgb', contrast=1.0, depth=-8.0, draggable=False, flipHoriz=False, flipVert=False, font='Consolas', fontFiles=[], height=0.03, italic=False, languageStyle='LTR', name='text_14', opacity=1.0, ori=0.0, pos=array([0.4, 0.3]), rgb=UNKNOWN, text='Player-2\n', units='height', win=Window(...), wrapWidth=1)
12.3385 	EXP 	window1: mouseVisible = True
12.3808 	EXP 	Created Player2_4 = ImageStim(__class__=<class 'psychopy.visual.image.ImageStim'>, anchor=('center', 'center'), autoLog=True, color=array([1., 1., 1.]), colorSpace='rgb', contrast=1.0, depth=0.0, draggable=False, flipHoriz=False, flipVert=False, image=str(...), interpolate=True, mask=None, maskParams=None, name='Player2_4', opacity=1.0, ori=0.0, pos=array([0. , 0.3]), size=array([0.2 , 0.25]), texRes=128.0, units='height', win=Window(...))
12.3809 	EXP 	window1: mouseVisible = True
12.3999 	EXP 	Created fashion_3 = ImageStim(__class__=<class 'psychopy.visual.image.ImageStim'>, anchor=('center', 'center'), autoLog=True, color=array([1., 1., 1.]), colorSpace='rgb', contrast=1.0, depth=-1.0, draggable=False, flipHoriz=False, flipVert=False, image=str(...), interpolate=True, mask=None, maskParams=None, name='fashion_3', opacity=1.0, ori=0.0, pos=array([-0.13,  0.14]), size=array([0.04, 0.04]), texRes=128.0, units='height', win=Window(...))
12.4000 	EXP 	window1: mouseVisible = True
12.4021 	EXP 	Created var_2 = TextStim(__class__=<class 'psychopy.visual.text.TextStim'>, alignHoriz=method-wrapper(...), alignText='center', alignVert=method-wrapper(...), anchorHoriz='center', anchorVert='center', antialias=True, autoDraw=False, autoLog=True, bold=False, color=array([-1., -1., -1.]), colorSpace='rgb', contrast=1.0, depth=-2.0, draggable=False, flipHoriz=False, flipVert=False, font='Open Sans', fontFiles=[], height=0.01, italic=False, languageStyle='LTR', name='var_2', opacity=1.0, ori=0.0, pos=array([-0.13 ,  0.095]), rgb=UNKNOWN, text='fashion\n\n\n', units='height', win=Window(...), wrapWidth=1)
12.4021 	EXP 	window1: mouseVisible = True
12.4226 	EXP 	Created movie_5 = ImageStim(__class__=<class 'psychopy.visual.image.ImageStim'>, anchor=('center', 'center'), autoLog=True, color=array([1., 1., 1.]), colorSpace='rgb', contrast=1.0, depth=-3.0, draggable=False, flipHoriz=False, flipVert=False, image=str(...), interpolate=True, mask=None, maskParams=None, name='movie_5', opacity=1.0, ori=0.0, pos=array([0.  , 0.14]), size=array([0.04, 0.04]), texRes=128.0, units='height', win=Window(...))
12.4227 	EXP 	window1: mouseVisible = True
12.4248 	EXP 	Created var_7 = TextStim(__class__=<class 'psychopy.visual.text.TextStim'>, alignHoriz=method-wrapper(...), alignText='center', alignVert=method-wrapper(...), anchorHoriz='center', anchorVert='center', antialias=True, autoDraw=False, autoLog=True, bold=False, color=array([-1., -1., -1.]), colorSpace='rgb', contrast=1.0, depth=-4.0, draggable=False, flipHoriz=False, flipVert=False, font='Open Sans', fontFiles=[], height=0.01, italic=False, languageStyle='LTR', name='var_7', opacity=1.0, ori=0.0, pos=array([0.13, 0.11]), rgb=UNKNOWN, text='dancing', units='height', win=Window(...), wrapWidth=1)
12.4248 	EXP 	window1: mouseVisible = True
12.4475 	EXP 	Created writ = ImageStim(__class__=<class 'psychopy.visual.image.ImageStim'>, anchor=('center', 'center'), autoLog=True, color=array([1., 1., 1.]), colorSpace='rgb', contrast=1.0, depth=-5.0, draggable=False, flipHoriz=False, flipVert=False, image=str(...), interpolate=True, mask=None, maskParams=None, name='writ', opacity=1.0, ori=0.0, pos=array([0.13, 0.14]), size=array([0.04, 0.04]), texRes=128.0, units='height', win=Window(...))
12.4476 	EXP 	window1: mouseVisible = True
12.4495 	EXP 	Created text_31 = TextStim(__class__=<class 'psychopy.visual.text.TextStim'>, alignHoriz=method-wrapper(...), alignText='center', alignVert=method-wrapper(...), anchorHoriz='center', anchorVert='center', antialias=True, autoDraw=False, autoLog=True, bold=False, color=array([-1., -1., -1.]), colorSpace='rgb', contrast=1.0, depth=-6.0, draggable=False, flipHoriz=False, flipVert=False, font='Open Sans', fontFiles=[], height=0.01, italic=False, languageStyle='LTR', name='text_31', opacity=1.0, ori=0.0, pos=array([0.  , 0.11]), rgb=UNKNOWN, text='writing', units='height', win=Window(...), wrapWidth=1)
12.4496 	EXP 	window1: mouseVisible = True
12.4515 	EXP 	Created p1_4 = TextStim(__class__=<class 'psychopy.visual.text.TextStim'>, alignHoriz=method-wrapper(...), alignText='center', alignVert=method-wrapper(...), anchorHoriz='center', anchorVert='center', antialias=True, autoDraw=False, autoLog=True, bold=False, color=array([-1., -1., -1.]), colorSpace='rgb', contrast=1.0, depth=-7.0, draggable=False, flipHoriz=False, flipVert=False, font='Consolas', fontFiles=[], height=0.03, italic=False, languageStyle='LTR', name='p1_4', opacity=1.0, ori=0.0, pos=array([0.  , 0.45]), rgb=UNKNOWN, text='Player-1\n', units='height', win=Window(...), wrapWidth=1)
12.4516 	EXP 	window1: mouseVisible = True
12.4532 	EXP 	Created you_2 = TextStim(__class__=<class 'psychopy.visual.text.TextStim'>, alignHoriz=method-wrapper(...), alignText='center', alignVert=method-wrapper(...), anchorHoriz='center', anchorVert='center', antialias=True, autoDraw=False, autoLog=True, bold=False, color=array([-1., -1., -1.]), colorSpace='rgb', contrast=1.0, depth=-8.0, draggable=False, flipHoriz=False, flipVert=False, font='Consolas', fontFiles=[], height=0.03, italic=False, languageStyle='LTR', name='you_2', opacity=1.0, ori=0.0, pos=array([0.  , 0.07]), rgb=UNKNOWN, text='You', units='height', win=Window(...), wrapWidth=1)
12.4533 	EXP 	window1: mouseVisible = True
12.4743 	EXP 	Created chatting_2 = ImageStim(__class__=<class 'psychopy.visual.image.ImageStim'>, anchor=('center', 'center'), autoLog=True, color=array([1., 1., 1.]), colorSpace='rgb', contrast=1.0, depth=-9.0, draggable=False, flipHoriz=False, flipVert=False, image=str(...), interpolate=True, mask=None, maskParams=None, name='chatting_2', opacity=1.0, ori=0.0, pos=array([-0.13, -0.2 ]), size=array([0.04, 0.04]), texRes=128.0, units='height', win=Window(...))
12.4744 	EXP 	window1: mouseVisible = True
12.4764 	EXP 	Created chat_2 = TextStim(__class__=<class 'psychopy.visual.text.TextStim'>, alignHoriz=method-wrapper(...), alignText='center', alignVert=method-wrapper(...), anchorHoriz='center', anchorVert='center', antialias=True, autoDraw=False, autoLog=True, bold=False, color=array([-1., -1., -1.]), colorSpace='rgb', contrast=1.0, depth=-10.0, draggable=False, flipHoriz=False, flipVert=False, font='Open Sans', fontFiles=[], height=0.01, italic=False, languageStyle='LTR', name='chat_2', opacity=1.0, ori=0.0, pos=array([-0.13, -0.23]), rgb=UNKNOWN, text='chatting', units='height', win=Window(...), wrapWidth=1)
12.4765 	EXP 	window1: mouseVisible = True
12.4867 	EXP 	Created sports_2 = ImageStim(__class__=<class 'psychopy.visual.image.ImageStim'>, anchor=('center', 'center'), autoLog=True, color=array([1., 1., 1.]), colorSpace='rgb', contrast=1.0, depth=-11.0, draggable=False, flipHoriz=False, flipVert=False, image=str(...), interpolate=True, mask=None, maskParams=None, name='sports_2', opacity=1.0, ori=0.0, pos=array([ 0. , -0.2]), size=array([0.04, 0.04]), texRes=128.0, units='height', win=Window(...))
12.4868 	EXP 	window1: mouseVisible = True
12.4887 	EXP 	Created sport_2 = TextStim(__class__=<class 'psychopy.visual.text.TextStim'>, alignHoriz=method-wrapper(...), alignText='center', alignVert=method-wrapper(...), anchorHoriz='center', anchorVert='center', antialias=True, autoDraw=False, autoLog=True, bold=False, color=array([-1., -1., -1.]), colorSpace='rgb', contrast=1.0, depth=-12.0, draggable=False, flipHoriz=False, flipVert=False, font='Open Sans', fontFiles=[], height=0.01, italic=False, languageStyle='LTR', name='sport_2', opacity=1.0, ori=0.0, pos=array([ 0.  , -0.23]), rgb=UNKNOWN, text='sports', units='height', win=Window(...), wrapWidth=1)
12.4888 	EXP 	window1: mouseVisible = True
12.5179 	EXP 	Created beach_2 = ImageStim(__class__=<class 'psychopy.visual.image.ImageStim'>, anchor=('center', 'center'), autoLog=True, color=array([1., 1., 1.]), colorSpace='rgb', contrast=1.0, depth=-13.0, draggable=False, flipHoriz=False, flipVert=False, image=str(...), interpolate=True, mask=None, maskParams=None, name='beach_2', opacity=1.0, ori=0.0, pos=array([ 0.13, -0.2 ]), size=array([0.04, 0.04]), texRes=128.0, units='height', win=Window(...))
12.5180 	EXP 	window1: mouseVisible = True
12.5626 	EXP 	Created participantpic_5 = ImageStim(__class__=<class 'psychopy.visual.image.ImageStim'>, anchor=('center', 'center'), autoLog=True, color=array([1., 1., 1.]), colorSpace='rgb', contrast=1.0, depth=-14.0, draggable=False, flipHoriz=False, flipVert=False, image=str(...), interpolate=True, mask=None, maskParams=None, name='participantpic_5', opacity=1.0, ori=0.0, pos=array([ 0.   , -0.073]), size=array([0.15, 0.2 ]), texRes=128.0, units='height', win=Window(...))
12.5627 	EXP 	window1: mouseVisible = True
12.5650 	EXP 	Created beach_txt_2 = TextStim(__class__=<class 'psychopy.visual.text.TextStim'>, alignHoriz=method-wrapper(...), alignText='center', alignVert=method-wrapper(...), anchorHoriz='center', anchorVert='center', antialias=True, autoDraw=False, autoLog=True, bold=False, color=array([-1., -1., -1.]), colorSpace='rgb', contrast=1.0, depth=-15.0, draggable=False, flipHoriz=False, flipVert=False, font='Open Sans', fontFiles=[], height=0.01, italic=False, languageStyle='LTR', name='beach_txt_2', opacity=1.0, ori=0.0, pos=array([ 0.13, -0.23]), rgb=UNKNOWN, text='beach', units='height', win=Window(...), wrapWidth=1)
12.5651 	EXP 	window1: mouseVisible = True
12.5798 	EXP 	Created yes = ImageStim(__class__=<class 'psychopy.visual.image.ImageStim'>, anchor=('center', 'center'), autoLog=True, color=array([1., 1., 1.]), colorSpace='rgb', contrast=1.0, depth=-16.0, draggable=False, flipHoriz=False, flipVert=False, image=str(...), interpolate=True, mask=None, maskParams=None, name='yes', opacity=1.0, ori=0.0, pos=array([ 0.   , -0.073]), size=array([0.2, 0.3]), texRes=128.0, units='height', win=Window(...))
12.5799 	EXP 	window1: mouseVisible = True
12.5810 	EXP 	Created polygon = Rect(__class__=<class 'psychopy.visual.rect.Rect'>, anchor=('center', 'center'), autoDraw=False, autoLog=True, closeShape=True, color=method-wrapper(...), colorSpace='rgb', contrast=None, depth=0.0, draggable=False, fillColor=array([-1., -1., -1.]), fillColorSpace='rgb', fillRGB=array([-1., -1., -1.]), interpolate=True, lineColor=array([-1., -1., -1.]), lineColorSpace='rgb', lineRGB=array([-1., -1., -1.]), lineWidth=1.0, name='polygon', opacity=1.0, ori=0.0, pos=array([0., 0.]), size=array([4., 4.]), units='height', vertices=ndarray(...), win=Window(...))
12.5811 	EXP 	window1: mouseVisible = True
12.5942 	EXP 	Created text_16 = TextStim(__class__=<class 'psychopy.visual.text.TextStim'>, alignHoriz=method-wrapper(...), alignText='center', alignVert=method-wrapper(...), anchorHoriz='center', anchorVert='center', antialias=True, autoDraw=False, autoLog=True, bold=False, color=array([1., 1., 1.]), colorSpace='rgb', contrast=1.0, depth=-1.0, draggable=False, flipHoriz=False, flipVert=False, font='Open Sans', fontFiles=[], height=0.06, italic=False, languageStyle='LTR', name='text_16', opacity=1.0, ori=0.0, pos=array([0., 0.]), rgb=UNKNOWN, text='+', units='height', win=Window(...), wrapWidth=1)
12.5944 	EXP 	window1: mouseVisible = True
12.6251 	EXP 	Created Who_2 = TextStim(__class__=<class 'psychopy.visual.text.TextStim'>, alignHoriz=method-wrapper(...), alignText='center', alignVert=method-wrapper(...), anchorHoriz='center', anchorVert='center', antialias=True, autoDraw=False, autoLog=True, bold=False, color=array([-1., -1., -1.]), colorSpace='rgb', contrast=1.0, depth=0.0, draggable=False, flipHoriz=False, flipVert=False, font='Courier New', fontFiles=[], height=0.04, italic=False, languageStyle='LTR', name='Who_2', opacity=1.0, ori=0.0, pos=array([0.  , 0.38]), rgb=UNKNOWN, text='Who do you want to be friends with? \n\n', units='height', win=Window(...), wrapWidth=1)
12.6252 	EXP 	window1: mouseVisible = True
12.6299 	EXP 	Created text_15 = TextStim(__class__=<class 'psychopy.visual.text.TextStim'>, alignHoriz=method-wrapper(...), alignText='center', alignVert=method-wrapper(...), anchorHoriz='center', anchorVert='center', antialias=True, autoDraw=False, autoLog=True, bold=False, color=array([-1., -1., -1.]), colorSpace='rgb', contrast=1.0, depth=-1.0, draggable=False, flipHoriz=False, flipVert=False, font='Consolas', fontFiles=[], height=0.03, italic=False, languageStyle='LTR', name='text_15', opacity=1.0, ori=0.0, pos=array([-0.4,  0.3]), rgb=UNKNOWN, text='Player-1\n', units='height', win=Window(...), wrapWidth=1)
12.6300 	EXP 	window1: mouseVisible = True
12.6327 	EXP 	Created text_17 = TextStim(__class__=<class 'psychopy.visual.text.TextStim'>, alignHoriz=method-wrapper(...), alignText='center', alignVert=method-wrapper(...), anchorHoriz='center', anchorVert='center', antialias=True, autoDraw=False, autoLog=True, bold=False, color=array([-1., -1., -1.]), colorSpace='rgb', contrast=1.0, depth=-2.0, draggable=False, flipHoriz=False, flipVert=False, font='Consolas', fontFiles=[], height=0.03, italic=False, languageStyle='LTR', name='text_17', opacity=1.0, ori=0.0, pos=array([0.4, 0.3]), rgb=UNKNOWN, text='Player-2\n', units='height', win=Window(...), wrapWidth=1)
12.6328 	EXP 	window1: mouseVisible = True
12.6672 	EXP 	Created Player1demo_2 = ImageStim(__class__=<class 'psychopy.visual.image.ImageStim'>, anchor=('center', 'center'), autoLog=True, color=array([1., 1., 1.]), colorSpace='rgb', contrast=1.0, depth=-3.0, draggable=False, flipHoriz=False, flipVert=False, image=str(...), interpolate=True, mask=None, maskParams=None, name='Player1demo_2', opacity=1.0, ori=0.0, pos=array([-0.4 ,  0.13]), size=array([0.2 , 0.25]), texRes=128.0, units='height', win=Window(...))
12.6673 	EXP 	window1: mouseVisible = True
12.6963 	EXP 	Created Player2demo_2 = ImageStim(__class__=<class 'psychopy.visual.image.ImageStim'>, anchor=('center', 'center'), autoLog=True, color=array([1., 1., 1.]), colorSpace='rgb', contrast=1.0, depth=-4.0, draggable=False, flipHoriz=False, flipVert=False, image=str(...), interpolate=True, mask=None, maskParams=None, name='Player2demo_2', opacity=1.0, ori=0.0, pos=array([0.4 , 0.13]), size=array([0.2 , 0.25]), texRes=128.0, units='height', win=Window(...))
12.6964 	EXP 	window1: mouseVisible = True
12.7145 	EXP 	Created writingpic = ImageStim(__class__=<class 'psychopy.visual.image.ImageStim'>, anchor=('center', 'center'), autoLog=True, color=array([1., 1., 1.]), colorSpace='rgb', contrast=1.0, depth=-5.0, draggable=False, flipHoriz=False, flipVert=False, image=str(...), interpolate=True, mask=None, maskParams=None, name='writingpic', opacity=1.0, ori=0.0, pos=array([-0.5 , -0.03]), size=array([0.04, 0.04]), texRes=128.0, units='height', win=Window(...))
12.7146 	EXP 	window1: mouseVisible = True
12.7255 	EXP 	Created text_18 = TextStim(__class__=<class 'psychopy.visual.text.TextStim'>, alignHoriz=method-wrapper(...), alignText='center', alignVert=method-wrapper(...), anchorHoriz='center', anchorVert='center', antialias=True, autoDraw=False, autoLog=True, bold=False, color=array([-1., -1., -1.]), colorSpace='rgb', contrast=1.0, depth=-6.0, draggable=False, flipHoriz=False, flipVert=False, font='Open Sans', fontFiles=[], height=0.01, italic=False, languageStyle='LTR', name='text_18', opacity=1.0, ori=0.0, pos=array([-0.5 , -0.08]), rgb=UNKNOWN, text='writing\n\n', units='height', win=Window(...), wrapWidth=1)
12.7258 	EXP 	window1: mouseVisible = True
12.7455 	EXP 	Created instruments = ImageStim(__class__=<class 'psychopy.visual.image.ImageStim'>, anchor=('center', 'center'), autoLog=True, color=array([1., 1., 1.]), colorSpace='rgb', contrast=1.0, depth=-7.0, draggable=False, flipHoriz=False, flipVert=False, image=str(...), interpolate=True, mask=None, maskParams=None, name='instruments', opacity=1.0, ori=0.0, pos=array([-0.4 , -0.03]), size=array([0.04, 0.04]), texRes=128.0, units='height', win=Window(...))
12.7456 	EXP 	window1: mouseVisible = True
12.7514 	EXP 	Created text_20 = TextStim(__class__=<class 'psychopy.visual.text.TextStim'>, alignHoriz=method-wrapper(...), alignText='center', alignVert=method-wrapper(...), anchorHoriz='center', anchorVert='center', antialias=True, autoDraw=False, autoLog=True, bold=False, color=array([-1., -1., -1.]), colorSpace='rgb', contrast=1.0, depth=-8.0, draggable=False, flipHoriz=False, flipVert=False, font='Open Sans', fontFiles=[], height=0.01, italic=False, languageStyle='LTR', name='text_20', opacity=1.0, ori=0.0, pos=array([-0.4 , -0.07]), rgb=UNKNOWN, text='instruments', units='height', win=Window(...), wrapWidth=1)
12.7515 	EXP 	window1: mouseVisible = True
12.7685 	EXP 	Created knitting = ImageStim(__class__=<class 'psychopy.visual.image.ImageStim'>, anchor=('center', 'center'), autoLog=True, color=array([1., 1., 1.]), colorSpace='rgb', contrast=1.0, depth=-9.0, draggable=False, flipHoriz=False, flipVert=False, image=str(...), interpolate=True, mask=None, maskParams=None, name='knitting', opacity=1.0, ori=0.0, pos=array([-0.3 , -0.03]), size=array([0.04, 0.04]), texRes=128.0, units='height', win=Window(...))
12.7686 	EXP 	window1: mouseVisible = True
12.7723 	EXP 	Created text_19 = TextStim(__class__=<class 'psychopy.visual.text.TextStim'>, alignHoriz=method-wrapper(...), alignText='center', alignVert=method-wrapper(...), anchorHoriz='center', anchorVert='center', antialias=True, autoDraw=False, autoLog=True, bold=False, color=array([-1., -1., -1.]), colorSpace='rgb', contrast=1.0, depth=-10.0, draggable=False, flipHoriz=False, flipVert=False, font='Open Sans', fontFiles=[], height=0.01, italic=False, languageStyle='LTR', name='text_19', opacity=1.0, ori=0.0, pos=array([-0.3 , -0.07]), rgb=UNKNOWN, text='knitting', units='height', win=Window(...), wrapWidth=1)
12.7724 	EXP 	window1: mouseVisible = True
12.7910 	EXP 	Created beachpic = ImageStim(__class__=<class 'psychopy.visual.image.ImageStim'>, anchor=('center', 'center'), autoLog=True, color=array([1., 1., 1.]), colorSpace='rgb', contrast=1.0, depth=-11.0, draggable=False, flipHoriz=False, flipVert=False, image=str(...), interpolate=True, mask=None, maskParams=None, name='beachpic', opacity=1.0, ori=0.0, pos=array([ 0.3 , -0.03]), size=array([0.04, 0.04]), texRes=128.0, units='height', win=Window(...))
12.7911 	EXP 	window1: mouseVisible = True
12.8084 	EXP 	Created writingpic2 = ImageStim(__class__=<class 'psychopy.visual.image.ImageStim'>, anchor=('center', 'center'), autoLog=True, color=array([1., 1., 1.]), colorSpace='rgb', contrast=1.0, depth=-12.0, draggable=False, flipHoriz=False, flipVert=False, image=str(...), interpolate=True, mask=None, maskParams=None, name='writingpic2', opacity=1.0, ori=0.0, pos=array([ 0.4 , -0.03]), size=array([0.04, 0.04]), texRes=128.0, units='height', win=Window(...))
12.8086 	EXP 	window1: mouseVisible = True
12.8124 	EXP 	Created text_22 = TextStim(__class__=<class 'psychopy.visual.text.TextStim'>, alignHoriz=method-wrapper(...), alignText='center', alignVert=method-wrapper(...), anchorHoriz='center', anchorVert='center', antialias=True, autoDraw=False, autoLog=True, bold=False, color=array([-1., -1., -1.]), colorSpace='rgb', contrast=1.0, depth=-13.0, draggable=False, flipHoriz=False, flipVert=False, font='Open Sans', fontFiles=[], height=0.01, italic=False, languageStyle='LTR', name='text_22', opacity=1.0, ori=0.0, pos=array([ 0.4 , -0.08]), rgb=UNKNOWN, text='writing\n', units='height', win=Window(...), wrapWidth=1)
12.8125 	EXP 	window1: mouseVisible = True
12.8310 	EXP 	Created cycling = ImageStim(__class__=<class 'psychopy.visual.image.ImageStim'>, anchor=('center', 'center'), autoLog=True, color=array([1., 1., 1.]), colorSpace='rgb', contrast=1.0, depth=-14.0, draggable=False, flipHoriz=False, flipVert=False, image=str(...), interpolate=True, mask=None, maskParams=None, name='cycling', opacity=1.0, ori=0.0, pos=array([ 0.5 , -0.03]), size=array([0.04, 0.04]), texRes=128.0, units='height', win=Window(...))
12.8311 	EXP 	window1: mouseVisible = True
12.8351 	EXP 	Created text_23 = TextStim(__class__=<class 'psychopy.visual.text.TextStim'>, alignHoriz=method-wrapper(...), alignText='center', alignVert=method-wrapper(...), anchorHoriz='center', anchorVert='center', antialias=True, autoDraw=False, autoLog=True, bold=False, color=array([-1., -1., -1.]), colorSpace='rgb', contrast=1.0, depth=-15.0, draggable=False, flipHoriz=False, flipVert=False, font='Open Sans', fontFiles=[], height=0.01, italic=False, languageStyle='LTR', name='text_23', opacity=1.0, ori=0.0, pos=array([ 0.5 , -0.07]), rgb=UNKNOWN, text='cycling', units='height', win=Window(...), wrapWidth=1)
12.8352 	EXP 	window1: mouseVisible = True
12.8381 	EXP 	Created text_24 = TextStim(__class__=<class 'psychopy.visual.text.TextStim'>, alignHoriz=method-wrapper(...), alignText='center', alignVert=method-wrapper(...), anchorHoriz='center', anchorVert='center', antialias=True, autoDraw=False, autoLog=True, bold=False, color=array([-1., -1., -1.]), colorSpace='rgb', contrast=1.0, depth=-17.0, draggable=False, flipHoriz=False, flipVert=False, font='Open Sans', fontFiles=[], height=0.01, italic=False, languageStyle='LTR', name='text_24', opacity=1.0, ori=0.0, pos=array([ 0.3 , -0.07]), rgb=UNKNOWN, text='beach', units='height', win=Window(...), wrapWidth=1)
12.8382 	EXP 	window1: mouseVisible = True
12.8405 	EXP 	Created p1_3 = TextStim(__class__=<class 'psychopy.visual.text.TextStim'>, alignHoriz=method-wrapper(...), alignText='center', alignVert=method-wrapper(...), anchorHoriz='center', anchorVert='center', antialias=True, autoDraw=False, autoLog=True, bold=False, color=array([-1., -1., -1.]), colorSpace='rgb', contrast=1.0, depth=0.0, draggable=False, flipHoriz=False, flipVert=False, font='Consolas', fontFiles=[], height=0.03, italic=False, languageStyle='LTR', name='p1_3', opacity=1.0, ori=0.0, pos=array([-0.4,  0.3]), rgb=UNKNOWN, text='Player-1\n', units='height', win=Window(...), wrapWidth=1)
12.8406 	EXP 	window1: mouseVisible = True
12.8752 	EXP 	Created Player1_3 = ImageStim(__class__=<class 'psychopy.visual.image.ImageStim'>, anchor=('center', 'center'), autoLog=True, color=array([1., 1., 1.]), colorSpace='rgb', contrast=1.0, depth=-1.0, draggable=False, flipHoriz=False, flipVert=False, image=str(...), interpolate=True, mask=None, maskParams=None, name='Player1_3', opacity=1.0, ori=0.0, pos=array([-0.4 ,  0.13]), size=array([0.2 , 0.25]), texRes=128.0, units='height', win=Window(...))
12.8753 	EXP 	window1: mouseVisible = True
12.8932 	EXP 	Created writingpic_2 = ImageStim(__class__=<class 'psychopy.visual.image.ImageStim'>, anchor=('center', 'center'), autoLog=True, color=array([1., 1., 1.]), colorSpace='rgb', contrast=1.0, depth=-2.0, draggable=False, flipHoriz=False, flipVert=False, image=str(...), interpolate=True, mask=None, maskParams=None, name='writingpic_2', opacity=1.0, ori=0.0, pos=array([-0.5 , -0.03]), size=array([0.04, 0.04]), texRes=128.0, units='height', win=Window(...))
12.8934 	EXP 	window1: mouseVisible = True
12.8956 	EXP 	Created text_28 = TextStim(__class__=<class 'psychopy.visual.text.TextStim'>, alignHoriz=method-wrapper(...), alignText='center', alignVert=method-wrapper(...), anchorHoriz='center', anchorVert='center', antialias=True, autoDraw=False, autoLog=True, bold=False, color=array([-1., -1., -1.]), colorSpace='rgb', contrast=1.0, depth=-3.0, draggable=False, flipHoriz=False, flipVert=False, font='Open Sans', fontFiles=[], height=0.01, italic=False, languageStyle='LTR', name='text_28', opacity=1.0, ori=0.0, pos=array([-0.5 , -0.08]), rgb=UNKNOWN, text='writing\n\n', units='height', win=Window(...), wrapWidth=1)
12.8957 	EXP 	window1: mouseVisible = True
12.9141 	EXP 	Created instruments_2 = ImageStim(__class__=<class 'psychopy.visual.image.ImageStim'>, anchor=('center', 'center'), autoLog=True, color=array([1., 1., 1.]), colorSpace='rgb', contrast=1.0, depth=-4.0, draggable=False, flipHoriz=False, flipVert=False, image=str(...), interpolate=True, mask=None, maskParams=None, name='instruments_2', opacity=1.0, ori=0.0, pos=array([-0.4 , -0.03]), size=array([0.04, 0.04]), texRes=128.0, units='height', win=Window(...))
12.9142 	EXP 	window1: mouseVisible = True
12.9162 	EXP 	Created text_29 = TextStim(__class__=<class 'psychopy.visual.text.TextStim'>, alignHoriz=method-wrapper(...), alignText='center', alignVert=method-wrapper(...), anchorHoriz='center', anchorVert='center', antialias=True, autoDraw=False, autoLog=True, bold=False, color=array([-1., -1., -1.]), colorSpace='rgb', contrast=1.0, depth=-5.0, draggable=False, flipHoriz=False, flipVert=False, font='Open Sans', fontFiles=[], height=0.01, italic=False, languageStyle='LTR', name='text_29', opacity=1.0, ori=0.0, pos=array([-0.4 , -0.07]), rgb=UNKNOWN, text='instruments', units='height', win=Window(...), wrapWidth=1)
12.9163 	EXP 	window1: mouseVisible = True
12.9337 	EXP 	Created knitting_2 = ImageStim(__class__=<class 'psychopy.visual.image.ImageStim'>, anchor=('center', 'center'), autoLog=True, color=array([1., 1., 1.]), colorSpace='rgb', contrast=1.0, depth=-6.0, draggable=False, flipHoriz=False, flipVert=False, image=str(...), interpolate=True, mask=None, maskParams=None, name='knitting_2', opacity=1.0, ori=0.0, pos=array([-0.3 , -0.03]), size=array([0.04, 0.04]), texRes=128.0, units='height', win=Window(...))
12.9338 	EXP 	window1: mouseVisible = True
12.9408 	EXP 	Created yes1_4 = ImageStim(__class__=<class 'psychopy.visual.image.ImageStim'>, anchor=('center', 'center'), autoLog=True, color=array([1., 1., 1.]), colorSpace='rgb', contrast=1.0, depth=-7.0, draggable=False, flipHoriz=False, flipVert=False, image=str(...), interpolate=True, mask=None, maskParams=None, name='yes1_4', opacity=1.0, ori=0.0, pos=array([-0.4 ,  0.13]), size=array([0.3, 0.3]), texRes=128.0, units='height', win=Window(...))
12.9409 	EXP 	window1: mouseVisible = True
12.9498 	EXP 	Created text_37 = TextStim(__class__=<class 'psychopy.visual.text.TextStim'>, alignHoriz=method-wrapper(...), alignText='center', alignVert=method-wrapper(...), anchorHoriz='center', anchorVert='center', antialias=True, autoDraw=False, autoLog=True, bold=False, color=array([-1., -1., -1.]), colorSpace='rgb', contrast=1.0, depth=-8.0, draggable=False, flipHoriz=False, flipVert=False, font='Open Sans', fontFiles=[], height=0.01, italic=False, languageStyle='LTR', name='text_37', opacity=1.0, ori=0.0, pos=array([-0.4 , -0.07]), rgb=UNKNOWN, text='movies', units='height', win=Window(...), wrapWidth=1)
12.9506 	EXP 	window1: mouseVisible = True
12.9549 	EXP 	Created text_38 = TextStim(__class__=<class 'psychopy.visual.text.TextStim'>, alignHoriz=method-wrapper(...), alignText='center', alignVert=method-wrapper(...), anchorHoriz='center', anchorVert='center', antialias=True, autoDraw=False, autoLog=True, bold=False, color=array([-1., -1., -1.]), colorSpace='rgb', contrast=1.0, depth=-9.0, draggable=False, flipHoriz=False, flipVert=False, font='Open Sans', fontFiles=[], height=0.01, italic=False, languageStyle='LTR', name='text_38', opacity=1.0, ori=0.0, pos=array([-0.3 , -0.07]), rgb=UNKNOWN, text='knitting', units='height', win=Window(...), wrapWidth=1)
12.9550 	EXP 	window1: mouseVisible = True
12.9973 	EXP 	Created Player1_5 = ImageStim(__class__=<class 'psychopy.visual.image.ImageStim'>, anchor=('center', 'center'), autoLog=True, color=array([1., 1., 1.]), colorSpace='rgb', contrast=1.0, depth=0.0, draggable=False, flipHoriz=False, flipVert=False, image=str(...), interpolate=True, mask=None, maskParams=None, name='Player1_5', opacity=1.0, ori=0.0, pos=array([0. , 0.3]), size=array([0.2 , 0.25]), texRes=128.0, units='height', win=Window(...))
12.9974 	EXP 	window1: mouseVisible = True
13.0148 	EXP 	Created writt = ImageStim(__class__=<class 'psychopy.visual.image.ImageStim'>, anchor=('center', 'center'), autoLog=True, color=array([1., 1., 1.]), colorSpace='rgb', contrast=1.0, depth=-1.0, draggable=False, flipHoriz=False, flipVert=False, image=str(...), interpolate=True, mask=None, maskParams=None, name='writt', opacity=1.0, ori=0.0, pos=array([-0.13,  0.14]), size=array([0.04, 0.04]), texRes=128.0, units='height', win=Window(...))
13.0149 	EXP 	window1: mouseVisible = True
13.0169 	EXP 	Created var_3 = TextStim(__class__=<class 'psychopy.visual.text.TextStim'>, alignHoriz=method-wrapper(...), alignText='center', alignVert=method-wrapper(...), anchorHoriz='center', anchorVert='center', antialias=True, autoDraw=False, autoLog=True, bold=False, color=array([-1., -1., -1.]), colorSpace='rgb', contrast=1.0, depth=-2.0, draggable=False, flipHoriz=False, flipVert=False, font='Open Sans', fontFiles=[], height=0.01, italic=False, languageStyle='LTR', name='var_3', opacity=1.0, ori=0.0, pos=array([-0.13 ,  0.095]), rgb=UNKNOWN, text='writing\n', units='height', win=Window(...), wrapWidth=1)
13.0170 	EXP 	window1: mouseVisible = True
13.0350 	EXP 	Created piano = ImageStim(__class__=<class 'psychopy.visual.image.ImageStim'>, anchor=('center', 'center'), autoLog=True, color=array([1., 1., 1.]), colorSpace='rgb', contrast=1.0, depth=-3.0, draggable=False, flipHoriz=False, flipVert=False, image=str(...), interpolate=True, mask=None, maskParams=None, name='piano', opacity=1.0, ori=0.0, pos=array([0.  , 0.14]), size=array([0.04, 0.04]), texRes=128.0, units='height', win=Window(...))
13.0352 	EXP 	window1: mouseVisible = True
13.0372 	EXP 	Created var_8 = TextStim(__class__=<class 'psychopy.visual.text.TextStim'>, alignHoriz=method-wrapper(...), alignText='center', alignVert=method-wrapper(...), anchorHoriz='center', anchorVert='center', antialias=True, autoDraw=False, autoLog=True, bold=False, color=array([-1., -1., -1.]), colorSpace='rgb', contrast=1.0, depth=-4.0, draggable=False, flipHoriz=False, flipVert=False, font='Open Sans', fontFiles=[], height=0.01, italic=False, languageStyle='LTR', name='var_8', opacity=1.0, ori=0.0, pos=array([0.13, 0.11]), rgb=UNKNOWN, text='instruments\n', units='height', win=Window(...), wrapWidth=1)
13.0372 	EXP 	window1: mouseVisible = True
13.0554 	EXP 	Created knittingg = ImageStim(__class__=<class 'psychopy.visual.image.ImageStim'>, anchor=('center', 'center'), autoLog=True, color=array([1., 1., 1.]), colorSpace='rgb', contrast=1.0, depth=-5.0, draggable=False, flipHoriz=False, flipVert=False, image=str(...), interpolate=True, mask=None, maskParams=None, name='knittingg', opacity=1.0, ori=0.0, pos=array([0.13, 0.14]), size=array([0.04, 0.04]), texRes=128.0, units='height', win=Window(...))
13.0555 	EXP 	window1: mouseVisible = True
13.0575 	EXP 	Created text_32 = TextStim(__class__=<class 'psychopy.visual.text.TextStim'>, alignHoriz=method-wrapper(...), alignText='center', alignVert=method-wrapper(...), anchorHoriz='center', anchorVert='center', antialias=True, autoDraw=False, autoLog=True, bold=False, color=array([-1., -1., -1.]), colorSpace='rgb', contrast=1.0, depth=-6.0, draggable=False, flipHoriz=False, flipVert=False, font='Open Sans', fontFiles=[], height=0.01, italic=False, languageStyle='LTR', name='text_32', opacity=1.0, ori=0.0, pos=array([0.  , 0.11]), rgb=UNKNOWN, text='knitting', units='height', win=Window(...), wrapWidth=1)
13.0575 	EXP 	window1: mouseVisible = True
13.0595 	EXP 	Created p1_5 = TextStim(__class__=<class 'psychopy.visual.text.TextStim'>, alignHoriz=method-wrapper(...), alignText='center', alignVert=method-wrapper(...), anchorHoriz='center', anchorVert='center', antialias=True, autoDraw=False, autoLog=True, bold=False, color=array([-1., -1., -1.]), colorSpace='rgb', contrast=1.0, depth=-7.0, draggable=False, flipHoriz=False, flipVert=False, font='Consolas', fontFiles=[], height=0.03, italic=False, languageStyle='LTR', name='p1_5', opacity=1.0, ori=0.0, pos=array([0.  , 0.45]), rgb=UNKNOWN, text='Player-1\n', units='height', win=Window(...), wrapWidth=1)
13.0596 	EXP 	window1: mouseVisible = True
13.0672 	EXP 	Created you_3 = TextStim(__class__=<class 'psychopy.visual.text.TextStim'>, alignHoriz=method-wrapper(...), alignText='center', alignVert=method-wrapper(...), anchorHoriz='center', anchorVert='center', antialias=True, autoDraw=False, autoLog=True, bold=False, color=array([-1., -1., -1.]), colorSpace='rgb', contrast=1.0, depth=-8.0, draggable=False, flipHoriz=False, flipVert=False, font='Consolas', fontFiles=[], height=0.03, italic=False, languageStyle='LTR', name='you_3', opacity=1.0, ori=0.0, pos=array([0.  , 0.07]), rgb=UNKNOWN, text='You', units='height', win=Window(...), wrapWidth=1)
13.0679 	EXP 	window1: mouseVisible = True
13.0882 	EXP 	Created chatting_3 = ImageStim(__class__=<class 'psychopy.visual.image.ImageStim'>, anchor=('center', 'center'), autoLog=True, color=array([1., 1., 1.]), colorSpace='rgb', contrast=1.0, depth=-9.0, draggable=False, flipHoriz=False, flipVert=False, image=str(...), interpolate=True, mask=None, maskParams=None, name='chatting_3', opacity=1.0, ori=0.0, pos=array([-0.13, -0.2 ]), size=array([0.04, 0.04]), texRes=128.0, units='height', win=Window(...))
13.0883 	EXP 	window1: mouseVisible = True
13.0903 	EXP 	Created chat_3 = TextStim(__class__=<class 'psychopy.visual.text.TextStim'>, alignHoriz=method-wrapper(...), alignText='center', alignVert=method-wrapper(...), anchorHoriz='center', anchorVert='center', antialias=True, autoDraw=False, autoLog=True, bold=False, color=array([-1., -1., -1.]), colorSpace='rgb', contrast=1.0, depth=-10.0, draggable=False, flipHoriz=False, flipVert=False, font='Open Sans', fontFiles=[], height=0.01, italic=False, languageStyle='LTR', name='chat_3', opacity=1.0, ori=0.0, pos=array([-0.13, -0.23]), rgb=UNKNOWN, text='chatting', units='height', win=Window(...), wrapWidth=1)
13.0903 	EXP 	window1: mouseVisible = True
13.1004 	EXP 	Created sports_3 = ImageStim(__class__=<class 'psychopy.visual.image.ImageStim'>, anchor=('center', 'center'), autoLog=True, color=array([1., 1., 1.]), colorSpace='rgb', contrast=1.0, depth=-11.0, draggable=False, flipHoriz=False, flipVert=False, image=str(...), interpolate=True, mask=None, maskParams=None, name='sports_3', opacity=1.0, ori=0.0, pos=array([ 0. , -0.2]), size=array([0.04, 0.04]), texRes=128.0, units='height', win=Window(...))
13.1005 	EXP 	window1: mouseVisible = True
13.1045 	EXP 	Created sport_3 = TextStim(__class__=<class 'psychopy.visual.text.TextStim'>, alignHoriz=method-wrapper(...), alignText='center', alignVert=method-wrapper(...), anchorHoriz='center', anchorVert='center', antialias=True, autoDraw=False, autoLog=True, bold=False, color=array([-1., -1., -1.]), colorSpace='rgb', contrast=1.0, depth=-12.0, draggable=False, flipHoriz=False, flipVert=False, font='Open Sans', fontFiles=[], height=0.01, italic=False, languageStyle='LTR', name='sport_3', opacity=1.0, ori=0.0, pos=array([ 0.  , -0.23]), rgb=UNKNOWN, text='sports', units='height', win=Window(...), wrapWidth=1)
13.1046 	EXP 	window1: mouseVisible = True
13.1225 	EXP 	Created beach_3 = ImageStim(__class__=<class 'psychopy.visual.image.ImageStim'>, anchor=('center', 'center'), autoLog=True, color=array([1., 1., 1.]), colorSpace='rgb', contrast=1.0, depth=-13.0, draggable=False, flipHoriz=False, flipVert=False, image=str(...), interpolate=True, mask=None, maskParams=None, name='beach_3', opacity=1.0, ori=0.0, pos=array([ 0.13, -0.2 ]), size=array([0.04, 0.04]), texRes=128.0, units='height', win=Window(...))
13.1226 	EXP 	window1: mouseVisible = True
13.1244 	EXP 	Created beach_txt_3 = TextStim(__class__=<class 'psychopy.visual.text.TextStim'>, alignHoriz=method-wrapper(...), alignText='center', alignVert=method-wrapper(...), anchorHoriz='center', anchorVert='center', antialias=True, autoDraw=False, autoLog=True, bold=False, color=array([-1., -1., -1.]), colorSpace='rgb', contrast=1.0, depth=-14.0, draggable=False, flipHoriz=False, flipVert=False, font='Open Sans', fontFiles=[], height=0.01, italic=False, languageStyle='LTR', name='beach_txt_3', opacity=1.0, ori=0.0, pos=array([ 0.13, -0.23]), rgb=UNKNOWN, text='beach', units='height', win=Window(...), wrapWidth=1)
13.1245 	EXP 	window1: mouseVisible = True
13.1588 	EXP 	Created participantpic_6 = ImageStim(__class__=<class 'psychopy.visual.image.ImageStim'>, anchor=('center', 'center'), autoLog=True, color=array([1., 1., 1.]), colorSpace='rgb', contrast=1.0, depth=-15.0, draggable=False, flipHoriz=False, flipVert=False, image=str(...), interpolate=True, mask=None, maskParams=None, name='participantpic_6', opacity=1.0, ori=0.0, pos=array([ 0.   , -0.073]), size=array([0.15, 0.2 ]), texRes=128.0, units='height', win=Window(...))
13.1589 	EXP 	window1: mouseVisible = True
13.1680 	EXP 	Created no_3 = ImageStim(__class__=<class 'psychopy.visual.image.ImageStim'>, anchor=('center', 'center'), autoLog=True, color=array([1., 1., 1.]), colorSpace='rgb', contrast=1.0, depth=-16.0, draggable=False, flipHoriz=False, flipVert=False, image=str(...), interpolate=True, mask=None, maskParams=None, name='no_3', opacity=1.0, ori=0.0, pos=array([ 0.   , -0.073]), size=array([0.2, 0.3]), texRes=128.0, units='height', win=Window(...))
13.1681 	EXP 	window1: mouseVisible = True
13.1726 	EXP 	Created text_27 = TextStim(__class__=<class 'psychopy.visual.text.TextStim'>, alignHoriz=method-wrapper(...), alignText='center', alignVert=method-wrapper(...), anchorHoriz='center', anchorVert='center', antialias=True, autoDraw=False, autoLog=True, bold=False, color=array([-1., -1., -1.]), colorSpace='rgb', contrast=1.0, depth=0.0, draggable=False, flipHoriz=False, flipVert=False, font='Consolas', fontFiles=[], height=0.03, italic=False, languageStyle='LTR', name='text_27', opacity=1.0, ori=0.0, pos=array([0.4, 0.3]), rgb=UNKNOWN, text='Player-2\n', units='height', win=Window(...), wrapWidth=1)
13.1729 	EXP 	window1: mouseVisible = True
13.2067 	EXP 	Created player_3 = ImageStim(__class__=<class 'psychopy.visual.image.ImageStim'>, anchor=('center', 'center'), autoLog=True, color=array([1., 1., 1.]), colorSpace='rgb', contrast=1.0, depth=-1.0, draggable=False, flipHoriz=False, flipVert=False, image=str(...), interpolate=True, mask=None, maskParams=None, name='player_3', opacity=1.0, ori=0.0, pos=array([0.4 , 0.13]), size=array([0.2 , 0.25]), texRes=128.0, units='height', win=Window(...))
13.2068 	EXP 	window1: mouseVisible = True
13.2244 	EXP 	Created beachpic_2 = ImageStim(__class__=<class 'psychopy.visual.image.ImageStim'>, anchor=('center', 'center'), autoLog=True, color=array([1., 1., 1.]), colorSpace='rgb', contrast=1.0, depth=-2.0, draggable=False, flipHoriz=False, flipVert=False, image=str(...), interpolate=True, mask=None, maskParams=None, name='beachpic_2', opacity=1.0, ori=0.0, pos=array([ 0.3 , -0.03]), size=array([0.04, 0.04]), texRes=128.0, units='height', win=Window(...))
13.2245 	EXP 	window1: mouseVisible = True
13.2265 	EXP 	Created text_25 = TextStim(__class__=<class 'psychopy.visual.text.TextStim'>, alignHoriz=method-wrapper(...), alignText='center', alignVert=method-wrapper(...), anchorHoriz='center', anchorVert='center', antialias=True, autoDraw=False, autoLog=True, bold=False, color=array([-1., -1., -1.]), colorSpace='rgb', contrast=1.0, depth=-3.0, draggable=False, flipHoriz=False, flipVert=False, font='Open Sans', fontFiles=[], height=0.01, italic=False, languageStyle='LTR', name='text_25', opacity=1.0, ori=0.0, pos=array([ 0.3 , -0.07]), rgb=UNKNOWN, text='beach', units='height', win=Window(...), wrapWidth=1)
13.2266 	EXP 	window1: mouseVisible = True
13.2440 	EXP 	Created writingpic2_2 = ImageStim(__class__=<class 'psychopy.visual.image.ImageStim'>, anchor=('center', 'center'), autoLog=True, color=array([1., 1., 1.]), colorSpace='rgb', contrast=1.0, depth=-4.0, draggable=False, flipHoriz=False, flipVert=False, image=str(...), interpolate=True, mask=None, maskParams=None, name='writingpic2_2', opacity=1.0, ori=0.0, pos=array([ 0.4 , -0.03]), size=array([0.04, 0.04]), texRes=128.0, units='height', win=Window(...))
13.2441 	EXP 	window1: mouseVisible = True
13.2467 	EXP 	Created text_26 = TextStim(__class__=<class 'psychopy.visual.text.TextStim'>, alignHoriz=method-wrapper(...), alignText='center', alignVert=method-wrapper(...), anchorHoriz='center', anchorVert='center', antialias=True, autoDraw=False, autoLog=True, bold=False, color=array([-1., -1., -1.]), colorSpace='rgb', contrast=1.0, depth=-5.0, draggable=False, flipHoriz=False, flipVert=False, font='Open Sans', fontFiles=[], height=0.01, italic=False, languageStyle='LTR', name='text_26', opacity=1.0, ori=0.0, pos=array([ 0.4 , -0.08]), rgb=UNKNOWN, text='writing\n', units='height', win=Window(...), wrapWidth=1)
13.2467 	EXP 	window1: mouseVisible = True
13.2650 	EXP 	Created cycling_2 = ImageStim(__class__=<class 'psychopy.visual.image.ImageStim'>, anchor=('center', 'center'), autoLog=True, color=array([1., 1., 1.]), colorSpace='rgb', contrast=1.0, depth=-6.0, draggable=False, flipHoriz=False, flipVert=False, image=str(...), interpolate=True, mask=None, maskParams=None, name='cycling_2', opacity=1.0, ori=0.0, pos=array([ 0.5 , -0.03]), size=array([0.04, 0.04]), texRes=128.0, units='height', win=Window(...))
13.2651 	EXP 	window1: mouseVisible = True
13.2671 	EXP 	Created text_30 = TextStim(__class__=<class 'psychopy.visual.text.TextStim'>, alignHoriz=method-wrapper(...), alignText='center', alignVert=method-wrapper(...), anchorHoriz='center', anchorVert='center', antialias=True, autoDraw=False, autoLog=True, bold=False, color=array([-1., -1., -1.]), colorSpace='rgb', contrast=1.0, depth=-7.0, draggable=False, flipHoriz=False, flipVert=False, font='Open Sans', fontFiles=[], height=0.01, italic=False, languageStyle='LTR', name='text_30', opacity=1.0, ori=0.0, pos=array([ 0.5 , -0.07]), rgb=UNKNOWN, text='cycling', units='height', win=Window(...), wrapWidth=1)
13.2672 	EXP 	window1: mouseVisible = True
13.2741 	EXP 	Created yes1_3 = ImageStim(__class__=<class 'psychopy.visual.image.ImageStim'>, anchor=('center', 'center'), autoLog=True, color=array([1., 1., 1.]), colorSpace='rgb', contrast=1.0, depth=-8.0, draggable=False, flipHoriz=False, flipVert=False, image=str(...), interpolate=True, mask=None, maskParams=None, name='yes1_3', opacity=1.0, ori=0.0, pos=array([0.4 , 0.13]), size=array([0.3, 0.3]), texRes=128.0, units='height', win=Window(...))
13.2742 	EXP 	window1: mouseVisible = True
13.2760 	EXP 	Created text_21 = TextStim(__class__=<class 'psychopy.visual.text.TextStim'>, alignHoriz=method-wrapper(...), alignText='center', alignVert=method-wrapper(...), anchorHoriz='center', anchorVert='center', antialias=True, autoDraw=False, autoLog=True, bold=False, color=array([-1., -1., -1.]), colorSpace='rgb', contrast=1.0, depth=-9.0, draggable=False, flipHoriz=False, flipVert=False, font='Open Sans', fontFiles=[], height=0.01, italic=False, languageStyle='LTR', name='text_21', opacity=1.0, ori=0.0, pos=array([-0.3 , -0.07]), rgb=UNKNOWN, text='knitting', units='height', win=Window(...), wrapWidth=1)
13.2761 	EXP 	window1: mouseVisible = True
13.3107 	EXP 	Created Player1_6 = ImageStim(__class__=<class 'psychopy.visual.image.ImageStim'>, anchor=('center', 'center'), autoLog=True, color=array([1., 1., 1.]), colorSpace='rgb', contrast=1.0, depth=0.0, draggable=False, flipHoriz=False, flipVert=False, image=str(...), interpolate=True, mask=None, maskParams=None, name='Player1_6', opacity=1.0, ori=0.0, pos=array([0. , 0.3]), size=array([0.2 , 0.25]), texRes=128.0, units='height', win=Window(...))
13.3108 	EXP 	window1: mouseVisible = True
13.3327 	EXP 	Created cook_5 = ImageStim(__class__=<class 'psychopy.visual.image.ImageStim'>, anchor=('center', 'center'), autoLog=True, color=array([1., 1., 1.]), colorSpace='rgb', contrast=1.0, depth=-1.0, draggable=False, flipHoriz=False, flipVert=False, image=str(...), interpolate=True, mask=None, maskParams=None, name='cook_5', opacity=1.0, ori=0.0, pos=array([-0.13,  0.14]), size=array([0.04, 0.04]), texRes=128.0, units='height', win=Window(...))
13.3328 	EXP 	window1: mouseVisible = True
13.3348 	EXP 	Created var_9 = TextStim(__class__=<class 'psychopy.visual.text.TextStim'>, alignHoriz=method-wrapper(...), alignText='center', alignVert=method-wrapper(...), anchorHoriz='center', anchorVert='center', antialias=True, autoDraw=False, autoLog=True, bold=False, color=array([-1., -1., -1.]), colorSpace='rgb', contrast=1.0, depth=-2.0, draggable=False, flipHoriz=False, flipVert=False, font='Open Sans', fontFiles=[], height=0.01, italic=False, languageStyle='LTR', name='var_9', opacity=1.0, ori=0.0, pos=array([-0.13 ,  0.095]), rgb=UNKNOWN, text='cooking\n\n', units='height', win=Window(...), wrapWidth=1)
13.3348 	EXP 	window1: mouseVisible = True
13.3582 	EXP 	Created movie_7 = ImageStim(__class__=<class 'psychopy.visual.image.ImageStim'>, anchor=('center', 'center'), autoLog=True, color=array([1., 1., 1.]), colorSpace='rgb', contrast=1.0, depth=-3.0, draggable=False, flipHoriz=False, flipVert=False, image=str(...), interpolate=True, mask=None, maskParams=None, name='movie_7', opacity=1.0, ori=0.0, pos=array([0.  , 0.14]), size=array([0.04, 0.04]), texRes=128.0, units='height', win=Window(...))
13.3583 	EXP 	window1: mouseVisible = True
13.3637 	EXP 	Created var_10 = TextStim(__class__=<class 'psychopy.visual.text.TextStim'>, alignHoriz=method-wrapper(...), alignText='center', alignVert=method-wrapper(...), anchorHoriz='center', anchorVert='center', antialias=True, autoDraw=False, autoLog=True, bold=False, color=array([-1., -1., -1.]), colorSpace='rgb', contrast=1.0, depth=-4.0, draggable=False, flipHoriz=False, flipVert=False, font='Open Sans', fontFiles=[], height=0.01, italic=False, languageStyle='LTR', name='var_10', opacity=1.0, ori=0.0, pos=array([0.13, 0.11]), rgb=UNKNOWN, text='dancing', units='height', win=Window(...), wrapWidth=1)
13.3640 	EXP 	window1: mouseVisible = True
13.3855 	EXP 	Created dance_5 = ImageStim(__class__=<class 'psychopy.visual.image.ImageStim'>, anchor=('center', 'center'), autoLog=True, color=array([1., 1., 1.]), colorSpace='rgb', contrast=1.0, depth=-5.0, draggable=False, flipHoriz=False, flipVert=False, image=str(...), interpolate=True, mask=None, maskParams=None, name='dance_5', opacity=1.0, ori=0.0, pos=array([0.13, 0.14]), size=array([0.04, 0.04]), texRes=128.0, units='height', win=Window(...))
13.3856 	EXP 	window1: mouseVisible = True
13.3876 	EXP 	Created text_33 = TextStim(__class__=<class 'psychopy.visual.text.TextStim'>, alignHoriz=method-wrapper(...), alignText='center', alignVert=method-wrapper(...), anchorHoriz='center', anchorVert='center', antialias=True, autoDraw=False, autoLog=True, bold=False, color=array([-1., -1., -1.]), colorSpace='rgb', contrast=1.0, depth=-6.0, draggable=False, flipHoriz=False, flipVert=False, font='Open Sans', fontFiles=[], height=0.01, italic=False, languageStyle='LTR', name='text_33', opacity=1.0, ori=0.0, pos=array([0.  , 0.11]), rgb=UNKNOWN, text='movies', units='height', win=Window(...), wrapWidth=1)
13.3877 	EXP 	window1: mouseVisible = True
13.3896 	EXP 	Created p1_6 = TextStim(__class__=<class 'psychopy.visual.text.TextStim'>, alignHoriz=method-wrapper(...), alignText='center', alignVert=method-wrapper(...), anchorHoriz='center', anchorVert='center', antialias=True, autoDraw=False, autoLog=True, bold=False, color=array([-1., -1., -1.]), colorSpace='rgb', contrast=1.0, depth=-7.0, draggable=False, flipHoriz=False, flipVert=False, font='Consolas', fontFiles=[], height=0.03, italic=False, languageStyle='LTR', name='p1_6', opacity=1.0, ori=0.0, pos=array([0.  , 0.45]), rgb=UNKNOWN, text='Player-2\n', units='height', win=Window(...), wrapWidth=1)
13.3897 	EXP 	window1: mouseVisible = True
13.3914 	EXP 	Created you_4 = TextStim(__class__=<class 'psychopy.visual.text.TextStim'>, alignHoriz=method-wrapper(...), alignText='center', alignVert=method-wrapper(...), anchorHoriz='center', anchorVert='center', antialias=True, autoDraw=False, autoLog=True, bold=False, color=array([-1., -1., -1.]), colorSpace='rgb', contrast=1.0, depth=-8.0, draggable=False, flipHoriz=False, flipVert=False, font='Consolas', fontFiles=[], height=0.03, italic=False, languageStyle='LTR', name='you_4', opacity=1.0, ori=0.0, pos=array([0.  , 0.07]), rgb=UNKNOWN, text='You', units='height', win=Window(...), wrapWidth=1)
13.3914 	EXP 	window1: mouseVisible = True
13.4123 	EXP 	Created chatting_4 = ImageStim(__class__=<class 'psychopy.visual.image.ImageStim'>, anchor=('center', 'center'), autoLog=True, color=array([1., 1., 1.]), colorSpace='rgb', contrast=1.0, depth=-9.0, draggable=False, flipHoriz=False, flipVert=False, image=str(...), interpolate=True, mask=None, maskParams=None, name='chatting_4', opacity=1.0, ori=0.0, pos=array([-0.13, -0.2 ]), size=array([0.04, 0.04]), texRes=128.0, units='height', win=Window(...))
13.4124 	EXP 	window1: mouseVisible = True
13.4144 	EXP 	Created chat_4 = TextStim(__class__=<class 'psychopy.visual.text.TextStim'>, alignHoriz=method-wrapper(...), alignText='center', alignVert=method-wrapper(...), anchorHoriz='center', anchorVert='center', antialias=True, autoDraw=False, autoLog=True, bold=False, color=array([-1., -1., -1.]), colorSpace='rgb', contrast=1.0, depth=-10.0, draggable=False, flipHoriz=False, flipVert=False, font='Open Sans', fontFiles=[], height=0.01, italic=False, languageStyle='LTR', name='chat_4', opacity=1.0, ori=0.0, pos=array([-0.13, -0.23]), rgb=UNKNOWN, text='chatting', units='height', win=Window(...), wrapWidth=1)
13.4145 	EXP 	window1: mouseVisible = True
13.4248 	EXP 	Created sports_4 = ImageStim(__class__=<class 'psychopy.visual.image.ImageStim'>, anchor=('center', 'center'), autoLog=True, color=array([1., 1., 1.]), colorSpace='rgb', contrast=1.0, depth=-11.0, draggable=False, flipHoriz=False, flipVert=False, image=str(...), interpolate=True, mask=None, maskParams=None, name='sports_4', opacity=1.0, ori=0.0, pos=array([ 0. , -0.2]), size=array([0.04, 0.04]), texRes=128.0, units='height', win=Window(...))
13.4249 	EXP 	window1: mouseVisible = True
13.4269 	EXP 	Created sport_4 = TextStim(__class__=<class 'psychopy.visual.text.TextStim'>, alignHoriz=method-wrapper(...), alignText='center', alignVert=method-wrapper(...), anchorHoriz='center', anchorVert='center', antialias=True, autoDraw=False, autoLog=True, bold=False, color=array([-1., -1., -1.]), colorSpace='rgb', contrast=1.0, depth=-12.0, draggable=False, flipHoriz=False, flipVert=False, font='Open Sans', fontFiles=[], height=0.01, italic=False, languageStyle='LTR', name='sport_4', opacity=1.0, ori=0.0, pos=array([ 0.  , -0.23]), rgb=UNKNOWN, text='sports', units='height', win=Window(...), wrapWidth=1)
13.4269 	EXP 	window1: mouseVisible = True
13.4480 	EXP 	Created beach_4 = ImageStim(__class__=<class 'psychopy.visual.image.ImageStim'>, anchor=('center', 'center'), autoLog=True, color=array([1., 1., 1.]), colorSpace='rgb', contrast=1.0, depth=-13.0, draggable=False, flipHoriz=False, flipVert=False, image=str(...), interpolate=True, mask=None, maskParams=None, name='beach_4', opacity=1.0, ori=0.0, pos=array([ 0.13, -0.2 ]), size=array([0.04, 0.04]), texRes=128.0, units='height', win=Window(...))
13.4481 	EXP 	window1: mouseVisible = True
13.4501 	EXP 	Created beach_txt_4 = TextStim(__class__=<class 'psychopy.visual.text.TextStim'>, alignHoriz=method-wrapper(...), alignText='center', alignVert=method-wrapper(...), anchorHoriz='center', anchorVert='center', antialias=True, autoDraw=False, autoLog=True, bold=False, color=array([-1., -1., -1.]), colorSpace='rgb', contrast=1.0, depth=-14.0, draggable=False, flipHoriz=False, flipVert=False, font='Open Sans', fontFiles=[], height=0.01, italic=False, languageStyle='LTR', name='beach_txt_4', opacity=1.0, ori=0.0, pos=array([ 0.13, -0.23]), rgb=UNKNOWN, text='beach', units='height', win=Window(...), wrapWidth=1)
13.4501 	EXP 	window1: mouseVisible = True
13.4842 	EXP 	Created participantpic_2 = ImageStim(__class__=<class 'psychopy.visual.image.ImageStim'>, anchor=('center', 'center'), autoLog=True, color=array([1., 1., 1.]), colorSpace='rgb', contrast=1.0, depth=-15.0, draggable=False, flipHoriz=False, flipVert=False, image=str(...), interpolate=True, mask=None, maskParams=None, name='participantpic_2', opacity=1.0, ori=0.0, pos=array([ 0.   , -0.073]), size=array([0.15, 0.2 ]), texRes=128.0, units='height', win=Window(...))
13.4843 	EXP 	window1: mouseVisible = True
13.4917 	EXP 	Created no_4 = ImageStim(__class__=<class 'psychopy.visual.image.ImageStim'>, anchor=('center', 'center'), autoLog=True, color=array([1., 1., 1.]), colorSpace='rgb', contrast=1.0, depth=-16.0, draggable=False, flipHoriz=False, flipVert=False, image=str(...), interpolate=True, mask=None, maskParams=None, name='no_4', opacity=1.0, ori=0.0, pos=array([ 0.   , -0.073]), size=array([0.2, 0.3]), texRes=128.0, units='height', win=Window(...))
13.4918 	EXP 	window1: mouseVisible = True
13.4928 	EXP 	Created polygon_2 = Rect(__class__=<class 'psychopy.visual.rect.Rect'>, anchor=('center', 'center'), autoDraw=False, autoLog=True, closeShape=True, color=method-wrapper(...), colorSpace='rgb', contrast=None, depth=0.0, draggable=False, fillColor=array([-1., -1., -1.]), fillColorSpace='rgb', fillRGB=array([-1., -1., -1.]), interpolate=True, lineColor=array([-1., -1., -1.]), lineColorSpace='rgb', lineRGB=array([-1., -1., -1.]), lineWidth=1.0, name='polygon_2', opacity=1.0, ori=0.0, pos=array([0., 0.]), size=array([4., 4.]), units='height', vertices=ndarray(...), win=Window(...))
13.4929 	EXP 	window1: mouseVisible = True
13.5007 	EXP 	Created text_36 = TextStim(__class__=<class 'psychopy.visual.text.TextStim'>, alignHoriz=method-wrapper(...), alignText='center', alignVert=method-wrapper(...), anchorHoriz='center', anchorVert='center', antialias=True, autoDraw=False, autoLog=True, bold=False, color=array([1., 1., 1.]), colorSpace='rgb', contrast=1.0, depth=-1.0, draggable=False, flipHoriz=False, flipVert=False, font='Open Sans', fontFiles=[], height=0.06, italic=False, languageStyle='LTR', name='text_36', opacity=1.0, ori=0.0, pos=array([0., 0.]), rgb=UNKNOWN, text='+', units='height', win=Window(...), wrapWidth=1)
0.0132 	EXP 	wel: autoDraw = True
1.5419 	DATA 	Keypress: space
1.5496 	EXP 	wel: autoDraw = False
1.5496 	EXP 	Who: autoDraw = True
1.5496 	EXP 	text_2: autoDraw = True
1.5496 	EXP 	text_3: autoDraw = True
1.5496 	EXP 	Player1demo: autoDraw = True
1.5496 	EXP 	Player2demo: autoDraw = True
1.5496 	EXP 	cooking: autoDraw = True
1.5496 	EXP 	text_4: autoDraw = True
1.5496 	EXP 	movies: autoDraw = True
1.5496 	EXP 	text_5: autoDraw = True
1.5496 	EXP 	dancing: autoDraw = True
1.5496 	EXP 	text_6: autoDraw = True
1.5496 	EXP 	fashion: autoDraw = True
1.5496 	EXP 	text_7: autoDraw = True
1.5496 	EXP 	movie: autoDraw = True
1.5496 	EXP 	text_8: autoDraw = True
1.5496 	EXP 	writing: autoDraw = True
1.5496 	EXP 	text_9: autoDraw = True
3.3599 	EXP 	window1: mouseVisible = True
