8.4391 	EXP 	Created window1 = Window(allowGUI=True, allowStencil=False, autoLog=True, backendConf=UNKNOWN, backgroundFit=<method-wrapper '__getattribute__' of attributeSetter object at 0x0000021799DCA340>, backgroundImage=<method-wrapper '__getattribute__' of attributeSetter object at 0x0000021799DCA2E0>, bitsMode=UNKNOWN, blendMode='avg', bpc=(8, 8, 8), color=array([0, 0, 0]), colorSpace='rgb', depthBits=8, fullscr=<method-wrapper '__getattribute__' of attributeSetter object at 0x0000021799DCA130>, gamma=None, gammaErrorPolicy='raise', lms=UNKNOWN, monitor=<psychopy.monitors.calibTools.Monitor object at 0x000002179A173E20>, multiSample=False, name='window1', numSamples=2, pos=(0, 0), screen=0, size=array([1920, 1080]), stencilBits=0, stereo=False, title='PsychoPy', units='height', useFBO=True, useRetina=False, viewOri=0.0, viewPos=None, viewScale=None, waitBlanking=True, winType='pyglet')
8.4392 	EXP 	window1: mouseVisible = True
8.4392 	EXP 	window1: backgroundImage = ''
8.4392 	EXP 	window1: backgroundFit = 'none'
8.4405 	EXP 	window1: Attempting to measure frame rate of screen (0) ...
8.4406 	EXP 	window1: recordFrameIntervals = False
8.6054 	EXP 	window1: recordFrameIntervals = True
8.7889 	EXP 	Screen (0) actual frame rate measured at 59.93Hz
8.7889 	EXP 	window1: recordFrameIntervals = False
8.7890 	EXP 	window1: mouseVisible = False
10.8525 	EXP 	PAT_v2: status = STARTED
10.8537 	EXP 	window1: mouseVisible = True
10.9652 	EXP 	Created welcome = TextStim(__class__=<class 'psychopy.visual.text.TextStim'>, alignHoriz=method-wrapper(...), alignText='center', alignVert=method-wrapper(...), anchorHoriz='center', anchorVert='center', antialias=True, autoDraw=False, autoLog=True, bold=False, color=array([-1., -1., -1.]), colorSpace='rgb', contrast=1.0, depth=0.0, draggable=False, flipHoriz=False, flipVert=False, font='Consolas', fontFiles=[], height=0.05, italic=False, languageStyle='LTR', name='welcome', opacity=1.0, ori=0.0, pos=array([0., 0.]), rgb=UNKNOWN, text=str(...), units='height', win=Window(...), wrapWidth=2.0)
10.9653 	EXP 	window1: mouseVisible = True
10.9773 	EXP 	Created Who = TextStim(__class__=<class 'psychopy.visual.text.TextStim'>, alignHoriz=method-wrapper(...), alignText='center', alignVert=method-wrapper(...), anchorHoriz='center', anchorVert='center', antialias=True, autoDraw=False, autoLog=True, bold=False, color=array([-1., -1., -1.]), colorSpace='rgb', contrast=1.0, depth=0.0, draggable=False, flipHoriz=False, flipVert=False, font='Courier New', fontFiles=[], height=0.04, italic=False, languageStyle='LTR', name='Who', opacity=1.0, ori=0.0, pos=array([0.  , 0.38]), rgb=UNKNOWN, text='Who do you want to be friends with? \n\n', units='height', win=Window(...), wrapWidth=1)
10.9774 	EXP 	window1: mouseVisible = True
10.9856 	EXP 	Created text_2 = TextStim(__class__=<class 'psychopy.visual.text.TextStim'>, alignHoriz=method-wrapper(...), alignText='center', alignVert=method-wrapper(...), anchorHoriz='center', anchorVert='center', antialias=True, autoDraw=False, autoLog=True, bold=False, color=array([-1., -1., -1.]), colorSpace='rgb', contrast=1.0, depth=-1.0, draggable=False, flipHoriz=False, flipVert=False, font='Consolas', fontFiles=[], height=0.03, italic=False, languageStyle='LTR', name='text_2', opacity=1.0, ori=0.0, pos=array([-0.4,  0.3]), rgb=UNKNOWN, text='Player-1\n', units='height', win=Window(...), wrapWidth=1)
10.9857 	EXP 	window1: mouseVisible = True
10.9886 	EXP 	Created text_3 = TextStim(__class__=<class 'psychopy.visual.text.TextStim'>, alignHoriz=method-wrapper(...), alignText='center', alignVert=method-wrapper(...), anchorHoriz='center', anchorVert='center', antialias=True, autoDraw=False, autoLog=True, bold=False, color=array([-1., -1., -1.]), colorSpace='rgb', contrast=1.0, depth=-2.0, draggable=False, flipHoriz=False, flipVert=False, font='Consolas', fontFiles=[], height=0.03, italic=False, languageStyle='LTR', name='text_3', opacity=1.0, ori=0.0, pos=array([0.4, 0.3]), rgb=UNKNOWN, text='Player-2\n', units='height', win=Window(...), wrapWidth=1)
10.9887 	EXP 	window1: mouseVisible = True
11.0100 	EXP 	Created Player1demo = ImageStim(__class__=<class 'psychopy.visual.image.ImageStim'>, anchor=('center', 'center'), autoLog=True, color=array([1., 1., 1.]), colorSpace='rgb', contrast=1.0, depth=-3.0, draggable=False, flipHoriz=False, flipVert=False, image='default.png', interpolate=True, mask=None, maskParams=None, name='Player1demo', opacity=1.0, ori=0.0, pos=array([-0.4 ,  0.13]), size=array([0.2 , 0.25]), texRes=128.0, units='height', win=Window(...))
11.0101 	EXP 	window1: mouseVisible = True
11.2313 	EXP 	window1: mouseVisible = True
