11.2055 	EXP 	Created window1 = Window(allowGUI=True, allowStencil=False, autoLog=True, backendConf=UNKNOWN, backgroundFit=<method-wrapper '__getattribute__' of attributeSetter object at 0x7ff4a28b0730>, backgroundImage=<method-wrapper '__getattribute__' of attributeSetter object at 0x7ff4a28b06d0>, bitsMode=UNKNOWN, blendMode='avg', bpc=(8, 8, 8), color=array([-1., -1., -1.]), colorSpace='rgb', depthBits=8, fullscr=<method-wrapper '__getattribute__' of attributeSetter object at 0x7ff4a28b0550>, gamma=None, gammaErrorPolicy='raise', lms=UNKNOWN, monitor=<psychopy.monitors.calibTools.Monitor object at 0x7ff4a28d42e0>, multiSample=False, name='window1', numSamples=2, pos=(360, 225), screen=0, size=array([2880, 1800]), stencilBits=0, stereo=False, title='PsychoPy', units='height', useFBO=True, useRetina=True, viewOri=0.0, viewPos=None, viewScale=None, waitBlanking=True, winType='pyglet')
11.2061 	EXP 	window1: mouseVisible = True
11.2061 	EXP 	window1: backgroundImage = ''
11.2062 	EXP 	window1: backgroundFit = 'none'
11.2085 	EXP 	window1: Attempting to measure frame rate of screen (0) ...
11.2085 	EXP 	window1: recordFrameIntervals = False
11.3105 	EXP 	window1: recordFrameIntervals = True
11.3370 	WARNING 	t of last frame was 10.62ms (=1/94)
11.3704 	WARNING 	t of last frame was 11.02ms (=1/90)
11.4550 	WARNING 	t of last frame was 10.41ms (=1/96)
11.4877 	WARNING 	t of last frame was 10.36ms (=1/96)
11.5366 	EXP 	Screen (0) actual frame rate measured at 122.88Hz
11.5366 	EXP 	window1: recordFrameIntervals = False
11.5367 	EXP 	window1: mouseVisible = True
12.9238 	EXP 	DelayDiscountingTitrated: status = STARTED
13.2659 	EXP 	window1: mouseVisible = True
13.3307 	EXP 	Created unnamed TextStim = TextStim(__class__=<class 'psychopy.visual.text.TextStim'>, alignHoriz=method-wrapper(...), alignText='center', alignVert=method-wrapper(...), anchorHoriz='center', anchorVert='center', antialias=True, autoDraw=False, autoLog=True, bold=False, color=array([-1., -1., -1.]), colorSpace='rgb', contrast=1.0, depth=0, draggable=False, flipHoriz=False, flipVert=False, font='Times New Roman', fontFiles=[], height=0.2, italic=False, languageStyle='LTR', name='unnamed TextStim', opacity=1.0, ori=0.0, pos=array([-0.4,  0. ]), rgb=UNKNOWN, text='0 now\n(1)', units='height', win=Window(...), wrapWidth=1)
13.3309 	EXP 	window1: mouseVisible = True
13.3369 	EXP 	Created unnamed TextStim = TextStim(__class__=<class 'psychopy.visual.text.TextStim'>, alignHoriz=method-wrapper(...), alignText='center', alignVert=method-wrapper(...), anchorHoriz='center', anchorVert='center', antialias=True, autoDraw=False, autoLog=True, bold=False, color=array([-1., -1., -1.]), colorSpace='rgb', contrast=1.0, depth=0, draggable=False, flipHoriz=False, flipVert=False, font='Times New Roman', fontFiles=[], height=0.2, italic=False, languageStyle='LTR', name='unnamed TextStim', opacity=1.0, ori=0.0, pos=array([0.4, 0. ]), rgb=UNKNOWN, text='1000 in\n(3)', units='height', win=Window(...), wrapWidth=1)
13.3370 	EXP 	window1: mouseVisible = True
13.3386 	EXP 	Created immediate_text = TextStim(__class__=<class 'psychopy.visual.text.TextStim'>, alignHoriz=method-wrapper(...), alignText='center', alignVert=method-wrapper(...), anchorHoriz='center', anchorVert='center', antialias=True, autoDraw=False, autoLog=True, bold=False, color=array([1., 1., 1.]), colorSpace='rgb', contrast=1.0, depth=-2.0, draggable=False, flipHoriz=False, flipVert=False, font='Times New Roman', fontFiles=[], height=0.05, italic=False, languageStyle='LTR', name='immediate_text', opacity=1.0, ori=0.0, pos=array([-0.4,  0. ]), rgb=UNKNOWN, text='', units='height', win=Window(...), wrapWidth=1)
13.3387 	EXP 	window1: mouseVisible = True
13.3400 	EXP 	Created delay_text = TextStim(__class__=<class 'psychopy.visual.text.TextStim'>, alignHoriz=method-wrapper(...), alignText='center', alignVert=method-wrapper(...), anchorHoriz='center', anchorVert='center', antialias=True, autoDraw=False, autoLog=True, bold=False, color=array([1., 1., 1.]), colorSpace='rgb', contrast=1.0, depth=-3.0, draggable=False, flipHoriz=False, flipVert=False, font='Times New Roman', fontFiles=[], height=0.05, italic=False, languageStyle='LTR', name='delay_text', opacity=1.0, ori=0.0, pos=array([0.4, 0. ]), rgb=UNKNOWN, text='', units='height', win=Window(...), wrapWidth=1)
13.3401 	EXP 	window1: mouseVisible = True
13.3524 	EXP 	Created which_text = TextStim(__class__=<class 'psychopy.visual.text.TextStim'>, alignHoriz=method-wrapper(...), alignText='center', alignVert=method-wrapper(...), anchorHoriz='center', anchorVert='center', antialias=True, autoDraw=False, autoLog=True, bold=False, color=array([1., 1., 1.]), colorSpace='rgb', contrast=1.0, depth=-5.0, draggable=False, flipHoriz=False, flipVert=False, font='Times New Roman', fontFiles=[], height=0.05, italic=False, languageStyle='LTR', name='which_text', opacity=1.0, ori=0.0, pos=array([0. , 0.2]), rgb=UNKNOWN, text='Which would you prefer?', units='height', win=Window(...), wrapWidth=1)
13.3525 	EXP 	window1: mouseVisible = True
13.3566 	EXP 	Created or_text = TextStim(__class__=<class 'psychopy.visual.text.TextStim'>, alignHoriz=method-wrapper(...), alignText='center', alignVert=method-wrapper(...), anchorHoriz='center', anchorVert='center', antialias=True, autoDraw=False, autoLog=True, bold=False, color=array([1., 1., 1.]), colorSpace='rgb', contrast=1.0, depth=-6.0, draggable=False, flipHoriz=False, flipVert=False, font='Times New Roman', fontFiles=[], height=0.05, italic=False, languageStyle='LTR', name='or_text', opacity=1.0, ori=0.0, pos=array([0., 0.]), rgb=UNKNOWN, text='OR', units='height', win=Window(...), wrapWidth=1)
0.0619 	EXP 	window1: mouseVisible = True
0.0845 	EXP 	Created instruction_text = TextStim(__class__=<class 'psychopy.visual.text.TextStim'>, alignHoriz=method-wrapper(...), alignText='center', alignVert=method-wrapper(...), anchorHoriz='center', anchorVert='center', antialias=True, autoDraw=False, autoLog=True, bold=False, color=array([1., 1., 1.]), colorSpace='rgb', contrast=1.0, depth=0, draggable=False, flipHoriz=False, flipVert=False, font='Times New Roman', fontFiles=[], height=0.05, italic=False, languageStyle='LTR', name='instruction_text', opacity=1.0, ori=0.0, pos=array([0., 0.]), rgb=UNKNOWN, text=str(...), units='height', win=Window(...), wrapWidth=1.2)
1.9656 	DATA 	Mouse: Left button down, pos=(358,630)
2.0490 	DATA 	Mouse:  Left button up, pos=(358,630)
4.0602 	DATA 	Keypress: return
4.0609 	EXP 	window1: mouseVisible = True
4.0716 	EXP 	Created block_text = TextStim(__class__=<class 'psychopy.visual.text.TextStim'>, alignHoriz=method-wrapper(...), alignText='center', alignVert=method-wrapper(...), anchorHoriz='center', anchorVert='center', antialias=True, autoDraw=False, autoLog=True, bold=False, color=array([1., 1., 1.]), colorSpace='rgb', contrast=1.0, depth=0, draggable=False, flipHoriz=False, flipVert=False, font='Times New Roman', fontFiles=[], height=0.05, italic=False, languageStyle='LTR', name='block_text', opacity=1.0, ori=0.0, pos=array([0., 0.]), rgb=UNKNOWN, text=str(...), units='height', win=Window(...), wrapWidth=1.2)
4.8718 	DATA 	Keypress: return
4.8791 	EXP 	Created sequence: random, trialTypes=1, nReps=9, seed=None
4.8797 	EXP 	New trial (rep=0, index=0): None
4.9129 	EXP 	immediate_text: font = 'Times New Roman'
4.9129 	EXP 	immediate_text: italic = False
4.9129 	EXP 	delay_text: font = 'Times New Roman'
4.9129 	EXP 	delay_text: italic = False
4.9129 	EXP 	immediate_text: autoDraw = True
4.9129 	EXP 	delay_text: autoDraw = True
4.9129 	EXP 	which_text: autoDraw = True
4.9129 	EXP 	or_text: autoDraw = True
6.6209 	DATA 	Keypress: 1
6.6257 	EXP 	immediate_text: autoDraw = False
6.6257 	EXP 	delay_text: autoDraw = False
6.6257 	EXP 	which_text: autoDraw = False
6.6257 	EXP 	or_text: autoDraw = False
6.6257 	EXP 	immediate_text: font = 'Times New Roman'
6.6257 	EXP 	immediate_text: italic = True
6.6257 	EXP 	delay_text: font = 'Times New Roman'
6.6257 	EXP 	delay_text: italic = False
6.6257 	EXP 	immediate_text: height = 0.05
6.6257 	EXP 	immediate_text: height = 0.05
6.6257 	EXP 	immediate_text: height = 0.05
6.6257 	EXP 	immediate_text: text = '$500 now\n(1)'
6.6257 	EXP 	delay_text: height = 0.05
6.6257 	EXP 	delay_text: height = 0.05
6.6257 	EXP 	delay_text: height = 0.05
6.6257 	EXP 	delay_text: text = '$1000 in\n6 months\n(3)'
7.6266 	EXP 	New trial (rep=1, index=0): None
7.6430 	EXP 	immediate_text: font = 'Times New Roman'
7.6430 	EXP 	immediate_text: italic = False
7.6430 	EXP 	delay_text: font = 'Times New Roman'
7.6430 	EXP 	delay_text: italic = False
7.6430 	EXP 	immediate_text: font = 'Times New Roman'
7.6430 	EXP 	immediate_text: italic = False
7.6430 	EXP 	delay_text: font = 'Times New Roman'
7.6430 	EXP 	delay_text: italic = False
7.6430 	EXP 	immediate_text: autoDraw = True
7.6430 	EXP 	delay_text: autoDraw = True
7.6430 	EXP 	which_text: autoDraw = True
7.6430 	EXP 	or_text: autoDraw = True
7.6430 	EXP 	delay_text: height = 0.05
7.6430 	EXP 	delay_text: height = 0.05
7.6430 	EXP 	delay_text: height = 0.05
7.6430 	EXP 	delay_text: text = '$1000 in\n6 months\n(3)'
7.6790 	DATA 	Keypress: 1
7.7010 	EXP 	immediate_text: autoDraw = False
7.7010 	EXP 	delay_text: autoDraw = False
7.7010 	EXP 	which_text: autoDraw = False
7.7010 	EXP 	or_text: autoDraw = False
7.7010 	EXP 	immediate_text: font = 'Times New Roman'
7.7010 	EXP 	immediate_text: italic = True
7.7010 	EXP 	delay_text: font = 'Times New Roman'
7.7010 	EXP 	delay_text: italic = False
7.7010 	EXP 	immediate_text: height = 0.05
7.7010 	EXP 	immediate_text: height = 0.05
7.7010 	EXP 	immediate_text: height = 0.05
7.7010 	EXP 	immediate_text: text = '$250 now\n(1)'
7.7010 	EXP 	delay_text: height = 0.05
7.7010 	EXP 	delay_text: height = 0.05
7.7010 	EXP 	delay_text: height = 0.05
7.7010 	EXP 	delay_text: text = '$1000 in\n6 months\n(3)'
8.0182 	DATA 	Keypress: 1
8.1958 	DATA 	Keypress: 1
8.3445 	DATA 	Keypress: 1
8.5124 	DATA 	Keypress: 1
8.6662 	DATA 	Keypress: 1
8.7020 	EXP 	New trial (rep=2, index=0): None
8.7172 	EXP 	immediate_text: font = 'Times New Roman'
8.7172 	EXP 	immediate_text: italic = False
8.7172 	EXP 	delay_text: font = 'Times New Roman'
8.7172 	EXP 	delay_text: italic = False
8.7172 	EXP 	immediate_text: font = 'Times New Roman'
8.7172 	EXP 	immediate_text: italic = False
8.7172 	EXP 	delay_text: font = 'Times New Roman'
8.7172 	EXP 	delay_text: italic = False
8.7172 	EXP 	immediate_text: autoDraw = True
8.7172 	EXP 	delay_text: autoDraw = True
8.7172 	EXP 	which_text: autoDraw = True
8.7172 	EXP 	or_text: autoDraw = True
8.7172 	EXP 	delay_text: height = 0.05
8.7172 	EXP 	delay_text: height = 0.05
8.7172 	EXP 	delay_text: height = 0.05
8.7172 	EXP 	delay_text: text = '$1000 in\n6 months\n(3)'
8.8500 	DATA 	Keypress: 1
8.8546 	EXP 	immediate_text: autoDraw = False
8.8546 	EXP 	delay_text: autoDraw = False
8.8546 	EXP 	which_text: autoDraw = False
8.8546 	EXP 	or_text: autoDraw = False
8.8546 	EXP 	immediate_text: font = 'Times New Roman'
8.8546 	EXP 	immediate_text: italic = True
8.8546 	EXP 	delay_text: font = 'Times New Roman'
8.8546 	EXP 	delay_text: italic = False
8.8546 	EXP 	immediate_text: height = 0.05
8.8546 	EXP 	immediate_text: height = 0.05
8.8546 	EXP 	immediate_text: height = 0.05
8.8546 	EXP 	immediate_text: text = '$125 now\n(1)'
8.8546 	EXP 	delay_text: height = 0.05
8.8546 	EXP 	delay_text: height = 0.05
8.8546 	EXP 	delay_text: height = 0.05
8.8546 	EXP 	delay_text: text = '$1000 in\n6 months\n(3)'
9.0285 	DATA 	Keypress: 1
9.2177 	DATA 	Keypress: 1
9.3991 	DATA 	Keypress: 1
9.5958 	DATA 	Keypress: 1
9.7904 	DATA 	Keypress: 1
9.8568 	EXP 	New trial (rep=3, index=0): None
9.8758 	EXP 	immediate_text: font = 'Times New Roman'
9.8758 	EXP 	immediate_text: italic = False
9.8758 	EXP 	delay_text: font = 'Times New Roman'
9.8758 	EXP 	delay_text: italic = False
9.8758 	EXP 	immediate_text: font = 'Times New Roman'
9.8758 	EXP 	immediate_text: italic = False
9.8758 	EXP 	delay_text: font = 'Times New Roman'
9.8758 	EXP 	delay_text: italic = False
9.8758 	EXP 	immediate_text: autoDraw = True
9.8758 	EXP 	delay_text: autoDraw = True
9.8758 	EXP 	which_text: autoDraw = True
9.8758 	EXP 	or_text: autoDraw = True
9.8758 	EXP 	delay_text: height = 0.05
9.8758 	EXP 	delay_text: height = 0.05
9.8758 	EXP 	delay_text: height = 0.05
9.8758 	EXP 	delay_text: text = '$1000 in\n6 months\n(3)'
9.9934 	DATA 	Keypress: 1
9.9976 	EXP 	immediate_text: autoDraw = False
9.9976 	EXP 	delay_text: autoDraw = False
9.9976 	EXP 	which_text: autoDraw = False
9.9976 	EXP 	or_text: autoDraw = False
9.9976 	EXP 	immediate_text: font = 'Times New Roman'
9.9976 	EXP 	immediate_text: italic = True
9.9976 	EXP 	delay_text: font = 'Times New Roman'
9.9976 	EXP 	delay_text: italic = False
9.9976 	EXP 	immediate_text: height = 0.05
9.9976 	EXP 	immediate_text: height = 0.05
9.9976 	EXP 	immediate_text: height = 0.05
9.9976 	EXP 	immediate_text: text = '$62 now\n(1)'
9.9976 	EXP 	delay_text: height = 0.05
9.9976 	EXP 	delay_text: height = 0.05
9.9976 	EXP 	delay_text: height = 0.05
9.9976 	EXP 	delay_text: text = '$1000 in\n6 months\n(3)'
10.1698 	DATA 	Keypress: 1
10.3576 	DATA 	Keypress: 1
10.5441 	DATA 	Keypress: 1
10.7307 	DATA 	Keypress: 1
10.9255 	DATA 	Keypress: 1
10.9985 	EXP 	New trial (rep=4, index=0): None
11.0138 	EXP 	immediate_text: font = 'Times New Roman'
11.0138 	EXP 	immediate_text: italic = False
11.0138 	EXP 	delay_text: font = 'Times New Roman'
11.0138 	EXP 	delay_text: italic = False
11.0138 	EXP 	immediate_text: font = 'Times New Roman'
11.0138 	EXP 	immediate_text: italic = False
11.0138 	EXP 	delay_text: font = 'Times New Roman'
11.0138 	EXP 	delay_text: italic = False
11.0138 	EXP 	immediate_text: autoDraw = True
11.0138 	EXP 	delay_text: autoDraw = True
11.0138 	EXP 	which_text: autoDraw = True
11.0138 	EXP 	or_text: autoDraw = True
11.0138 	EXP 	delay_text: height = 0.05
11.0138 	EXP 	delay_text: height = 0.05
11.0138 	EXP 	delay_text: height = 0.05
11.0138 	EXP 	delay_text: text = '$1000 in\n6 months\n(3)'
11.1427 	DATA 	Keypress: 1
11.1470 	EXP 	immediate_text: autoDraw = False
11.1470 	EXP 	delay_text: autoDraw = False
11.1470 	EXP 	which_text: autoDraw = False
11.1470 	EXP 	or_text: autoDraw = False
11.1470 	EXP 	immediate_text: font = 'Times New Roman'
11.1470 	EXP 	immediate_text: italic = True
11.1470 	EXP 	delay_text: font = 'Times New Roman'
11.1470 	EXP 	delay_text: italic = False
11.1470 	EXP 	immediate_text: height = 0.05
11.1470 	EXP 	immediate_text: height = 0.05
11.1470 	EXP 	immediate_text: height = 0.05
11.1470 	EXP 	immediate_text: text = '$31 now\n(1)'
11.1470 	EXP 	delay_text: height = 0.05
11.1470 	EXP 	delay_text: height = 0.05
11.1470 	EXP 	delay_text: height = 0.05
11.1470 	EXP 	delay_text: text = '$1000 in\n6 months\n(3)'
11.3320 	DATA 	Keypress: 1
11.5141 	DATA 	Keypress: 1
11.7051 	DATA 	Keypress: 1
11.9010 	DATA 	Keypress: 1
12.0861 	DATA 	Keypress: 1
12.1479 	EXP 	New trial (rep=5, index=0): None
12.1649 	EXP 	immediate_text: font = 'Times New Roman'
12.1649 	EXP 	immediate_text: italic = False
12.1649 	EXP 	delay_text: font = 'Times New Roman'
12.1649 	EXP 	delay_text: italic = False
12.1649 	EXP 	immediate_text: font = 'Times New Roman'
12.1649 	EXP 	immediate_text: italic = False
12.1649 	EXP 	delay_text: font = 'Times New Roman'
12.1649 	EXP 	delay_text: italic = False
12.1649 	EXP 	immediate_text: autoDraw = True
12.1649 	EXP 	delay_text: autoDraw = True
12.1649 	EXP 	which_text: autoDraw = True
12.1649 	EXP 	or_text: autoDraw = True
12.1649 	EXP 	delay_text: height = 0.05
12.1649 	EXP 	delay_text: height = 0.05
12.1649 	EXP 	delay_text: height = 0.05
12.1649 	EXP 	delay_text: text = '$1000 in\n6 months\n(3)'
12.3055 	DATA 	Keypress: 1
12.3106 	EXP 	immediate_text: autoDraw = False
12.3106 	EXP 	delay_text: autoDraw = False
12.3106 	EXP 	which_text: autoDraw = False
12.3106 	EXP 	or_text: autoDraw = False
12.3106 	EXP 	immediate_text: font = 'Times New Roman'
12.3106 	EXP 	immediate_text: italic = True
12.3106 	EXP 	delay_text: font = 'Times New Roman'
12.3106 	EXP 	delay_text: italic = False
12.3106 	EXP 	immediate_text: height = 0.05
12.3106 	EXP 	immediate_text: height = 0.05
12.3106 	EXP 	immediate_text: height = 0.05
12.3106 	EXP 	immediate_text: text = '$15 now\n(1)'
12.3106 	EXP 	delay_text: height = 0.05
12.3106 	EXP 	delay_text: height = 0.05
12.3106 	EXP 	delay_text: height = 0.05
12.3106 	EXP 	delay_text: text = '$1000 in\n6 months\n(3)'
12.4848 	DATA 	Keypress: 1
12.7136 	DATA 	Keypress: 1
12.9095 	DATA 	Keypress: 1
13.1172 	DATA 	Keypress: 1
13.3116 	EXP 	New trial (rep=6, index=0): None
13.3253 	DATA 	Keypress: 1
13.3295 	EXP 	immediate_text: font = 'Times New Roman'
13.3295 	EXP 	immediate_text: italic = False
13.3295 	EXP 	delay_text: font = 'Times New Roman'
13.3295 	EXP 	delay_text: italic = False
13.3295 	EXP 	immediate_text: font = 'Times New Roman'
13.3295 	EXP 	immediate_text: italic = False
13.3295 	EXP 	delay_text: font = 'Times New Roman'
13.3295 	EXP 	delay_text: italic = False
13.3295 	EXP 	immediate_text: autoDraw = True
13.3295 	EXP 	delay_text: autoDraw = True
13.3295 	EXP 	which_text: autoDraw = True
13.3295 	EXP 	or_text: autoDraw = True
13.3295 	EXP 	delay_text: height = 0.05
13.3295 	EXP 	delay_text: height = 0.05
13.3295 	EXP 	delay_text: height = 0.05
13.3295 	EXP 	delay_text: text = '$1000 in\n6 months\n(3)'
13.5509 	DATA 	Keypress: 1
13.5550 	EXP 	immediate_text: autoDraw = False
13.5550 	EXP 	delay_text: autoDraw = False
13.5550 	EXP 	which_text: autoDraw = False
13.5550 	EXP 	or_text: autoDraw = False
13.5550 	EXP 	immediate_text: font = 'Times New Roman'
13.5550 	EXP 	immediate_text: italic = True
13.5550 	EXP 	delay_text: font = 'Times New Roman'
13.5550 	EXP 	delay_text: italic = False
13.5550 	EXP 	immediate_text: height = 0.05
13.5550 	EXP 	immediate_text: height = 0.05
13.5550 	EXP 	immediate_text: height = 0.05
13.5550 	EXP 	immediate_text: text = '$7 now\n(1)'
13.5550 	EXP 	delay_text: height = 0.05
13.5550 	EXP 	delay_text: height = 0.05
13.5550 	EXP 	delay_text: height = 0.05
13.5550 	EXP 	delay_text: text = '$1000 in\n6 months\n(3)'
13.7885 	DATA 	Keypress: 1
13.9980 	DATA 	Keypress: 1
14.2159 	DATA 	Keypress: 1
14.4713 	DATA 	Keypress: 1
14.5560 	EXP 	New trial (rep=7, index=0): None
14.5727 	EXP 	immediate_text: font = 'Times New Roman'
14.5727 	EXP 	immediate_text: italic = False
14.5727 	EXP 	delay_text: font = 'Times New Roman'
14.5727 	EXP 	delay_text: italic = False
14.5727 	EXP 	immediate_text: font = 'Times New Roman'
14.5727 	EXP 	immediate_text: italic = False
14.5727 	EXP 	delay_text: font = 'Times New Roman'
14.5727 	EXP 	delay_text: italic = False
14.5727 	EXP 	immediate_text: autoDraw = True
14.5727 	EXP 	delay_text: autoDraw = True
14.5727 	EXP 	which_text: autoDraw = True
14.5727 	EXP 	or_text: autoDraw = True
14.5727 	EXP 	delay_text: height = 0.05
14.5727 	EXP 	delay_text: height = 0.05
14.5727 	EXP 	delay_text: height = 0.05
14.5727 	EXP 	delay_text: text = '$1000 in\n6 months\n(3)'
14.6812 	DATA 	Keypress: 1
14.7037 	EXP 	immediate_text: autoDraw = False
14.7037 	EXP 	delay_text: autoDraw = False
14.7037 	EXP 	which_text: autoDraw = False
14.7037 	EXP 	or_text: autoDraw = False
14.7037 	EXP 	immediate_text: font = 'Times New Roman'
14.7037 	EXP 	immediate_text: italic = True
14.7037 	EXP 	delay_text: font = 'Times New Roman'
14.7037 	EXP 	delay_text: italic = False
14.7037 	EXP 	immediate_text: height = 0.05
14.7037 	EXP 	immediate_text: height = 0.05
14.7037 	EXP 	immediate_text: height = 0.05
14.7037 	EXP 	immediate_text: text = '$3 now\n(1)'
14.7037 	EXP 	delay_text: height = 0.05
14.7037 	EXP 	delay_text: height = 0.05
14.7037 	EXP 	delay_text: height = 0.05
14.7037 	EXP 	delay_text: text = '$1000 in\n6 months\n(3)'
14.8888 	DATA 	Keypress: 1
15.1066 	DATA 	Keypress: 1
15.3232 	DATA 	Keypress: 1
15.5124 	DATA 	Keypress: 1
15.7052 	EXP 	New trial (rep=8, index=0): None
15.7218 	DATA 	Keypress: 1
15.7285 	EXP 	immediate_text: font = 'Times New Roman'
15.7285 	EXP 	immediate_text: italic = False
15.7285 	EXP 	delay_text: font = 'Times New Roman'
15.7285 	EXP 	delay_text: italic = False
15.7285 	EXP 	immediate_text: font = 'Times New Roman'
15.7285 	EXP 	immediate_text: italic = False
15.7285 	EXP 	delay_text: font = 'Times New Roman'
15.7285 	EXP 	delay_text: italic = False
15.7285 	EXP 	immediate_text: autoDraw = True
15.7285 	EXP 	delay_text: autoDraw = True
15.7285 	EXP 	which_text: autoDraw = True
15.7285 	EXP 	or_text: autoDraw = True
15.7285 	EXP 	delay_text: height = 0.05
15.7285 	EXP 	delay_text: height = 0.05
15.7285 	EXP 	delay_text: height = 0.05
15.7285 	EXP 	delay_text: text = '$1000 in\n6 months\n(3)'
15.9528 	DATA 	Keypress: 1
15.9580 	EXP 	immediate_text: autoDraw = False
15.9580 	EXP 	delay_text: autoDraw = False
15.9580 	EXP 	which_text: autoDraw = False
15.9580 	EXP 	or_text: autoDraw = False
15.9580 	EXP 	immediate_text: font = 'Times New Roman'
15.9580 	EXP 	immediate_text: italic = True
15.9580 	EXP 	delay_text: font = 'Times New Roman'
15.9580 	EXP 	delay_text: italic = False
15.9580 	EXP 	immediate_text: height = 0.05
15.9580 	EXP 	immediate_text: height = 0.05
15.9580 	EXP 	immediate_text: height = 0.05
15.9580 	EXP 	immediate_text: text = '$1 now\n(1)'
15.9580 	EXP 	delay_text: height = 0.05
15.9580 	EXP 	delay_text: height = 0.05
15.9580 	EXP 	delay_text: height = 0.05
15.9580 	EXP 	delay_text: text = '$1000 in\n6 months\n(3)'
16.1680 	DATA 	Keypress: 1
16.3853 	DATA 	Keypress: 1
16.6016 	DATA 	Keypress: 1
16.8087 	DATA 	Keypress: 1
16.9596 	EXP 	window1: mouseVisible = True
16.9748 	EXP 	Created block_text = TextStim(__class__=<class 'psychopy.visual.text.TextStim'>, alignHoriz=method-wrapper(...), alignText='center', alignVert=method-wrapper(...), anchorHoriz='center', anchorVert='center', antialias=True, autoDraw=False, autoLog=True, bold=False, color=array([1., 1., 1.]), colorSpace='rgb', contrast=1.0, depth=0, draggable=False, flipHoriz=False, flipVert=False, font='Times New Roman', fontFiles=[], height=0.05, italic=False, languageStyle='LTR', name='block_text', opacity=1.0, ori=0.0, pos=array([0., 0.]), rgb=UNKNOWN, text=str(...), units='height', win=Window(...), wrapWidth=1.2)
16.9818 	EXP 	immediate_text: font = 'Times New Roman'
16.9818 	EXP 	immediate_text: italic = False
16.9818 	EXP 	delay_text: font = 'Times New Roman'
16.9818 	EXP 	delay_text: italic = False
17.0189 	DATA 	Keypress: 1
17.2785 	DATA 	Keypress: 1
17.4771 	DATA 	Keypress: 1
17.7002 	DATA 	Keypress: 1
18.0907 	DATA 	Keypress: v
18.5543 	DATA 	Keypress: space
18.5559 	EXP 	Created sequence: random, trialTypes=1, nReps=9, seed=None
18.5562 	EXP 	New trial (rep=0, index=0): None
18.5814 	EXP 	immediate_text: font = 'Times New Roman'
18.5814 	EXP 	immediate_text: italic = False
18.5814 	EXP 	delay_text: font = 'Times New Roman'
18.5814 	EXP 	delay_text: italic = False
18.5814 	EXP 	immediate_text: autoDraw = True
18.5814 	EXP 	delay_text: autoDraw = True
18.5814 	EXP 	which_text: autoDraw = True
18.5814 	EXP 	or_text: autoDraw = True
19.0378 	DATA 	Keypress: 1
19.0639 	EXP 	immediate_text: autoDraw = False
19.0639 	EXP 	delay_text: autoDraw = False
19.0639 	EXP 	which_text: autoDraw = False
19.0639 	EXP 	or_text: autoDraw = False
19.0639 	EXP 	immediate_text: font = 'Times New Roman'
19.0639 	EXP 	immediate_text: italic = True
19.0639 	EXP 	delay_text: font = 'Times New Roman'
19.0639 	EXP 	delay_text: italic = False
19.0639 	EXP 	immediate_text: height = 0.05
19.0639 	EXP 	immediate_text: height = 0.05
19.0639 	EXP 	immediate_text: height = 0.05
19.0639 	EXP 	immediate_text: text = '$500 now\n(1)'
19.0639 	EXP 	delay_text: height = 0.05
19.0639 	EXP 	delay_text: height = 0.05
19.0639 	EXP 	delay_text: height = 0.05
19.0639 	EXP 	delay_text: text = '$1000 in\n15 years\n(3)'
19.2371 	DATA 	Keypress: 1
19.4347 	DATA 	Keypress: 1
19.6421 	DATA 	Keypress: 1
19.8611 	DATA 	Keypress: 1
20.0627 	DATA 	Keypress: 1
20.0648 	EXP 	New trial (rep=1, index=0): None
20.0806 	EXP 	immediate_text: font = 'Times New Roman'
20.0806 	EXP 	immediate_text: italic = False
20.0806 	EXP 	delay_text: font = 'Times New Roman'
20.0806 	EXP 	delay_text: italic = False
20.0806 	EXP 	immediate_text: font = 'Times New Roman'
20.0806 	EXP 	immediate_text: italic = False
20.0806 	EXP 	delay_text: font = 'Times New Roman'
20.0806 	EXP 	delay_text: italic = False
20.0806 	EXP 	immediate_text: autoDraw = True
20.0806 	EXP 	delay_text: autoDraw = True
20.0806 	EXP 	which_text: autoDraw = True
20.0806 	EXP 	or_text: autoDraw = True
20.0806 	EXP 	delay_text: height = 0.05
20.0806 	EXP 	delay_text: height = 0.05
20.0806 	EXP 	delay_text: height = 0.05
20.0806 	EXP 	delay_text: text = '$1000 in\n15 years\n(3)'
20.3158 	DATA 	Keypress: 1
20.3201 	EXP 	immediate_text: autoDraw = False
20.3201 	EXP 	delay_text: autoDraw = False
20.3201 	EXP 	which_text: autoDraw = False
20.3201 	EXP 	or_text: autoDraw = False
20.3201 	EXP 	immediate_text: font = 'Times New Roman'
20.3201 	EXP 	immediate_text: italic = True
20.3201 	EXP 	delay_text: font = 'Times New Roman'
20.3201 	EXP 	delay_text: italic = False
20.3201 	EXP 	immediate_text: height = 0.05
20.3201 	EXP 	immediate_text: height = 0.05
20.3201 	EXP 	immediate_text: height = 0.05
20.3201 	EXP 	immediate_text: text = '$250 now\n(1)'
20.3201 	EXP 	delay_text: height = 0.05
20.3201 	EXP 	delay_text: height = 0.05
20.3201 	EXP 	delay_text: height = 0.05
20.3201 	EXP 	delay_text: text = '$1000 in\n15 years\n(3)'
20.5287 	DATA 	Keypress: 1
20.7506 	DATA 	Keypress: 1
20.9944 	DATA 	Keypress: 1
21.1827 	DATA 	Keypress: 1
21.3212 	EXP 	New trial (rep=2, index=0): None
21.3363 	EXP 	immediate_text: font = 'Times New Roman'
21.3363 	EXP 	immediate_text: italic = False
21.3363 	EXP 	delay_text: font = 'Times New Roman'
21.3363 	EXP 	delay_text: italic = False
21.3363 	EXP 	immediate_text: font = 'Times New Roman'
21.3363 	EXP 	immediate_text: italic = False
21.3363 	EXP 	delay_text: font = 'Times New Roman'
21.3363 	EXP 	delay_text: italic = False
21.3363 	EXP 	immediate_text: autoDraw = True
21.3363 	EXP 	delay_text: autoDraw = True
21.3363 	EXP 	which_text: autoDraw = True
21.3363 	EXP 	or_text: autoDraw = True
21.3363 	EXP 	delay_text: height = 0.05
21.3363 	EXP 	delay_text: height = 0.05
21.3363 	EXP 	delay_text: height = 0.05
21.3363 	EXP 	delay_text: text = '$1000 in\n15 years\n(3)'
21.4167 	DATA 	Keypress: 1
21.4211 	EXP 	immediate_text: autoDraw = False
21.4211 	EXP 	delay_text: autoDraw = False
21.4211 	EXP 	which_text: autoDraw = False
21.4211 	EXP 	or_text: autoDraw = False
21.4211 	EXP 	immediate_text: font = 'Times New Roman'
21.4211 	EXP 	immediate_text: italic = True
21.4211 	EXP 	delay_text: font = 'Times New Roman'
21.4211 	EXP 	delay_text: italic = False
21.4211 	EXP 	immediate_text: height = 0.05
21.4211 	EXP 	immediate_text: height = 0.05
21.4211 	EXP 	immediate_text: height = 0.05
21.4211 	EXP 	immediate_text: text = '$125 now\n(1)'
21.4211 	EXP 	delay_text: height = 0.05
21.4211 	EXP 	delay_text: height = 0.05
21.4211 	EXP 	delay_text: height = 0.05
21.4211 	EXP 	delay_text: text = '$1000 in\n15 years\n(3)'
21.6321 	DATA 	Keypress: 1
21.8633 	DATA 	Keypress: 1
22.0775 	DATA 	Keypress: 1
22.2748 	DATA 	Keypress: 1
22.4221 	EXP 	New trial (rep=3, index=0): None
22.4376 	EXP 	immediate_text: font = 'Times New Roman'
22.4376 	EXP 	immediate_text: italic = False
22.4376 	EXP 	delay_text: font = 'Times New Roman'
22.4376 	EXP 	delay_text: italic = False
22.4376 	EXP 	immediate_text: font = 'Times New Roman'
22.4376 	EXP 	immediate_text: italic = False
22.4376 	EXP 	delay_text: font = 'Times New Roman'
22.4376 	EXP 	delay_text: italic = False
22.4376 	EXP 	immediate_text: autoDraw = True
22.4376 	EXP 	delay_text: autoDraw = True
22.4376 	EXP 	which_text: autoDraw = True
22.4376 	EXP 	or_text: autoDraw = True
22.4376 	EXP 	delay_text: height = 0.05
22.4376 	EXP 	delay_text: height = 0.05
22.4376 	EXP 	delay_text: height = 0.05
22.4376 	EXP 	delay_text: text = '$1000 in\n15 years\n(3)'
22.5009 	DATA 	Keypress: 1
22.5055 	EXP 	immediate_text: autoDraw = False
22.5055 	EXP 	delay_text: autoDraw = False
22.5055 	EXP 	which_text: autoDraw = False
22.5055 	EXP 	or_text: autoDraw = False
22.5055 	EXP 	immediate_text: font = 'Times New Roman'
22.5055 	EXP 	immediate_text: italic = True
22.5055 	EXP 	delay_text: font = 'Times New Roman'
22.5055 	EXP 	delay_text: italic = False
22.5055 	EXP 	immediate_text: height = 0.05
22.5055 	EXP 	immediate_text: height = 0.05
22.5055 	EXP 	immediate_text: height = 0.05
22.5055 	EXP 	immediate_text: text = '$62 now\n(1)'
22.5055 	EXP 	delay_text: height = 0.05
22.5055 	EXP 	delay_text: height = 0.05
22.5055 	EXP 	delay_text: height = 0.05
22.5055 	EXP 	delay_text: text = '$1000 in\n15 years\n(3)'
22.6919 	DATA 	Keypress: 1
22.9126 	DATA 	Keypress: 1
23.1297 	DATA 	Keypress: 1
23.3220 	DATA 	Keypress: 1
23.5067 	EXP 	New trial (rep=4, index=0): None
23.6561 	DATA 	Keypress: 1
23.6657 	EXP 	immediate_text: font = 'Times New Roman'
23.6657 	EXP 	immediate_text: italic = False
23.6657 	EXP 	delay_text: font = 'Times New Roman'
23.6657 	EXP 	delay_text: italic = False
23.6657 	EXP 	immediate_text: font = 'Times New Roman'
23.6657 	EXP 	immediate_text: italic = False
23.6657 	EXP 	delay_text: font = 'Times New Roman'
23.6657 	EXP 	delay_text: italic = False
23.6657 	EXP 	immediate_text: autoDraw = True
23.6657 	EXP 	delay_text: autoDraw = True
23.6657 	EXP 	which_text: autoDraw = True
23.6657 	EXP 	or_text: autoDraw = True
23.6657 	EXP 	delay_text: height = 0.05
23.6657 	EXP 	delay_text: height = 0.05
23.6657 	EXP 	delay_text: height = 0.05
23.6657 	EXP 	delay_text: text = '$1000 in\n15 years\n(3)'
23.7465 	DATA 	Keypress: 1
23.7702 	EXP 	immediate_text: autoDraw = False
23.7702 	EXP 	delay_text: autoDraw = False
23.7702 	EXP 	which_text: autoDraw = False
23.7702 	EXP 	or_text: autoDraw = False
23.7702 	EXP 	immediate_text: font = 'Times New Roman'
23.7702 	EXP 	immediate_text: italic = True
23.7702 	EXP 	delay_text: font = 'Times New Roman'
23.7702 	EXP 	delay_text: italic = False
23.7702 	EXP 	immediate_text: height = 0.05
23.7702 	EXP 	immediate_text: height = 0.05
23.7702 	EXP 	immediate_text: height = 0.05
23.7702 	EXP 	immediate_text: text = '$31 now\n(1)'
23.7702 	EXP 	delay_text: height = 0.05
23.7702 	EXP 	delay_text: height = 0.05
23.7702 	EXP 	delay_text: height = 0.05
23.7702 	EXP 	delay_text: text = '$1000 in\n15 years\n(3)'
23.9935 	DATA 	Keypress: 1
24.2180 	DATA 	Keypress: 1
24.4289 	DATA 	Keypress: 1
24.6391 	DATA 	Keypress: 1
24.7712 	EXP 	New trial (rep=5, index=0): None
24.7865 	EXP 	immediate_text: font = 'Times New Roman'
24.7865 	EXP 	immediate_text: italic = False
24.7865 	EXP 	delay_text: font = 'Times New Roman'
24.7865 	EXP 	delay_text: italic = False
24.7865 	EXP 	immediate_text: font = 'Times New Roman'
24.7865 	EXP 	immediate_text: italic = False
24.7865 	EXP 	delay_text: font = 'Times New Roman'
24.7865 	EXP 	delay_text: italic = False
24.7865 	EXP 	immediate_text: autoDraw = True
24.7865 	EXP 	delay_text: autoDraw = True
24.7865 	EXP 	which_text: autoDraw = True
24.7865 	EXP 	or_text: autoDraw = True
24.7865 	EXP 	delay_text: height = 0.05
24.7865 	EXP 	delay_text: height = 0.05
24.7865 	EXP 	delay_text: height = 0.05
24.7865 	EXP 	delay_text: text = '$1000 in\n15 years\n(3)'
24.8517 	DATA 	Keypress: 1
24.8705 	EXP 	immediate_text: autoDraw = False
24.8705 	EXP 	delay_text: autoDraw = False
24.8705 	EXP 	which_text: autoDraw = False
24.8705 	EXP 	or_text: autoDraw = False
24.8705 	EXP 	immediate_text: font = 'Times New Roman'
24.8705 	EXP 	immediate_text: italic = True
24.8705 	EXP 	delay_text: font = 'Times New Roman'
24.8705 	EXP 	delay_text: italic = False
24.8705 	EXP 	immediate_text: height = 0.05
24.8705 	EXP 	immediate_text: height = 0.05
24.8705 	EXP 	immediate_text: height = 0.05
24.8705 	EXP 	immediate_text: text = '$15 now\n(1)'
24.8705 	EXP 	delay_text: height = 0.05
24.8705 	EXP 	delay_text: height = 0.05
24.8705 	EXP 	delay_text: height = 0.05
24.8705 	EXP 	delay_text: text = '$1000 in\n15 years\n(3)'
25.1039 	DATA 	Keypress: 1
25.3397 	DATA 	Keypress: 1
25.5863 	DATA 	Keypress: 1
25.8093 	DATA 	Keypress: 1
25.8713 	EXP 	New trial (rep=6, index=0): None
25.8869 	EXP 	immediate_text: font = 'Times New Roman'
25.8869 	EXP 	immediate_text: italic = False
25.8869 	EXP 	delay_text: font = 'Times New Roman'
25.8869 	EXP 	delay_text: italic = False
25.8869 	EXP 	immediate_text: font = 'Times New Roman'
25.8869 	EXP 	immediate_text: italic = False
25.8869 	EXP 	delay_text: font = 'Times New Roman'
25.8869 	EXP 	delay_text: italic = False
25.8869 	EXP 	immediate_text: autoDraw = True
25.8869 	EXP 	delay_text: autoDraw = True
25.8869 	EXP 	which_text: autoDraw = True
25.8869 	EXP 	or_text: autoDraw = True
25.8869 	EXP 	delay_text: height = 0.05
25.8869 	EXP 	delay_text: height = 0.05
25.8869 	EXP 	delay_text: height = 0.05
25.8869 	EXP 	delay_text: text = '$1000 in\n15 years\n(3)'
26.0669 	DATA 	Keypress: 1
26.0713 	EXP 	immediate_text: autoDraw = False
26.0713 	EXP 	delay_text: autoDraw = False
26.0713 	EXP 	which_text: autoDraw = False
26.0713 	EXP 	or_text: autoDraw = False
26.0713 	EXP 	immediate_text: font = 'Times New Roman'
26.0713 	EXP 	immediate_text: italic = True
26.0713 	EXP 	delay_text: font = 'Times New Roman'
26.0713 	EXP 	delay_text: italic = False
26.0713 	EXP 	immediate_text: height = 0.05
26.0713 	EXP 	immediate_text: height = 0.05
26.0713 	EXP 	immediate_text: height = 0.05
26.0713 	EXP 	immediate_text: text = '$7 now\n(1)'
26.0713 	EXP 	delay_text: height = 0.05
26.0713 	EXP 	delay_text: height = 0.05
26.0713 	EXP 	delay_text: height = 0.05
26.0713 	EXP 	delay_text: text = '$1000 in\n15 years\n(3)'
26.2826 	DATA 	Keypress: 1
26.5108 	DATA 	Keypress: 1
26.7271 	DATA 	Keypress: 1
26.9677 	DATA 	Keypress: 1
27.0723 	EXP 	New trial (rep=7, index=0): None
27.0891 	EXP 	immediate_text: font = 'Times New Roman'
27.0891 	EXP 	immediate_text: italic = False
27.0891 	EXP 	delay_text: font = 'Times New Roman'
27.0891 	EXP 	delay_text: italic = False
27.0891 	EXP 	immediate_text: font = 'Times New Roman'
27.0891 	EXP 	immediate_text: italic = False
27.0891 	EXP 	delay_text: font = 'Times New Roman'
27.0891 	EXP 	delay_text: italic = False
27.0891 	EXP 	immediate_text: autoDraw = True
27.0891 	EXP 	delay_text: autoDraw = True
27.0891 	EXP 	which_text: autoDraw = True
27.0891 	EXP 	or_text: autoDraw = True
27.0891 	EXP 	delay_text: height = 0.05
27.0891 	EXP 	delay_text: height = 0.05
27.0891 	EXP 	delay_text: height = 0.05
27.0891 	EXP 	delay_text: text = '$1000 in\n15 years\n(3)'
27.2178 	DATA 	Keypress: 1
27.2225 	EXP 	immediate_text: autoDraw = False
27.2225 	EXP 	delay_text: autoDraw = False
27.2225 	EXP 	which_text: autoDraw = False
27.2225 	EXP 	or_text: autoDraw = False
27.2225 	EXP 	immediate_text: font = 'Times New Roman'
27.2225 	EXP 	immediate_text: italic = True
27.2225 	EXP 	delay_text: font = 'Times New Roman'
27.2225 	EXP 	delay_text: italic = False
27.2225 	EXP 	immediate_text: height = 0.05
27.2225 	EXP 	immediate_text: height = 0.05
27.2225 	EXP 	immediate_text: height = 0.05
27.2225 	EXP 	immediate_text: text = '$3 now\n(1)'
27.2225 	EXP 	delay_text: height = 0.05
27.2225 	EXP 	delay_text: height = 0.05
27.2225 	EXP 	delay_text: height = 0.05
27.2225 	EXP 	delay_text: text = '$1000 in\n15 years\n(3)'
27.4559 	DATA 	Keypress: 1
27.6780 	DATA 	Keypress: 1
27.9099 	DATA 	Keypress: 1
28.1456 	DATA 	Keypress: 1
28.2234 	EXP 	New trial (rep=8, index=0): None
28.2391 	EXP 	immediate_text: font = 'Times New Roman'
28.2391 	EXP 	immediate_text: italic = False
28.2391 	EXP 	delay_text: font = 'Times New Roman'
28.2391 	EXP 	delay_text: italic = False
28.2391 	EXP 	immediate_text: font = 'Times New Roman'
28.2391 	EXP 	immediate_text: italic = False
28.2391 	EXP 	delay_text: font = 'Times New Roman'
28.2391 	EXP 	delay_text: italic = False
28.2391 	EXP 	immediate_text: autoDraw = True
28.2391 	EXP 	delay_text: autoDraw = True
28.2391 	EXP 	which_text: autoDraw = True
28.2391 	EXP 	or_text: autoDraw = True
28.2391 	EXP 	delay_text: height = 0.05
28.2391 	EXP 	delay_text: height = 0.05
28.2391 	EXP 	delay_text: height = 0.05
28.2391 	EXP 	delay_text: text = '$1000 in\n15 years\n(3)'
28.3773 	DATA 	Keypress: 1
28.4133 	EXP 	immediate_text: autoDraw = False
28.4133 	EXP 	delay_text: autoDraw = False
28.4133 	EXP 	which_text: autoDraw = False
28.4133 	EXP 	or_text: autoDraw = False
28.4133 	EXP 	immediate_text: font = 'Times New Roman'
28.4133 	EXP 	immediate_text: italic = True
28.4133 	EXP 	delay_text: font = 'Times New Roman'
28.4133 	EXP 	delay_text: italic = False
28.4133 	EXP 	immediate_text: height = 0.05
28.4133 	EXP 	immediate_text: height = 0.05
28.4133 	EXP 	immediate_text: height = 0.05
28.4133 	EXP 	immediate_text: text = '$1 now\n(1)'
28.4133 	EXP 	delay_text: height = 0.05
28.4133 	EXP 	delay_text: height = 0.05
28.4133 	EXP 	delay_text: height = 0.05
28.4133 	EXP 	delay_text: text = '$1000 in\n15 years\n(3)'
28.6361 	DATA 	Keypress: 1
28.8905 	DATA 	Keypress: 1
29.1286 	DATA 	Keypress: 1
29.3711 	DATA 	Keypress: 1
29.4145 	EXP 	window1: mouseVisible = True
29.4224 	EXP 	Created block_text = TextStim(__class__=<class 'psychopy.visual.text.TextStim'>, alignHoriz=method-wrapper(...), alignText='center', alignVert=method-wrapper(...), anchorHoriz='center', anchorVert='center', antialias=True, autoDraw=False, autoLog=True, bold=False, color=array([1., 1., 1.]), colorSpace='rgb', contrast=1.0, depth=0, draggable=False, flipHoriz=False, flipVert=False, font='Times New Roman', fontFiles=[], height=0.05, italic=False, languageStyle='LTR', name='block_text', opacity=1.0, ori=0.0, pos=array([0., 0.]), rgb=UNKNOWN, text=str(...), units='height', win=Window(...), wrapWidth=1.2)
29.4280 	EXP 	immediate_text: font = 'Times New Roman'
29.4280 	EXP 	immediate_text: italic = False
29.4280 	EXP 	delay_text: font = 'Times New Roman'
29.4280 	EXP 	delay_text: italic = False
29.5977 	DATA 	Keypress: 1
29.8297 	DATA 	Keypress: 1
30.2617 	DATA 	Keypress: space
30.2629 	EXP 	Created sequence: random, trialTypes=1, nReps=9, seed=None
30.2631 	EXP 	New trial (rep=0, index=0): None
30.2817 	EXP 	immediate_text: font = 'Times New Roman'
30.2817 	EXP 	immediate_text: italic = False
30.2817 	EXP 	delay_text: font = 'Times New Roman'
30.2817 	EXP 	delay_text: italic = False
30.2817 	EXP 	immediate_text: autoDraw = True
30.2817 	EXP 	delay_text: autoDraw = True
30.2817 	EXP 	which_text: autoDraw = True
30.2817 	EXP 	or_text: autoDraw = True
30.6519 	DATA 	Keypress: 1
30.6560 	EXP 	immediate_text: autoDraw = False
30.6560 	EXP 	delay_text: autoDraw = False
30.6560 	EXP 	which_text: autoDraw = False
30.6560 	EXP 	or_text: autoDraw = False
30.6560 	EXP 	immediate_text: font = 'Times New Roman'
30.6560 	EXP 	immediate_text: italic = True
30.6560 	EXP 	delay_text: font = 'Times New Roman'
30.6560 	EXP 	delay_text: italic = False
30.6560 	EXP 	immediate_text: height = 0.05
30.6560 	EXP 	immediate_text: height = 0.05
30.6560 	EXP 	immediate_text: height = 0.05
30.6560 	EXP 	immediate_text: text = '$800 now\n(1)'
30.6560 	EXP 	delay_text: height = 0.05
30.6560 	EXP 	delay_text: height = 0.05
30.6560 	EXP 	delay_text: height = 0.05
30.6560 	EXP 	delay_text: text = '$1000 in\n1 year\n(3)'
30.8170 	DATA 	Keypress: 1
31.0823 	DATA 	Keypress: 1
31.3135 	DATA 	Keypress: 1
31.5410 	DATA 	Keypress: 1
31.6569 	EXP 	New trial (rep=1, index=0): None
31.6754 	EXP 	immediate_text: font = 'Times New Roman'
31.6754 	EXP 	immediate_text: italic = False
31.6754 	EXP 	delay_text: font = 'Times New Roman'
31.6754 	EXP 	delay_text: italic = False
31.6754 	EXP 	immediate_text: font = 'Times New Roman'
31.6754 	EXP 	immediate_text: italic = False
31.6754 	EXP 	delay_text: font = 'Times New Roman'
31.6754 	EXP 	delay_text: italic = False
31.6754 	EXP 	immediate_text: autoDraw = True
31.6754 	EXP 	delay_text: autoDraw = True
31.6754 	EXP 	which_text: autoDraw = True
31.6754 	EXP 	or_text: autoDraw = True
31.6754 	EXP 	delay_text: height = 0.05
31.6754 	EXP 	delay_text: height = 0.05
31.6754 	EXP 	delay_text: height = 0.05
31.6754 	EXP 	delay_text: text = '$1000 in\n1 year\n(3)'
31.7707 	DATA 	Keypress: 1
31.7934 	EXP 	immediate_text: autoDraw = False
31.7934 	EXP 	delay_text: autoDraw = False
31.7934 	EXP 	which_text: autoDraw = False
31.7934 	EXP 	or_text: autoDraw = False
31.7934 	EXP 	immediate_text: font = 'Times New Roman'
31.7934 	EXP 	immediate_text: italic = True
31.7934 	EXP 	delay_text: font = 'Times New Roman'
31.7934 	EXP 	delay_text: italic = False
31.7934 	EXP 	immediate_text: height = 0.05
31.7934 	EXP 	immediate_text: height = 0.05
31.7934 	EXP 	immediate_text: height = 0.05
31.7934 	EXP 	immediate_text: text = '$400 now\n(1)'
31.7934 	EXP 	delay_text: height = 0.05
31.7934 	EXP 	delay_text: height = 0.05
31.7934 	EXP 	delay_text: height = 0.05
31.7934 	EXP 	delay_text: text = '$1000 in\n1 year\n(3)'
32.0277 	DATA 	Keypress: 1
32.3004 	DATA 	Keypress: 1
32.5942 	DATA 	Keypress: 1
32.7944 	EXP 	New trial (rep=2, index=0): None
32.8100 	EXP 	immediate_text: font = 'Times New Roman'
32.8100 	EXP 	immediate_text: italic = False
32.8100 	EXP 	delay_text: font = 'Times New Roman'
32.8100 	EXP 	delay_text: italic = False
32.8100 	EXP 	immediate_text: font = 'Times New Roman'
32.8100 	EXP 	immediate_text: italic = False
32.8100 	EXP 	delay_text: font = 'Times New Roman'
32.8100 	EXP 	delay_text: italic = False
32.8100 	EXP 	immediate_text: autoDraw = True
32.8100 	EXP 	delay_text: autoDraw = True
32.8100 	EXP 	which_text: autoDraw = True
32.8100 	EXP 	or_text: autoDraw = True
32.8100 	EXP 	delay_text: height = 0.05
32.8100 	EXP 	delay_text: height = 0.05
32.8100 	EXP 	delay_text: height = 0.05
32.8100 	EXP 	delay_text: text = '$1000 in\n1 year\n(3)'
32.8583 	DATA 	Keypress: 1
32.8632 	EXP 	immediate_text: autoDraw = False
32.8632 	EXP 	delay_text: autoDraw = False
32.8632 	EXP 	which_text: autoDraw = False
32.8632 	EXP 	or_text: autoDraw = False
32.8632 	EXP 	immediate_text: font = 'Times New Roman'
32.8632 	EXP 	immediate_text: italic = True
32.8632 	EXP 	delay_text: font = 'Times New Roman'
32.8632 	EXP 	delay_text: italic = False
32.8632 	EXP 	immediate_text: height = 0.05
32.8632 	EXP 	immediate_text: height = 0.05
32.8632 	EXP 	immediate_text: height = 0.05
32.8632 	EXP 	immediate_text: text = '$200 now\n(1)'
32.8632 	EXP 	delay_text: height = 0.05
32.8632 	EXP 	delay_text: height = 0.05
32.8632 	EXP 	delay_text: height = 0.05
32.8632 	EXP 	delay_text: text = '$1000 in\n1 year\n(3)'
33.1179 	DATA 	Keypress: 1
33.3676 	DATA 	Keypress: 1
33.6354 	DATA 	Keypress: 1
33.8642 	EXP 	New trial (rep=3, index=0): None
33.8795 	EXP 	immediate_text: font = 'Times New Roman'
33.8795 	EXP 	immediate_text: italic = False
33.8795 	EXP 	delay_text: font = 'Times New Roman'
33.8795 	EXP 	delay_text: italic = False
33.8795 	EXP 	immediate_text: font = 'Times New Roman'
33.8795 	EXP 	immediate_text: italic = False
33.8795 	EXP 	delay_text: font = 'Times New Roman'
33.8795 	EXP 	delay_text: italic = False
33.8795 	EXP 	immediate_text: autoDraw = True
33.8795 	EXP 	delay_text: autoDraw = True
33.8795 	EXP 	which_text: autoDraw = True
33.8795 	EXP 	or_text: autoDraw = True
33.8795 	EXP 	delay_text: height = 0.05
33.8795 	EXP 	delay_text: height = 0.05
33.8795 	EXP 	delay_text: height = 0.05
33.8795 	EXP 	delay_text: text = '$1000 in\n1 year\n(3)'
33.8937 	DATA 	Keypress: 1
34.1510 	DATA 	Keypress: 1
34.1556 	EXP 	immediate_text: autoDraw = False
34.1556 	EXP 	delay_text: autoDraw = False
34.1556 	EXP 	which_text: autoDraw = False
34.1556 	EXP 	or_text: autoDraw = False
34.1556 	EXP 	immediate_text: font = 'Times New Roman'
34.1556 	EXP 	immediate_text: italic = True
34.1556 	EXP 	delay_text: font = 'Times New Roman'
34.1556 	EXP 	delay_text: italic = False
34.1556 	EXP 	immediate_text: height = 0.05
34.1556 	EXP 	immediate_text: height = 0.05
34.1556 	EXP 	immediate_text: height = 0.05
34.1556 	EXP 	immediate_text: text = '$100 now\n(1)'
34.1556 	EXP 	delay_text: height = 0.05
34.1556 	EXP 	delay_text: height = 0.05
34.1556 	EXP 	delay_text: height = 0.05
34.1556 	EXP 	delay_text: text = '$1000 in\n1 year\n(3)'
34.4019 	DATA 	Keypress: 1
34.6809 	DATA 	Keypress: 1
34.9627 	DATA 	Keypress: 1
35.1566 	EXP 	New trial (rep=4, index=0): None
35.1722 	EXP 	immediate_text: font = 'Times New Roman'
35.1722 	EXP 	immediate_text: italic = False
35.1722 	EXP 	delay_text: font = 'Times New Roman'
35.1722 	EXP 	delay_text: italic = False
35.1722 	EXP 	immediate_text: font = 'Times New Roman'
35.1722 	EXP 	immediate_text: italic = False
35.1722 	EXP 	delay_text: font = 'Times New Roman'
35.1722 	EXP 	delay_text: italic = False
35.1722 	EXP 	immediate_text: autoDraw = True
35.1722 	EXP 	delay_text: autoDraw = True
35.1722 	EXP 	which_text: autoDraw = True
35.1722 	EXP 	or_text: autoDraw = True
35.1722 	EXP 	delay_text: height = 0.05
35.1722 	EXP 	delay_text: height = 0.05
35.1722 	EXP 	delay_text: height = 0.05
35.1722 	EXP 	delay_text: text = '$1000 in\n1 year\n(3)'
35.2294 	DATA 	Keypress: 1
35.2347 	EXP 	immediate_text: autoDraw = False
35.2347 	EXP 	delay_text: autoDraw = False
35.2347 	EXP 	which_text: autoDraw = False
35.2347 	EXP 	or_text: autoDraw = False
35.2347 	EXP 	immediate_text: font = 'Times New Roman'
35.2347 	EXP 	immediate_text: italic = True
35.2347 	EXP 	delay_text: font = 'Times New Roman'
35.2347 	EXP 	delay_text: italic = False
35.2347 	EXP 	immediate_text: height = 0.05
35.2347 	EXP 	immediate_text: height = 0.05
35.2347 	EXP 	immediate_text: height = 0.05
35.2347 	EXP 	immediate_text: text = '$50 now\n(1)'
35.2347 	EXP 	delay_text: height = 0.05
35.2347 	EXP 	delay_text: height = 0.05
35.2347 	EXP 	delay_text: height = 0.05
35.2347 	EXP 	delay_text: text = '$1000 in\n1 year\n(3)'
35.4675 	DATA 	Keypress: 1
35.6969 	DATA 	Keypress: 1
35.9251 	DATA 	Keypress: 1
36.1830 	DATA 	Keypress: 1
36.2361 	EXP 	New trial (rep=5, index=0): None
36.2517 	EXP 	immediate_text: font = 'Times New Roman'
36.2517 	EXP 	immediate_text: italic = False
36.2517 	EXP 	delay_text: font = 'Times New Roman'
36.2517 	EXP 	delay_text: italic = False
36.2517 	EXP 	immediate_text: font = 'Times New Roman'
36.2517 	EXP 	immediate_text: italic = False
36.2517 	EXP 	delay_text: font = 'Times New Roman'
36.2517 	EXP 	delay_text: italic = False
36.2517 	EXP 	immediate_text: autoDraw = True
36.2517 	EXP 	delay_text: autoDraw = True
36.2517 	EXP 	which_text: autoDraw = True
36.2517 	EXP 	or_text: autoDraw = True
36.2517 	EXP 	delay_text: height = 0.05
36.2517 	EXP 	delay_text: height = 0.05
36.2517 	EXP 	delay_text: height = 0.05
36.2517 	EXP 	delay_text: text = '$1000 in\n1 year\n(3)'
36.4425 	DATA 	Keypress: 1
36.4472 	EXP 	immediate_text: autoDraw = False
36.4472 	EXP 	delay_text: autoDraw = False
36.4472 	EXP 	which_text: autoDraw = False
36.4472 	EXP 	or_text: autoDraw = False
36.4472 	EXP 	immediate_text: font = 'Times New Roman'
36.4472 	EXP 	immediate_text: italic = True
36.4472 	EXP 	delay_text: font = 'Times New Roman'
36.4472 	EXP 	delay_text: italic = False
36.4472 	EXP 	immediate_text: height = 0.05
36.4472 	EXP 	immediate_text: height = 0.05
36.4472 	EXP 	immediate_text: height = 0.05
36.4472 	EXP 	immediate_text: text = '$25 now\n(1)'
36.4472 	EXP 	delay_text: height = 0.05
36.4472 	EXP 	delay_text: height = 0.05
36.4472 	EXP 	delay_text: height = 0.05
36.4472 	EXP 	delay_text: text = '$1000 in\n1 year\n(3)'
36.6919 	DATA 	Keypress: 1
36.9237 	DATA 	Keypress: 1
37.2192 	DATA 	Keypress: 1
37.4482 	EXP 	New trial (rep=6, index=0): None
37.4634 	EXP 	immediate_text: font = 'Times New Roman'
37.4634 	EXP 	immediate_text: italic = False
37.4634 	EXP 	delay_text: font = 'Times New Roman'
37.4634 	EXP 	delay_text: italic = False
37.4634 	EXP 	immediate_text: font = 'Times New Roman'
37.4634 	EXP 	immediate_text: italic = False
37.4634 	EXP 	delay_text: font = 'Times New Roman'
37.4634 	EXP 	delay_text: italic = False
37.4634 	EXP 	immediate_text: autoDraw = True
37.4634 	EXP 	delay_text: autoDraw = True
37.4634 	EXP 	which_text: autoDraw = True
37.4634 	EXP 	or_text: autoDraw = True
37.4634 	EXP 	delay_text: height = 0.05
37.4634 	EXP 	delay_text: height = 0.05
37.4634 	EXP 	delay_text: height = 0.05
37.4634 	EXP 	delay_text: text = '$1000 in\n1 year\n(3)'
37.4838 	DATA 	Keypress: 1
37.4895 	EXP 	immediate_text: autoDraw = False
37.4895 	EXP 	delay_text: autoDraw = False
37.4895 	EXP 	which_text: autoDraw = False
37.4895 	EXP 	or_text: autoDraw = False
37.4895 	EXP 	immediate_text: font = 'Times New Roman'
37.4895 	EXP 	immediate_text: italic = True
37.4895 	EXP 	delay_text: font = 'Times New Roman'
37.4895 	EXP 	delay_text: italic = False
37.4895 	EXP 	immediate_text: height = 0.05
37.4895 	EXP 	immediate_text: height = 0.05
37.4895 	EXP 	immediate_text: height = 0.05
37.4895 	EXP 	immediate_text: text = '$12 now\n(1)'
37.4895 	EXP 	delay_text: height = 0.05
37.4895 	EXP 	delay_text: height = 0.05
37.4895 	EXP 	delay_text: height = 0.05
37.4895 	EXP 	delay_text: text = '$1000 in\n1 year\n(3)'
37.7346 	DATA 	Keypress: 1
37.9542 	DATA 	Keypress: 1
38.2876 	DATA 	Keypress: 1
38.4903 	EXP 	New trial (rep=7, index=0): None
38.5079 	EXP 	immediate_text: font = 'Times New Roman'
38.5079 	EXP 	immediate_text: italic = False
38.5079 	EXP 	delay_text: font = 'Times New Roman'
38.5079 	EXP 	delay_text: italic = False
38.5079 	EXP 	immediate_text: font = 'Times New Roman'
38.5079 	EXP 	immediate_text: italic = False
38.5079 	EXP 	delay_text: font = 'Times New Roman'
38.5079 	EXP 	delay_text: italic = False
38.5079 	EXP 	immediate_text: autoDraw = True
38.5079 	EXP 	delay_text: autoDraw = True
38.5079 	EXP 	which_text: autoDraw = True
38.5079 	EXP 	or_text: autoDraw = True
38.5079 	EXP 	delay_text: height = 0.05
38.5079 	EXP 	delay_text: height = 0.05
38.5079 	EXP 	delay_text: height = 0.05
38.5079 	EXP 	delay_text: text = '$1000 in\n1 year\n(3)'
38.5142 	DATA 	Keypress: 1
38.7921 	DATA 	Keypress: 1
38.7966 	EXP 	immediate_text: autoDraw = False
38.7966 	EXP 	delay_text: autoDraw = False
38.7966 	EXP 	which_text: autoDraw = False
38.7966 	EXP 	or_text: autoDraw = False
38.7966 	EXP 	immediate_text: font = 'Times New Roman'
38.7966 	EXP 	immediate_text: italic = True
38.7966 	EXP 	delay_text: font = 'Times New Roman'
38.7966 	EXP 	delay_text: italic = False
38.7966 	EXP 	immediate_text: height = 0.05
38.7966 	EXP 	immediate_text: height = 0.05
38.7966 	EXP 	immediate_text: height = 0.05
38.7966 	EXP 	immediate_text: text = '$6 now\n(1)'
38.7966 	EXP 	delay_text: height = 0.05
38.7966 	EXP 	delay_text: height = 0.05
38.7966 	EXP 	delay_text: height = 0.05
38.7966 	EXP 	delay_text: text = '$1000 in\n1 year\n(3)'
39.0885 	DATA 	Keypress: 1
39.6518 	DATA 	Keypress: 1
39.7975 	EXP 	New trial (rep=8, index=0): None
39.8131 	EXP 	immediate_text: font = 'Times New Roman'
39.8131 	EXP 	immediate_text: italic = False
39.8131 	EXP 	delay_text: font = 'Times New Roman'
39.8131 	EXP 	delay_text: italic = False
39.8131 	EXP 	immediate_text: font = 'Times New Roman'
39.8131 	EXP 	immediate_text: italic = False
39.8131 	EXP 	delay_text: font = 'Times New Roman'
39.8131 	EXP 	delay_text: italic = False
39.8131 	EXP 	immediate_text: autoDraw = True
39.8131 	EXP 	delay_text: autoDraw = True
39.8131 	EXP 	which_text: autoDraw = True
39.8131 	EXP 	or_text: autoDraw = True
39.8131 	EXP 	delay_text: height = 0.05
39.8131 	EXP 	delay_text: height = 0.05
39.8131 	EXP 	delay_text: height = 0.05
39.8131 	EXP 	delay_text: text = '$1000 in\n1 year\n(3)'
39.9010 	DATA 	Keypress: 1
39.9058 	EXP 	immediate_text: autoDraw = False
39.9058 	EXP 	delay_text: autoDraw = False
39.9058 	EXP 	which_text: autoDraw = False
39.9058 	EXP 	or_text: autoDraw = False
39.9058 	EXP 	immediate_text: font = 'Times New Roman'
39.9058 	EXP 	immediate_text: italic = True
39.9058 	EXP 	delay_text: font = 'Times New Roman'
39.9058 	EXP 	delay_text: italic = False
39.9058 	EXP 	immediate_text: height = 0.05
39.9058 	EXP 	immediate_text: height = 0.05
39.9058 	EXP 	immediate_text: height = 0.05
39.9058 	EXP 	immediate_text: text = '$3 now\n(1)'
39.9058 	EXP 	delay_text: height = 0.05
39.9058 	EXP 	delay_text: height = 0.05
39.9058 	EXP 	delay_text: height = 0.05
39.9058 	EXP 	delay_text: text = '$1000 in\n1 year\n(3)'
40.1658 	DATA 	Keypress: 1
40.4120 	DATA 	Keypress: 1
40.6436 	DATA 	Keypress: 1
40.8556 	DATA 	Keypress: 1
40.9070 	EXP 	window1: mouseVisible = True
40.9147 	EXP 	Created block_text = TextStim(__class__=<class 'psychopy.visual.text.TextStim'>, alignHoriz=method-wrapper(...), alignText='center', alignVert=method-wrapper(...), anchorHoriz='center', anchorVert='center', antialias=True, autoDraw=False, autoLog=True, bold=False, color=array([1., 1., 1.]), colorSpace='rgb', contrast=1.0, depth=0, draggable=False, flipHoriz=False, flipVert=False, font='Times New Roman', fontFiles=[], height=0.05, italic=False, languageStyle='LTR', name='block_text', opacity=1.0, ori=0.0, pos=array([0., 0.]), rgb=UNKNOWN, text=str(...), units='height', win=Window(...), wrapWidth=1.2)
40.9202 	EXP 	immediate_text: font = 'Times New Roman'
40.9202 	EXP 	immediate_text: italic = False
40.9202 	EXP 	delay_text: font = 'Times New Roman'
40.9202 	EXP 	delay_text: italic = False
41.0654 	DATA 	Keypress: 1
41.3215 	DATA 	Keypress: 1
41.7076 	DATA 	Keypress: space
41.7088 	EXP 	Created sequence: random, trialTypes=1, nReps=9, seed=None
41.7090 	EXP 	New trial (rep=0, index=0): None
41.7253 	EXP 	immediate_text: font = 'Times New Roman'
41.7253 	EXP 	immediate_text: italic = False
41.7253 	EXP 	delay_text: font = 'Times New Roman'
41.7253 	EXP 	delay_text: italic = False
41.7253 	EXP 	immediate_text: autoDraw = True
41.7253 	EXP 	delay_text: autoDraw = True
41.7253 	EXP 	which_text: autoDraw = True
41.7253 	EXP 	or_text: autoDraw = True
42.4350 	DATA 	Keypress: 1
42.4400 	EXP 	immediate_text: autoDraw = False
42.4400 	EXP 	delay_text: autoDraw = False
42.4400 	EXP 	which_text: autoDraw = False
42.4400 	EXP 	or_text: autoDraw = False
42.4400 	EXP 	immediate_text: font = 'Times New Roman'
42.4400 	EXP 	immediate_text: italic = True
42.4400 	EXP 	delay_text: font = 'Times New Roman'
42.4400 	EXP 	delay_text: italic = False
42.4400 	EXP 	immediate_text: height = 0.05
42.4400 	EXP 	immediate_text: height = 0.05
42.4400 	EXP 	immediate_text: height = 0.05
42.4400 	EXP 	immediate_text: text = '$500 now\n(1)'
42.4400 	EXP 	delay_text: height = 0.05
42.4400 	EXP 	delay_text: height = 0.05
42.4400 	EXP 	delay_text: height = 0.05
42.4400 	EXP 	delay_text: text = '$1000 in\n5 years\n(3)'
42.6393 	DATA 	Keypress: 1
42.9156 	DATA 	Keypress: 1
43.2005 	DATA 	Keypress: 1
43.4409 	EXP 	New trial (rep=1, index=0): None
43.4533 	DATA 	Keypress: 1
43.4583 	EXP 	immediate_text: font = 'Times New Roman'
43.4583 	EXP 	immediate_text: italic = False
43.4583 	EXP 	delay_text: font = 'Times New Roman'
43.4583 	EXP 	delay_text: italic = False
43.4583 	EXP 	immediate_text: font = 'Times New Roman'
43.4583 	EXP 	immediate_text: italic = False
43.4583 	EXP 	delay_text: font = 'Times New Roman'
43.4583 	EXP 	delay_text: italic = False
43.4583 	EXP 	immediate_text: autoDraw = True
43.4583 	EXP 	delay_text: autoDraw = True
43.4583 	EXP 	which_text: autoDraw = True
43.4583 	EXP 	or_text: autoDraw = True
43.4583 	EXP 	delay_text: height = 0.05
43.4583 	EXP 	delay_text: height = 0.05
43.4583 	EXP 	delay_text: height = 0.05
43.4583 	EXP 	delay_text: text = '$1000 in\n5 years\n(3)'
43.7001 	DATA 	Keypress: 1
43.7044 	EXP 	immediate_text: autoDraw = False
43.7044 	EXP 	delay_text: autoDraw = False
43.7044 	EXP 	which_text: autoDraw = False
43.7044 	EXP 	or_text: autoDraw = False
43.7044 	EXP 	immediate_text: font = 'Times New Roman'
43.7044 	EXP 	immediate_text: italic = True
43.7044 	EXP 	delay_text: font = 'Times New Roman'
43.7044 	EXP 	delay_text: italic = False
43.7044 	EXP 	immediate_text: height = 0.05
43.7044 	EXP 	immediate_text: height = 0.05
43.7044 	EXP 	immediate_text: height = 0.05
43.7044 	EXP 	immediate_text: text = '$250 now\n(1)'
43.7044 	EXP 	delay_text: height = 0.05
43.7044 	EXP 	delay_text: height = 0.05
43.7044 	EXP 	delay_text: height = 0.05
43.7044 	EXP 	delay_text: text = '$1000 in\n5 years\n(3)'
43.9016 	DATA 	Keypress: 1
44.1662 	DATA 	Keypress: 1
44.3939 	DATA 	Keypress: 1
44.6162 	DATA 	Keypress: 1
44.7056 	EXP 	New trial (rep=2, index=0): None
44.7216 	EXP 	immediate_text: font = 'Times New Roman'
44.7216 	EXP 	immediate_text: italic = False
44.7216 	EXP 	delay_text: font = 'Times New Roman'
44.7216 	EXP 	delay_text: italic = False
44.7216 	EXP 	immediate_text: font = 'Times New Roman'
44.7216 	EXP 	immediate_text: italic = False
44.7216 	EXP 	delay_text: font = 'Times New Roman'
44.7216 	EXP 	delay_text: italic = False
44.7216 	EXP 	immediate_text: autoDraw = True
44.7216 	EXP 	delay_text: autoDraw = True
44.7216 	EXP 	which_text: autoDraw = True
44.7216 	EXP 	or_text: autoDraw = True
44.7216 	EXP 	delay_text: height = 0.05
44.7216 	EXP 	delay_text: height = 0.05
44.7216 	EXP 	delay_text: height = 0.05
44.7216 	EXP 	delay_text: text = '$1000 in\n5 years\n(3)'
44.8662 	DATA 	Keypress: 1
44.8710 	EXP 	immediate_text: autoDraw = False
44.8710 	EXP 	delay_text: autoDraw = False
44.8710 	EXP 	which_text: autoDraw = False
44.8710 	EXP 	or_text: autoDraw = False
44.8710 	EXP 	immediate_text: font = 'Times New Roman'
44.8710 	EXP 	immediate_text: italic = True
44.8710 	EXP 	delay_text: font = 'Times New Roman'
44.8710 	EXP 	delay_text: italic = False
44.8710 	EXP 	immediate_text: height = 0.05
44.8710 	EXP 	immediate_text: height = 0.05
44.8710 	EXP 	immediate_text: height = 0.05
44.8710 	EXP 	immediate_text: text = '$125 now\n(1)'
44.8710 	EXP 	delay_text: height = 0.05
44.8710 	EXP 	delay_text: height = 0.05
44.8710 	EXP 	delay_text: height = 0.05
44.8710 	EXP 	delay_text: text = '$1000 in\n5 years\n(3)'
45.1041 	DATA 	Keypress: 1
45.3384 	DATA 	Keypress: 1
45.7422 	DATA 	Keypress: 1
45.8720 	EXP 	New trial (rep=3, index=0): None
45.8871 	EXP 	immediate_text: font = 'Times New Roman'
45.8871 	EXP 	immediate_text: italic = False
45.8871 	EXP 	delay_text: font = 'Times New Roman'
45.8871 	EXP 	delay_text: italic = False
45.8871 	EXP 	immediate_text: font = 'Times New Roman'
45.8871 	EXP 	immediate_text: italic = False
45.8871 	EXP 	delay_text: font = 'Times New Roman'
45.8871 	EXP 	delay_text: italic = False
45.8871 	EXP 	immediate_text: autoDraw = True
45.8871 	EXP 	delay_text: autoDraw = True
45.8871 	EXP 	which_text: autoDraw = True
45.8871 	EXP 	or_text: autoDraw = True
45.8871 	EXP 	delay_text: height = 0.05
45.8871 	EXP 	delay_text: height = 0.05
45.8871 	EXP 	delay_text: height = 0.05
45.8871 	EXP 	delay_text: text = '$1000 in\n5 years\n(3)'
46.0090 	DATA 	Keypress: 1
46.0138 	EXP 	immediate_text: autoDraw = False
46.0138 	EXP 	delay_text: autoDraw = False
46.0138 	EXP 	which_text: autoDraw = False
46.0138 	EXP 	or_text: autoDraw = False
46.0138 	EXP 	immediate_text: font = 'Times New Roman'
46.0138 	EXP 	immediate_text: italic = True
46.0138 	EXP 	delay_text: font = 'Times New Roman'
46.0138 	EXP 	delay_text: italic = False
46.0138 	EXP 	immediate_text: height = 0.05
46.0138 	EXP 	immediate_text: height = 0.05
46.0138 	EXP 	immediate_text: height = 0.05
46.0138 	EXP 	immediate_text: text = '$62 now\n(1)'
46.0138 	EXP 	delay_text: height = 0.05
46.0138 	EXP 	delay_text: height = 0.05
46.0138 	EXP 	delay_text: height = 0.05
46.0138 	EXP 	delay_text: text = '$1000 in\n5 years\n(3)'
46.5438 	DATA 	Keypress: 1
46.8488 	DATA 	Keypress: 1
47.0164 	EXP 	New trial (rep=4, index=0): None
47.0348 	EXP 	immediate_text: font = 'Times New Roman'
47.0348 	EXP 	immediate_text: italic = False
47.0348 	EXP 	delay_text: font = 'Times New Roman'
47.0348 	EXP 	delay_text: italic = False
47.0348 	EXP 	immediate_text: font = 'Times New Roman'
47.0348 	EXP 	immediate_text: italic = False
47.0348 	EXP 	delay_text: font = 'Times New Roman'
47.0348 	EXP 	delay_text: italic = False
47.0348 	EXP 	immediate_text: autoDraw = True
47.0348 	EXP 	delay_text: autoDraw = True
47.0348 	EXP 	which_text: autoDraw = True
47.0348 	EXP 	or_text: autoDraw = True
47.0348 	EXP 	delay_text: height = 0.05
47.0348 	EXP 	delay_text: height = 0.05
47.0348 	EXP 	delay_text: height = 0.05
47.0348 	EXP 	delay_text: text = '$1000 in\n5 years\n(3)'
47.1139 	DATA 	Keypress: 1
47.1188 	EXP 	immediate_text: autoDraw = False
47.1188 	EXP 	delay_text: autoDraw = False
47.1188 	EXP 	which_text: autoDraw = False
47.1188 	EXP 	or_text: autoDraw = False
47.1188 	EXP 	immediate_text: font = 'Times New Roman'
47.1188 	EXP 	immediate_text: italic = True
47.1188 	EXP 	delay_text: font = 'Times New Roman'
47.1188 	EXP 	delay_text: italic = False
47.1188 	EXP 	immediate_text: height = 0.05
47.1188 	EXP 	immediate_text: height = 0.05
47.1188 	EXP 	immediate_text: height = 0.05
47.1188 	EXP 	immediate_text: text = '$31 now\n(1)'
47.1188 	EXP 	delay_text: height = 0.05
47.1188 	EXP 	delay_text: height = 0.05
47.1188 	EXP 	delay_text: height = 0.05
47.1188 	EXP 	delay_text: text = '$1000 in\n5 years\n(3)'
47.3743 	DATA 	Keypress: 1
47.6777 	DATA 	Keypress: 1
47.9297 	DATA 	Keypress: 1
48.1197 	EXP 	New trial (rep=5, index=0): None
48.1353 	EXP 	immediate_text: font = 'Times New Roman'
48.1353 	EXP 	immediate_text: italic = False
48.1353 	EXP 	delay_text: font = 'Times New Roman'
48.1353 	EXP 	delay_text: italic = False
48.1353 	EXP 	immediate_text: font = 'Times New Roman'
48.1353 	EXP 	immediate_text: italic = False
48.1353 	EXP 	delay_text: font = 'Times New Roman'
48.1353 	EXP 	delay_text: italic = False
48.1353 	EXP 	immediate_text: autoDraw = True
48.1353 	EXP 	delay_text: autoDraw = True
48.1353 	EXP 	which_text: autoDraw = True
48.1353 	EXP 	or_text: autoDraw = True
48.1353 	EXP 	delay_text: height = 0.05
48.1353 	EXP 	delay_text: height = 0.05
48.1353 	EXP 	delay_text: height = 0.05
48.1353 	EXP 	delay_text: text = '$1000 in\n5 years\n(3)'
48.1641 	DATA 	Keypress: 1
48.1700 	EXP 	immediate_text: autoDraw = False
48.1700 	EXP 	delay_text: autoDraw = False
48.1700 	EXP 	which_text: autoDraw = False
48.1700 	EXP 	or_text: autoDraw = False
48.1700 	EXP 	immediate_text: font = 'Times New Roman'
48.1700 	EXP 	immediate_text: italic = True
48.1700 	EXP 	delay_text: font = 'Times New Roman'
48.1700 	EXP 	delay_text: italic = False
48.1700 	EXP 	immediate_text: height = 0.05
48.1700 	EXP 	immediate_text: height = 0.05
48.1700 	EXP 	immediate_text: height = 0.05
48.1700 	EXP 	immediate_text: text = '$15 now\n(1)'
48.1700 	EXP 	delay_text: height = 0.05
48.1700 	EXP 	delay_text: height = 0.05
48.1700 	EXP 	delay_text: height = 0.05
48.1700 	EXP 	delay_text: text = '$1000 in\n5 years\n(3)'
48.4502 	DATA 	Keypress: 1
48.6817 	DATA 	Keypress: 1
48.9124 	DATA 	Keypress: 1
49.1162 	DATA 	Keypress: 1
49.1709 	EXP 	New trial (rep=6, index=0): None
49.1858 	EXP 	immediate_text: font = 'Times New Roman'
49.1858 	EXP 	immediate_text: italic = False
49.1858 	EXP 	delay_text: font = 'Times New Roman'
49.1858 	EXP 	delay_text: italic = False
49.1858 	EXP 	immediate_text: font = 'Times New Roman'
49.1858 	EXP 	immediate_text: italic = False
49.1858 	EXP 	delay_text: font = 'Times New Roman'
49.1858 	EXP 	delay_text: italic = False
49.1858 	EXP 	immediate_text: autoDraw = True
49.1858 	EXP 	delay_text: autoDraw = True
49.1858 	EXP 	which_text: autoDraw = True
49.1858 	EXP 	or_text: autoDraw = True
49.1858 	EXP 	delay_text: height = 0.05
49.1858 	EXP 	delay_text: height = 0.05
49.1858 	EXP 	delay_text: height = 0.05
49.1858 	EXP 	delay_text: text = '$1000 in\n5 years\n(3)'
49.3865 	DATA 	Keypress: 1
49.4059 	EXP 	immediate_text: autoDraw = False
49.4059 	EXP 	delay_text: autoDraw = False
49.4059 	EXP 	which_text: autoDraw = False
49.4059 	EXP 	or_text: autoDraw = False
49.4059 	EXP 	immediate_text: font = 'Times New Roman'
49.4059 	EXP 	immediate_text: italic = True
49.4059 	EXP 	delay_text: font = 'Times New Roman'
49.4059 	EXP 	delay_text: italic = False
49.4059 	EXP 	immediate_text: height = 0.05
49.4059 	EXP 	immediate_text: height = 0.05
49.4059 	EXP 	immediate_text: height = 0.05
49.4059 	EXP 	immediate_text: text = '$7 now\n(1)'
49.4059 	EXP 	delay_text: height = 0.05
49.4059 	EXP 	delay_text: height = 0.05
49.4059 	EXP 	delay_text: height = 0.05
49.4059 	EXP 	delay_text: text = '$1000 in\n5 years\n(3)'
49.5927 	DATA 	Keypress: 1
49.8957 	DATA 	Keypress: 1
50.1386 	DATA 	Keypress: 1
50.3360 	DATA 	Keypress: 1
50.4071 	EXP 	New trial (rep=7, index=0): None
50.4227 	EXP 	immediate_text: font = 'Times New Roman'
50.4227 	EXP 	immediate_text: italic = False
50.4227 	EXP 	delay_text: font = 'Times New Roman'
50.4227 	EXP 	delay_text: italic = False
50.4227 	EXP 	immediate_text: font = 'Times New Roman'
50.4227 	EXP 	immediate_text: italic = False
50.4227 	EXP 	delay_text: font = 'Times New Roman'
50.4227 	EXP 	delay_text: italic = False
50.4227 	EXP 	immediate_text: autoDraw = True
50.4227 	EXP 	delay_text: autoDraw = True
50.4227 	EXP 	which_text: autoDraw = True
50.4227 	EXP 	or_text: autoDraw = True
50.4227 	EXP 	delay_text: height = 0.05
50.4227 	EXP 	delay_text: height = 0.05
50.4227 	EXP 	delay_text: height = 0.05
50.4227 	EXP 	delay_text: text = '$1000 in\n5 years\n(3)'
50.5841 	DATA 	Keypress: 1
50.5884 	EXP 	immediate_text: autoDraw = False
50.5884 	EXP 	delay_text: autoDraw = False
50.5884 	EXP 	which_text: autoDraw = False
50.5884 	EXP 	or_text: autoDraw = False
50.5884 	EXP 	immediate_text: font = 'Times New Roman'
50.5884 	EXP 	immediate_text: italic = True
50.5884 	EXP 	delay_text: font = 'Times New Roman'
50.5884 	EXP 	delay_text: italic = False
50.5884 	EXP 	immediate_text: height = 0.05
50.5884 	EXP 	immediate_text: height = 0.05
50.5884 	EXP 	immediate_text: height = 0.05
50.5884 	EXP 	immediate_text: text = '$3 now\n(1)'
50.5884 	EXP 	delay_text: height = 0.05
50.5884 	EXP 	delay_text: height = 0.05
50.5884 	EXP 	delay_text: height = 0.05
50.5884 	EXP 	delay_text: text = '$1000 in\n5 years\n(3)'
50.8219 	DATA 	Keypress: 1
51.0782 	DATA 	Keypress: 1
51.3229 	DATA 	Keypress: 1
51.5893 	EXP 	New trial (rep=8, index=0): None
51.6053 	EXP 	immediate_text: font = 'Times New Roman'
51.6053 	EXP 	immediate_text: italic = False
51.6053 	EXP 	delay_text: font = 'Times New Roman'
51.6053 	EXP 	delay_text: italic = False
51.6053 	EXP 	immediate_text: font = 'Times New Roman'
51.6053 	EXP 	immediate_text: italic = False
51.6053 	EXP 	delay_text: font = 'Times New Roman'
51.6053 	EXP 	delay_text: italic = False
51.6053 	EXP 	immediate_text: autoDraw = True
51.6053 	EXP 	delay_text: autoDraw = True
51.6053 	EXP 	which_text: autoDraw = True
51.6053 	EXP 	or_text: autoDraw = True
51.6053 	EXP 	delay_text: height = 0.05
51.6053 	EXP 	delay_text: height = 0.05
51.6053 	EXP 	delay_text: height = 0.05
51.6053 	EXP 	delay_text: text = '$1000 in\n5 years\n(3)'
51.6275 	DATA 	Keypress: 1
51.6321 	EXP 	immediate_text: autoDraw = False
51.6321 	EXP 	delay_text: autoDraw = False
51.6321 	EXP 	which_text: autoDraw = False
51.6321 	EXP 	or_text: autoDraw = False
51.6321 	EXP 	immediate_text: font = 'Times New Roman'
51.6321 	EXP 	immediate_text: italic = True
51.6321 	EXP 	delay_text: font = 'Times New Roman'
51.6321 	EXP 	delay_text: italic = False
51.6321 	EXP 	immediate_text: height = 0.05
51.6321 	EXP 	immediate_text: height = 0.05
51.6321 	EXP 	immediate_text: height = 0.05
51.6321 	EXP 	immediate_text: text = '$1 now\n(1)'
51.6321 	EXP 	delay_text: height = 0.05
51.6321 	EXP 	delay_text: height = 0.05
51.6321 	EXP 	delay_text: height = 0.05
51.6321 	EXP 	delay_text: text = '$1000 in\n5 years\n(3)'
51.8426 	DATA 	Keypress: 1
52.1684 	DATA 	Keypress: 1
52.3881 	DATA 	Keypress: 1
52.6333 	EXP 	window1: mouseVisible = True
52.6411 	EXP 	Created block_text = TextStim(__class__=<class 'psychopy.visual.text.TextStim'>, alignHoriz=method-wrapper(...), alignText='center', alignVert=method-wrapper(...), anchorHoriz='center', anchorVert='center', antialias=True, autoDraw=False, autoLog=True, bold=False, color=array([1., 1., 1.]), colorSpace='rgb', contrast=1.0, depth=0, draggable=False, flipHoriz=False, flipVert=False, font='Times New Roman', fontFiles=[], height=0.05, italic=False, languageStyle='LTR', name='block_text', opacity=1.0, ori=0.0, pos=array([0., 0.]), rgb=UNKNOWN, text=str(...), units='height', win=Window(...), wrapWidth=1.2)
52.6467 	EXP 	immediate_text: font = 'Times New Roman'
52.6467 	EXP 	immediate_text: italic = False
52.6467 	EXP 	delay_text: font = 'Times New Roman'
52.6467 	EXP 	delay_text: italic = False
52.7294 	DATA 	Keypress: 1
53.4278 	DATA 	Keypress: space
53.4294 	EXP 	Created sequence: random, trialTypes=1, nReps=9, seed=None
53.4297 	EXP 	New trial (rep=0, index=0): None
53.4479 	EXP 	immediate_text: font = 'Times New Roman'
53.4479 	EXP 	immediate_text: italic = False
53.4479 	EXP 	delay_text: font = 'Times New Roman'
53.4479 	EXP 	delay_text: italic = False
53.4479 	EXP 	immediate_text: autoDraw = True
53.4479 	EXP 	delay_text: autoDraw = True
53.4479 	EXP 	which_text: autoDraw = True
53.4479 	EXP 	or_text: autoDraw = True
53.9268 	DATA 	Keypress: 1
53.9314 	EXP 	immediate_text: autoDraw = False
53.9314 	EXP 	delay_text: autoDraw = False
53.9314 	EXP 	which_text: autoDraw = False
53.9314 	EXP 	or_text: autoDraw = False
53.9314 	EXP 	immediate_text: font = 'Times New Roman'
53.9314 	EXP 	immediate_text: italic = True
53.9314 	EXP 	delay_text: font = 'Times New Roman'
53.9314 	EXP 	delay_text: italic = False
53.9314 	EXP 	immediate_text: height = 0.05
53.9314 	EXP 	immediate_text: height = 0.05
53.9314 	EXP 	immediate_text: height = 0.05
53.9314 	EXP 	immediate_text: text = '$200 now\n(1)'
53.9314 	EXP 	delay_text: height = 0.05
53.9314 	EXP 	delay_text: height = 0.05
53.9314 	EXP 	delay_text: height = 0.05
53.9314 	EXP 	delay_text: text = '$1000 in\n1 week\n(3)'
54.1287 	DATA 	Keypress: 1
54.3706 	DATA 	Keypress: 1
54.6256 	DATA 	Keypress: 1
54.8501 	DATA 	Keypress: 1
54.9324 	EXP 	New trial (rep=1, index=0): None
54.9476 	EXP 	immediate_text: font = 'Times New Roman'
54.9476 	EXP 	immediate_text: italic = False
54.9476 	EXP 	delay_text: font = 'Times New Roman'
54.9476 	EXP 	delay_text: italic = False
54.9476 	EXP 	immediate_text: font = 'Times New Roman'
54.9476 	EXP 	immediate_text: italic = False
54.9476 	EXP 	delay_text: font = 'Times New Roman'
54.9476 	EXP 	delay_text: italic = False
54.9476 	EXP 	immediate_text: autoDraw = True
54.9476 	EXP 	delay_text: autoDraw = True
54.9476 	EXP 	which_text: autoDraw = True
54.9476 	EXP 	or_text: autoDraw = True
54.9476 	EXP 	delay_text: height = 0.05
54.9476 	EXP 	delay_text: height = 0.05
54.9476 	EXP 	delay_text: height = 0.05
54.9476 	EXP 	delay_text: text = '$1000 in\n1 week\n(3)'
55.1520 	DATA 	Keypress: 1
55.1570 	EXP 	immediate_text: autoDraw = False
55.1570 	EXP 	delay_text: autoDraw = False
55.1570 	EXP 	which_text: autoDraw = False
55.1570 	EXP 	or_text: autoDraw = False
55.1570 	EXP 	immediate_text: font = 'Times New Roman'
55.1570 	EXP 	immediate_text: italic = True
55.1570 	EXP 	delay_text: font = 'Times New Roman'
55.1570 	EXP 	delay_text: italic = False
55.1570 	EXP 	immediate_text: height = 0.05
55.1570 	EXP 	immediate_text: height = 0.05
55.1570 	EXP 	immediate_text: height = 0.05
55.1570 	EXP 	immediate_text: text = '$100 now\n(1)'
55.1570 	EXP 	delay_text: height = 0.05
55.1570 	EXP 	delay_text: height = 0.05
55.1570 	EXP 	delay_text: height = 0.05
55.1570 	EXP 	delay_text: text = '$1000 in\n1 week\n(3)'
55.3646 	DATA 	Keypress: 1
55.8178 	DATA 	Keypress: 1
56.0453 	DATA 	Keypress: 1
56.1585 	EXP 	New trial (rep=2, index=0): None
56.1749 	EXP 	immediate_text: font = 'Times New Roman'
56.1749 	EXP 	immediate_text: italic = False
56.1749 	EXP 	delay_text: font = 'Times New Roman'
56.1749 	EXP 	delay_text: italic = False
56.1749 	EXP 	immediate_text: font = 'Times New Roman'
56.1749 	EXP 	immediate_text: italic = False
56.1749 	EXP 	delay_text: font = 'Times New Roman'
56.1749 	EXP 	delay_text: italic = False
56.1749 	EXP 	immediate_text: autoDraw = True
56.1749 	EXP 	delay_text: autoDraw = True
56.1749 	EXP 	which_text: autoDraw = True
56.1749 	EXP 	or_text: autoDraw = True
56.1749 	EXP 	delay_text: height = 0.05
56.1749 	EXP 	delay_text: height = 0.05
56.1749 	EXP 	delay_text: height = 0.05
56.1749 	EXP 	delay_text: text = '$1000 in\n1 week\n(3)'
56.2852 	DATA 	Keypress: 1
56.2899 	EXP 	immediate_text: autoDraw = False
56.2899 	EXP 	delay_text: autoDraw = False
56.2899 	EXP 	which_text: autoDraw = False
56.2899 	EXP 	or_text: autoDraw = False
56.2899 	EXP 	immediate_text: font = 'Times New Roman'
56.2899 	EXP 	immediate_text: italic = True
56.2899 	EXP 	delay_text: font = 'Times New Roman'
56.2899 	EXP 	delay_text: italic = False
56.2899 	EXP 	immediate_text: height = 0.05
56.2899 	EXP 	immediate_text: height = 0.05
56.2899 	EXP 	immediate_text: height = 0.05
56.2899 	EXP 	immediate_text: text = '$50 now\n(1)'
56.2899 	EXP 	delay_text: height = 0.05
56.2899 	EXP 	delay_text: height = 0.05
56.2899 	EXP 	delay_text: height = 0.05
56.2899 	EXP 	delay_text: text = '$1000 in\n1 week\n(3)'
56.4851 	DATA 	Keypress: 1
56.7576 	DATA 	Keypress: 1
57.0730 	DATA 	Keypress: 1
57.2910 	EXP 	New trial (rep=3, index=0): None
57.3033 	DATA 	Keypress: 1
57.3089 	EXP 	immediate_text: font = 'Times New Roman'
57.3089 	EXP 	immediate_text: italic = False
57.3089 	EXP 	delay_text: font = 'Times New Roman'
57.3089 	EXP 	delay_text: italic = False
57.3089 	EXP 	immediate_text: font = 'Times New Roman'
57.3089 	EXP 	immediate_text: italic = False
57.3089 	EXP 	delay_text: font = 'Times New Roman'
57.3089 	EXP 	delay_text: italic = False
57.3089 	EXP 	immediate_text: autoDraw = True
57.3089 	EXP 	delay_text: autoDraw = True
57.3089 	EXP 	which_text: autoDraw = True
57.3089 	EXP 	or_text: autoDraw = True
57.3089 	EXP 	delay_text: height = 0.05
57.3089 	EXP 	delay_text: height = 0.05
57.3089 	EXP 	delay_text: height = 0.05
57.3089 	EXP 	delay_text: text = '$1000 in\n1 week\n(3)'
57.5785 	DATA 	Keypress: 1
57.5833 	EXP 	immediate_text: autoDraw = False
57.5833 	EXP 	delay_text: autoDraw = False
57.5833 	EXP 	which_text: autoDraw = False
57.5833 	EXP 	or_text: autoDraw = False
57.5833 	EXP 	immediate_text: font = 'Times New Roman'
57.5833 	EXP 	immediate_text: italic = True
57.5833 	EXP 	delay_text: font = 'Times New Roman'
57.5833 	EXP 	delay_text: italic = False
57.5833 	EXP 	immediate_text: height = 0.05
57.5833 	EXP 	immediate_text: height = 0.05
57.5833 	EXP 	immediate_text: height = 0.05
57.5833 	EXP 	immediate_text: text = '$25 now\n(1)'
57.5833 	EXP 	delay_text: height = 0.05
57.5833 	EXP 	delay_text: height = 0.05
57.5833 	EXP 	delay_text: height = 0.05
57.5833 	EXP 	delay_text: text = '$1000 in\n1 week\n(3)'
57.8502 	DATA 	Keypress: 1
58.1567 	DATA 	Keypress: 1
58.3180 	DATA 	Keypress: 1
58.5322 	DATA 	Keypress: 1
58.5849 	EXP 	New trial (rep=4, index=0): None
58.6008 	EXP 	immediate_text: font = 'Times New Roman'
58.6008 	EXP 	immediate_text: italic = False
58.6008 	EXP 	delay_text: font = 'Times New Roman'
58.6008 	EXP 	delay_text: italic = False
58.6008 	EXP 	immediate_text: font = 'Times New Roman'
58.6008 	EXP 	immediate_text: italic = False
58.6008 	EXP 	delay_text: font = 'Times New Roman'
58.6008 	EXP 	delay_text: italic = False
58.6008 	EXP 	immediate_text: autoDraw = True
58.6008 	EXP 	delay_text: autoDraw = True
58.6008 	EXP 	which_text: autoDraw = True
58.6008 	EXP 	or_text: autoDraw = True
58.6008 	EXP 	delay_text: height = 0.05
58.6008 	EXP 	delay_text: height = 0.05
58.6008 	EXP 	delay_text: height = 0.05
58.6008 	EXP 	delay_text: text = '$1000 in\n1 week\n(3)'
59.0429 	DATA 	Keypress: 1
59.0475 	EXP 	immediate_text: autoDraw = False
59.0475 	EXP 	delay_text: autoDraw = False
59.0475 	EXP 	which_text: autoDraw = False
59.0475 	EXP 	or_text: autoDraw = False
59.0475 	EXP 	immediate_text: font = 'Times New Roman'
59.0475 	EXP 	immediate_text: italic = True
59.0475 	EXP 	delay_text: font = 'Times New Roman'
59.0475 	EXP 	delay_text: italic = False
59.0475 	EXP 	immediate_text: height = 0.05
59.0475 	EXP 	immediate_text: height = 0.05
59.0475 	EXP 	immediate_text: height = 0.05
59.0475 	EXP 	immediate_text: text = '$12 now\n(1)'
59.0475 	EXP 	delay_text: height = 0.05
59.0475 	EXP 	delay_text: height = 0.05
59.0475 	EXP 	delay_text: height = 0.05
59.0475 	EXP 	delay_text: text = '$1000 in\n1 week\n(3)'
59.2950 	DATA 	Keypress: 1
59.6804 	DATA 	Keypress: 1
60.0154 	DATA 	Keypress: 1
60.0484 	EXP 	New trial (rep=5, index=0): None
60.0635 	EXP 	immediate_text: font = 'Times New Roman'
60.0635 	EXP 	immediate_text: italic = False
60.0635 	EXP 	delay_text: font = 'Times New Roman'
60.0635 	EXP 	delay_text: italic = False
60.0635 	EXP 	immediate_text: font = 'Times New Roman'
60.0635 	EXP 	immediate_text: italic = False
60.0635 	EXP 	delay_text: font = 'Times New Roman'
60.0635 	EXP 	delay_text: italic = False
60.0635 	EXP 	immediate_text: autoDraw = True
60.0635 	EXP 	delay_text: autoDraw = True
60.0635 	EXP 	which_text: autoDraw = True
60.0635 	EXP 	or_text: autoDraw = True
60.0635 	EXP 	delay_text: height = 0.05
60.0635 	EXP 	delay_text: height = 0.05
60.0635 	EXP 	delay_text: height = 0.05
60.0635 	EXP 	delay_text: text = '$1000 in\n1 week\n(3)'
60.2537 	DATA 	Keypress: 1
60.2587 	EXP 	immediate_text: autoDraw = False
60.2587 	EXP 	delay_text: autoDraw = False
60.2587 	EXP 	which_text: autoDraw = False
60.2587 	EXP 	or_text: autoDraw = False
60.2587 	EXP 	immediate_text: font = 'Times New Roman'
60.2587 	EXP 	immediate_text: italic = True
60.2587 	EXP 	delay_text: font = 'Times New Roman'
60.2587 	EXP 	delay_text: italic = False
60.2587 	EXP 	immediate_text: height = 0.05
60.2587 	EXP 	immediate_text: height = 0.05
60.2587 	EXP 	immediate_text: height = 0.05
60.2587 	EXP 	immediate_text: text = '$6 now\n(1)'
60.2587 	EXP 	delay_text: height = 0.05
60.2587 	EXP 	delay_text: height = 0.05
60.2587 	EXP 	delay_text: height = 0.05
60.2587 	EXP 	delay_text: text = '$1000 in\n1 week\n(3)'
60.4937 	DATA 	Keypress: 1
60.7819 	DATA 	Keypress: 1
61.0568 	DATA 	Keypress: 1
61.2598 	EXP 	New trial (rep=6, index=0): None
61.2744 	EXP 	immediate_text: font = 'Times New Roman'
61.2744 	EXP 	immediate_text: italic = False
61.2744 	EXP 	delay_text: font = 'Times New Roman'
61.2744 	EXP 	delay_text: italic = False
61.2744 	EXP 	immediate_text: font = 'Times New Roman'
61.2744 	EXP 	immediate_text: italic = False
61.2744 	EXP 	delay_text: font = 'Times New Roman'
61.2744 	EXP 	delay_text: italic = False
61.2744 	EXP 	immediate_text: autoDraw = True
61.2744 	EXP 	delay_text: autoDraw = True
61.2744 	EXP 	which_text: autoDraw = True
61.2744 	EXP 	or_text: autoDraw = True
61.2744 	EXP 	delay_text: height = 0.05
61.2744 	EXP 	delay_text: height = 0.05
61.2744 	EXP 	delay_text: height = 0.05
61.2744 	EXP 	delay_text: text = '$1000 in\n1 week\n(3)'
61.3831 	DATA 	Keypress: 1
61.3874 	EXP 	immediate_text: autoDraw = False
61.3874 	EXP 	delay_text: autoDraw = False
61.3874 	EXP 	which_text: autoDraw = False
61.3874 	EXP 	or_text: autoDraw = False
61.3874 	EXP 	immediate_text: font = 'Times New Roman'
61.3874 	EXP 	immediate_text: italic = True
61.3874 	EXP 	delay_text: font = 'Times New Roman'
61.3874 	EXP 	delay_text: italic = False
61.3874 	EXP 	immediate_text: height = 0.05
61.3874 	EXP 	immediate_text: height = 0.05
61.3874 	EXP 	immediate_text: height = 0.05
61.3874 	EXP 	immediate_text: text = '$3 now\n(1)'
61.3874 	EXP 	delay_text: height = 0.05
61.3874 	EXP 	delay_text: height = 0.05
61.3874 	EXP 	delay_text: height = 0.05
61.3874 	EXP 	delay_text: text = '$1000 in\n1 week\n(3)'
61.7276 	DATA 	Keypress: 1
62.0312 	DATA 	Keypress: 1
62.3884 	EXP 	New trial (rep=7, index=0): None
62.4060 	EXP 	immediate_text: font = 'Times New Roman'
62.4060 	EXP 	immediate_text: italic = False
62.4060 	EXP 	delay_text: font = 'Times New Roman'
62.4060 	EXP 	delay_text: italic = False
62.4060 	EXP 	immediate_text: font = 'Times New Roman'
62.4060 	EXP 	immediate_text: italic = False
62.4060 	EXP 	delay_text: font = 'Times New Roman'
62.4060 	EXP 	delay_text: italic = False
62.4060 	EXP 	immediate_text: autoDraw = True
62.4060 	EXP 	delay_text: autoDraw = True
62.4060 	EXP 	which_text: autoDraw = True
62.4060 	EXP 	or_text: autoDraw = True
62.4060 	EXP 	delay_text: height = 0.05
62.4060 	EXP 	delay_text: height = 0.05
62.4060 	EXP 	delay_text: height = 0.05
62.4060 	EXP 	delay_text: text = '$1000 in\n1 week\n(3)'
62.4932 	DATA 	Keypress: 1
62.4978 	EXP 	immediate_text: autoDraw = False
62.4978 	EXP 	delay_text: autoDraw = False
62.4978 	EXP 	which_text: autoDraw = False
62.4978 	EXP 	or_text: autoDraw = False
62.4978 	EXP 	immediate_text: font = 'Times New Roman'
62.4978 	EXP 	immediate_text: italic = True
62.4978 	EXP 	delay_text: font = 'Times New Roman'
62.4978 	EXP 	delay_text: italic = False
62.4978 	EXP 	immediate_text: height = 0.05
62.4978 	EXP 	immediate_text: height = 0.05
62.4978 	EXP 	immediate_text: height = 0.05
62.4978 	EXP 	immediate_text: text = '$1 now\n(1)'
62.4978 	EXP 	delay_text: height = 0.05
62.4978 	EXP 	delay_text: height = 0.05
62.4978 	EXP 	delay_text: height = 0.05
62.4978 	EXP 	delay_text: text = '$1000 in\n1 week\n(3)'
62.7547 	DATA 	Keypress: 1
62.9507 	DATA 	Keypress: 1
63.2209 	DATA 	Keypress: 1
63.4881 	DATA 	Keypress: 1
63.4991 	EXP 	New trial (rep=8, index=0): None
63.5141 	EXP 	immediate_text: font = 'Times New Roman'
63.5141 	EXP 	immediate_text: italic = False
63.5141 	EXP 	delay_text: font = 'Times New Roman'
63.5141 	EXP 	delay_text: italic = False
63.5141 	EXP 	immediate_text: font = 'Times New Roman'
63.5141 	EXP 	immediate_text: italic = False
63.5141 	EXP 	delay_text: font = 'Times New Roman'
63.5141 	EXP 	delay_text: italic = False
63.5141 	EXP 	immediate_text: autoDraw = True
63.5141 	EXP 	delay_text: autoDraw = True
63.5141 	EXP 	which_text: autoDraw = True
63.5141 	EXP 	or_text: autoDraw = True
63.5141 	EXP 	delay_text: height = 0.05
63.5141 	EXP 	delay_text: height = 0.05
63.5141 	EXP 	delay_text: height = 0.05
63.5141 	EXP 	delay_text: text = '$1000 in\n1 week\n(3)'
63.7459 	DATA 	Keypress: 1
63.7516 	EXP 	immediate_text: autoDraw = False
63.7516 	EXP 	delay_text: autoDraw = False
63.7516 	EXP 	which_text: autoDraw = False
63.7516 	EXP 	or_text: autoDraw = False
63.7516 	EXP 	immediate_text: font = 'Times New Roman'
63.7516 	EXP 	immediate_text: italic = True
63.7516 	EXP 	delay_text: font = 'Times New Roman'
63.7516 	EXP 	delay_text: italic = False
63.7516 	EXP 	immediate_text: height = 0.05
63.7516 	EXP 	immediate_text: height = 0.05
63.7516 	EXP 	immediate_text: height = 0.05
63.7516 	EXP 	immediate_text: text = '$0 now\n(1)'
63.7516 	EXP 	delay_text: height = 0.05
63.7516 	EXP 	delay_text: height = 0.05
63.7516 	EXP 	delay_text: height = 0.05
63.7516 	EXP 	delay_text: text = '$1000 in\n1 week\n(3)'
64.0123 	DATA 	Keypress: 1
64.2568 	DATA 	Keypress: 1
64.5764 	DATA 	Keypress: 1
64.7530 	EXP 	window1: mouseVisible = True
64.7608 	EXP 	Created block_text = TextStim(__class__=<class 'psychopy.visual.text.TextStim'>, alignHoriz=method-wrapper(...), alignText='center', alignVert=method-wrapper(...), anchorHoriz='center', anchorVert='center', antialias=True, autoDraw=False, autoLog=True, bold=False, color=array([1., 1., 1.]), colorSpace='rgb', contrast=1.0, depth=0, draggable=False, flipHoriz=False, flipVert=False, font='Times New Roman', fontFiles=[], height=0.05, italic=False, languageStyle='LTR', name='block_text', opacity=1.0, ori=0.0, pos=array([0., 0.]), rgb=UNKNOWN, text=str(...), units='height', win=Window(...), wrapWidth=1.2)
64.7691 	EXP 	immediate_text: font = 'Times New Roman'
64.7691 	EXP 	immediate_text: italic = False
64.7691 	EXP 	delay_text: font = 'Times New Roman'
64.7691 	EXP 	delay_text: italic = False
64.8665 	DATA 	Keypress: 1
65.1277 	DATA 	Keypress: 1
65.9297 	DATA 	Keypress: space
65.9311 	EXP 	Created sequence: random, trialTypes=1, nReps=9, seed=None
65.9313 	EXP 	New trial (rep=0, index=0): None
65.9565 	EXP 	immediate_text: font = 'Times New Roman'
65.9565 	EXP 	immediate_text: italic = False
65.9565 	EXP 	delay_text: font = 'Times New Roman'
65.9565 	EXP 	delay_text: italic = False
65.9565 	EXP 	immediate_text: autoDraw = True
65.9565 	EXP 	delay_text: autoDraw = True
65.9565 	EXP 	which_text: autoDraw = True
65.9565 	EXP 	or_text: autoDraw = True
66.4602 	DATA 	Keypress: 1
66.4649 	EXP 	immediate_text: autoDraw = False
66.4649 	EXP 	delay_text: autoDraw = False
66.4649 	EXP 	which_text: autoDraw = False
66.4649 	EXP 	or_text: autoDraw = False
66.4649 	EXP 	immediate_text: font = 'Times New Roman'
66.4649 	EXP 	immediate_text: italic = True
66.4649 	EXP 	delay_text: font = 'Times New Roman'
66.4649 	EXP 	delay_text: italic = False
66.4649 	EXP 	immediate_text: height = 0.05
66.4649 	EXP 	immediate_text: height = 0.05
66.4649 	EXP 	immediate_text: height = 0.05
66.4649 	EXP 	immediate_text: text = '$500 now\n(1)'
66.4649 	EXP 	delay_text: height = 0.05
66.4649 	EXP 	delay_text: height = 0.05
66.4649 	EXP 	delay_text: height = 0.05
66.4649 	EXP 	delay_text: text = '$1000 in\n1 month\n(3)'
66.6519 	DATA 	Keypress: 1
66.8849 	DATA 	Keypress: 1
67.1272 	DATA 	Keypress: 1
67.3640 	DATA 	Keypress: 1
67.4662 	EXP 	New trial (rep=1, index=0): None
67.4819 	EXP 	immediate_text: font = 'Times New Roman'
67.4819 	EXP 	immediate_text: italic = False
67.4819 	EXP 	delay_text: font = 'Times New Roman'
67.4819 	EXP 	delay_text: italic = False
67.4819 	EXP 	immediate_text: font = 'Times New Roman'
67.4819 	EXP 	immediate_text: italic = False
67.4819 	EXP 	delay_text: font = 'Times New Roman'
67.4819 	EXP 	delay_text: italic = False
67.4819 	EXP 	immediate_text: autoDraw = True
67.4819 	EXP 	delay_text: autoDraw = True
67.4819 	EXP 	which_text: autoDraw = True
67.4819 	EXP 	or_text: autoDraw = True
67.4819 	EXP 	delay_text: height = 0.05
67.4819 	EXP 	delay_text: height = 0.05
67.4819 	EXP 	delay_text: height = 0.05
67.4819 	EXP 	delay_text: text = '$1000 in\n1 month\n(3)'
67.6288 	DATA 	Keypress: 1
67.6339 	EXP 	immediate_text: autoDraw = False
67.6339 	EXP 	delay_text: autoDraw = False
67.6339 	EXP 	which_text: autoDraw = False
67.6339 	EXP 	or_text: autoDraw = False
67.6339 	EXP 	immediate_text: font = 'Times New Roman'
67.6339 	EXP 	immediate_text: italic = True
67.6339 	EXP 	delay_text: font = 'Times New Roman'
67.6339 	EXP 	delay_text: italic = False
67.6339 	EXP 	immediate_text: height = 0.05
67.6339 	EXP 	immediate_text: height = 0.05
67.6339 	EXP 	immediate_text: height = 0.05
67.6339 	EXP 	immediate_text: text = '$250 now\n(1)'
67.6339 	EXP 	delay_text: height = 0.05
67.6339 	EXP 	delay_text: height = 0.05
67.6339 	EXP 	delay_text: height = 0.05
67.6339 	EXP 	delay_text: text = '$1000 in\n1 month\n(3)'
68.0774 	DATA 	Keypress: 1
68.2884 	DATA 	Keypress: 1
68.5182 	DATA 	Keypress: 1
68.6348 	EXP 	New trial (rep=2, index=0): None
68.6500 	EXP 	immediate_text: font = 'Times New Roman'
68.6500 	EXP 	immediate_text: italic = False
68.6500 	EXP 	delay_text: font = 'Times New Roman'
68.6500 	EXP 	delay_text: italic = False
68.6500 	EXP 	immediate_text: font = 'Times New Roman'
68.6500 	EXP 	immediate_text: italic = False
68.6500 	EXP 	delay_text: font = 'Times New Roman'
68.6500 	EXP 	delay_text: italic = False
68.6500 	EXP 	immediate_text: autoDraw = True
68.6500 	EXP 	delay_text: autoDraw = True
68.6500 	EXP 	which_text: autoDraw = True
68.6500 	EXP 	or_text: autoDraw = True
68.6500 	EXP 	delay_text: height = 0.05
68.6500 	EXP 	delay_text: height = 0.05
68.6500 	EXP 	delay_text: height = 0.05
68.6500 	EXP 	delay_text: text = '$1000 in\n1 month\n(3)'
68.8122 	DATA 	Keypress: 1
68.8484 	EXP 	immediate_text: autoDraw = False
68.8484 	EXP 	delay_text: autoDraw = False
68.8484 	EXP 	which_text: autoDraw = False
68.8484 	EXP 	or_text: autoDraw = False
68.8484 	EXP 	immediate_text: font = 'Times New Roman'
68.8484 	EXP 	immediate_text: italic = True
68.8484 	EXP 	delay_text: font = 'Times New Roman'
68.8484 	EXP 	delay_text: italic = False
68.8484 	EXP 	immediate_text: height = 0.05
68.8484 	EXP 	immediate_text: height = 0.05
68.8484 	EXP 	immediate_text: height = 0.05
68.8484 	EXP 	immediate_text: text = '$125 now\n(1)'
68.8484 	EXP 	delay_text: height = 0.05
68.8484 	EXP 	delay_text: height = 0.05
68.8484 	EXP 	delay_text: height = 0.05
68.8484 	EXP 	delay_text: text = '$1000 in\n1 month\n(3)'
69.0102 	DATA 	Keypress: 1
69.2770 	DATA 	Keypress: 1
69.5660 	DATA 	Keypress: 1
69.7818 	DATA 	Keypress: 1
69.8493 	EXP 	New trial (rep=3, index=0): None
69.8653 	EXP 	immediate_text: font = 'Times New Roman'
69.8653 	EXP 	immediate_text: italic = False
69.8653 	EXP 	delay_text: font = 'Times New Roman'
69.8653 	EXP 	delay_text: italic = False
69.8653 	EXP 	immediate_text: font = 'Times New Roman'
69.8653 	EXP 	immediate_text: italic = False
69.8653 	EXP 	delay_text: font = 'Times New Roman'
69.8653 	EXP 	delay_text: italic = False
69.8653 	EXP 	immediate_text: autoDraw = True
69.8653 	EXP 	delay_text: autoDraw = True
69.8653 	EXP 	which_text: autoDraw = True
69.8653 	EXP 	or_text: autoDraw = True
69.8653 	EXP 	delay_text: height = 0.05
69.8653 	EXP 	delay_text: height = 0.05
69.8653 	EXP 	delay_text: height = 0.05
69.8653 	EXP 	delay_text: text = '$1000 in\n1 month\n(3)'
70.0012 	DATA 	Keypress: 1
70.0058 	EXP 	immediate_text: autoDraw = False
70.0058 	EXP 	delay_text: autoDraw = False
70.0058 	EXP 	which_text: autoDraw = False
70.0058 	EXP 	or_text: autoDraw = False
70.0058 	EXP 	immediate_text: font = 'Times New Roman'
70.0058 	EXP 	immediate_text: italic = True
70.0058 	EXP 	delay_text: font = 'Times New Roman'
70.0058 	EXP 	delay_text: italic = False
70.0058 	EXP 	immediate_text: height = 0.05
70.0058 	EXP 	immediate_text: height = 0.05
70.0058 	EXP 	immediate_text: height = 0.05
70.0058 	EXP 	immediate_text: text = '$62 now\n(1)'
70.0058 	EXP 	delay_text: height = 0.05
70.0058 	EXP 	delay_text: height = 0.05
70.0058 	EXP 	delay_text: height = 0.05
70.0058 	EXP 	delay_text: text = '$1000 in\n1 month\n(3)'
70.2155 	DATA 	Keypress: 1
70.4591 	DATA 	Keypress: 1
70.7002 	DATA 	Keypress: 1
70.9812 	DATA 	Keypress: 1
71.0067 	EXP 	New trial (rep=4, index=0): None
71.0219 	EXP 	immediate_text: font = 'Times New Roman'
71.0219 	EXP 	immediate_text: italic = False
71.0219 	EXP 	delay_text: font = 'Times New Roman'
71.0219 	EXP 	delay_text: italic = False
71.0219 	EXP 	immediate_text: font = 'Times New Roman'
71.0219 	EXP 	immediate_text: italic = False
71.0219 	EXP 	delay_text: font = 'Times New Roman'
71.0219 	EXP 	delay_text: italic = False
71.0219 	EXP 	immediate_text: autoDraw = True
71.0219 	EXP 	delay_text: autoDraw = True
71.0219 	EXP 	which_text: autoDraw = True
71.0219 	EXP 	or_text: autoDraw = True
71.0219 	EXP 	delay_text: height = 0.05
71.0219 	EXP 	delay_text: height = 0.05
71.0219 	EXP 	delay_text: height = 0.05
71.0219 	EXP 	delay_text: text = '$1000 in\n1 month\n(3)'
71.2061 	DATA 	Keypress: 1
71.2110 	EXP 	immediate_text: autoDraw = False
71.2110 	EXP 	delay_text: autoDraw = False
71.2110 	EXP 	which_text: autoDraw = False
71.2110 	EXP 	or_text: autoDraw = False
71.2110 	EXP 	immediate_text: font = 'Times New Roman'
71.2110 	EXP 	immediate_text: italic = True
71.2110 	EXP 	delay_text: font = 'Times New Roman'
71.2110 	EXP 	delay_text: italic = False
71.2110 	EXP 	immediate_text: height = 0.05
71.2110 	EXP 	immediate_text: height = 0.05
71.2110 	EXP 	immediate_text: height = 0.05
71.2110 	EXP 	immediate_text: text = '$31 now\n(1)'
71.2110 	EXP 	delay_text: height = 0.05
71.2110 	EXP 	delay_text: height = 0.05
71.2110 	EXP 	delay_text: height = 0.05
71.2110 	EXP 	delay_text: text = '$1000 in\n1 month\n(3)'
71.4779 	DATA 	Keypress: 1
71.7207 	DATA 	Keypress: 1
71.9311 	DATA 	Keypress: 1
72.1679 	DATA 	Keypress: 1
72.2120 	EXP 	New trial (rep=5, index=0): None
72.2274 	EXP 	immediate_text: font = 'Times New Roman'
72.2274 	EXP 	immediate_text: italic = False
72.2274 	EXP 	delay_text: font = 'Times New Roman'
72.2274 	EXP 	delay_text: italic = False
72.2274 	EXP 	immediate_text: font = 'Times New Roman'
72.2274 	EXP 	immediate_text: italic = False
72.2274 	EXP 	delay_text: font = 'Times New Roman'
72.2274 	EXP 	delay_text: italic = False
72.2274 	EXP 	immediate_text: autoDraw = True
72.2274 	EXP 	delay_text: autoDraw = True
72.2274 	EXP 	which_text: autoDraw = True
72.2274 	EXP 	or_text: autoDraw = True
72.2274 	EXP 	delay_text: height = 0.05
72.2274 	EXP 	delay_text: height = 0.05
72.2274 	EXP 	delay_text: height = 0.05
72.2274 	EXP 	delay_text: text = '$1000 in\n1 month\n(3)'
72.4354 	DATA 	Keypress: 1
72.4405 	EXP 	immediate_text: autoDraw = False
72.4405 	EXP 	delay_text: autoDraw = False
72.4405 	EXP 	which_text: autoDraw = False
72.4405 	EXP 	or_text: autoDraw = False
72.4405 	EXP 	immediate_text: font = 'Times New Roman'
72.4405 	EXP 	immediate_text: italic = True
72.4405 	EXP 	delay_text: font = 'Times New Roman'
72.4405 	EXP 	delay_text: italic = False
72.4405 	EXP 	immediate_text: height = 0.05
72.4405 	EXP 	immediate_text: height = 0.05
72.4405 	EXP 	immediate_text: height = 0.05
72.4405 	EXP 	immediate_text: text = '$15 now\n(1)'
72.4405 	EXP 	delay_text: height = 0.05
72.4405 	EXP 	delay_text: height = 0.05
72.4405 	EXP 	delay_text: height = 0.05
72.4405 	EXP 	delay_text: text = '$1000 in\n1 month\n(3)'
72.6748 	DATA 	Keypress: 1
73.1798 	DATA 	Keypress: 1
73.4235 	DATA 	Keypress: 1
73.4414 	EXP 	New trial (rep=6, index=0): None
73.4573 	EXP 	immediate_text: font = 'Times New Roman'
73.4573 	EXP 	immediate_text: italic = False
73.4573 	EXP 	delay_text: font = 'Times New Roman'
73.4573 	EXP 	delay_text: italic = False
73.4573 	EXP 	immediate_text: font = 'Times New Roman'
73.4573 	EXP 	immediate_text: italic = False
73.4573 	EXP 	delay_text: font = 'Times New Roman'
73.4573 	EXP 	delay_text: italic = False
73.4573 	EXP 	immediate_text: autoDraw = True
73.4573 	EXP 	delay_text: autoDraw = True
73.4573 	EXP 	which_text: autoDraw = True
73.4573 	EXP 	or_text: autoDraw = True
73.4573 	EXP 	delay_text: height = 0.05
73.4573 	EXP 	delay_text: height = 0.05
73.4573 	EXP 	delay_text: height = 0.05
73.4573 	EXP 	delay_text: text = '$1000 in\n1 month\n(3)'
73.6783 	DATA 	Keypress: 1
73.6985 	EXP 	immediate_text: autoDraw = False
73.6985 	EXP 	delay_text: autoDraw = False
73.6985 	EXP 	which_text: autoDraw = False
73.6985 	EXP 	or_text: autoDraw = False
73.6985 	EXP 	immediate_text: font = 'Times New Roman'
73.6985 	EXP 	immediate_text: italic = True
73.6985 	EXP 	delay_text: font = 'Times New Roman'
73.6985 	EXP 	delay_text: italic = False
73.6985 	EXP 	immediate_text: height = 0.05
73.6985 	EXP 	immediate_text: height = 0.05
73.6985 	EXP 	immediate_text: height = 0.05
73.6985 	EXP 	immediate_text: text = '$7 now\n(1)'
73.6985 	EXP 	delay_text: height = 0.05
73.6985 	EXP 	delay_text: height = 0.05
73.6985 	EXP 	delay_text: height = 0.05
73.6985 	EXP 	delay_text: text = '$1000 in\n1 month\n(3)'
73.9073 	DATA 	Keypress: 1
74.0885 	DATA 	Keypress: 1
74.3148 	DATA 	Keypress: 1
74.5418 	DATA 	Keypress: 1
74.7010 	EXP 	New trial (rep=7, index=0): None
74.7201 	EXP 	immediate_text: font = 'Times New Roman'
74.7201 	EXP 	immediate_text: italic = False
74.7201 	EXP 	delay_text: font = 'Times New Roman'
74.7201 	EXP 	delay_text: italic = False
74.7201 	EXP 	immediate_text: font = 'Times New Roman'
74.7201 	EXP 	immediate_text: italic = False
74.7201 	EXP 	delay_text: font = 'Times New Roman'
74.7201 	EXP 	delay_text: italic = False
74.7201 	EXP 	immediate_text: autoDraw = True
74.7201 	EXP 	delay_text: autoDraw = True
74.7201 	EXP 	which_text: autoDraw = True
74.7201 	EXP 	or_text: autoDraw = True
74.7201 	EXP 	delay_text: height = 0.05
74.7201 	EXP 	delay_text: height = 0.05
74.7201 	EXP 	delay_text: height = 0.05
74.7201 	EXP 	delay_text: text = '$1000 in\n1 month\n(3)'
74.8439 	DATA 	Keypress: 1
74.8488 	EXP 	immediate_text: autoDraw = False
74.8488 	EXP 	delay_text: autoDraw = False
74.8488 	EXP 	which_text: autoDraw = False
74.8488 	EXP 	or_text: autoDraw = False
74.8488 	EXP 	immediate_text: font = 'Times New Roman'
74.8488 	EXP 	immediate_text: italic = True
74.8488 	EXP 	delay_text: font = 'Times New Roman'
74.8488 	EXP 	delay_text: italic = False
74.8488 	EXP 	immediate_text: height = 0.05
74.8488 	EXP 	immediate_text: height = 0.05
74.8488 	EXP 	immediate_text: height = 0.05
74.8488 	EXP 	immediate_text: text = '$3 now\n(1)'
74.8488 	EXP 	delay_text: height = 0.05
74.8488 	EXP 	delay_text: height = 0.05
74.8488 	EXP 	delay_text: height = 0.05
74.8488 	EXP 	delay_text: text = '$1000 in\n1 month\n(3)'
75.0478 	DATA 	Keypress: 1
75.2584 	DATA 	Keypress: 1
75.5242 	DATA 	Keypress: 1
75.7204 	DATA 	Keypress: 1
75.8499 	EXP 	New trial (rep=8, index=0): None
75.8653 	EXP 	immediate_text: font = 'Times New Roman'
75.8653 	EXP 	immediate_text: italic = False
75.8653 	EXP 	delay_text: font = 'Times New Roman'
75.8653 	EXP 	delay_text: italic = False
75.8653 	EXP 	immediate_text: font = 'Times New Roman'
75.8653 	EXP 	immediate_text: italic = False
75.8653 	EXP 	delay_text: font = 'Times New Roman'
75.8653 	EXP 	delay_text: italic = False
75.8653 	EXP 	immediate_text: autoDraw = True
75.8653 	EXP 	delay_text: autoDraw = True
75.8653 	EXP 	which_text: autoDraw = True
75.8653 	EXP 	or_text: autoDraw = True
75.8653 	EXP 	delay_text: height = 0.05
75.8653 	EXP 	delay_text: height = 0.05
75.8653 	EXP 	delay_text: height = 0.05
75.8653 	EXP 	delay_text: text = '$1000 in\n1 month\n(3)'
76.0269 	DATA 	Keypress: 1
76.0318 	EXP 	immediate_text: autoDraw = False
76.0318 	EXP 	delay_text: autoDraw = False
76.0318 	EXP 	which_text: autoDraw = False
76.0318 	EXP 	or_text: autoDraw = False
76.0318 	EXP 	immediate_text: font = 'Times New Roman'
76.0318 	EXP 	immediate_text: italic = True
76.0318 	EXP 	delay_text: font = 'Times New Roman'
76.0318 	EXP 	delay_text: italic = False
76.0318 	EXP 	immediate_text: height = 0.05
76.0318 	EXP 	immediate_text: height = 0.05
76.0318 	EXP 	immediate_text: height = 0.05
76.0318 	EXP 	immediate_text: text = '$1 now\n(1)'
76.0318 	EXP 	delay_text: height = 0.05
76.0318 	EXP 	delay_text: height = 0.05
76.0318 	EXP 	delay_text: height = 0.05
76.0318 	EXP 	delay_text: text = '$1000 in\n1 month\n(3)'
76.2288 	DATA 	Keypress: 1
76.4371 	DATA 	Keypress: 1
76.6660 	DATA 	Keypress: 1
76.8792 	DATA 	Keypress: 1
77.0368 	EXP 	immediate_text: font = 'Times New Roman'
77.0368 	EXP 	immediate_text: italic = False
77.0368 	EXP 	delay_text: font = 'Times New Roman'
77.0368 	EXP 	delay_text: italic = False
77.0379 	EXP 	DelayDiscountingTitrated: status = STOPPED
77.1687 	EXP 	window1: mouseVisible = True
