16.2244 	WARNING 	Couldn't measure a consistent frame rate!
  - Is your graphics card set to sync to vertical blank?
  - Are you running other processes on your computer?

16.2259 	EXP 	Created window1 = Window(allowGUI=True, allowStencil=False, autoLog=True, backendConf=UNKNOWN, backgroundFit=<method-wrapper '__getattribute__' of attributeSetter object at 0x7fba33671970>, backgroundImage=<method-wrapper '__getattribute__' of attributeSetter object at 0x7fba33671910>, bitsMode=UNKNOWN, blendMode='avg', bpc=(8, 8, 8), color=array([-1., -1., -1.]), colorSpace='rgb', depthBits=8, fullscr=<method-wrapper '__getattribute__' of attributeSetter object at 0x7fba33671790>, gamma=None, gammaErrorPolicy='raise', lms=UNKNOWN, monitor=<psychopy.monitors.calibTools.Monitor object at 0x7fba33695520>, multiSample=False, name='window1', numSamples=2, pos=(360, 225), screen=0, size=array([2880, 1800]), stencilBits=0, stereo=False, title='PsychoPy', units='height', useFBO=True, useRetina=True, viewOri=0.0, viewPos=None, viewScale=None, waitBlanking=True, winType='pyglet')
16.2261 	EXP 	window1: mouseVisible = True
16.2261 	EXP 	window1: backgroundImage = ''
16.2261 	EXP 	window1: backgroundFit = 'none'
16.2290 	EXP 	window1: Attempting to measure frame rate of screen (0) ...
16.2290 	EXP 	window1: recordFrameIntervals = False
16.3181 	EXP 	window1: recordFrameIntervals = True
17.1675 	WARNING 	Couldn't measure a consistent frame rate!
  - Is your graphics card set to sync to vertical blank?
  - Are you running other processes on your computer?

17.1677 	EXP 	window1: mouseVisible = True
18.3287 	EXP 	DelayDiscountingTitrated: status = STARTED
18.5347 	EXP 	window1: mouseVisible = True
18.5763 	EXP 	Created unnamed TextStim = TextStim(__class__=<class 'psychopy.visual.text.TextStim'>, alignHoriz=method-wrapper(...), alignText='center', alignVert=method-wrapper(...), anchorHoriz='center', anchorVert='center', antialias=True, autoDraw=False, autoLog=True, bold=False, color=array([-1., -1., -1.]), colorSpace='rgb', contrast=1.0, depth=0, draggable=False, flipHoriz=False, flipVert=False, font='Times New Roman', fontFiles=[], height=0.2, italic=False, languageStyle='LTR', name='unnamed TextStim', opacity=1.0, ori=0.0, pos=array([-0.4,  0. ]), rgb=UNKNOWN, text='0 now\n(1)', units='height', win=Window(...), wrapWidth=1)
18.5765 	EXP 	window1: mouseVisible = True
18.5802 	EXP 	Created unnamed TextStim = TextStim(__class__=<class 'psychopy.visual.text.TextStim'>, alignHoriz=method-wrapper(...), alignText='center', alignVert=method-wrapper(...), anchorHoriz='center', anchorVert='center', antialias=True, autoDraw=False, autoLog=True, bold=False, color=array([-1., -1., -1.]), colorSpace='rgb', contrast=1.0, depth=0, draggable=False, flipHoriz=False, flipVert=False, font='Times New Roman', fontFiles=[], height=0.2, italic=False, languageStyle='LTR', name='unnamed TextStim', opacity=1.0, ori=0.0, pos=array([0.4, 0. ]), rgb=UNKNOWN, text='1000 in\n(3)', units='height', win=Window(...), wrapWidth=1)
18.5803 	EXP 	window1: mouseVisible = True
18.5812 	EXP 	Created immediate_text = TextStim(__class__=<class 'psychopy.visual.text.TextStim'>, alignHoriz=method-wrapper(...), alignText='center', alignVert=method-wrapper(...), anchorHoriz='center', anchorVert='center', antialias=True, autoDraw=False, autoLog=True, bold=False, color=array([1., 1., 1.]), colorSpace='rgb', contrast=1.0, depth=-2.0, draggable=False, flipHoriz=False, flipVert=False, font='Times New Roman', fontFiles=[], height=0.05, italic=False, languageStyle='LTR', name='immediate_text', opacity=1.0, ori=0.0, pos=array([-0.4,  0. ]), rgb=UNKNOWN, text='', units='height', win=Window(...), wrapWidth=1)
18.5813 	EXP 	window1: mouseVisible = True
18.5821 	EXP 	Created delay_text = TextStim(__class__=<class 'psychopy.visual.text.TextStim'>, alignHoriz=method-wrapper(...), alignText='center', alignVert=method-wrapper(...), anchorHoriz='center', anchorVert='center', antialias=True, autoDraw=False, autoLog=True, bold=False, color=array([1., 1., 1.]), colorSpace='rgb', contrast=1.0, depth=-3.0, draggable=False, flipHoriz=False, flipVert=False, font='Times New Roman', fontFiles=[], height=0.05, italic=False, languageStyle='LTR', name='delay_text', opacity=1.0, ori=0.0, pos=array([0.4, 0. ]), rgb=UNKNOWN, text='', units='height', win=Window(...), wrapWidth=1)
18.5822 	EXP 	window1: mouseVisible = True
18.5896 	EXP 	Created which_text = TextStim(__class__=<class 'psychopy.visual.text.TextStim'>, alignHoriz=method-wrapper(...), alignText='center', alignVert=method-wrapper(...), anchorHoriz='center', anchorVert='center', antialias=True, autoDraw=False, autoLog=True, bold=False, color=array([1., 1., 1.]), colorSpace='rgb', contrast=1.0, depth=-5.0, draggable=False, flipHoriz=False, flipVert=False, font='Times New Roman', fontFiles=[], height=0.05, italic=False, languageStyle='LTR', name='which_text', opacity=1.0, ori=0.0, pos=array([0. , 0.2]), rgb=UNKNOWN, text='Which would you prefer?', units='height', win=Window(...), wrapWidth=1)
18.5897 	EXP 	window1: mouseVisible = True
18.5921 	EXP 	Created or_text = TextStim(__class__=<class 'psychopy.visual.text.TextStim'>, alignHoriz=method-wrapper(...), alignText='center', alignVert=method-wrapper(...), anchorHoriz='center', anchorVert='center', antialias=True, autoDraw=False, autoLog=True, bold=False, color=array([1., 1., 1.]), colorSpace='rgb', contrast=1.0, depth=-6.0, draggable=False, flipHoriz=False, flipVert=False, font='Times New Roman', fontFiles=[], height=0.05, italic=False, languageStyle='LTR', name='or_text', opacity=1.0, ori=0.0, pos=array([0., 0.]), rgb=UNKNOWN, text='OR', units='height', win=Window(...), wrapWidth=1)
0.0238 	EXP 	window1: mouseVisible = True
0.0464 	EXP 	Created instruction_text = TextStim(__class__=<class 'psychopy.visual.text.TextStim'>, alignHoriz=method-wrapper(...), alignText='center', alignVert=method-wrapper(...), anchorHoriz='center', anchorVert='center', antialias=True, autoDraw=False, autoLog=True, bold=False, color=array([1., 1., 1.]), colorSpace='rgb', contrast=1.0, depth=0, draggable=False, flipHoriz=False, flipVert=False, font='Times New Roman', fontFiles=[], height=0.05, italic=False, languageStyle='LTR', name='instruction_text', opacity=1.0, ori=0.0, pos=array([0., 0.]), rgb=UNKNOWN, text=str(...), units='height', win=Window(...), wrapWidth=1.2)
0.0654 	WARNING 	t of last frame was 42.02ms (=1/23)
1.7276 	DATA 	Mouse: Left button down, pos=(320,729)
1.7943 	DATA 	Mouse:  Left button up, pos=(320,729)
2.4134 	DATA 	Keypress: space
2.4147 	EXP 	window1: mouseVisible = True
2.4216 	EXP 	Created block_text = TextStim(__class__=<class 'psychopy.visual.text.TextStim'>, alignHoriz=method-wrapper(...), alignText='center', alignVert=method-wrapper(...), anchorHoriz='center', anchorVert='center', antialias=True, autoDraw=False, autoLog=True, bold=False, color=array([1., 1., 1.]), colorSpace='rgb', contrast=1.0, depth=0, draggable=False, flipHoriz=False, flipVert=False, font='Times New Roman', fontFiles=[], height=0.05, italic=False, languageStyle='LTR', name='block_text', opacity=1.0, ori=0.0, pos=array([0., 0.]), rgb=UNKNOWN, text=str(...), units='height', win=Window(...), wrapWidth=1.2)
2.4329 	WARNING 	t of last frame was 2367.49ms (=1/0)
3.2891 	DATA 	Keypress: space
3.2950 	EXP 	Created sequence: random, trialTypes=1, nReps=9, seed=None
3.2955 	EXP 	New trial (rep=0, index=0): None
3.3143 	WARNING 	t of last frame was 881.38ms (=1/1)
3.3143 	EXP 	immediate_text: font = 'Times New Roman'
3.3143 	EXP 	immediate_text: italic = False
3.3143 	EXP 	delay_text: font = 'Times New Roman'
3.3143 	EXP 	delay_text: italic = False
3.3143 	EXP 	immediate_text: autoDraw = True
3.3143 	EXP 	delay_text: autoDraw = True
3.3143 	EXP 	which_text: autoDraw = True
3.3143 	EXP 	or_text: autoDraw = True
3.3368 	WARNING 	t of last frame was 22.55ms (=1/44)
4.4021 	DATA 	Keypress: 1
4.4060 	WARNING 	Multiple dropped frames have occurred - I'll stop bothering you about them!
4.4060 	EXP 	immediate_text: autoDraw = False
4.4060 	EXP 	delay_text: autoDraw = False
4.4060 	EXP 	which_text: autoDraw = False
4.4060 	EXP 	or_text: autoDraw = False
4.4060 	EXP 	immediate_text: font = 'Times New Roman'
4.4060 	EXP 	immediate_text: italic = True
4.4060 	EXP 	delay_text: font = 'Times New Roman'
4.4060 	EXP 	delay_text: italic = False
4.4060 	EXP 	immediate_text: height = 0.05
4.4060 	EXP 	immediate_text: height = 0.05
4.4060 	EXP 	immediate_text: height = 0.05
4.4060 	EXP 	immediate_text: text = '$800 now\n(1)'
4.4060 	EXP 	delay_text: height = 0.05
4.4060 	EXP 	delay_text: height = 0.05
4.4060 	EXP 	delay_text: height = 0.05
4.4060 	EXP 	delay_text: text = '$1000 in\n1 month\n(3)'
5.4067 	EXP 	New trial (rep=1, index=0): None
5.4179 	EXP 	immediate_text: font = 'Times New Roman'
5.4179 	EXP 	immediate_text: italic = False
5.4179 	EXP 	delay_text: font = 'Times New Roman'
5.4179 	EXP 	delay_text: italic = False
5.4179 	EXP 	immediate_text: font = 'Times New Roman'
5.4179 	EXP 	immediate_text: italic = False
5.4179 	EXP 	delay_text: font = 'Times New Roman'
5.4179 	EXP 	delay_text: italic = False
5.4179 	EXP 	immediate_text: autoDraw = True
5.4179 	EXP 	delay_text: autoDraw = True
5.4179 	EXP 	which_text: autoDraw = True
5.4179 	EXP 	or_text: autoDraw = True
5.4179 	EXP 	delay_text: height = 0.05
5.4179 	EXP 	delay_text: height = 0.05
5.4179 	EXP 	delay_text: height = 0.05
5.4179 	EXP 	delay_text: text = '$1000 in\n1 month\n(3)'
5.8352 	DATA 	Keypress: 1
5.8391 	EXP 	immediate_text: autoDraw = False
5.8391 	EXP 	delay_text: autoDraw = False
5.8391 	EXP 	which_text: autoDraw = False
5.8391 	EXP 	or_text: autoDraw = False
5.8391 	EXP 	immediate_text: font = 'Times New Roman'
5.8391 	EXP 	immediate_text: italic = True
5.8391 	EXP 	delay_text: font = 'Times New Roman'
5.8391 	EXP 	delay_text: italic = False
5.8391 	EXP 	immediate_text: height = 0.05
5.8391 	EXP 	immediate_text: height = 0.05
5.8391 	EXP 	immediate_text: height = 0.05
5.8391 	EXP 	immediate_text: text = '$400 now\n(1)'
5.8391 	EXP 	delay_text: height = 0.05
5.8391 	EXP 	delay_text: height = 0.05
5.8391 	EXP 	delay_text: height = 0.05
5.8391 	EXP 	delay_text: text = '$1000 in\n1 month\n(3)'
6.8402 	EXP 	New trial (rep=2, index=0): None
6.8536 	EXP 	immediate_text: font = 'Times New Roman'
6.8536 	EXP 	immediate_text: italic = False
6.8536 	EXP 	delay_text: font = 'Times New Roman'
6.8536 	EXP 	delay_text: italic = False
6.8536 	EXP 	immediate_text: font = 'Times New Roman'
6.8536 	EXP 	immediate_text: italic = False
6.8536 	EXP 	delay_text: font = 'Times New Roman'
6.8536 	EXP 	delay_text: italic = False
6.8536 	EXP 	immediate_text: autoDraw = True
6.8536 	EXP 	delay_text: autoDraw = True
6.8536 	EXP 	which_text: autoDraw = True
6.8536 	EXP 	or_text: autoDraw = True
6.8536 	EXP 	delay_text: height = 0.05
6.8536 	EXP 	delay_text: height = 0.05
6.8536 	EXP 	delay_text: height = 0.05
6.8536 	EXP 	delay_text: text = '$1000 in\n1 month\n(3)'
6.9519 	DATA 	Keypress: 1
6.9559 	EXP 	immediate_text: autoDraw = False
6.9559 	EXP 	delay_text: autoDraw = False
6.9559 	EXP 	which_text: autoDraw = False
6.9559 	EXP 	or_text: autoDraw = False
6.9559 	EXP 	immediate_text: font = 'Times New Roman'
6.9559 	EXP 	immediate_text: italic = True
6.9559 	EXP 	delay_text: font = 'Times New Roman'
6.9559 	EXP 	delay_text: italic = False
6.9559 	EXP 	immediate_text: height = 0.05
6.9559 	EXP 	immediate_text: height = 0.05
6.9559 	EXP 	immediate_text: height = 0.05
6.9559 	EXP 	immediate_text: text = '$200 now\n(1)'
6.9559 	EXP 	delay_text: height = 0.05
6.9559 	EXP 	delay_text: height = 0.05
6.9559 	EXP 	delay_text: height = 0.05
6.9559 	EXP 	delay_text: text = '$1000 in\n1 month\n(3)'
7.9565 	EXP 	New trial (rep=3, index=0): None
7.9672 	EXP 	immediate_text: font = 'Times New Roman'
7.9672 	EXP 	immediate_text: italic = False
7.9672 	EXP 	delay_text: font = 'Times New Roman'
7.9672 	EXP 	delay_text: italic = False
7.9672 	EXP 	immediate_text: font = 'Times New Roman'
7.9672 	EXP 	immediate_text: italic = False
7.9672 	EXP 	delay_text: font = 'Times New Roman'
7.9672 	EXP 	delay_text: italic = False
7.9672 	EXP 	immediate_text: autoDraw = True
7.9672 	EXP 	delay_text: autoDraw = True
7.9672 	EXP 	which_text: autoDraw = True
7.9672 	EXP 	or_text: autoDraw = True
7.9672 	EXP 	delay_text: height = 0.05
7.9672 	EXP 	delay_text: height = 0.05
7.9672 	EXP 	delay_text: height = 0.05
7.9672 	EXP 	delay_text: text = '$1000 in\n1 month\n(3)'
8.1253 	DATA 	Keypress: 1
8.1306 	EXP 	immediate_text: autoDraw = False
8.1306 	EXP 	delay_text: autoDraw = False
8.1306 	EXP 	which_text: autoDraw = False
8.1306 	EXP 	or_text: autoDraw = False
8.1306 	EXP 	immediate_text: font = 'Times New Roman'
8.1306 	EXP 	immediate_text: italic = True
8.1306 	EXP 	delay_text: font = 'Times New Roman'
8.1306 	EXP 	delay_text: italic = False
8.1306 	EXP 	immediate_text: height = 0.05
8.1306 	EXP 	immediate_text: height = 0.05
8.1306 	EXP 	immediate_text: height = 0.05
8.1306 	EXP 	immediate_text: text = '$100 now\n(1)'
8.1306 	EXP 	delay_text: height = 0.05
8.1306 	EXP 	delay_text: height = 0.05
8.1306 	EXP 	delay_text: height = 0.05
8.1306 	EXP 	delay_text: text = '$1000 in\n1 month\n(3)'
9.1311 	EXP 	New trial (rep=4, index=0): None
9.1425 	EXP 	immediate_text: font = 'Times New Roman'
9.1425 	EXP 	immediate_text: italic = False
9.1425 	EXP 	delay_text: font = 'Times New Roman'
9.1425 	EXP 	delay_text: italic = False
9.1425 	EXP 	immediate_text: font = 'Times New Roman'
9.1425 	EXP 	immediate_text: italic = False
9.1425 	EXP 	delay_text: font = 'Times New Roman'
9.1425 	EXP 	delay_text: italic = False
9.1425 	EXP 	immediate_text: autoDraw = True
9.1425 	EXP 	delay_text: autoDraw = True
9.1425 	EXP 	which_text: autoDraw = True
9.1425 	EXP 	or_text: autoDraw = True
9.1425 	EXP 	delay_text: height = 0.05
9.1425 	EXP 	delay_text: height = 0.05
9.1425 	EXP 	delay_text: height = 0.05
9.1425 	EXP 	delay_text: text = '$1000 in\n1 month\n(3)'
9.2920 	DATA 	Keypress: 1
9.2969 	EXP 	immediate_text: autoDraw = False
9.2969 	EXP 	delay_text: autoDraw = False
9.2969 	EXP 	which_text: autoDraw = False
9.2969 	EXP 	or_text: autoDraw = False
9.2969 	EXP 	immediate_text: font = 'Times New Roman'
9.2969 	EXP 	immediate_text: italic = True
9.2969 	EXP 	delay_text: font = 'Times New Roman'
9.2969 	EXP 	delay_text: italic = False
9.2969 	EXP 	immediate_text: height = 0.05
9.2969 	EXP 	immediate_text: height = 0.05
9.2969 	EXP 	immediate_text: height = 0.05
9.2969 	EXP 	immediate_text: text = '$50 now\n(1)'
9.2969 	EXP 	delay_text: height = 0.05
9.2969 	EXP 	delay_text: height = 0.05
9.2969 	EXP 	delay_text: height = 0.05
9.2969 	EXP 	delay_text: text = '$1000 in\n1 month\n(3)'
10.2976 	EXP 	New trial (rep=5, index=0): None
10.3085 	EXP 	immediate_text: font = 'Times New Roman'
10.3085 	EXP 	immediate_text: italic = False
10.3085 	EXP 	delay_text: font = 'Times New Roman'
10.3085 	EXP 	delay_text: italic = False
10.3085 	EXP 	immediate_text: font = 'Times New Roman'
10.3085 	EXP 	immediate_text: italic = False
10.3085 	EXP 	delay_text: font = 'Times New Roman'
10.3085 	EXP 	delay_text: italic = False
10.3085 	EXP 	immediate_text: autoDraw = True
10.3085 	EXP 	delay_text: autoDraw = True
10.3085 	EXP 	which_text: autoDraw = True
10.3085 	EXP 	or_text: autoDraw = True
10.3085 	EXP 	delay_text: height = 0.05
10.3085 	EXP 	delay_text: height = 0.05
10.3085 	EXP 	delay_text: height = 0.05
10.3085 	EXP 	delay_text: text = '$1000 in\n1 month\n(3)'
10.5415 	DATA 	Keypress: 1
10.5467 	EXP 	immediate_text: autoDraw = False
10.5467 	EXP 	delay_text: autoDraw = False
10.5467 	EXP 	which_text: autoDraw = False
10.5467 	EXP 	or_text: autoDraw = False
10.5467 	EXP 	immediate_text: font = 'Times New Roman'
10.5467 	EXP 	immediate_text: italic = True
10.5467 	EXP 	delay_text: font = 'Times New Roman'
10.5467 	EXP 	delay_text: italic = False
10.5467 	EXP 	immediate_text: height = 0.05
10.5467 	EXP 	immediate_text: height = 0.05
10.5467 	EXP 	immediate_text: height = 0.05
10.5467 	EXP 	immediate_text: text = '$25 now\n(1)'
10.5467 	EXP 	delay_text: height = 0.05
10.5467 	EXP 	delay_text: height = 0.05
10.5467 	EXP 	delay_text: height = 0.05
10.5467 	EXP 	delay_text: text = '$1000 in\n1 month\n(3)'
11.5477 	EXP 	New trial (rep=6, index=0): None
11.5598 	EXP 	immediate_text: font = 'Times New Roman'
11.5598 	EXP 	immediate_text: italic = False
11.5598 	EXP 	delay_text: font = 'Times New Roman'
11.5598 	EXP 	delay_text: italic = False
11.5598 	EXP 	immediate_text: font = 'Times New Roman'
11.5598 	EXP 	immediate_text: italic = False
11.5598 	EXP 	delay_text: font = 'Times New Roman'
11.5598 	EXP 	delay_text: italic = False
11.5598 	EXP 	immediate_text: autoDraw = True
11.5598 	EXP 	delay_text: autoDraw = True
11.5598 	EXP 	which_text: autoDraw = True
11.5598 	EXP 	or_text: autoDraw = True
11.5598 	EXP 	delay_text: height = 0.05
11.5598 	EXP 	delay_text: height = 0.05
11.5598 	EXP 	delay_text: height = 0.05
11.5598 	EXP 	delay_text: text = '$1000 in\n1 month\n(3)'
11.5876 	DATA 	Keypress: 1
11.5925 	EXP 	immediate_text: autoDraw = False
11.5925 	EXP 	delay_text: autoDraw = False
11.5925 	EXP 	which_text: autoDraw = False
11.5925 	EXP 	or_text: autoDraw = False
11.5925 	EXP 	immediate_text: font = 'Times New Roman'
11.5925 	EXP 	immediate_text: italic = True
11.5925 	EXP 	delay_text: font = 'Times New Roman'
11.5925 	EXP 	delay_text: italic = False
11.5925 	EXP 	immediate_text: height = 0.05
11.5925 	EXP 	immediate_text: height = 0.05
11.5925 	EXP 	immediate_text: height = 0.05
11.5925 	EXP 	immediate_text: text = '$12 now\n(1)'
11.5925 	EXP 	delay_text: height = 0.05
11.5925 	EXP 	delay_text: height = 0.05
11.5925 	EXP 	delay_text: height = 0.05
11.5925 	EXP 	delay_text: text = '$1000 in\n1 month\n(3)'
12.5931 	EXP 	New trial (rep=7, index=0): None
12.6043 	EXP 	immediate_text: font = 'Times New Roman'
12.6043 	EXP 	immediate_text: italic = False
12.6043 	EXP 	delay_text: font = 'Times New Roman'
12.6043 	EXP 	delay_text: italic = False
12.6043 	EXP 	immediate_text: font = 'Times New Roman'
12.6043 	EXP 	immediate_text: italic = False
12.6043 	EXP 	delay_text: font = 'Times New Roman'
12.6043 	EXP 	delay_text: italic = False
12.6043 	EXP 	immediate_text: autoDraw = True
12.6043 	EXP 	delay_text: autoDraw = True
12.6043 	EXP 	which_text: autoDraw = True
12.6043 	EXP 	or_text: autoDraw = True
12.6043 	EXP 	delay_text: height = 0.05
12.6043 	EXP 	delay_text: height = 0.05
12.6043 	EXP 	delay_text: height = 0.05
12.6043 	EXP 	delay_text: text = '$1000 in\n1 month\n(3)'
12.9095 	DATA 	Keypress: 1
12.9142 	EXP 	immediate_text: autoDraw = False
12.9142 	EXP 	delay_text: autoDraw = False
12.9142 	EXP 	which_text: autoDraw = False
12.9142 	EXP 	or_text: autoDraw = False
12.9142 	EXP 	immediate_text: font = 'Times New Roman'
12.9142 	EXP 	immediate_text: italic = True
12.9142 	EXP 	delay_text: font = 'Times New Roman'
12.9142 	EXP 	delay_text: italic = False
12.9142 	EXP 	immediate_text: height = 0.05
12.9142 	EXP 	immediate_text: height = 0.05
12.9142 	EXP 	immediate_text: height = 0.05
12.9142 	EXP 	immediate_text: text = '$6 now\n(1)'
12.9142 	EXP 	delay_text: height = 0.05
12.9142 	EXP 	delay_text: height = 0.05
12.9142 	EXP 	delay_text: height = 0.05
12.9142 	EXP 	delay_text: text = '$1000 in\n1 month\n(3)'
13.9148 	EXP 	New trial (rep=8, index=0): None
13.9260 	EXP 	immediate_text: font = 'Times New Roman'
13.9260 	EXP 	immediate_text: italic = False
13.9260 	EXP 	delay_text: font = 'Times New Roman'
13.9260 	EXP 	delay_text: italic = False
13.9260 	EXP 	immediate_text: font = 'Times New Roman'
13.9260 	EXP 	immediate_text: italic = False
13.9260 	EXP 	delay_text: font = 'Times New Roman'
13.9260 	EXP 	delay_text: italic = False
13.9260 	EXP 	immediate_text: autoDraw = True
13.9260 	EXP 	delay_text: autoDraw = True
13.9260 	EXP 	which_text: autoDraw = True
13.9260 	EXP 	or_text: autoDraw = True
13.9260 	EXP 	delay_text: height = 0.05
13.9260 	EXP 	delay_text: height = 0.05
13.9260 	EXP 	delay_text: height = 0.05
13.9260 	EXP 	delay_text: text = '$1000 in\n1 month\n(3)'
13.9432 	DATA 	Keypress: 1
13.9470 	EXP 	immediate_text: autoDraw = False
13.9470 	EXP 	delay_text: autoDraw = False
13.9470 	EXP 	which_text: autoDraw = False
13.9470 	EXP 	or_text: autoDraw = False
13.9470 	EXP 	immediate_text: font = 'Times New Roman'
13.9470 	EXP 	immediate_text: italic = True
13.9470 	EXP 	delay_text: font = 'Times New Roman'
13.9470 	EXP 	delay_text: italic = False
13.9470 	EXP 	immediate_text: height = 0.05
13.9470 	EXP 	immediate_text: height = 0.05
13.9470 	EXP 	immediate_text: height = 0.05
13.9470 	EXP 	immediate_text: text = '$3 now\n(1)'
13.9470 	EXP 	delay_text: height = 0.05
13.9470 	EXP 	delay_text: height = 0.05
13.9470 	EXP 	delay_text: height = 0.05
13.9470 	EXP 	delay_text: text = '$1000 in\n1 month\n(3)'
14.9480 	EXP 	window1: mouseVisible = True
14.9572 	EXP 	Created block_text = TextStim(__class__=<class 'psychopy.visual.text.TextStim'>, alignHoriz=method-wrapper(...), alignText='center', alignVert=method-wrapper(...), anchorHoriz='center', anchorVert='center', antialias=True, autoDraw=False, autoLog=True, bold=False, color=array([1., 1., 1.]), colorSpace='rgb', contrast=1.0, depth=0, draggable=False, flipHoriz=False, flipVert=False, font='Times New Roman', fontFiles=[], height=0.05, italic=False, languageStyle='LTR', name='block_text', opacity=1.0, ori=0.0, pos=array([0., 0.]), rgb=UNKNOWN, text=str(...), units='height', win=Window(...), wrapWidth=1.2)
14.9627 	EXP 	immediate_text: font = 'Times New Roman'
14.9627 	EXP 	immediate_text: italic = False
14.9627 	EXP 	delay_text: font = 'Times New Roman'
14.9627 	EXP 	delay_text: italic = False
15.1486 	DATA 	Keypress: 1
15.9694 	DATA 	Keypress: space
15.9711 	EXP 	Created sequence: random, trialTypes=1, nReps=9, seed=None
15.9714 	EXP 	New trial (rep=0, index=0): None
15.9833 	EXP 	immediate_text: font = 'Times New Roman'
15.9833 	EXP 	immediate_text: italic = False
15.9833 	EXP 	delay_text: font = 'Times New Roman'
15.9833 	EXP 	delay_text: italic = False
15.9833 	EXP 	immediate_text: autoDraw = True
15.9833 	EXP 	delay_text: autoDraw = True
15.9833 	EXP 	which_text: autoDraw = True
15.9833 	EXP 	or_text: autoDraw = True
16.5753 	DATA 	Keypress: 1
16.5806 	EXP 	immediate_text: autoDraw = False
16.5806 	EXP 	delay_text: autoDraw = False
16.5806 	EXP 	which_text: autoDraw = False
16.5806 	EXP 	or_text: autoDraw = False
16.5806 	EXP 	immediate_text: font = 'Times New Roman'
16.5806 	EXP 	immediate_text: italic = True
16.5806 	EXP 	delay_text: font = 'Times New Roman'
16.5806 	EXP 	delay_text: italic = False
16.5806 	EXP 	immediate_text: height = 0.05
16.5806 	EXP 	immediate_text: height = 0.05
16.5806 	EXP 	immediate_text: height = 0.05
16.5806 	EXP 	immediate_text: text = '$500 now\n(1)'
16.5806 	EXP 	delay_text: height = 0.05
16.5806 	EXP 	delay_text: height = 0.05
16.5806 	EXP 	delay_text: height = 0.05
16.5806 	EXP 	delay_text: text = '$1000 in\n5 years\n(3)'
17.5815 	EXP 	New trial (rep=1, index=0): None
17.5940 	EXP 	immediate_text: font = 'Times New Roman'
17.5940 	EXP 	immediate_text: italic = False
17.5940 	EXP 	delay_text: font = 'Times New Roman'
17.5940 	EXP 	delay_text: italic = False
17.5940 	EXP 	immediate_text: font = 'Times New Roman'
17.5940 	EXP 	immediate_text: italic = False
17.5940 	EXP 	delay_text: font = 'Times New Roman'
17.5940 	EXP 	delay_text: italic = False
17.5940 	EXP 	immediate_text: autoDraw = True
17.5940 	EXP 	delay_text: autoDraw = True
17.5940 	EXP 	which_text: autoDraw = True
17.5940 	EXP 	or_text: autoDraw = True
17.5940 	EXP 	delay_text: height = 0.05
17.5940 	EXP 	delay_text: height = 0.05
17.5940 	EXP 	delay_text: height = 0.05
17.5940 	EXP 	delay_text: text = '$1000 in\n5 years\n(3)'
17.7920 	DATA 	Keypress: 1
17.7964 	EXP 	immediate_text: autoDraw = False
17.7964 	EXP 	delay_text: autoDraw = False
17.7964 	EXP 	which_text: autoDraw = False
17.7964 	EXP 	or_text: autoDraw = False
17.7964 	EXP 	immediate_text: font = 'Times New Roman'
17.7964 	EXP 	immediate_text: italic = True
17.7964 	EXP 	delay_text: font = 'Times New Roman'
17.7964 	EXP 	delay_text: italic = False
17.7964 	EXP 	immediate_text: height = 0.05
17.7964 	EXP 	immediate_text: height = 0.05
17.7964 	EXP 	immediate_text: height = 0.05
17.7964 	EXP 	immediate_text: text = '$250 now\n(1)'
17.7964 	EXP 	delay_text: height = 0.05
17.7964 	EXP 	delay_text: height = 0.05
17.7964 	EXP 	delay_text: height = 0.05
17.7964 	EXP 	delay_text: text = '$1000 in\n5 years\n(3)'
18.7971 	EXP 	New trial (rep=2, index=0): None
18.8080 	EXP 	immediate_text: font = 'Times New Roman'
18.8080 	EXP 	immediate_text: italic = False
18.8080 	EXP 	delay_text: font = 'Times New Roman'
18.8080 	EXP 	delay_text: italic = False
18.8080 	EXP 	immediate_text: font = 'Times New Roman'
18.8080 	EXP 	immediate_text: italic = False
18.8080 	EXP 	delay_text: font = 'Times New Roman'
18.8080 	EXP 	delay_text: italic = False
18.8080 	EXP 	immediate_text: autoDraw = True
18.8080 	EXP 	delay_text: autoDraw = True
18.8080 	EXP 	which_text: autoDraw = True
18.8080 	EXP 	or_text: autoDraw = True
18.8080 	EXP 	delay_text: height = 0.05
18.8080 	EXP 	delay_text: height = 0.05
18.8080 	EXP 	delay_text: height = 0.05
18.8080 	EXP 	delay_text: text = '$1000 in\n5 years\n(3)'
18.9514 	DATA 	Keypress: 1
18.9563 	EXP 	immediate_text: autoDraw = False
18.9563 	EXP 	delay_text: autoDraw = False
18.9563 	EXP 	which_text: autoDraw = False
18.9563 	EXP 	or_text: autoDraw = False
18.9563 	EXP 	immediate_text: font = 'Times New Roman'
18.9563 	EXP 	immediate_text: italic = True
18.9563 	EXP 	delay_text: font = 'Times New Roman'
18.9563 	EXP 	delay_text: italic = False
18.9563 	EXP 	immediate_text: height = 0.05
18.9563 	EXP 	immediate_text: height = 0.05
18.9563 	EXP 	immediate_text: height = 0.05
18.9563 	EXP 	immediate_text: text = '$125 now\n(1)'
18.9563 	EXP 	delay_text: height = 0.05
18.9563 	EXP 	delay_text: height = 0.05
18.9563 	EXP 	delay_text: height = 0.05
18.9563 	EXP 	delay_text: text = '$1000 in\n5 years\n(3)'
19.9573 	EXP 	New trial (rep=3, index=0): None
19.9720 	EXP 	immediate_text: font = 'Times New Roman'
19.9720 	EXP 	immediate_text: italic = False
19.9720 	EXP 	delay_text: font = 'Times New Roman'
19.9720 	EXP 	delay_text: italic = False
19.9720 	EXP 	immediate_text: font = 'Times New Roman'
19.9720 	EXP 	immediate_text: italic = False
19.9720 	EXP 	delay_text: font = 'Times New Roman'
19.9720 	EXP 	delay_text: italic = False
19.9720 	EXP 	immediate_text: autoDraw = True
19.9720 	EXP 	delay_text: autoDraw = True
19.9720 	EXP 	which_text: autoDraw = True
19.9720 	EXP 	or_text: autoDraw = True
19.9720 	EXP 	delay_text: height = 0.05
19.9720 	EXP 	delay_text: height = 0.05
19.9720 	EXP 	delay_text: height = 0.05
19.9720 	EXP 	delay_text: text = '$1000 in\n5 years\n(3)'
20.1756 	DATA 	Keypress: 1
20.1803 	EXP 	immediate_text: autoDraw = False
20.1803 	EXP 	delay_text: autoDraw = False
20.1803 	EXP 	which_text: autoDraw = False
20.1803 	EXP 	or_text: autoDraw = False
20.1803 	EXP 	immediate_text: font = 'Times New Roman'
20.1803 	EXP 	immediate_text: italic = True
20.1803 	EXP 	delay_text: font = 'Times New Roman'
20.1803 	EXP 	delay_text: italic = False
20.1803 	EXP 	immediate_text: height = 0.05
20.1803 	EXP 	immediate_text: height = 0.05
20.1803 	EXP 	immediate_text: height = 0.05
20.1803 	EXP 	immediate_text: text = '$62 now\n(1)'
20.1803 	EXP 	delay_text: height = 0.05
20.1803 	EXP 	delay_text: height = 0.05
20.1803 	EXP 	delay_text: height = 0.05
20.1803 	EXP 	delay_text: text = '$1000 in\n5 years\n(3)'
20.9364 	DATA 	Keypress: 1
21.1809 	EXP 	New trial (rep=4, index=0): None
21.1920 	EXP 	immediate_text: font = 'Times New Roman'
21.1920 	EXP 	immediate_text: italic = False
21.1920 	EXP 	delay_text: font = 'Times New Roman'
21.1920 	EXP 	delay_text: italic = False
21.1920 	EXP 	immediate_text: font = 'Times New Roman'
21.1920 	EXP 	immediate_text: italic = False
21.1920 	EXP 	delay_text: font = 'Times New Roman'
21.1920 	EXP 	delay_text: italic = False
21.1920 	EXP 	immediate_text: autoDraw = True
21.1920 	EXP 	delay_text: autoDraw = True
21.1920 	EXP 	which_text: autoDraw = True
21.1920 	EXP 	or_text: autoDraw = True
21.1920 	EXP 	delay_text: height = 0.05
21.1920 	EXP 	delay_text: height = 0.05
21.1920 	EXP 	delay_text: height = 0.05
21.1920 	EXP 	delay_text: text = '$1000 in\n5 years\n(3)'
21.4247 	DATA 	Keypress: 1
21.4301 	EXP 	immediate_text: autoDraw = False
21.4301 	EXP 	delay_text: autoDraw = False
21.4301 	EXP 	which_text: autoDraw = False
21.4301 	EXP 	or_text: autoDraw = False
21.4301 	EXP 	immediate_text: font = 'Times New Roman'
21.4301 	EXP 	immediate_text: italic = True
21.4301 	EXP 	delay_text: font = 'Times New Roman'
21.4301 	EXP 	delay_text: italic = False
21.4301 	EXP 	immediate_text: height = 0.05
21.4301 	EXP 	immediate_text: height = 0.05
21.4301 	EXP 	immediate_text: height = 0.05
21.4301 	EXP 	immediate_text: text = '$31 now\n(1)'
21.4301 	EXP 	delay_text: height = 0.05
21.4301 	EXP 	delay_text: height = 0.05
21.4301 	EXP 	delay_text: height = 0.05
21.4301 	EXP 	delay_text: text = '$1000 in\n5 years\n(3)'
22.1534 	DATA 	Keypress: 1
22.4308 	EXP 	New trial (rep=5, index=0): None
22.4426 	EXP 	immediate_text: font = 'Times New Roman'
22.4426 	EXP 	immediate_text: italic = False
22.4426 	EXP 	delay_text: font = 'Times New Roman'
22.4426 	EXP 	delay_text: italic = False
22.4426 	EXP 	immediate_text: font = 'Times New Roman'
22.4426 	EXP 	immediate_text: italic = False
22.4426 	EXP 	delay_text: font = 'Times New Roman'
22.4426 	EXP 	delay_text: italic = False
22.4426 	EXP 	immediate_text: autoDraw = True
22.4426 	EXP 	delay_text: autoDraw = True
22.4426 	EXP 	which_text: autoDraw = True
22.4426 	EXP 	or_text: autoDraw = True
22.4426 	EXP 	delay_text: height = 0.05
22.4426 	EXP 	delay_text: height = 0.05
22.4426 	EXP 	delay_text: height = 0.05
22.4426 	EXP 	delay_text: text = '$1000 in\n5 years\n(3)'
22.5587 	DATA 	Keypress: 1
22.5643 	EXP 	immediate_text: autoDraw = False
22.5643 	EXP 	delay_text: autoDraw = False
22.5643 	EXP 	which_text: autoDraw = False
22.5643 	EXP 	or_text: autoDraw = False
22.5643 	EXP 	immediate_text: font = 'Times New Roman'
22.5643 	EXP 	immediate_text: italic = True
22.5643 	EXP 	delay_text: font = 'Times New Roman'
22.5643 	EXP 	delay_text: italic = False
22.5643 	EXP 	immediate_text: height = 0.05
22.5643 	EXP 	immediate_text: height = 0.05
22.5643 	EXP 	immediate_text: height = 0.05
22.5643 	EXP 	immediate_text: text = '$15 now\n(1)'
22.5643 	EXP 	delay_text: height = 0.05
22.5643 	EXP 	delay_text: height = 0.05
22.5643 	EXP 	delay_text: height = 0.05
22.5643 	EXP 	delay_text: text = '$1000 in\n5 years\n(3)'
23.5650 	EXP 	New trial (rep=6, index=0): None
23.5770 	EXP 	immediate_text: font = 'Times New Roman'
23.5770 	EXP 	immediate_text: italic = False
23.5770 	EXP 	delay_text: font = 'Times New Roman'
23.5770 	EXP 	delay_text: italic = False
23.5770 	EXP 	immediate_text: font = 'Times New Roman'
23.5770 	EXP 	immediate_text: italic = False
23.5770 	EXP 	delay_text: font = 'Times New Roman'
23.5770 	EXP 	delay_text: italic = False
23.5770 	EXP 	immediate_text: autoDraw = True
23.5770 	EXP 	delay_text: autoDraw = True
23.5770 	EXP 	which_text: autoDraw = True
23.5770 	EXP 	or_text: autoDraw = True
23.5770 	EXP 	delay_text: height = 0.05
23.5770 	EXP 	delay_text: height = 0.05
23.5770 	EXP 	delay_text: height = 0.05
23.5770 	EXP 	delay_text: text = '$1000 in\n5 years\n(3)'
24.0195 	DATA 	Keypress: 1
24.0241 	EXP 	immediate_text: autoDraw = False
24.0241 	EXP 	delay_text: autoDraw = False
24.0241 	EXP 	which_text: autoDraw = False
24.0241 	EXP 	or_text: autoDraw = False
24.0241 	EXP 	immediate_text: font = 'Times New Roman'
24.0241 	EXP 	immediate_text: italic = True
24.0241 	EXP 	delay_text: font = 'Times New Roman'
24.0241 	EXP 	delay_text: italic = False
24.0241 	EXP 	immediate_text: height = 0.05
24.0241 	EXP 	immediate_text: height = 0.05
24.0241 	EXP 	immediate_text: height = 0.05
24.0241 	EXP 	immediate_text: text = '$7 now\n(1)'
24.0241 	EXP 	delay_text: height = 0.05
24.0241 	EXP 	delay_text: height = 0.05
24.0241 	EXP 	delay_text: height = 0.05
24.0241 	EXP 	delay_text: text = '$1000 in\n5 years\n(3)'
24.9104 	DATA 	Keypress: 1
25.0247 	EXP 	New trial (rep=7, index=0): None
25.0356 	EXP 	immediate_text: font = 'Times New Roman'
25.0356 	EXP 	immediate_text: italic = False
25.0356 	EXP 	delay_text: font = 'Times New Roman'
25.0356 	EXP 	delay_text: italic = False
25.0356 	EXP 	immediate_text: font = 'Times New Roman'
25.0356 	EXP 	immediate_text: italic = False
25.0356 	EXP 	delay_text: font = 'Times New Roman'
25.0356 	EXP 	delay_text: italic = False
25.0356 	EXP 	immediate_text: autoDraw = True
25.0356 	EXP 	delay_text: autoDraw = True
25.0356 	EXP 	which_text: autoDraw = True
25.0356 	EXP 	or_text: autoDraw = True
25.0356 	EXP 	delay_text: height = 0.05
25.0356 	EXP 	delay_text: height = 0.05
25.0356 	EXP 	delay_text: height = 0.05
25.0356 	EXP 	delay_text: text = '$1000 in\n5 years\n(3)'
25.1849 	DATA 	Keypress: 1
25.1893 	EXP 	immediate_text: autoDraw = False
25.1893 	EXP 	delay_text: autoDraw = False
25.1893 	EXP 	which_text: autoDraw = False
25.1893 	EXP 	or_text: autoDraw = False
25.1893 	EXP 	immediate_text: font = 'Times New Roman'
25.1893 	EXP 	immediate_text: italic = True
25.1893 	EXP 	delay_text: font = 'Times New Roman'
25.1893 	EXP 	delay_text: italic = False
25.1893 	EXP 	immediate_text: height = 0.05
25.1893 	EXP 	immediate_text: height = 0.05
25.1893 	EXP 	immediate_text: height = 0.05
25.1893 	EXP 	immediate_text: text = '$3 now\n(1)'
25.1893 	EXP 	delay_text: height = 0.05
25.1893 	EXP 	delay_text: height = 0.05
25.1893 	EXP 	delay_text: height = 0.05
25.1893 	EXP 	delay_text: text = '$1000 in\n5 years\n(3)'
25.4464 	DATA 	Keypress: 1
26.1232 	DATA 	Keypress: 1
26.1899 	EXP 	New trial (rep=8, index=0): None
26.2012 	EXP 	immediate_text: font = 'Times New Roman'
26.2012 	EXP 	immediate_text: italic = False
26.2012 	EXP 	delay_text: font = 'Times New Roman'
26.2012 	EXP 	delay_text: italic = False
26.2012 	EXP 	immediate_text: font = 'Times New Roman'
26.2012 	EXP 	immediate_text: italic = False
26.2012 	EXP 	delay_text: font = 'Times New Roman'
26.2012 	EXP 	delay_text: italic = False
26.2012 	EXP 	immediate_text: autoDraw = True
26.2012 	EXP 	delay_text: autoDraw = True
26.2012 	EXP 	which_text: autoDraw = True
26.2012 	EXP 	or_text: autoDraw = True
26.2012 	EXP 	delay_text: height = 0.05
26.2012 	EXP 	delay_text: height = 0.05
26.2012 	EXP 	delay_text: height = 0.05
26.2012 	EXP 	delay_text: text = '$1000 in\n5 years\n(3)'
26.3857 	DATA 	Keypress: 1
26.3905 	EXP 	immediate_text: autoDraw = False
26.3905 	EXP 	delay_text: autoDraw = False
26.3905 	EXP 	which_text: autoDraw = False
26.3905 	EXP 	or_text: autoDraw = False
26.3905 	EXP 	immediate_text: font = 'Times New Roman'
26.3905 	EXP 	immediate_text: italic = True
26.3905 	EXP 	delay_text: font = 'Times New Roman'
26.3905 	EXP 	delay_text: italic = False
26.3905 	EXP 	immediate_text: height = 0.05
26.3905 	EXP 	immediate_text: height = 0.05
26.3905 	EXP 	immediate_text: height = 0.05
26.3905 	EXP 	immediate_text: text = '$1 now\n(1)'
26.3905 	EXP 	delay_text: height = 0.05
26.3905 	EXP 	delay_text: height = 0.05
26.3905 	EXP 	delay_text: height = 0.05
26.3905 	EXP 	delay_text: text = '$1000 in\n5 years\n(3)'
26.6484 	DATA 	Keypress: 1
26.9379 	DATA 	Keypress: 1
27.2375 	DATA 	Keypress: 1
27.3918 	EXP 	window1: mouseVisible = True
27.3976 	EXP 	Created block_text = TextStim(__class__=<class 'psychopy.visual.text.TextStim'>, alignHoriz=method-wrapper(...), alignText='center', alignVert=method-wrapper(...), anchorHoriz='center', anchorVert='center', antialias=True, autoDraw=False, autoLog=True, bold=False, color=array([1., 1., 1.]), colorSpace='rgb', contrast=1.0, depth=0, draggable=False, flipHoriz=False, flipVert=False, font='Times New Roman', fontFiles=[], height=0.05, italic=False, languageStyle='LTR', name='block_text', opacity=1.0, ori=0.0, pos=array([0., 0.]), rgb=UNKNOWN, text=str(...), units='height', win=Window(...), wrapWidth=1.2)
27.4027 	EXP 	immediate_text: font = 'Times New Roman'
27.4027 	EXP 	immediate_text: italic = False
27.4027 	EXP 	delay_text: font = 'Times New Roman'
27.4027 	EXP 	delay_text: italic = False
27.5012 	DATA 	Keypress: 1
28.2480 	DATA 	Keypress: space
28.2491 	EXP 	Created sequence: random, trialTypes=1, nReps=9, seed=None
28.2492 	EXP 	New trial (rep=0, index=0): None
28.2617 	EXP 	immediate_text: font = 'Times New Roman'
28.2617 	EXP 	immediate_text: italic = False
28.2617 	EXP 	delay_text: font = 'Times New Roman'
28.2617 	EXP 	delay_text: italic = False
28.2617 	EXP 	immediate_text: autoDraw = True
28.2617 	EXP 	delay_text: autoDraw = True
28.2617 	EXP 	which_text: autoDraw = True
28.2617 	EXP 	or_text: autoDraw = True
28.8684 	DATA 	Keypress: 1
28.8730 	EXP 	immediate_text: autoDraw = False
28.8730 	EXP 	delay_text: autoDraw = False
28.8730 	EXP 	which_text: autoDraw = False
28.8730 	EXP 	or_text: autoDraw = False
28.8730 	EXP 	immediate_text: font = 'Times New Roman'
28.8730 	EXP 	immediate_text: italic = True
28.8730 	EXP 	delay_text: font = 'Times New Roman'
28.8730 	EXP 	delay_text: italic = False
28.8730 	EXP 	immediate_text: height = 0.05
28.8730 	EXP 	immediate_text: height = 0.05
28.8730 	EXP 	immediate_text: height = 0.05
28.8730 	EXP 	immediate_text: text = '$800 now\n(1)'
28.8730 	EXP 	delay_text: height = 0.05
28.8730 	EXP 	delay_text: height = 0.05
28.8730 	EXP 	delay_text: height = 0.05
28.8730 	EXP 	delay_text: text = '$1000 in\n1 week\n(3)'
29.4284 	DATA 	Keypress: 1
29.7246 	DATA 	Keypress: 1
29.8742 	EXP 	New trial (rep=1, index=0): None
29.8864 	EXP 	immediate_text: font = 'Times New Roman'
29.8864 	EXP 	immediate_text: italic = False
29.8864 	EXP 	delay_text: font = 'Times New Roman'
29.8864 	EXP 	delay_text: italic = False
29.8864 	EXP 	immediate_text: font = 'Times New Roman'
29.8864 	EXP 	immediate_text: italic = False
29.8864 	EXP 	delay_text: font = 'Times New Roman'
29.8864 	EXP 	delay_text: italic = False
29.8864 	EXP 	immediate_text: autoDraw = True
29.8864 	EXP 	delay_text: autoDraw = True
29.8864 	EXP 	which_text: autoDraw = True
29.8864 	EXP 	or_text: autoDraw = True
29.8864 	EXP 	delay_text: height = 0.05
29.8864 	EXP 	delay_text: height = 0.05
29.8864 	EXP 	delay_text: height = 0.05
29.8864 	EXP 	delay_text: text = '$1000 in\n1 week\n(3)'
30.0016 	DATA 	Keypress: 1
30.0061 	EXP 	immediate_text: autoDraw = False
30.0061 	EXP 	delay_text: autoDraw = False
30.0061 	EXP 	which_text: autoDraw = False
30.0061 	EXP 	or_text: autoDraw = False
30.0061 	EXP 	immediate_text: font = 'Times New Roman'
30.0061 	EXP 	immediate_text: italic = True
30.0061 	EXP 	delay_text: font = 'Times New Roman'
30.0061 	EXP 	delay_text: italic = False
30.0061 	EXP 	immediate_text: height = 0.05
30.0061 	EXP 	immediate_text: height = 0.05
30.0061 	EXP 	immediate_text: height = 0.05
30.0061 	EXP 	immediate_text: text = '$400 now\n(1)'
30.0061 	EXP 	delay_text: height = 0.05
30.0061 	EXP 	delay_text: height = 0.05
30.0061 	EXP 	delay_text: height = 0.05
30.0061 	EXP 	delay_text: text = '$1000 in\n1 week\n(3)'
30.3247 	DATA 	Keypress: 2
30.6360 	DATA 	Keypress: 1
30.9421 	DATA 	Keypress: 1
31.0069 	EXP 	New trial (rep=2, index=0): None
31.0193 	EXP 	immediate_text: font = 'Times New Roman'
31.0193 	EXP 	immediate_text: italic = False
31.0193 	EXP 	delay_text: font = 'Times New Roman'
31.0193 	EXP 	delay_text: italic = False
31.0193 	EXP 	immediate_text: font = 'Times New Roman'
31.0193 	EXP 	immediate_text: italic = False
31.0193 	EXP 	delay_text: font = 'Times New Roman'
31.0193 	EXP 	delay_text: italic = False
31.0193 	EXP 	immediate_text: autoDraw = True
31.0193 	EXP 	delay_text: autoDraw = True
31.0193 	EXP 	which_text: autoDraw = True
31.0193 	EXP 	or_text: autoDraw = True
31.0193 	EXP 	delay_text: height = 0.05
31.0193 	EXP 	delay_text: height = 0.05
31.0193 	EXP 	delay_text: height = 0.05
31.0193 	EXP 	delay_text: text = '$1000 in\n1 week\n(3)'
31.2680 	DATA 	Keypress: 1
31.2730 	EXP 	immediate_text: autoDraw = False
31.2730 	EXP 	delay_text: autoDraw = False
31.2730 	EXP 	which_text: autoDraw = False
31.2730 	EXP 	or_text: autoDraw = False
31.2730 	EXP 	immediate_text: font = 'Times New Roman'
31.2730 	EXP 	immediate_text: italic = True
31.2730 	EXP 	delay_text: font = 'Times New Roman'
31.2730 	EXP 	delay_text: italic = False
31.2730 	EXP 	immediate_text: height = 0.05
31.2730 	EXP 	immediate_text: height = 0.05
31.2730 	EXP 	immediate_text: height = 0.05
31.2730 	EXP 	immediate_text: text = '$200 now\n(1)'
31.2730 	EXP 	delay_text: height = 0.05
31.2730 	EXP 	delay_text: height = 0.05
31.2730 	EXP 	delay_text: height = 0.05
31.2730 	EXP 	delay_text: text = '$1000 in\n1 week\n(3)'
31.6044 	DATA 	Keypress: 1
31.9777 	DATA 	Keypress: 1
32.2738 	EXP 	New trial (rep=3, index=0): None
32.2868 	EXP 	immediate_text: font = 'Times New Roman'
32.2868 	EXP 	immediate_text: italic = False
32.2868 	EXP 	delay_text: font = 'Times New Roman'
32.2868 	EXP 	delay_text: italic = False
32.2868 	EXP 	immediate_text: font = 'Times New Roman'
32.2868 	EXP 	immediate_text: italic = False
32.2868 	EXP 	delay_text: font = 'Times New Roman'
32.2868 	EXP 	delay_text: italic = False
32.2868 	EXP 	immediate_text: autoDraw = True
32.2868 	EXP 	delay_text: autoDraw = True
32.2868 	EXP 	which_text: autoDraw = True
32.2868 	EXP 	or_text: autoDraw = True
32.2868 	EXP 	delay_text: height = 0.05
32.2868 	EXP 	delay_text: height = 0.05
32.2868 	EXP 	delay_text: height = 0.05
32.2868 	EXP 	delay_text: text = '$1000 in\n1 week\n(3)'
32.3086 	DATA 	Keypress: 1
32.3138 	EXP 	immediate_text: autoDraw = False
32.3138 	EXP 	delay_text: autoDraw = False
32.3138 	EXP 	which_text: autoDraw = False
32.3138 	EXP 	or_text: autoDraw = False
32.3138 	EXP 	immediate_text: font = 'Times New Roman'
32.3138 	EXP 	immediate_text: italic = True
32.3138 	EXP 	delay_text: font = 'Times New Roman'
32.3138 	EXP 	delay_text: italic = False
32.3138 	EXP 	immediate_text: height = 0.05
32.3138 	EXP 	immediate_text: height = 0.05
32.3138 	EXP 	immediate_text: height = 0.05
32.3138 	EXP 	immediate_text: text = '$100 now\n(1)'
32.3138 	EXP 	delay_text: height = 0.05
32.3138 	EXP 	delay_text: height = 0.05
32.3138 	EXP 	delay_text: height = 0.05
32.3138 	EXP 	delay_text: text = '$1000 in\n1 week\n(3)'
32.6541 	DATA 	Keypress: 1
33.0283 	DATA 	Keypress: 1
33.3160 	EXP 	New trial (rep=4, index=0): None
33.3330 	EXP 	immediate_text: font = 'Times New Roman'
33.3330 	EXP 	immediate_text: italic = False
33.3330 	EXP 	delay_text: font = 'Times New Roman'
33.3330 	EXP 	delay_text: italic = False
33.3330 	EXP 	immediate_text: font = 'Times New Roman'
33.3330 	EXP 	immediate_text: italic = False
33.3330 	EXP 	delay_text: font = 'Times New Roman'
33.3330 	EXP 	delay_text: italic = False
33.3330 	EXP 	immediate_text: autoDraw = True
33.3330 	EXP 	delay_text: autoDraw = True
33.3330 	EXP 	which_text: autoDraw = True
33.3330 	EXP 	or_text: autoDraw = True
33.3330 	EXP 	delay_text: height = 0.05
33.3330 	EXP 	delay_text: height = 0.05
33.3330 	EXP 	delay_text: height = 0.05
33.3330 	EXP 	delay_text: text = '$1000 in\n1 week\n(3)'
33.3633 	DATA 	Keypress: 1
33.3689 	EXP 	immediate_text: autoDraw = False
33.3689 	EXP 	delay_text: autoDraw = False
33.3689 	EXP 	which_text: autoDraw = False
33.3689 	EXP 	or_text: autoDraw = False
33.3689 	EXP 	immediate_text: font = 'Times New Roman'
33.3689 	EXP 	immediate_text: italic = True
33.3689 	EXP 	delay_text: font = 'Times New Roman'
33.3689 	EXP 	delay_text: italic = False
33.3689 	EXP 	immediate_text: height = 0.05
33.3689 	EXP 	immediate_text: height = 0.05
33.3689 	EXP 	immediate_text: height = 0.05
33.3689 	EXP 	immediate_text: text = '$50 now\n(1)'
33.3689 	EXP 	delay_text: height = 0.05
33.3689 	EXP 	delay_text: height = 0.05
33.3689 	EXP 	delay_text: height = 0.05
33.3689 	EXP 	delay_text: text = '$1000 in\n1 week\n(3)'
33.6981 	DATA 	Keypress: 1
34.0261 	DATA 	Keypress: 1
34.3635 	DATA 	Keypress: 1
34.3696 	EXP 	New trial (rep=5, index=0): None
34.3844 	EXP 	immediate_text: font = 'Times New Roman'
34.3844 	EXP 	immediate_text: italic = False
34.3844 	EXP 	delay_text: font = 'Times New Roman'
34.3844 	EXP 	delay_text: italic = False
34.3844 	EXP 	immediate_text: font = 'Times New Roman'
34.3844 	EXP 	immediate_text: italic = False
34.3844 	EXP 	delay_text: font = 'Times New Roman'
34.3844 	EXP 	delay_text: italic = False
34.3844 	EXP 	immediate_text: autoDraw = True
34.3844 	EXP 	delay_text: autoDraw = True
34.3844 	EXP 	which_text: autoDraw = True
34.3844 	EXP 	or_text: autoDraw = True
34.3844 	EXP 	delay_text: height = 0.05
34.3844 	EXP 	delay_text: height = 0.05
34.3844 	EXP 	delay_text: height = 0.05
34.3844 	EXP 	delay_text: text = '$1000 in\n1 week\n(3)'
34.6917 	DATA 	Keypress: 1
34.6970 	EXP 	immediate_text: autoDraw = False
34.6970 	EXP 	delay_text: autoDraw = False
34.6970 	EXP 	which_text: autoDraw = False
34.6970 	EXP 	or_text: autoDraw = False
34.6970 	EXP 	immediate_text: font = 'Times New Roman'
34.6970 	EXP 	immediate_text: italic = True
34.6970 	EXP 	delay_text: font = 'Times New Roman'
34.6970 	EXP 	delay_text: italic = False
34.6970 	EXP 	immediate_text: height = 0.05
34.6970 	EXP 	immediate_text: height = 0.05
34.6970 	EXP 	immediate_text: height = 0.05
34.6970 	EXP 	immediate_text: text = '$25 now\n(1)'
34.6970 	EXP 	delay_text: height = 0.05
34.6970 	EXP 	delay_text: height = 0.05
34.6970 	EXP 	delay_text: height = 0.05
34.6970 	EXP 	delay_text: text = '$1000 in\n1 week\n(3)'
35.1059 	DATA 	Keypress: 1
35.4513 	DATA 	Keypress: 1
35.6976 	EXP 	New trial (rep=6, index=0): None
35.7088 	EXP 	immediate_text: font = 'Times New Roman'
35.7088 	EXP 	immediate_text: italic = False
35.7088 	EXP 	delay_text: font = 'Times New Roman'
35.7088 	EXP 	delay_text: italic = False
35.7088 	EXP 	immediate_text: font = 'Times New Roman'
35.7088 	EXP 	immediate_text: italic = False
35.7088 	EXP 	delay_text: font = 'Times New Roman'
35.7088 	EXP 	delay_text: italic = False
35.7088 	EXP 	immediate_text: autoDraw = True
35.7088 	EXP 	delay_text: autoDraw = True
35.7088 	EXP 	which_text: autoDraw = True
35.7088 	EXP 	or_text: autoDraw = True
35.7088 	EXP 	delay_text: height = 0.05
35.7088 	EXP 	delay_text: height = 0.05
35.7088 	EXP 	delay_text: height = 0.05
35.7088 	EXP 	delay_text: text = '$1000 in\n1 week\n(3)'
35.7693 	DATA 	Keypress: 1
35.7737 	EXP 	immediate_text: autoDraw = False
35.7737 	EXP 	delay_text: autoDraw = False
35.7737 	EXP 	which_text: autoDraw = False
35.7737 	EXP 	or_text: autoDraw = False
35.7737 	EXP 	immediate_text: font = 'Times New Roman'
35.7737 	EXP 	immediate_text: italic = True
35.7737 	EXP 	delay_text: font = 'Times New Roman'
35.7737 	EXP 	delay_text: italic = False
35.7737 	EXP 	immediate_text: height = 0.05
35.7737 	EXP 	immediate_text: height = 0.05
35.7737 	EXP 	immediate_text: height = 0.05
35.7737 	EXP 	immediate_text: text = '$12 now\n(1)'
35.7737 	EXP 	delay_text: height = 0.05
35.7737 	EXP 	delay_text: height = 0.05
35.7737 	EXP 	delay_text: height = 0.05
35.7737 	EXP 	delay_text: text = '$1000 in\n1 week\n(3)'
36.0786 	DATA 	Keypress: 1
36.4170 	DATA 	Keypress: 1
36.7743 	EXP 	New trial (rep=7, index=0): None
36.7850 	EXP 	immediate_text: font = 'Times New Roman'
36.7850 	EXP 	immediate_text: italic = False
36.7850 	EXP 	delay_text: font = 'Times New Roman'
36.7850 	EXP 	delay_text: italic = False
36.7850 	EXP 	immediate_text: font = 'Times New Roman'
36.7850 	EXP 	immediate_text: italic = False
36.7850 	EXP 	delay_text: font = 'Times New Roman'
36.7850 	EXP 	delay_text: italic = False
36.7850 	EXP 	immediate_text: autoDraw = True
36.7850 	EXP 	delay_text: autoDraw = True
36.7850 	EXP 	which_text: autoDraw = True
36.7850 	EXP 	or_text: autoDraw = True
36.7850 	EXP 	delay_text: height = 0.05
36.7850 	EXP 	delay_text: height = 0.05
36.7850 	EXP 	delay_text: height = 0.05
36.7850 	EXP 	delay_text: text = '$1000 in\n1 week\n(3)'
36.8350 	DATA 	Keypress: 1
36.8406 	EXP 	immediate_text: autoDraw = False
36.8406 	EXP 	delay_text: autoDraw = False
36.8406 	EXP 	which_text: autoDraw = False
36.8406 	EXP 	or_text: autoDraw = False
36.8406 	EXP 	immediate_text: font = 'Times New Roman'
36.8406 	EXP 	immediate_text: italic = True
36.8406 	EXP 	delay_text: font = 'Times New Roman'
36.8406 	EXP 	delay_text: italic = False
36.8406 	EXP 	immediate_text: height = 0.05
36.8406 	EXP 	immediate_text: height = 0.05
36.8406 	EXP 	immediate_text: height = 0.05
36.8406 	EXP 	immediate_text: text = '$6 now\n(1)'
36.8406 	EXP 	delay_text: height = 0.05
36.8406 	EXP 	delay_text: height = 0.05
36.8406 	EXP 	delay_text: height = 0.05
36.8406 	EXP 	delay_text: text = '$1000 in\n1 week\n(3)'
37.2309 	DATA 	Keypress: 1
37.5232 	DATA 	Keypress: 1
37.7704 	DATA 	Keypress: 1
37.8412 	EXP 	New trial (rep=8, index=0): None
37.8520 	EXP 	immediate_text: font = 'Times New Roman'
37.8520 	EXP 	immediate_text: italic = False
37.8520 	EXP 	delay_text: font = 'Times New Roman'
37.8520 	EXP 	delay_text: italic = False
37.8520 	EXP 	immediate_text: font = 'Times New Roman'
37.8520 	EXP 	immediate_text: italic = False
37.8520 	EXP 	delay_text: font = 'Times New Roman'
37.8520 	EXP 	delay_text: italic = False
37.8520 	EXP 	immediate_text: autoDraw = True
37.8520 	EXP 	delay_text: autoDraw = True
37.8520 	EXP 	which_text: autoDraw = True
37.8520 	EXP 	or_text: autoDraw = True
37.8520 	EXP 	delay_text: height = 0.05
37.8520 	EXP 	delay_text: height = 0.05
37.8520 	EXP 	delay_text: height = 0.05
37.8520 	EXP 	delay_text: text = '$1000 in\n1 week\n(3)'
38.0205 	DATA 	Keypress: 1
38.0410 	EXP 	immediate_text: autoDraw = False
38.0410 	EXP 	delay_text: autoDraw = False
38.0410 	EXP 	which_text: autoDraw = False
38.0410 	EXP 	or_text: autoDraw = False
38.0410 	EXP 	immediate_text: font = 'Times New Roman'
38.0410 	EXP 	immediate_text: italic = True
38.0410 	EXP 	delay_text: font = 'Times New Roman'
38.0410 	EXP 	delay_text: italic = False
38.0410 	EXP 	immediate_text: height = 0.05
38.0410 	EXP 	immediate_text: height = 0.05
38.0410 	EXP 	immediate_text: height = 0.05
38.0410 	EXP 	immediate_text: text = '$3 now\n(1)'
38.0410 	EXP 	delay_text: height = 0.05
38.0410 	EXP 	delay_text: height = 0.05
38.0410 	EXP 	delay_text: height = 0.05
38.0410 	EXP 	delay_text: text = '$1000 in\n1 week\n(3)'
38.3100 	DATA 	Keypress: 1
38.5887 	DATA 	Keypress: 1
38.8702 	DATA 	Keypress: 1
39.0419 	EXP 	window1: mouseVisible = True
39.0468 	EXP 	Created block_text = TextStim(__class__=<class 'psychopy.visual.text.TextStim'>, alignHoriz=method-wrapper(...), alignText='center', alignVert=method-wrapper(...), anchorHoriz='center', anchorVert='center', antialias=True, autoDraw=False, autoLog=True, bold=False, color=array([1., 1., 1.]), colorSpace='rgb', contrast=1.0, depth=0, draggable=False, flipHoriz=False, flipVert=False, font='Times New Roman', fontFiles=[], height=0.05, italic=False, languageStyle='LTR', name='block_text', opacity=1.0, ori=0.0, pos=array([0., 0.]), rgb=UNKNOWN, text=str(...), units='height', win=Window(...), wrapWidth=1.2)
39.0519 	EXP 	immediate_text: font = 'Times New Roman'
39.0519 	EXP 	immediate_text: italic = False
39.0519 	EXP 	delay_text: font = 'Times New Roman'
39.0519 	EXP 	delay_text: italic = False
39.1685 	DATA 	Keypress: 1
39.8368 	DATA 	Keypress: space
39.8386 	EXP 	Created sequence: random, trialTypes=1, nReps=9, seed=None
39.8389 	EXP 	New trial (rep=0, index=0): None
39.8565 	EXP 	immediate_text: font = 'Times New Roman'
39.8565 	EXP 	immediate_text: italic = False
39.8565 	EXP 	delay_text: font = 'Times New Roman'
39.8565 	EXP 	delay_text: italic = False
39.8565 	EXP 	immediate_text: autoDraw = True
39.8565 	EXP 	delay_text: autoDraw = True
39.8565 	EXP 	which_text: autoDraw = True
39.8565 	EXP 	or_text: autoDraw = True
40.4761 	DATA 	Keypress: 1
40.4813 	EXP 	immediate_text: autoDraw = False
40.4813 	EXP 	delay_text: autoDraw = False
40.4813 	EXP 	which_text: autoDraw = False
40.4813 	EXP 	or_text: autoDraw = False
40.4813 	EXP 	immediate_text: font = 'Times New Roman'
40.4813 	EXP 	immediate_text: italic = True
40.4813 	EXP 	delay_text: font = 'Times New Roman'
40.4813 	EXP 	delay_text: italic = False
40.4813 	EXP 	immediate_text: height = 0.05
40.4813 	EXP 	immediate_text: height = 0.05
40.4813 	EXP 	immediate_text: height = 0.05
40.4813 	EXP 	immediate_text: text = '$200 now\n(1)'
40.4813 	EXP 	delay_text: height = 0.05
40.4813 	EXP 	delay_text: height = 0.05
40.4813 	EXP 	delay_text: height = 0.05
40.4813 	EXP 	delay_text: text = '$1000 in\n1 year\n(3)'
40.7546 	DATA 	Keypress: 1
41.0444 	DATA 	Keypress: 1
41.3177 	DATA 	Keypress: 1
41.4820 	EXP 	New trial (rep=1, index=0): None
41.4931 	EXP 	immediate_text: font = 'Times New Roman'
41.4931 	EXP 	immediate_text: italic = False
41.4931 	EXP 	delay_text: font = 'Times New Roman'
41.4931 	EXP 	delay_text: italic = False
41.4931 	EXP 	immediate_text: font = 'Times New Roman'
41.4931 	EXP 	immediate_text: italic = False
41.4931 	EXP 	delay_text: font = 'Times New Roman'
41.4931 	EXP 	delay_text: italic = False
41.4931 	EXP 	immediate_text: autoDraw = True
41.4931 	EXP 	delay_text: autoDraw = True
41.4931 	EXP 	which_text: autoDraw = True
41.4931 	EXP 	or_text: autoDraw = True
41.4931 	EXP 	delay_text: height = 0.05
41.4931 	EXP 	delay_text: height = 0.05
41.4931 	EXP 	delay_text: height = 0.05
41.4931 	EXP 	delay_text: text = '$1000 in\n1 year\n(3)'
41.6187 	DATA 	Keypress: 1
41.6232 	EXP 	immediate_text: autoDraw = False
41.6232 	EXP 	delay_text: autoDraw = False
41.6232 	EXP 	which_text: autoDraw = False
41.6232 	EXP 	or_text: autoDraw = False
41.6232 	EXP 	immediate_text: font = 'Times New Roman'
41.6232 	EXP 	immediate_text: italic = True
41.6232 	EXP 	delay_text: font = 'Times New Roman'
41.6232 	EXP 	delay_text: italic = False
41.6232 	EXP 	immediate_text: height = 0.05
41.6232 	EXP 	immediate_text: height = 0.05
41.6232 	EXP 	immediate_text: height = 0.05
41.6232 	EXP 	immediate_text: text = '$100 now\n(1)'
41.6232 	EXP 	delay_text: height = 0.05
41.6232 	EXP 	delay_text: height = 0.05
41.6232 	EXP 	delay_text: height = 0.05
41.6232 	EXP 	delay_text: text = '$1000 in\n1 year\n(3)'
41.9058 	DATA 	Keypress: 1
42.2120 	DATA 	Keypress: 1
42.5058 	DATA 	Keypress: 1
42.6239 	EXP 	New trial (rep=2, index=0): None
42.6348 	EXP 	immediate_text: font = 'Times New Roman'
42.6348 	EXP 	immediate_text: italic = False
42.6348 	EXP 	delay_text: font = 'Times New Roman'
42.6348 	EXP 	delay_text: italic = False
42.6348 	EXP 	immediate_text: font = 'Times New Roman'
42.6348 	EXP 	immediate_text: italic = False
42.6348 	EXP 	delay_text: font = 'Times New Roman'
42.6348 	EXP 	delay_text: italic = False
42.6348 	EXP 	immediate_text: autoDraw = True
42.6348 	EXP 	delay_text: autoDraw = True
42.6348 	EXP 	which_text: autoDraw = True
42.6348 	EXP 	or_text: autoDraw = True
42.6348 	EXP 	delay_text: height = 0.05
42.6348 	EXP 	delay_text: height = 0.05
42.6348 	EXP 	delay_text: height = 0.05
42.6348 	EXP 	delay_text: text = '$1000 in\n1 year\n(3)'
42.8516 	DATA 	Keypress: 1
42.8560 	EXP 	immediate_text: autoDraw = False
42.8560 	EXP 	delay_text: autoDraw = False
42.8560 	EXP 	which_text: autoDraw = False
42.8560 	EXP 	or_text: autoDraw = False
42.8560 	EXP 	immediate_text: font = 'Times New Roman'
42.8560 	EXP 	immediate_text: italic = True
42.8560 	EXP 	delay_text: font = 'Times New Roman'
42.8560 	EXP 	delay_text: italic = False
42.8560 	EXP 	immediate_text: height = 0.05
42.8560 	EXP 	immediate_text: height = 0.05
42.8560 	EXP 	immediate_text: height = 0.05
42.8560 	EXP 	immediate_text: text = '$50 now\n(1)'
42.8560 	EXP 	delay_text: height = 0.05
42.8560 	EXP 	delay_text: height = 0.05
42.8560 	EXP 	delay_text: height = 0.05
42.8560 	EXP 	delay_text: text = '$1000 in\n1 year\n(3)'
43.1480 	DATA 	Keypress: 1
43.5026 	DATA 	Keypress: 1
43.7850 	DATA 	Keypress: 1
43.8566 	EXP 	New trial (rep=3, index=0): None
43.8677 	EXP 	immediate_text: font = 'Times New Roman'
43.8677 	EXP 	immediate_text: italic = False
43.8677 	EXP 	delay_text: font = 'Times New Roman'
43.8677 	EXP 	delay_text: italic = False
43.8677 	EXP 	immediate_text: font = 'Times New Roman'
43.8677 	EXP 	immediate_text: italic = False
43.8677 	EXP 	delay_text: font = 'Times New Roman'
43.8677 	EXP 	delay_text: italic = False
43.8677 	EXP 	immediate_text: autoDraw = True
43.8677 	EXP 	delay_text: autoDraw = True
43.8677 	EXP 	which_text: autoDraw = True
43.8677 	EXP 	or_text: autoDraw = True
43.8677 	EXP 	delay_text: height = 0.05
43.8677 	EXP 	delay_text: height = 0.05
43.8677 	EXP 	delay_text: height = 0.05
43.8677 	EXP 	delay_text: text = '$1000 in\n1 year\n(3)'
44.1185 	DATA 	Keypress: 1
44.1228 	EXP 	immediate_text: autoDraw = False
44.1228 	EXP 	delay_text: autoDraw = False
44.1228 	EXP 	which_text: autoDraw = False
44.1228 	EXP 	or_text: autoDraw = False
44.1228 	EXP 	immediate_text: font = 'Times New Roman'
44.1228 	EXP 	immediate_text: italic = True
44.1228 	EXP 	delay_text: font = 'Times New Roman'
44.1228 	EXP 	delay_text: italic = False
44.1228 	EXP 	immediate_text: height = 0.05
44.1228 	EXP 	immediate_text: height = 0.05
44.1228 	EXP 	immediate_text: height = 0.05
44.1228 	EXP 	immediate_text: text = '$25 now\n(1)'
44.1228 	EXP 	delay_text: height = 0.05
44.1228 	EXP 	delay_text: height = 0.05
44.1228 	EXP 	delay_text: height = 0.05
44.1228 	EXP 	delay_text: text = '$1000 in\n1 year\n(3)'
44.4289 	DATA 	Keypress: 1
44.7385 	DATA 	Keypress: 1
45.0464 	DATA 	Keypress: 1
45.1234 	EXP 	New trial (rep=4, index=0): None
45.1343 	EXP 	immediate_text: font = 'Times New Roman'
45.1343 	EXP 	immediate_text: italic = False
45.1343 	EXP 	delay_text: font = 'Times New Roman'
45.1343 	EXP 	delay_text: italic = False
45.1343 	EXP 	immediate_text: font = 'Times New Roman'
45.1343 	EXP 	immediate_text: italic = False
45.1343 	EXP 	delay_text: font = 'Times New Roman'
45.1343 	EXP 	delay_text: italic = False
45.1343 	EXP 	immediate_text: autoDraw = True
45.1343 	EXP 	delay_text: autoDraw = True
45.1343 	EXP 	which_text: autoDraw = True
45.1343 	EXP 	or_text: autoDraw = True
45.1343 	EXP 	delay_text: height = 0.05
45.1343 	EXP 	delay_text: height = 0.05
45.1343 	EXP 	delay_text: height = 0.05
45.1343 	EXP 	delay_text: text = '$1000 in\n1 year\n(3)'
45.3754 	DATA 	Keypress: 1
45.3812 	EXP 	immediate_text: autoDraw = False
45.3812 	EXP 	delay_text: autoDraw = False
45.3812 	EXP 	which_text: autoDraw = False
45.3812 	EXP 	or_text: autoDraw = False
45.3812 	EXP 	immediate_text: font = 'Times New Roman'
45.3812 	EXP 	immediate_text: italic = True
45.3812 	EXP 	delay_text: font = 'Times New Roman'
45.3812 	EXP 	delay_text: italic = False
45.3812 	EXP 	immediate_text: height = 0.05
45.3812 	EXP 	immediate_text: height = 0.05
45.3812 	EXP 	immediate_text: height = 0.05
45.3812 	EXP 	immediate_text: text = '$12 now\n(1)'
45.3812 	EXP 	delay_text: height = 0.05
45.3812 	EXP 	delay_text: height = 0.05
45.3812 	EXP 	delay_text: height = 0.05
45.3812 	EXP 	delay_text: text = '$1000 in\n1 year\n(3)'
45.6975 	DATA 	Keypress: 1
45.9909 	DATA 	Keypress: 1
46.3137 	DATA 	Keypress: 1
46.3821 	EXP 	New trial (rep=5, index=0): None
46.3933 	EXP 	immediate_text: font = 'Times New Roman'
46.3933 	EXP 	immediate_text: italic = False
46.3933 	EXP 	delay_text: font = 'Times New Roman'
46.3933 	EXP 	delay_text: italic = False
46.3933 	EXP 	immediate_text: font = 'Times New Roman'
46.3933 	EXP 	immediate_text: italic = False
46.3933 	EXP 	delay_text: font = 'Times New Roman'
46.3933 	EXP 	delay_text: italic = False
46.3933 	EXP 	immediate_text: autoDraw = True
46.3933 	EXP 	delay_text: autoDraw = True
46.3933 	EXP 	which_text: autoDraw = True
46.3933 	EXP 	or_text: autoDraw = True
46.3933 	EXP 	delay_text: height = 0.05
46.3933 	EXP 	delay_text: height = 0.05
46.3933 	EXP 	delay_text: height = 0.05
46.3933 	EXP 	delay_text: text = '$1000 in\n1 year\n(3)'
46.6186 	DATA 	Keypress: 1
46.6230 	EXP 	immediate_text: autoDraw = False
46.6230 	EXP 	delay_text: autoDraw = False
46.6230 	EXP 	which_text: autoDraw = False
46.6230 	EXP 	or_text: autoDraw = False
46.6230 	EXP 	immediate_text: font = 'Times New Roman'
46.6230 	EXP 	immediate_text: italic = True
46.6230 	EXP 	delay_text: font = 'Times New Roman'
46.6230 	EXP 	delay_text: italic = False
46.6230 	EXP 	immediate_text: height = 0.05
46.6230 	EXP 	immediate_text: height = 0.05
46.6230 	EXP 	immediate_text: height = 0.05
46.6230 	EXP 	immediate_text: text = '$6 now\n(1)'
46.6230 	EXP 	delay_text: height = 0.05
46.6230 	EXP 	delay_text: height = 0.05
46.6230 	EXP 	delay_text: height = 0.05
46.6230 	EXP 	delay_text: text = '$1000 in\n1 year\n(3)'
46.9271 	DATA 	Keypress: 1
47.2190 	DATA 	Keypress: 1
47.5658 	DATA 	Keypress: 1
47.6235 	EXP 	New trial (rep=6, index=0): None
47.6344 	EXP 	immediate_text: font = 'Times New Roman'
47.6344 	EXP 	immediate_text: italic = False
47.6344 	EXP 	delay_text: font = 'Times New Roman'
47.6344 	EXP 	delay_text: italic = False
47.6344 	EXP 	immediate_text: font = 'Times New Roman'
47.6344 	EXP 	immediate_text: italic = False
47.6344 	EXP 	delay_text: font = 'Times New Roman'
47.6344 	EXP 	delay_text: italic = False
47.6344 	EXP 	immediate_text: autoDraw = True
47.6344 	EXP 	delay_text: autoDraw = True
47.6344 	EXP 	which_text: autoDraw = True
47.6344 	EXP 	or_text: autoDraw = True
47.6344 	EXP 	delay_text: height = 0.05
47.6344 	EXP 	delay_text: height = 0.05
47.6344 	EXP 	delay_text: height = 0.05
47.6344 	EXP 	delay_text: text = '$1000 in\n1 year\n(3)'
47.9018 	DATA 	Keypress: 1
47.9061 	EXP 	immediate_text: autoDraw = False
47.9061 	EXP 	delay_text: autoDraw = False
47.9061 	EXP 	which_text: autoDraw = False
47.9061 	EXP 	or_text: autoDraw = False
47.9061 	EXP 	immediate_text: font = 'Times New Roman'
47.9061 	EXP 	immediate_text: italic = True
47.9061 	EXP 	delay_text: font = 'Times New Roman'
47.9061 	EXP 	delay_text: italic = False
47.9061 	EXP 	immediate_text: height = 0.05
47.9061 	EXP 	immediate_text: height = 0.05
47.9061 	EXP 	immediate_text: height = 0.05
47.9061 	EXP 	immediate_text: text = '$3 now\n(1)'
47.9061 	EXP 	delay_text: height = 0.05
47.9061 	EXP 	delay_text: height = 0.05
47.9061 	EXP 	delay_text: height = 0.05
47.9061 	EXP 	delay_text: text = '$1000 in\n1 year\n(3)'
48.2341 	DATA 	Keypress: 1
48.5022 	DATA 	Keypress: 1
48.8326 	DATA 	Keypress: 1
48.9069 	EXP 	New trial (rep=7, index=0): None
48.9194 	EXP 	immediate_text: font = 'Times New Roman'
48.9194 	EXP 	immediate_text: italic = False
48.9194 	EXP 	delay_text: font = 'Times New Roman'
48.9194 	EXP 	delay_text: italic = False
48.9194 	EXP 	immediate_text: font = 'Times New Roman'
48.9194 	EXP 	immediate_text: italic = False
48.9194 	EXP 	delay_text: font = 'Times New Roman'
48.9194 	EXP 	delay_text: italic = False
48.9194 	EXP 	immediate_text: autoDraw = True
48.9194 	EXP 	delay_text: autoDraw = True
48.9194 	EXP 	which_text: autoDraw = True
48.9194 	EXP 	or_text: autoDraw = True
48.9194 	EXP 	delay_text: height = 0.05
48.9194 	EXP 	delay_text: height = 0.05
48.9194 	EXP 	delay_text: height = 0.05
48.9194 	EXP 	delay_text: text = '$1000 in\n1 year\n(3)'
49.1931 	DATA 	Keypress: 1
49.1980 	EXP 	immediate_text: autoDraw = False
49.1980 	EXP 	delay_text: autoDraw = False
49.1980 	EXP 	which_text: autoDraw = False
49.1980 	EXP 	or_text: autoDraw = False
49.1980 	EXP 	immediate_text: font = 'Times New Roman'
49.1980 	EXP 	immediate_text: italic = True
49.1980 	EXP 	delay_text: font = 'Times New Roman'
49.1980 	EXP 	delay_text: italic = False
49.1980 	EXP 	immediate_text: height = 0.05
49.1980 	EXP 	immediate_text: height = 0.05
49.1980 	EXP 	immediate_text: height = 0.05
49.1980 	EXP 	immediate_text: text = '$1 now\n(1)'
49.1980 	EXP 	delay_text: height = 0.05
49.1980 	EXP 	delay_text: height = 0.05
49.1980 	EXP 	delay_text: height = 0.05
49.1980 	EXP 	delay_text: text = '$1000 in\n1 year\n(3)'
49.5369 	DATA 	Keypress: 1
49.8549 	DATA 	Keypress: 1
50.1662 	DATA 	Keypress: 1
50.1986 	EXP 	New trial (rep=8, index=0): None
50.2095 	EXP 	immediate_text: font = 'Times New Roman'
50.2095 	EXP 	immediate_text: italic = False
50.2095 	EXP 	delay_text: font = 'Times New Roman'
50.2095 	EXP 	delay_text: italic = False
50.2095 	EXP 	immediate_text: font = 'Times New Roman'
50.2095 	EXP 	immediate_text: italic = False
50.2095 	EXP 	delay_text: font = 'Times New Roman'
50.2095 	EXP 	delay_text: italic = False
50.2095 	EXP 	immediate_text: autoDraw = True
50.2095 	EXP 	delay_text: autoDraw = True
50.2095 	EXP 	which_text: autoDraw = True
50.2095 	EXP 	or_text: autoDraw = True
50.2095 	EXP 	delay_text: height = 0.05
50.2095 	EXP 	delay_text: height = 0.05
50.2095 	EXP 	delay_text: height = 0.05
50.2095 	EXP 	delay_text: text = '$1000 in\n1 year\n(3)'
50.5094 	DATA 	Keypress: 1
50.5147 	EXP 	immediate_text: autoDraw = False
50.5147 	EXP 	delay_text: autoDraw = False
50.5147 	EXP 	which_text: autoDraw = False
50.5147 	EXP 	or_text: autoDraw = False
50.5147 	EXP 	immediate_text: font = 'Times New Roman'
50.5147 	EXP 	immediate_text: italic = True
50.5147 	EXP 	delay_text: font = 'Times New Roman'
50.5147 	EXP 	delay_text: italic = False
50.5147 	EXP 	immediate_text: height = 0.05
50.5147 	EXP 	immediate_text: height = 0.05
50.5147 	EXP 	immediate_text: height = 0.05
50.5147 	EXP 	immediate_text: text = '$0 now\n(1)'
50.5147 	EXP 	delay_text: height = 0.05
50.5147 	EXP 	delay_text: height = 0.05
50.5147 	EXP 	delay_text: height = 0.05
50.5147 	EXP 	delay_text: text = '$1000 in\n1 year\n(3)'
50.8555 	DATA 	Keypress: 1
51.2075 	DATA 	Keypress: 1
51.5005 	DATA 	Keypress: 1
51.5155 	EXP 	window1: mouseVisible = True
51.5202 	EXP 	Created block_text = TextStim(__class__=<class 'psychopy.visual.text.TextStim'>, alignHoriz=method-wrapper(...), alignText='center', alignVert=method-wrapper(...), anchorHoriz='center', anchorVert='center', antialias=True, autoDraw=False, autoLog=True, bold=False, color=array([1., 1., 1.]), colorSpace='rgb', contrast=1.0, depth=0, draggable=False, flipHoriz=False, flipVert=False, font='Times New Roman', fontFiles=[], height=0.05, italic=False, languageStyle='LTR', name='block_text', opacity=1.0, ori=0.0, pos=array([0., 0.]), rgb=UNKNOWN, text=str(...), units='height', win=Window(...), wrapWidth=1.2)
51.5250 	EXP 	immediate_text: font = 'Times New Roman'
51.5250 	EXP 	immediate_text: italic = False
51.5250 	EXP 	delay_text: font = 'Times New Roman'
51.5250 	EXP 	delay_text: italic = False
51.8549 	DATA 	Keypress: 1
52.2870 	DATA 	Keypress: space
52.2879 	EXP 	Created sequence: random, trialTypes=1, nReps=9, seed=None
52.2880 	EXP 	New trial (rep=0, index=0): None
52.2991 	EXP 	immediate_text: font = 'Times New Roman'
52.2991 	EXP 	immediate_text: italic = False
52.2991 	EXP 	delay_text: font = 'Times New Roman'
52.2991 	EXP 	delay_text: italic = False
52.2991 	EXP 	immediate_text: autoDraw = True
52.2991 	EXP 	delay_text: autoDraw = True
52.2991 	EXP 	which_text: autoDraw = True
52.2991 	EXP 	or_text: autoDraw = True
52.8020 	DATA 	Keypress: 1
52.8064 	EXP 	immediate_text: autoDraw = False
52.8064 	EXP 	delay_text: autoDraw = False
52.8064 	EXP 	which_text: autoDraw = False
52.8064 	EXP 	or_text: autoDraw = False
52.8064 	EXP 	immediate_text: font = 'Times New Roman'
52.8064 	EXP 	immediate_text: italic = True
52.8064 	EXP 	delay_text: font = 'Times New Roman'
52.8064 	EXP 	delay_text: italic = False
52.8064 	EXP 	immediate_text: height = 0.05
52.8064 	EXP 	immediate_text: height = 0.05
52.8064 	EXP 	immediate_text: height = 0.05
52.8064 	EXP 	immediate_text: text = '$800 now\n(1)'
52.8064 	EXP 	delay_text: height = 0.05
52.8064 	EXP 	delay_text: height = 0.05
52.8064 	EXP 	delay_text: height = 0.05
52.8064 	EXP 	delay_text: text = '$1000 in\n15 years\n(3)'
53.0994 	DATA 	Keypress: 1
53.3414 	DATA 	Keypress: 1
53.6359 	DATA 	Keypress: 1
53.8070 	EXP 	New trial (rep=1, index=0): None
53.8180 	EXP 	immediate_text: font = 'Times New Roman'
53.8180 	EXP 	immediate_text: italic = False
53.8180 	EXP 	delay_text: font = 'Times New Roman'
53.8180 	EXP 	delay_text: italic = False
53.8180 	EXP 	immediate_text: font = 'Times New Roman'
53.8180 	EXP 	immediate_text: italic = False
53.8180 	EXP 	delay_text: font = 'Times New Roman'
53.8180 	EXP 	delay_text: italic = False
53.8180 	EXP 	immediate_text: autoDraw = True
53.8180 	EXP 	delay_text: autoDraw = True
53.8180 	EXP 	which_text: autoDraw = True
53.8180 	EXP 	or_text: autoDraw = True
53.8180 	EXP 	delay_text: height = 0.05
53.8180 	EXP 	delay_text: height = 0.05
53.8180 	EXP 	delay_text: height = 0.05
53.8180 	EXP 	delay_text: text = '$1000 in\n15 years\n(3)'
53.9426 	DATA 	Keypress: 1
53.9480 	EXP 	immediate_text: autoDraw = False
53.9480 	EXP 	delay_text: autoDraw = False
53.9480 	EXP 	which_text: autoDraw = False
53.9480 	EXP 	or_text: autoDraw = False
53.9480 	EXP 	immediate_text: font = 'Times New Roman'
53.9480 	EXP 	immediate_text: italic = True
53.9480 	EXP 	delay_text: font = 'Times New Roman'
53.9480 	EXP 	delay_text: italic = False
53.9480 	EXP 	immediate_text: height = 0.05
53.9480 	EXP 	immediate_text: height = 0.05
53.9480 	EXP 	immediate_text: height = 0.05
53.9480 	EXP 	immediate_text: text = '$400 now\n(1)'
53.9480 	EXP 	delay_text: height = 0.05
53.9480 	EXP 	delay_text: height = 0.05
53.9480 	EXP 	delay_text: height = 0.05
53.9480 	EXP 	delay_text: text = '$1000 in\n15 years\n(3)'
54.2369 	DATA 	Keypress: 1
54.5680 	DATA 	Keypress: 1
54.8364 	DATA 	Keypress: 1
54.9486 	EXP 	New trial (rep=2, index=0): None
54.9594 	EXP 	immediate_text: font = 'Times New Roman'
54.9594 	EXP 	immediate_text: italic = False
54.9594 	EXP 	delay_text: font = 'Times New Roman'
54.9594 	EXP 	delay_text: italic = False
54.9594 	EXP 	immediate_text: font = 'Times New Roman'
54.9594 	EXP 	immediate_text: italic = False
54.9594 	EXP 	delay_text: font = 'Times New Roman'
54.9594 	EXP 	delay_text: italic = False
54.9594 	EXP 	immediate_text: autoDraw = True
54.9594 	EXP 	delay_text: autoDraw = True
54.9594 	EXP 	which_text: autoDraw = True
54.9594 	EXP 	or_text: autoDraw = True
54.9594 	EXP 	delay_text: height = 0.05
54.9594 	EXP 	delay_text: height = 0.05
54.9594 	EXP 	delay_text: height = 0.05
54.9594 	EXP 	delay_text: text = '$1000 in\n15 years\n(3)'
55.1521 	DATA 	Keypress: 1
55.1569 	EXP 	immediate_text: autoDraw = False
55.1569 	EXP 	delay_text: autoDraw = False
55.1569 	EXP 	which_text: autoDraw = False
55.1569 	EXP 	or_text: autoDraw = False
55.1569 	EXP 	immediate_text: font = 'Times New Roman'
55.1569 	EXP 	immediate_text: italic = True
55.1569 	EXP 	delay_text: font = 'Times New Roman'
55.1569 	EXP 	delay_text: italic = False
55.1569 	EXP 	immediate_text: height = 0.05
55.1569 	EXP 	immediate_text: height = 0.05
55.1569 	EXP 	immediate_text: height = 0.05
55.1569 	EXP 	immediate_text: text = '$200 now\n(1)'
55.1569 	EXP 	delay_text: height = 0.05
55.1569 	EXP 	delay_text: height = 0.05
55.1569 	EXP 	delay_text: height = 0.05
55.1569 	EXP 	delay_text: text = '$1000 in\n15 years\n(3)'
55.4512 	DATA 	Keypress: 1
55.7680 	DATA 	Keypress: 1
56.0369 	DATA 	Keypress: 1
56.1575 	EXP 	New trial (rep=3, index=0): None
56.1689 	EXP 	immediate_text: font = 'Times New Roman'
56.1689 	EXP 	immediate_text: italic = False
56.1689 	EXP 	delay_text: font = 'Times New Roman'
56.1689 	EXP 	delay_text: italic = False
56.1689 	EXP 	immediate_text: font = 'Times New Roman'
56.1689 	EXP 	immediate_text: italic = False
56.1689 	EXP 	delay_text: font = 'Times New Roman'
56.1689 	EXP 	delay_text: italic = False
56.1689 	EXP 	immediate_text: autoDraw = True
56.1689 	EXP 	delay_text: autoDraw = True
56.1689 	EXP 	which_text: autoDraw = True
56.1689 	EXP 	or_text: autoDraw = True
56.1689 	EXP 	delay_text: height = 0.05
56.1689 	EXP 	delay_text: height = 0.05
56.1689 	EXP 	delay_text: height = 0.05
56.1689 	EXP 	delay_text: text = '$1000 in\n15 years\n(3)'
56.3760 	DATA 	Keypress: 1
56.3818 	EXP 	immediate_text: autoDraw = False
56.3818 	EXP 	delay_text: autoDraw = False
56.3818 	EXP 	which_text: autoDraw = False
56.3818 	EXP 	or_text: autoDraw = False
56.3818 	EXP 	immediate_text: font = 'Times New Roman'
56.3818 	EXP 	immediate_text: italic = True
56.3818 	EXP 	delay_text: font = 'Times New Roman'
56.3818 	EXP 	delay_text: italic = False
56.3818 	EXP 	immediate_text: height = 0.05
56.3818 	EXP 	immediate_text: height = 0.05
56.3818 	EXP 	immediate_text: height = 0.05
56.3818 	EXP 	immediate_text: text = '$100 now\n(1)'
56.3818 	EXP 	delay_text: height = 0.05
56.3818 	EXP 	delay_text: height = 0.05
56.3818 	EXP 	delay_text: height = 0.05
56.3818 	EXP 	delay_text: text = '$1000 in\n15 years\n(3)'
56.6899 	DATA 	Keypress: 1
57.0424 	DATA 	Keypress: 1
57.3830 	EXP 	New trial (rep=4, index=0): None
57.3970 	EXP 	immediate_text: font = 'Times New Roman'
57.3970 	EXP 	immediate_text: italic = False
57.3970 	EXP 	delay_text: font = 'Times New Roman'
57.3970 	EXP 	delay_text: italic = False
57.3970 	EXP 	immediate_text: font = 'Times New Roman'
57.3970 	EXP 	immediate_text: italic = False
57.3970 	EXP 	delay_text: font = 'Times New Roman'
57.3970 	EXP 	delay_text: italic = False
57.3970 	EXP 	immediate_text: autoDraw = True
57.3970 	EXP 	delay_text: autoDraw = True
57.3970 	EXP 	which_text: autoDraw = True
57.3970 	EXP 	or_text: autoDraw = True
57.3970 	EXP 	delay_text: height = 0.05
57.3970 	EXP 	delay_text: height = 0.05
57.3970 	EXP 	delay_text: height = 0.05
57.3970 	EXP 	delay_text: text = '$1000 in\n15 years\n(3)'
57.4163 	DATA 	Keypress: 1
57.4218 	EXP 	immediate_text: autoDraw = False
57.4218 	EXP 	delay_text: autoDraw = False
57.4218 	EXP 	which_text: autoDraw = False
57.4218 	EXP 	or_text: autoDraw = False
57.4218 	EXP 	immediate_text: font = 'Times New Roman'
57.4218 	EXP 	immediate_text: italic = True
57.4218 	EXP 	delay_text: font = 'Times New Roman'
57.4218 	EXP 	delay_text: italic = False
57.4218 	EXP 	immediate_text: height = 0.05
57.4218 	EXP 	immediate_text: height = 0.05
57.4218 	EXP 	immediate_text: height = 0.05
57.4218 	EXP 	immediate_text: text = '$50 now\n(1)'
57.4218 	EXP 	delay_text: height = 0.05
57.4218 	EXP 	delay_text: height = 0.05
57.4218 	EXP 	delay_text: height = 0.05
57.4218 	EXP 	delay_text: text = '$1000 in\n15 years\n(3)'
57.7717 	DATA 	Keypress: 1
58.1007 	DATA 	Keypress: 1
58.4064 	DATA 	Keypress: 1
58.4231 	EXP 	New trial (rep=5, index=0): None
58.4439 	EXP 	immediate_text: font = 'Times New Roman'
58.4439 	EXP 	immediate_text: italic = False
58.4439 	EXP 	delay_text: font = 'Times New Roman'
58.4439 	EXP 	delay_text: italic = False
58.4439 	EXP 	immediate_text: font = 'Times New Roman'
58.4439 	EXP 	immediate_text: italic = False
58.4439 	EXP 	delay_text: font = 'Times New Roman'
58.4439 	EXP 	delay_text: italic = False
58.4439 	EXP 	immediate_text: autoDraw = True
58.4439 	EXP 	delay_text: autoDraw = True
58.4439 	EXP 	which_text: autoDraw = True
58.4439 	EXP 	or_text: autoDraw = True
58.4439 	EXP 	delay_text: height = 0.05
58.4439 	EXP 	delay_text: height = 0.05
58.4439 	EXP 	delay_text: height = 0.05
58.4439 	EXP 	delay_text: text = '$1000 in\n15 years\n(3)'
58.7381 	DATA 	Keypress: 1
58.7429 	EXP 	immediate_text: autoDraw = False
58.7429 	EXP 	delay_text: autoDraw = False
58.7429 	EXP 	which_text: autoDraw = False
58.7429 	EXP 	or_text: autoDraw = False
58.7429 	EXP 	immediate_text: font = 'Times New Roman'
58.7429 	EXP 	immediate_text: italic = True
58.7429 	EXP 	delay_text: font = 'Times New Roman'
58.7429 	EXP 	delay_text: italic = False
58.7429 	EXP 	immediate_text: height = 0.05
58.7429 	EXP 	immediate_text: height = 0.05
58.7429 	EXP 	immediate_text: height = 0.05
58.7429 	EXP 	immediate_text: text = '$25 now\n(1)'
58.7429 	EXP 	delay_text: height = 0.05
58.7429 	EXP 	delay_text: height = 0.05
58.7429 	EXP 	delay_text: height = 0.05
58.7429 	EXP 	delay_text: text = '$1000 in\n15 years\n(3)'
59.0573 	DATA 	Keypress: 1
59.4684 	DATA 	Keypress: 1
59.7438 	EXP 	New trial (rep=6, index=0): None
59.7561 	EXP 	immediate_text: font = 'Times New Roman'
59.7561 	EXP 	immediate_text: italic = False
59.7561 	EXP 	delay_text: font = 'Times New Roman'
59.7561 	EXP 	delay_text: italic = False
59.7561 	EXP 	immediate_text: font = 'Times New Roman'
59.7561 	EXP 	immediate_text: italic = False
59.7561 	EXP 	delay_text: font = 'Times New Roman'
59.7561 	EXP 	delay_text: italic = False
59.7561 	EXP 	immediate_text: autoDraw = True
59.7561 	EXP 	delay_text: autoDraw = True
59.7561 	EXP 	which_text: autoDraw = True
59.7561 	EXP 	or_text: autoDraw = True
59.7561 	EXP 	delay_text: height = 0.05
59.7561 	EXP 	delay_text: height = 0.05
59.7561 	EXP 	delay_text: height = 0.05
59.7561 	EXP 	delay_text: text = '$1000 in\n15 years\n(3)'
59.7951 	DATA 	Keypress: 1
59.8009 	EXP 	immediate_text: autoDraw = False
59.8009 	EXP 	delay_text: autoDraw = False
59.8009 	EXP 	which_text: autoDraw = False
59.8009 	EXP 	or_text: autoDraw = False
59.8009 	EXP 	immediate_text: font = 'Times New Roman'
59.8009 	EXP 	immediate_text: italic = True
59.8009 	EXP 	delay_text: font = 'Times New Roman'
59.8009 	EXP 	delay_text: italic = False
59.8009 	EXP 	immediate_text: height = 0.05
59.8009 	EXP 	immediate_text: height = 0.05
59.8009 	EXP 	immediate_text: height = 0.05
59.8009 	EXP 	immediate_text: text = '$12 now\n(1)'
59.8009 	EXP 	delay_text: height = 0.05
59.8009 	EXP 	delay_text: height = 0.05
59.8009 	EXP 	delay_text: height = 0.05
59.8009 	EXP 	delay_text: text = '$1000 in\n15 years\n(3)'
60.1544 	DATA 	Keypress: 1
60.5026 	DATA 	Keypress: 1
60.8017 	EXP 	New trial (rep=7, index=0): None
60.8141 	EXP 	immediate_text: font = 'Times New Roman'
60.8141 	EXP 	immediate_text: italic = False
60.8141 	EXP 	delay_text: font = 'Times New Roman'
60.8141 	EXP 	delay_text: italic = False
60.8141 	EXP 	immediate_text: font = 'Times New Roman'
60.8141 	EXP 	immediate_text: italic = False
60.8141 	EXP 	delay_text: font = 'Times New Roman'
60.8141 	EXP 	delay_text: italic = False
60.8141 	EXP 	immediate_text: autoDraw = True
60.8141 	EXP 	delay_text: autoDraw = True
60.8141 	EXP 	which_text: autoDraw = True
60.8141 	EXP 	or_text: autoDraw = True
60.8141 	EXP 	delay_text: height = 0.05
60.8141 	EXP 	delay_text: height = 0.05
60.8141 	EXP 	delay_text: height = 0.05
60.8141 	EXP 	delay_text: text = '$1000 in\n15 years\n(3)'
60.8689 	DATA 	Keypress: 1
60.8735 	EXP 	immediate_text: autoDraw = False
60.8735 	EXP 	delay_text: autoDraw = False
60.8735 	EXP 	which_text: autoDraw = False
60.8735 	EXP 	or_text: autoDraw = False
60.8735 	EXP 	immediate_text: font = 'Times New Roman'
60.8735 	EXP 	immediate_text: italic = True
60.8735 	EXP 	delay_text: font = 'Times New Roman'
60.8735 	EXP 	delay_text: italic = False
60.8735 	EXP 	immediate_text: height = 0.05
60.8735 	EXP 	immediate_text: height = 0.05
60.8735 	EXP 	immediate_text: height = 0.05
60.8735 	EXP 	immediate_text: text = '$6 now\n(1)'
60.8735 	EXP 	delay_text: height = 0.05
60.8735 	EXP 	delay_text: height = 0.05
60.8735 	EXP 	delay_text: height = 0.05
60.8735 	EXP 	delay_text: text = '$1000 in\n15 years\n(3)'
61.1447 	DATA 	Keypress: 1
61.4247 	DATA 	Keypress: 1
61.7237 	DATA 	Keypress: 1
61.8743 	EXP 	New trial (rep=8, index=0): None
61.8863 	EXP 	immediate_text: font = 'Times New Roman'
61.8863 	EXP 	immediate_text: italic = False
61.8863 	EXP 	delay_text: font = 'Times New Roman'
61.8863 	EXP 	delay_text: italic = False
61.8863 	EXP 	immediate_text: font = 'Times New Roman'
61.8863 	EXP 	immediate_text: italic = False
61.8863 	EXP 	delay_text: font = 'Times New Roman'
61.8863 	EXP 	delay_text: italic = False
61.8863 	EXP 	immediate_text: autoDraw = True
61.8863 	EXP 	delay_text: autoDraw = True
61.8863 	EXP 	which_text: autoDraw = True
61.8863 	EXP 	or_text: autoDraw = True
61.8863 	EXP 	delay_text: height = 0.05
61.8863 	EXP 	delay_text: height = 0.05
61.8863 	EXP 	delay_text: height = 0.05
61.8863 	EXP 	delay_text: text = '$1000 in\n15 years\n(3)'
62.0433 	DATA 	Keypress: 1
62.0482 	EXP 	immediate_text: autoDraw = False
62.0482 	EXP 	delay_text: autoDraw = False
62.0482 	EXP 	which_text: autoDraw = False
62.0482 	EXP 	or_text: autoDraw = False
62.0482 	EXP 	immediate_text: font = 'Times New Roman'
62.0482 	EXP 	immediate_text: italic = True
62.0482 	EXP 	delay_text: font = 'Times New Roman'
62.0482 	EXP 	delay_text: italic = False
62.0482 	EXP 	immediate_text: height = 0.05
62.0482 	EXP 	immediate_text: height = 0.05
62.0482 	EXP 	immediate_text: height = 0.05
62.0482 	EXP 	immediate_text: text = '$3 now\n(1)'
62.0482 	EXP 	delay_text: height = 0.05
62.0482 	EXP 	delay_text: height = 0.05
62.0482 	EXP 	delay_text: height = 0.05
62.0482 	EXP 	delay_text: text = '$1000 in\n15 years\n(3)'
62.3862 	DATA 	Keypress: 1
62.7138 	DATA 	Keypress: 1
63.0492 	EXP 	window1: mouseVisible = True
63.0539 	EXP 	Created block_text = TextStim(__class__=<class 'psychopy.visual.text.TextStim'>, alignHoriz=method-wrapper(...), alignText='center', alignVert=method-wrapper(...), anchorHoriz='center', anchorVert='center', antialias=True, autoDraw=False, autoLog=True, bold=False, color=array([1., 1., 1.]), colorSpace='rgb', contrast=1.0, depth=0, draggable=False, flipHoriz=False, flipVert=False, font='Times New Roman', fontFiles=[], height=0.05, italic=False, languageStyle='LTR', name='block_text', opacity=1.0, ori=0.0, pos=array([0., 0.]), rgb=UNKNOWN, text=str(...), units='height', win=Window(...), wrapWidth=1.2)
63.0590 	EXP 	immediate_text: font = 'Times New Roman'
63.0590 	EXP 	immediate_text: italic = False
63.0590 	EXP 	delay_text: font = 'Times New Roman'
63.0590 	EXP 	delay_text: italic = False
63.0680 	DATA 	Keypress: 1
63.3972 	DATA 	Keypress: 1
63.8499 	DATA 	Keypress: space
63.8591 	EXP 	Created sequence: random, trialTypes=1, nReps=9, seed=None
63.8593 	EXP 	New trial (rep=0, index=0): None
63.8714 	EXP 	immediate_text: font = 'Times New Roman'
63.8714 	EXP 	immediate_text: italic = False
63.8714 	EXP 	delay_text: font = 'Times New Roman'
63.8714 	EXP 	delay_text: italic = False
63.8714 	EXP 	immediate_text: autoDraw = True
63.8714 	EXP 	delay_text: autoDraw = True
63.8714 	EXP 	which_text: autoDraw = True
63.8714 	EXP 	or_text: autoDraw = True
64.5197 	DATA 	Keypress: 1
64.5241 	EXP 	immediate_text: autoDraw = False
64.5241 	EXP 	delay_text: autoDraw = False
64.5241 	EXP 	which_text: autoDraw = False
64.5241 	EXP 	or_text: autoDraw = False
64.5241 	EXP 	immediate_text: font = 'Times New Roman'
64.5241 	EXP 	immediate_text: italic = True
64.5241 	EXP 	delay_text: font = 'Times New Roman'
64.5241 	EXP 	delay_text: italic = False
64.5241 	EXP 	immediate_text: height = 0.05
64.5241 	EXP 	immediate_text: height = 0.05
64.5241 	EXP 	immediate_text: height = 0.05
64.5241 	EXP 	immediate_text: text = '$200 now\n(1)'
64.5241 	EXP 	delay_text: height = 0.05
64.5241 	EXP 	delay_text: height = 0.05
64.5241 	EXP 	delay_text: height = 0.05
64.5241 	EXP 	delay_text: text = '$1000 in\n6 months\n(3)'
64.8054 	DATA 	Keypress: 1
65.1205 	DATA 	Keypress: 1
65.4272 	DATA 	Keypress: 1
65.5248 	EXP 	New trial (rep=1, index=0): None
65.5365 	EXP 	immediate_text: font = 'Times New Roman'
65.5365 	EXP 	immediate_text: italic = False
65.5365 	EXP 	delay_text: font = 'Times New Roman'
65.5365 	EXP 	delay_text: italic = False
65.5365 	EXP 	immediate_text: font = 'Times New Roman'
65.5365 	EXP 	immediate_text: italic = False
65.5365 	EXP 	delay_text: font = 'Times New Roman'
65.5365 	EXP 	delay_text: italic = False
65.5365 	EXP 	immediate_text: autoDraw = True
65.5365 	EXP 	delay_text: autoDraw = True
65.5365 	EXP 	which_text: autoDraw = True
65.5365 	EXP 	or_text: autoDraw = True
65.5365 	EXP 	delay_text: height = 0.05
65.5365 	EXP 	delay_text: height = 0.05
65.5365 	EXP 	delay_text: height = 0.05
65.5365 	EXP 	delay_text: text = '$1000 in\n6 months\n(3)'
65.7425 	DATA 	Keypress: 1
65.7478 	EXP 	immediate_text: autoDraw = False
65.7478 	EXP 	delay_text: autoDraw = False
65.7478 	EXP 	which_text: autoDraw = False
65.7478 	EXP 	or_text: autoDraw = False
65.7478 	EXP 	immediate_text: font = 'Times New Roman'
65.7478 	EXP 	immediate_text: italic = True
65.7478 	EXP 	delay_text: font = 'Times New Roman'
65.7478 	EXP 	delay_text: italic = False
65.7478 	EXP 	immediate_text: height = 0.05
65.7478 	EXP 	immediate_text: height = 0.05
65.7478 	EXP 	immediate_text: height = 0.05
65.7478 	EXP 	immediate_text: text = '$100 now\n(1)'
65.7478 	EXP 	delay_text: height = 0.05
65.7478 	EXP 	delay_text: height = 0.05
65.7478 	EXP 	delay_text: height = 0.05
65.7478 	EXP 	delay_text: text = '$1000 in\n6 months\n(3)'
66.0758 	DATA 	Keypress: 1
66.4394 	DATA 	Keypress: 1
66.7484 	EXP 	New trial (rep=2, index=0): None
66.7601 	EXP 	immediate_text: font = 'Times New Roman'
66.7601 	EXP 	immediate_text: italic = False
66.7601 	EXP 	delay_text: font = 'Times New Roman'
66.7601 	EXP 	delay_text: italic = False
66.7601 	EXP 	immediate_text: font = 'Times New Roman'
66.7601 	EXP 	immediate_text: italic = False
66.7601 	EXP 	delay_text: font = 'Times New Roman'
66.7601 	EXP 	delay_text: italic = False
66.7601 	EXP 	immediate_text: autoDraw = True
66.7601 	EXP 	delay_text: autoDraw = True
66.7601 	EXP 	which_text: autoDraw = True
66.7601 	EXP 	or_text: autoDraw = True
66.7601 	EXP 	delay_text: height = 0.05
66.7601 	EXP 	delay_text: height = 0.05
66.7601 	EXP 	delay_text: height = 0.05
66.7601 	EXP 	delay_text: text = '$1000 in\n6 months\n(3)'
66.8053 	DATA 	Keypress: 1
66.8229 	EXP 	immediate_text: autoDraw = False
66.8229 	EXP 	delay_text: autoDraw = False
66.8229 	EXP 	which_text: autoDraw = False
66.8229 	EXP 	or_text: autoDraw = False
66.8229 	EXP 	immediate_text: font = 'Times New Roman'
66.8229 	EXP 	immediate_text: italic = True
66.8229 	EXP 	delay_text: font = 'Times New Roman'
66.8229 	EXP 	delay_text: italic = False
66.8229 	EXP 	immediate_text: height = 0.05
66.8229 	EXP 	immediate_text: height = 0.05
66.8229 	EXP 	immediate_text: height = 0.05
66.8229 	EXP 	immediate_text: text = '$50 now\n(1)'
66.8229 	EXP 	delay_text: height = 0.05
66.8229 	EXP 	delay_text: height = 0.05
66.8229 	EXP 	delay_text: height = 0.05
66.8229 	EXP 	delay_text: text = '$1000 in\n6 months\n(3)'
67.2089 	DATA 	Keypress: 1
67.5374 	DATA 	Keypress: 1
67.8237 	EXP 	New trial (rep=3, index=0): None
67.8348 	EXP 	immediate_text: font = 'Times New Roman'
67.8348 	EXP 	immediate_text: italic = False
67.8348 	EXP 	delay_text: font = 'Times New Roman'
67.8348 	EXP 	delay_text: italic = False
67.8348 	EXP 	immediate_text: font = 'Times New Roman'
67.8348 	EXP 	immediate_text: italic = False
67.8348 	EXP 	delay_text: font = 'Times New Roman'
67.8348 	EXP 	delay_text: italic = False
67.8348 	EXP 	immediate_text: autoDraw = True
67.8348 	EXP 	delay_text: autoDraw = True
67.8348 	EXP 	which_text: autoDraw = True
67.8348 	EXP 	or_text: autoDraw = True
67.8348 	EXP 	delay_text: height = 0.05
67.8348 	EXP 	delay_text: height = 0.05
67.8348 	EXP 	delay_text: height = 0.05
67.8348 	EXP 	delay_text: text = '$1000 in\n6 months\n(3)'
67.8531 	EXP 	immediate_text: autoDraw = False
67.8531 	EXP 	delay_text: autoDraw = False
67.8531 	EXP 	which_text: autoDraw = False
67.8531 	EXP 	or_text: autoDraw = False
67.8531 	EXP 	immediate_text: font = 'Times New Roman'
67.8531 	EXP 	immediate_text: italic = True
67.8531 	EXP 	delay_text: font = 'Times New Roman'
67.8531 	EXP 	delay_text: italic = False
67.8531 	EXP 	immediate_text: height = 0.05
67.8531 	EXP 	immediate_text: height = 0.05
67.8531 	EXP 	immediate_text: height = 0.05
67.8531 	EXP 	immediate_text: text = '$25 now\n(1)'
67.8531 	EXP 	delay_text: height = 0.05
67.8531 	EXP 	delay_text: height = 0.05
67.8531 	EXP 	delay_text: height = 0.05
67.8531 	EXP 	delay_text: text = '$1000 in\n6 months\n(3)'
67.8654 	DATA 	Keypress: 1
68.2202 	DATA 	Keypress: 1
68.8537 	EXP 	New trial (rep=4, index=0): None
68.8647 	EXP 	immediate_text: font = 'Times New Roman'
68.8647 	EXP 	immediate_text: italic = False
68.8647 	EXP 	delay_text: font = 'Times New Roman'
68.8647 	EXP 	delay_text: italic = False
68.8647 	EXP 	immediate_text: font = 'Times New Roman'
68.8647 	EXP 	immediate_text: italic = False
68.8647 	EXP 	delay_text: font = 'Times New Roman'
68.8647 	EXP 	delay_text: italic = False
68.8647 	EXP 	immediate_text: autoDraw = True
68.8647 	EXP 	delay_text: autoDraw = True
68.8647 	EXP 	which_text: autoDraw = True
68.8647 	EXP 	or_text: autoDraw = True
68.8647 	EXP 	delay_text: height = 0.05
68.8647 	EXP 	delay_text: height = 0.05
68.8647 	EXP 	delay_text: height = 0.05
68.8647 	EXP 	delay_text: text = '$1000 in\n6 months\n(3)'
69.2927 	DATA 	Keypress: 1
69.2979 	EXP 	immediate_text: autoDraw = False
69.2979 	EXP 	delay_text: autoDraw = False
69.2979 	EXP 	which_text: autoDraw = False
69.2979 	EXP 	or_text: autoDraw = False
69.2979 	EXP 	immediate_text: font = 'Times New Roman'
69.2979 	EXP 	immediate_text: italic = True
69.2979 	EXP 	delay_text: font = 'Times New Roman'
69.2979 	EXP 	delay_text: italic = False
69.2979 	EXP 	immediate_text: height = 0.05
69.2979 	EXP 	immediate_text: height = 0.05
69.2979 	EXP 	immediate_text: height = 0.05
69.2979 	EXP 	immediate_text: text = '$12 now\n(1)'
69.2979 	EXP 	delay_text: height = 0.05
69.2979 	EXP 	delay_text: height = 0.05
69.2979 	EXP 	delay_text: height = 0.05
69.2979 	EXP 	delay_text: text = '$1000 in\n6 months\n(3)'
69.4956 	DATA 	Keypress: 1
69.7524 	DATA 	Keypress: 1
70.0591 	DATA 	Keypress: 1
70.2985 	EXP 	New trial (rep=5, index=0): None
70.3093 	EXP 	immediate_text: font = 'Times New Roman'
70.3093 	EXP 	immediate_text: italic = False
70.3093 	EXP 	delay_text: font = 'Times New Roman'
70.3093 	EXP 	delay_text: italic = False
70.3093 	EXP 	immediate_text: font = 'Times New Roman'
70.3093 	EXP 	immediate_text: italic = False
70.3093 	EXP 	delay_text: font = 'Times New Roman'
70.3093 	EXP 	delay_text: italic = False
70.3093 	EXP 	immediate_text: autoDraw = True
70.3093 	EXP 	delay_text: autoDraw = True
70.3093 	EXP 	which_text: autoDraw = True
70.3093 	EXP 	or_text: autoDraw = True
70.3093 	EXP 	delay_text: height = 0.05
70.3093 	EXP 	delay_text: height = 0.05
70.3093 	EXP 	delay_text: height = 0.05
70.3093 	EXP 	delay_text: text = '$1000 in\n6 months\n(3)'
70.3936 	DATA 	Keypress: 1
70.3984 	EXP 	immediate_text: autoDraw = False
70.3984 	EXP 	delay_text: autoDraw = False
70.3984 	EXP 	which_text: autoDraw = False
70.3984 	EXP 	or_text: autoDraw = False
70.3984 	EXP 	immediate_text: font = 'Times New Roman'
70.3984 	EXP 	immediate_text: italic = True
70.3984 	EXP 	delay_text: font = 'Times New Roman'
70.3984 	EXP 	delay_text: italic = False
70.3984 	EXP 	immediate_text: height = 0.05
70.3984 	EXP 	immediate_text: height = 0.05
70.3984 	EXP 	immediate_text: height = 0.05
70.3984 	EXP 	immediate_text: text = '$6 now\n(1)'
70.3984 	EXP 	delay_text: height = 0.05
70.3984 	EXP 	delay_text: height = 0.05
70.3984 	EXP 	delay_text: height = 0.05
70.3984 	EXP 	delay_text: text = '$1000 in\n6 months\n(3)'
70.7265 	DATA 	Keypress: 1
70.9812 	DATA 	Keypress: 1
71.2261 	DATA 	Keypress: 1
71.3989 	EXP 	New trial (rep=6, index=0): None
71.4101 	EXP 	immediate_text: font = 'Times New Roman'
71.4101 	EXP 	immediate_text: italic = False
71.4101 	EXP 	delay_text: font = 'Times New Roman'
71.4101 	EXP 	delay_text: italic = False
71.4101 	EXP 	immediate_text: font = 'Times New Roman'
71.4101 	EXP 	immediate_text: italic = False
71.4101 	EXP 	delay_text: font = 'Times New Roman'
71.4101 	EXP 	delay_text: italic = False
71.4101 	EXP 	immediate_text: autoDraw = True
71.4101 	EXP 	delay_text: autoDraw = True
71.4101 	EXP 	which_text: autoDraw = True
71.4101 	EXP 	or_text: autoDraw = True
71.4101 	EXP 	delay_text: height = 0.05
71.4101 	EXP 	delay_text: height = 0.05
71.4101 	EXP 	delay_text: height = 0.05
71.4101 	EXP 	delay_text: text = '$1000 in\n6 months\n(3)'
71.5185 	DATA 	Keypress: 1
71.5229 	EXP 	immediate_text: autoDraw = False
71.5229 	EXP 	delay_text: autoDraw = False
71.5229 	EXP 	which_text: autoDraw = False
71.5229 	EXP 	or_text: autoDraw = False
71.5229 	EXP 	immediate_text: font = 'Times New Roman'
71.5229 	EXP 	immediate_text: italic = True
71.5229 	EXP 	delay_text: font = 'Times New Roman'
71.5229 	EXP 	delay_text: italic = False
71.5229 	EXP 	immediate_text: height = 0.05
71.5229 	EXP 	immediate_text: height = 0.05
71.5229 	EXP 	immediate_text: height = 0.05
71.5229 	EXP 	immediate_text: text = '$3 now\n(1)'
71.5229 	EXP 	delay_text: height = 0.05
71.5229 	EXP 	delay_text: height = 0.05
71.5229 	EXP 	delay_text: height = 0.05
71.5229 	EXP 	delay_text: text = '$1000 in\n6 months\n(3)'
71.7670 	DATA 	Keypress: 1
72.0453 	DATA 	Keypress: 1
72.3066 	DATA 	Keypress: 1
72.5235 	EXP 	New trial (rep=7, index=0): None
72.5342 	EXP 	immediate_text: font = 'Times New Roman'
72.5342 	EXP 	immediate_text: italic = False
72.5342 	EXP 	delay_text: font = 'Times New Roman'
72.5342 	EXP 	delay_text: italic = False
72.5342 	EXP 	immediate_text: font = 'Times New Roman'
72.5342 	EXP 	immediate_text: italic = False
72.5342 	EXP 	delay_text: font = 'Times New Roman'
72.5342 	EXP 	delay_text: italic = False
72.5342 	EXP 	immediate_text: autoDraw = True
72.5342 	EXP 	delay_text: autoDraw = True
72.5342 	EXP 	which_text: autoDraw = True
72.5342 	EXP 	or_text: autoDraw = True
72.5342 	EXP 	delay_text: height = 0.05
72.5342 	EXP 	delay_text: height = 0.05
72.5342 	EXP 	delay_text: height = 0.05
72.5342 	EXP 	delay_text: text = '$1000 in\n6 months\n(3)'
72.5685 	DATA 	Keypress: 1
72.5733 	EXP 	immediate_text: autoDraw = False
72.5733 	EXP 	delay_text: autoDraw = False
72.5733 	EXP 	which_text: autoDraw = False
72.5733 	EXP 	or_text: autoDraw = False
72.5733 	EXP 	immediate_text: font = 'Times New Roman'
72.5733 	EXP 	immediate_text: italic = True
72.5733 	EXP 	delay_text: font = 'Times New Roman'
72.5733 	EXP 	delay_text: italic = False
72.5733 	EXP 	immediate_text: height = 0.05
72.5733 	EXP 	immediate_text: height = 0.05
72.5733 	EXP 	immediate_text: height = 0.05
72.5733 	EXP 	immediate_text: text = '$1 now\n(1)'
72.5733 	EXP 	delay_text: height = 0.05
72.5733 	EXP 	delay_text: height = 0.05
72.5733 	EXP 	delay_text: height = 0.05
72.5733 	EXP 	delay_text: text = '$1000 in\n6 months\n(3)'
72.8422 	DATA 	Keypress: 1
73.0833 	DATA 	Keypress: 1
73.3640 	DATA 	Keypress: 1
73.5740 	EXP 	New trial (rep=8, index=0): None
73.5853 	EXP 	immediate_text: font = 'Times New Roman'
73.5853 	EXP 	immediate_text: italic = False
73.5853 	EXP 	delay_text: font = 'Times New Roman'
73.5853 	EXP 	delay_text: italic = False
73.5853 	EXP 	immediate_text: font = 'Times New Roman'
73.5853 	EXP 	immediate_text: italic = False
73.5853 	EXP 	delay_text: font = 'Times New Roman'
73.5853 	EXP 	delay_text: italic = False
73.5853 	EXP 	immediate_text: autoDraw = True
73.5853 	EXP 	delay_text: autoDraw = True
73.5853 	EXP 	which_text: autoDraw = True
73.5853 	EXP 	or_text: autoDraw = True
73.5853 	EXP 	delay_text: height = 0.05
73.5853 	EXP 	delay_text: height = 0.05
73.5853 	EXP 	delay_text: height = 0.05
73.5853 	EXP 	delay_text: text = '$1000 in\n6 months\n(3)'
73.6356 	DATA 	Keypress: 1
73.6401 	EXP 	immediate_text: autoDraw = False
73.6401 	EXP 	delay_text: autoDraw = False
73.6401 	EXP 	which_text: autoDraw = False
73.6401 	EXP 	or_text: autoDraw = False
73.6401 	EXP 	immediate_text: font = 'Times New Roman'
73.6401 	EXP 	immediate_text: italic = True
73.6401 	EXP 	delay_text: font = 'Times New Roman'
73.6401 	EXP 	delay_text: italic = False
73.6401 	EXP 	immediate_text: height = 0.05
73.6401 	EXP 	immediate_text: height = 0.05
73.6401 	EXP 	immediate_text: height = 0.05
73.6401 	EXP 	immediate_text: text = '$0 now\n(1)'
73.6401 	EXP 	delay_text: height = 0.05
73.6401 	EXP 	delay_text: height = 0.05
73.6401 	EXP 	delay_text: height = 0.05
73.6401 	EXP 	delay_text: text = '$1000 in\n6 months\n(3)'
73.8906 	DATA 	Keypress: 1
74.1732 	DATA 	Keypress: 1
74.4398 	DATA 	Keypress: 1
74.6450 	EXP 	immediate_text: font = 'Times New Roman'
74.6450 	EXP 	immediate_text: italic = False
74.6450 	EXP 	delay_text: font = 'Times New Roman'
74.6450 	EXP 	delay_text: italic = False
74.6451 	EXP 	DelayDiscountingTitrated: status = STOPPED
74.8103 	EXP 	window1: mouseVisible = True
