11.0715 	WARNING 	Couldn't measure a consistent frame rate!
  - Is your graphics card set to sync to vertical blank?
  - Are you running other processes on your computer?

11.0729 	EXP 	Created window1 = Window(allowGUI=True, allowStencil=False, autoLog=True, backendConf=UNKNOWN, backgroundFit=<method-wrapper '__getattribute__' of attributeSetter object at 0x7feb1ad69700>, backgroundImage=<method-wrapper '__getattribute__' of attributeSetter object at 0x7feb1ad696a0>, bitsMode=UNKNOWN, blendMode='avg', bpc=(8, 8, 8), color=array([-1., -1., -1.]), colorSpace='rgb', depthBits=8, fullscr=<method-wrapper '__getattribute__' of attributeSetter object at 0x7feb1ad69520>, gamma=None, gammaErrorPolicy='raise', lms=UNKNOWN, monitor=<psychopy.monitors.calibTools.Monitor object at 0x7feb1ad8a2b0>, multiSample=False, name='window1', numSamples=2, pos=(360, 225), screen=0, size=array([2880, 1800]), stencilBits=0, stereo=False, title='PsychoPy', units='height', useFBO=True, useRetina=True, viewOri=0.0, viewPos=None, viewScale=None, waitBlanking=True, winType='pyglet')
11.0731 	EXP 	window1: mouseVisible = True
11.0731 	EXP 	window1: backgroundImage = ''
11.0731 	EXP 	window1: backgroundFit = 'none'
11.0765 	EXP 	window1: Attempting to measure frame rate of screen (0) ...
11.0765 	EXP 	window1: recordFrameIntervals = False
11.1621 	EXP 	window1: recordFrameIntervals = True
11.6140 	EXP 	Screen (0) actual frame rate measured at 119.34Hz
11.6140 	EXP 	window1: recordFrameIntervals = True
11.6141 	EXP 	window1: mouseVisible = True
12.4905 	EXP 	DelayDiscountingTitrated: status = STARTED
12.7120 	EXP 	window1: mouseVisible = True
12.7742 	EXP 	Created unnamed TextStim = TextStim(__class__=<class 'psychopy.visual.text.TextStim'>, alignHoriz=method-wrapper(...), alignText='center', alignVert=method-wrapper(...), anchorHoriz='center', anchorVert='center', antialias=True, autoDraw=False, autoLog=True, bold=False, color=array([-1., -1., -1.]), colorSpace='rgb', contrast=1.0, depth=0, draggable=False, flipHoriz=False, flipVert=False, font='Times New Roman', fontFiles=[], height=0.2, italic=False, languageStyle='LTR', name='unnamed TextStim', opacity=1.0, ori=0.0, pos=array([-0.4,  0. ]), rgb=UNKNOWN, text='0 now\n(1)', units='height', win=Window(...), wrapWidth=1)
12.7744 	EXP 	window1: mouseVisible = True
12.7782 	EXP 	Created unnamed TextStim = TextStim(__class__=<class 'psychopy.visual.text.TextStim'>, alignHoriz=method-wrapper(...), alignText='center', alignVert=method-wrapper(...), anchorHoriz='center', anchorVert='center', antialias=True, autoDraw=False, autoLog=True, bold=False, color=array([-1., -1., -1.]), colorSpace='rgb', contrast=1.0, depth=0, draggable=False, flipHoriz=False, flipVert=False, font='Times New Roman', fontFiles=[], height=0.2, italic=False, languageStyle='LTR', name='unnamed TextStim', opacity=1.0, ori=0.0, pos=array([0.4, 0. ]), rgb=UNKNOWN, text='1000 in\n(3)', units='height', win=Window(...), wrapWidth=1)
12.7783 	EXP 	window1: mouseVisible = True
12.7793 	EXP 	Created immediate_text = TextStim(__class__=<class 'psychopy.visual.text.TextStim'>, alignHoriz=method-wrapper(...), alignText='center', alignVert=method-wrapper(...), anchorHoriz='center', anchorVert='center', antialias=True, autoDraw=False, autoLog=True, bold=False, color=array([1., 1., 1.]), colorSpace='rgb', contrast=1.0, depth=-2.0, draggable=False, flipHoriz=False, flipVert=False, font='Times New Roman', fontFiles=[], height=0.05, italic=False, languageStyle='LTR', name='immediate_text', opacity=1.0, ori=0.0, pos=array([-0.4,  0. ]), rgb=UNKNOWN, text='', units='height', win=Window(...), wrapWidth=1)
12.7794 	EXP 	window1: mouseVisible = True
12.7802 	EXP 	Created delay_text = TextStim(__class__=<class 'psychopy.visual.text.TextStim'>, alignHoriz=method-wrapper(...), alignText='center', alignVert=method-wrapper(...), anchorHoriz='center', anchorVert='center', antialias=True, autoDraw=False, autoLog=True, bold=False, color=array([1., 1., 1.]), colorSpace='rgb', contrast=1.0, depth=-3.0, draggable=False, flipHoriz=False, flipVert=False, font='Times New Roman', fontFiles=[], height=0.05, italic=False, languageStyle='LTR', name='delay_text', opacity=1.0, ori=0.0, pos=array([0.4, 0. ]), rgb=UNKNOWN, text='', units='height', win=Window(...), wrapWidth=1)
12.7803 	EXP 	window1: mouseVisible = True
12.7896 	EXP 	Created which_text = TextStim(__class__=<class 'psychopy.visual.text.TextStim'>, alignHoriz=method-wrapper(...), alignText='center', alignVert=method-wrapper(...), anchorHoriz='center', anchorVert='center', antialias=True, autoDraw=False, autoLog=True, bold=False, color=array([1., 1., 1.]), colorSpace='rgb', contrast=1.0, depth=-5.0, draggable=False, flipHoriz=False, flipVert=False, font='Times New Roman', fontFiles=[], height=0.05, italic=False, languageStyle='LTR', name='which_text', opacity=1.0, ori=0.0, pos=array([0. , 0.2]), rgb=UNKNOWN, text='Which would you prefer?', units='height', win=Window(...), wrapWidth=1)
12.7897 	EXP 	window1: mouseVisible = True
12.7924 	EXP 	Created or_text = TextStim(__class__=<class 'psychopy.visual.text.TextStim'>, alignHoriz=method-wrapper(...), alignText='center', alignVert=method-wrapper(...), anchorHoriz='center', anchorVert='center', antialias=True, autoDraw=False, autoLog=True, bold=False, color=array([1., 1., 1.]), colorSpace='rgb', contrast=1.0, depth=-6.0, draggable=False, flipHoriz=False, flipVert=False, font='Times New Roman', fontFiles=[], height=0.05, italic=False, languageStyle='LTR', name='or_text', opacity=1.0, ori=0.0, pos=array([0., 0.]), rgb=UNKNOWN, text='OR', units='height', win=Window(...), wrapWidth=1)
0.0161 	EXP 	window1: mouseVisible = True
0.0304 	EXP 	Created instruction_text = TextStim(__class__=<class 'psychopy.visual.text.TextStim'>, alignHoriz=method-wrapper(...), alignText='center', alignVert=method-wrapper(...), anchorHoriz='center', anchorVert='center', antialias=True, autoDraw=False, autoLog=True, bold=False, color=array([1., 1., 1.]), colorSpace='rgb', contrast=1.0, depth=0, draggable=False, flipHoriz=False, flipVert=False, font='Times New Roman', fontFiles=[], height=0.05, italic=False, languageStyle='LTR', name='instruction_text', opacity=1.0, ori=0.0, pos=array([0., 0.]), rgb=UNKNOWN, text=str(...), units='height', win=Window(...), wrapWidth=1.2)
0.0415 	WARNING 	t of last frame was 25.84ms (=1/38)
1.0328 	DATA 	Keypress: space
1.0336 	EXP 	window1: mouseVisible = True
1.0398 	EXP 	Created block_text = TextStim(__class__=<class 'psychopy.visual.text.TextStim'>, alignHoriz=method-wrapper(...), alignText='center', alignVert=method-wrapper(...), anchorHoriz='center', anchorVert='center', antialias=True, autoDraw=False, autoLog=True, bold=False, color=array([1., 1., 1.]), colorSpace='rgb', contrast=1.0, depth=0, draggable=False, flipHoriz=False, flipVert=False, font='Times New Roman', fontFiles=[], height=0.05, italic=False, languageStyle='LTR', name='block_text', opacity=1.0, ori=0.0, pos=array([0., 0.]), rgb=UNKNOWN, text=str(...), units='height', win=Window(...), wrapWidth=1.2)
1.0450 	WARNING 	t of last frame was 1003.47ms (=1/0)
1.7528 	DATA 	Keypress: space
1.7589 	EXP 	Created sequence: random, trialTypes=1, nReps=9, seed=None
1.7594 	EXP 	New trial (rep=0, index=0): None
1.7761 	WARNING 	t of last frame was 731.10ms (=1/1)
1.7761 	EXP 	immediate_text: font = 'Times New Roman'
1.7761 	EXP 	immediate_text: italic = False
1.7761 	EXP 	delay_text: font = 'Times New Roman'
1.7761 	EXP 	delay_text: italic = False
1.7761 	EXP 	immediate_text: autoDraw = True
1.7761 	EXP 	delay_text: autoDraw = True
1.7761 	EXP 	which_text: autoDraw = True
1.7761 	EXP 	or_text: autoDraw = True
2.3361 	WARNING 	t of last frame was 23.08ms (=1/43)
2.9823 	DATA 	Keypress: 3
2.9864 	WARNING 	Multiple dropped frames have occurred - I'll stop bothering you about them!
2.9864 	EXP 	immediate_text: autoDraw = False
2.9864 	EXP 	delay_text: autoDraw = False
2.9864 	EXP 	which_text: autoDraw = False
2.9864 	EXP 	or_text: autoDraw = False
2.9864 	EXP 	immediate_text: font = 'Times New Roman'
2.9864 	EXP 	immediate_text: italic = False
2.9864 	EXP 	delay_text: font = 'Times New Roman'
2.9864 	EXP 	delay_text: italic = True
2.9864 	EXP 	immediate_text: height = 0.05
2.9864 	EXP 	immediate_text: height = 0.05
2.9864 	EXP 	immediate_text: height = 0.05
2.9864 	EXP 	immediate_text: text = '$800 now\n(1)'
2.9864 	EXP 	delay_text: height = 0.05
2.9864 	EXP 	delay_text: height = 0.05
2.9864 	EXP 	delay_text: height = 0.05
2.9864 	EXP 	delay_text: text = '$1000 in\n5 years\n(3)'
3.9871 	EXP 	New trial (rep=1, index=0): None
3.9986 	EXP 	immediate_text: font = 'Times New Roman'
3.9986 	EXP 	immediate_text: italic = False
3.9986 	EXP 	delay_text: font = 'Times New Roman'
3.9986 	EXP 	delay_text: italic = False
3.9986 	EXP 	immediate_text: font = 'Times New Roman'
3.9986 	EXP 	immediate_text: italic = False
3.9986 	EXP 	delay_text: font = 'Times New Roman'
3.9986 	EXP 	delay_text: italic = False
3.9986 	EXP 	immediate_text: autoDraw = True
3.9986 	EXP 	delay_text: autoDraw = True
3.9986 	EXP 	which_text: autoDraw = True
3.9986 	EXP 	or_text: autoDraw = True
3.9986 	EXP 	delay_text: height = 0.05
3.9986 	EXP 	delay_text: height = 0.05
3.9986 	EXP 	delay_text: height = 0.05
3.9986 	EXP 	delay_text: text = '$1000 in\n5 years\n(3)'
4.5669 	DATA 	Keypress: escape
4.6104 	EXP 	DelayDiscountingTitrated: status = STOPPED
4.6192 	EXP 	immediate_text: autoDraw = False
4.6192 	EXP 	delay_text: autoDraw = False
4.6192 	EXP 	which_text: autoDraw = False
4.6192 	EXP 	or_text: autoDraw = False
4.6192 	EXP 	DelayDiscountingTitrated: status = STOPPED
4.6509 	EXP 	window1: mouseVisible = True
