82.2074 	EXP 	Created window1 = Window(allowGUI=True, allowStencil=False, autoLog=True, backendConf=UNKNOWN, backgroundFit=<method-wrapper '__getattribute__' of attributeSetter object at 0x7f98c0ff54f0>, backgroundImage=<method-wrapper '__getattribute__' of attributeSetter object at 0x7f98c0ff5490>, bitsMode=UNKNOWN, blendMode='avg', bpc=(8, 8, 8), color=array([-1., -1., -1.]), colorSpace='rgb', depthBits=8, fullscr=<method-wrapper '__getattribute__' of attributeSetter object at 0x7f98c0ff5310>, gamma=None, gammaErrorPolicy='raise', lms=UNKNOWN, monitor=<psychopy.monitors.calibTools.Monitor object at 0x7f98e28000a0>, multiSample=False, name='window1', numSamples=2, pos=(360, 225), screen=0, size=array([2880, 1800]), stencilBits=0, stereo=False, title='PsychoPy', units='height', useFBO=True, useRetina=True, viewOri=0.0, viewPos=None, viewScale=None, waitBlanking=True, winType='pyglet')
82.2079 	EXP 	window1: mouseVisible = True
82.2080 	EXP 	window1: backgroundImage = ''
82.2080 	EXP 	window1: backgroundFit = 'none'
82.2103 	EXP 	window1: Attempting to measure frame rate of screen (0) ...
82.2104 	EXP 	window1: recordFrameIntervals = False
82.2965 	EXP 	window1: recordFrameIntervals = True
82.3892 	EXP 	Screen (0) actual frame rate measured at 120.14Hz
82.3892 	EXP 	window1: recordFrameIntervals = False
82.3893 	EXP 	window1: mouseVisible = True
83.4448 	EXP 	DelayDiscountingTitrated: status = STARTED
83.6573 	EXP 	window1: mouseVisible = True
83.7563 	EXP 	Created unnamed TextStim = TextStim(__class__=<class 'psychopy.visual.text.TextStim'>, alignHoriz=method-wrapper(...), alignText='center', alignVert=method-wrapper(...), anchorHoriz='center', anchorVert='center', antialias=True, autoDraw=False, autoLog=True, bold=False, color=array([-1., -1., -1.]), colorSpace='rgb', contrast=1.0, depth=0, draggable=False, flipHoriz=False, flipVert=False, font='Times New Roman', fontFiles=[], height=0.2, italic=False, languageStyle='LTR', name='unnamed TextStim', opacity=1.0, ori=0.0, pos=array([-0.4,  0. ]), rgb=UNKNOWN, text='0 now\n(1)', units='height', win=Window(...), wrapWidth=1)
83.7565 	EXP 	window1: mouseVisible = True
83.7609 	EXP 	Created unnamed TextStim = TextStim(__class__=<class 'psychopy.visual.text.TextStim'>, alignHoriz=method-wrapper(...), alignText='center', alignVert=method-wrapper(...), anchorHoriz='center', anchorVert='center', antialias=True, autoDraw=False, autoLog=True, bold=False, color=array([-1., -1., -1.]), colorSpace='rgb', contrast=1.0, depth=0, draggable=False, flipHoriz=False, flipVert=False, font='Times New Roman', fontFiles=[], height=0.2, italic=False, languageStyle='LTR', name='unnamed TextStim', opacity=1.0, ori=0.0, pos=array([0.4, 0. ]), rgb=UNKNOWN, text='1000 in\n(3)', units='height', win=Window(...), wrapWidth=1)
83.7610 	EXP 	window1: mouseVisible = True
83.7826 	EXP 	Created debug = TextStim(__class__=<class 'psychopy.visual.text.TextStim'>, alignHoriz=method-wrapper(...), alignText='center', alignVert=method-wrapper(...), anchorHoriz='center', anchorVert='center', antialias=True, autoDraw=False, autoLog=True, bold=False, color=array([1., 1., 1.]), colorSpace='rgb', contrast=1.0, depth=-2.0, draggable=False, flipHoriz=False, flipVert=False, font='Open Sans', fontFiles=[], height=0.05, italic=False, languageStyle='LTR', name='debug', opacity=1.0, ori=0.0, pos=array([ 0. , -0.1]), rgb=UNKNOWN, text='', units='height', win=Window(...), wrapWidth=1)
83.7828 	EXP 	window1: mouseVisible = True
83.7900 	EXP 	Created immediate_text = TextStim(__class__=<class 'psychopy.visual.text.TextStim'>, alignHoriz=method-wrapper(...), alignText='center', alignVert=method-wrapper(...), anchorHoriz='center', anchorVert='center', antialias=True, autoDraw=False, autoLog=True, bold=False, color=array([1., 1., 1.]), colorSpace='rgb', contrast=1.0, depth=-3.0, draggable=False, flipHoriz=False, flipVert=False, font='Times New Roman', fontFiles=[], height=0.05, italic=False, languageStyle='LTR', name='immediate_text', opacity=1.0, ori=0.0, pos=array([-0.4,  0. ]), rgb=UNKNOWN, text='$300 now\n(1)', units='height', win=Window(...), wrapWidth=1)
83.7901 	EXP 	window1: mouseVisible = True
83.7974 	EXP 	Created delay_text = TextStim(__class__=<class 'psychopy.visual.text.TextStim'>, alignHoriz=method-wrapper(...), alignText='center', alignVert=method-wrapper(...), anchorHoriz='center', anchorVert='center', antialias=True, autoDraw=False, autoLog=True, bold=False, color=array([1., 1., 1.]), colorSpace='rgb', contrast=1.0, depth=-3.0, draggable=False, flipHoriz=False, flipVert=False, font='Times New Roman', fontFiles=[], height=0.05, italic=False, languageStyle='LTR', name='delay_text', opacity=1.0, ori=0.0, pos=array([0.4, 0. ]), rgb=UNKNOWN, text='$1000 in\n5 years\n(3)', units='height', win=Window(...), wrapWidth=1)
83.7975 	EXP 	window1: mouseVisible = True
83.8036 	EXP 	Created which_text = TextStim(__class__=<class 'psychopy.visual.text.TextStim'>, alignHoriz=method-wrapper(...), alignText='center', alignVert=method-wrapper(...), anchorHoriz='center', anchorVert='center', antialias=True, autoDraw=False, autoLog=True, bold=False, color=array([1., 1., 1.]), colorSpace='rgb', contrast=1.0, depth=-3.0, draggable=False, flipHoriz=False, flipVert=False, font='Times New Roman', fontFiles=[], height=0.05, italic=False, languageStyle='LTR', name='which_text', opacity=1.0, ori=0.0, pos=array([0. , 0.2]), rgb=UNKNOWN, text='Which would you prefer?', units='height', win=Window(...), wrapWidth=1)
83.8037 	EXP 	window1: mouseVisible = True
83.8062 	EXP 	Created or_text = TextStim(__class__=<class 'psychopy.visual.text.TextStim'>, alignHoriz=method-wrapper(...), alignText='center', alignVert=method-wrapper(...), anchorHoriz='center', anchorVert='center', antialias=True, autoDraw=False, autoLog=True, bold=False, color=array([1., 1., 1.]), colorSpace='rgb', contrast=1.0, depth=-4.0, draggable=False, flipHoriz=False, flipVert=False, font='Times New Roman', fontFiles=[], height=0.05, italic=False, languageStyle='LTR', name='or_text', opacity=1.0, ori=0.0, pos=array([0., 0.]), rgb=UNKNOWN, text='OR', units='height', win=Window(...), wrapWidth=1)
0.0363 	EXP 	Created sequence: random, trialTypes=1, nReps=10, seed=None
0.0369 	EXP 	New trial (rep=0, index=0): None
0.0585 	EXP 	debug: autoDraw = True
0.0585 	EXP 	which_text: autoDraw = True
0.0585 	EXP 	or_text: autoDraw = True
1.1489 	DATA 	Keypress: 1
2.1262 	EXP 	New trial (rep=1, index=0): None
2.1360 	EXP 	immediate_text: autoDraw = False
2.1360 	EXP 	delay_text: autoDraw = False
2.1360 	EXP 	debug: autoDraw = False
2.1360 	EXP 	which_text: autoDraw = False
2.1360 	EXP 	or_text: autoDraw = False
2.1360 	EXP 	debug: autoDraw = True
2.1360 	EXP 	which_text: autoDraw = True
2.1360 	EXP 	or_text: autoDraw = True
2.4400 	DATA 	Keypress: 1
3.4179 	EXP 	New trial (rep=2, index=0): None
3.4270 	EXP 	immediate_text: autoDraw = False
3.4270 	EXP 	delay_text: autoDraw = False
3.4270 	EXP 	debug: autoDraw = False
3.4270 	EXP 	which_text: autoDraw = False
3.4270 	EXP 	or_text: autoDraw = False
3.4270 	EXP 	debug: autoDraw = True
3.4270 	EXP 	which_text: autoDraw = True
3.4270 	EXP 	or_text: autoDraw = True
3.7348 	DATA 	Keypress: escape
3.7751 	EXP 	DelayDiscountingTitrated: status = STOPPED
3.7827 	EXP 	debug: autoDraw = False
3.7827 	EXP 	which_text: autoDraw = False
3.7827 	EXP 	or_text: autoDraw = False
3.7827 	EXP 	DelayDiscountingTitrated: status = STOPPED
3.8043 	EXP 	window1: mouseVisible = True
