7.9501 	EXP 	Created window1 = Window(allowGUI=True, allowStencil=False, autoLog=True, backendConf=UNKNOWN, backgroundFit=<method-wrapper '__getattribute__' of attributeSetter object at 0x7f899947d3a0>, backgroundImage=<method-wrapper '__getattribute__' of attributeSetter object at 0x7f899947d340>, bitsMode=UNKNOWN, blendMode='avg', bpc=(8, 8, 8), color=array([-1., -1., -1.]), colorSpace='rgb', depthBits=8, fullscr=<method-wrapper '__getattribute__' of attributeSetter object at 0x7f899947d190>, gamma=None, gammaErrorPolicy='raise', lms=UNKNOWN, monitor=<psychopy.monitors.calibTools.Monitor object at 0x7f896a237f10>, multiSample=False, name='window1', numSamples=2, pos=(360, 225), screen=0, size=array([2880, 1800]), stencilBits=0, stereo=False, title='PsychoPy', units='height', useFBO=True, useRetina=True, viewOri=0.0, viewPos=None, viewScale=None, waitBlanking=True, winType='pyglet')
7.9506 	EXP 	window1: mouseVisible = True
7.9506 	EXP 	window1: backgroundImage = ''
7.9506 	EXP 	window1: backgroundFit = 'none'
7.9523 	EXP 	window1: Attempting to measure frame rate of screen (0) ...
7.9523 	EXP 	window1: recordFrameIntervals = False
8.0340 	EXP 	window1: recordFrameIntervals = True
8.1248 	EXP 	Screen (0) actual frame rate measured at 122.26Hz
8.1248 	EXP 	window1: recordFrameIntervals = False
8.1250 	EXP 	window1: mouseVisible = True
8.9927 	EXP 	DelayDiscountingTitrated: status = STARTED
9.2036 	EXP 	window1: mouseVisible = True
9.2591 	EXP 	Created unnamed TextStim = TextStim(__class__=<class 'psychopy.visual.text.TextStim'>, alignHoriz=method-wrapper(...), alignText='center', alignVert=method-wrapper(...), anchorHoriz='center', anchorVert='center', antialias=True, autoDraw=False, autoLog=True, bold=False, color=array([-1., -1., -1.]), colorSpace='rgb', contrast=1.0, depth=0, draggable=False, flipHoriz=False, flipVert=False, font='Times New Roman', fontFiles=[], height=0.2, italic=False, languageStyle='LTR', name='unnamed TextStim', opacity=1.0, ori=0.0, pos=array([-0.4,  0. ]), rgb=UNKNOWN, text='0 now\n(1)', units='height', win=Window(...), wrapWidth=1)
9.2592 	EXP 	window1: mouseVisible = True
9.2633 	EXP 	Created unnamed TextStim = TextStim(__class__=<class 'psychopy.visual.text.TextStim'>, alignHoriz=method-wrapper(...), alignText='center', alignVert=method-wrapper(...), anchorHoriz='center', anchorVert='center', antialias=True, autoDraw=False, autoLog=True, bold=False, color=array([-1., -1., -1.]), colorSpace='rgb', contrast=1.0, depth=0, draggable=False, flipHoriz=False, flipVert=False, font='Times New Roman', fontFiles=[], height=0.2, italic=False, languageStyle='LTR', name='unnamed TextStim', opacity=1.0, ori=0.0, pos=array([0.4, 0. ]), rgb=UNKNOWN, text='1000 in\n(3)', units='height', win=Window(...), wrapWidth=1)
9.2634 	EXP 	window1: mouseVisible = True
9.2691 	EXP 	Created debug = TextStim(__class__=<class 'psychopy.visual.text.TextStim'>, alignHoriz=method-wrapper(...), alignText='center', alignVert=method-wrapper(...), anchorHoriz='center', anchorVert='center', antialias=True, autoDraw=False, autoLog=True, bold=False, color=array([1., 1., 1.]), colorSpace='rgb', contrast=1.0, depth=-2.0, draggable=False, flipHoriz=False, flipVert=False, font='Open Sans', fontFiles=[], height=0.05, italic=False, languageStyle='LTR', name='debug', opacity=1.0, ori=0.0, pos=array([ 0. , -0.1]), rgb=UNKNOWN, text='', units='height', win=Window(...), wrapWidth=1)
9.2692 	EXP 	window1: mouseVisible = True
9.2750 	EXP 	Created which_text = TextStim(__class__=<class 'psychopy.visual.text.TextStim'>, alignHoriz=method-wrapper(...), alignText='center', alignVert=method-wrapper(...), anchorHoriz='center', anchorVert='center', antialias=True, autoDraw=False, autoLog=True, bold=False, color=array([1., 1., 1.]), colorSpace='rgb', contrast=1.0, depth=-3.0, draggable=False, flipHoriz=False, flipVert=False, font='Times New Roman', fontFiles=[], height=0.05, italic=False, languageStyle='LTR', name='which_text', opacity=1.0, ori=0.0, pos=array([-0.4,  0. ]), rgb=UNKNOWN, text='$300 now\n(1)', units='height', win=Window(...), wrapWidth=1)
9.2752 	EXP 	window1: mouseVisible = True
9.2823 	EXP 	Created which_text = TextStim(__class__=<class 'psychopy.visual.text.TextStim'>, alignHoriz=method-wrapper(...), alignText='center', alignVert=method-wrapper(...), anchorHoriz='center', anchorVert='center', antialias=True, autoDraw=False, autoLog=True, bold=False, color=array([1., 1., 1.]), colorSpace='rgb', contrast=1.0, depth=-3.0, draggable=False, flipHoriz=False, flipVert=False, font='Times New Roman', fontFiles=[], height=0.05, italic=False, languageStyle='LTR', name='which_text', opacity=1.0, ori=0.0, pos=array([0.4, 0. ]), rgb=UNKNOWN, text='$1000 in\n5 years\n(3)', units='height', win=Window(...), wrapWidth=1)
9.2824 	EXP 	window1: mouseVisible = True
9.2883 	EXP 	Created which_text = TextStim(__class__=<class 'psychopy.visual.text.TextStim'>, alignHoriz=method-wrapper(...), alignText='center', alignVert=method-wrapper(...), anchorHoriz='center', anchorVert='center', antialias=True, autoDraw=False, autoLog=True, bold=False, color=array([1., 1., 1.]), colorSpace='rgb', contrast=1.0, depth=-3.0, draggable=False, flipHoriz=False, flipVert=False, font='Times New Roman', fontFiles=[], height=0.05, italic=False, languageStyle='LTR', name='which_text', opacity=1.0, ori=0.0, pos=array([0. , 0.2]), rgb=UNKNOWN, text='Which would you prefer?', units='height', win=Window(...), wrapWidth=1)
9.2884 	EXP 	window1: mouseVisible = True
9.2909 	EXP 	Created or_text = TextStim(__class__=<class 'psychopy.visual.text.TextStim'>, alignHoriz=method-wrapper(...), alignText='center', alignVert=method-wrapper(...), anchorHoriz='center', anchorVert='center', antialias=True, autoDraw=False, autoLog=True, bold=False, color=array([1., 1., 1.]), colorSpace='rgb', contrast=1.0, depth=-4.0, draggable=False, flipHoriz=False, flipVert=False, font='Times New Roman', fontFiles=[], height=0.05, italic=False, languageStyle='LTR', name='or_text', opacity=1.0, ori=0.0, pos=array([0., 0.]), rgb=UNKNOWN, text='OR', units='height', win=Window(...), wrapWidth=1)
0.0229 	EXP 	Created sequence: random, trialTypes=1, nReps=10, seed=None
0.0234 	EXP 	New trial (rep=0, index=0): None
0.0412 	EXP 	debug: autoDraw = True
0.0412 	EXP 	which_text: autoDraw = True
0.0412 	EXP 	or_text: autoDraw = True
3.3734 	DATA 	Keypress: escape
3.4195 	EXP 	DelayDiscountingTitrated: status = STOPPED
3.4251 	EXP 	debug: autoDraw = False
3.4251 	EXP 	which_text: autoDraw = False
3.4251 	EXP 	or_text: autoDraw = False
3.4252 	EXP 	DelayDiscountingTitrated: status = STOPPED
3.4492 	EXP 	window1: mouseVisible = True
