78.0561 	WARNING 	Couldn't measure a consistent frame rate!
  - Is your graphics card set to sync to vertical blank?
  - Are you running other processes on your computer?

78.0577 	EXP 	Created window1 = Window(allowGUI=True, allowStencil=False, autoLog=True, backendConf=UNKNOWN, backgroundFit=<method-wrapper '__getattribute__' of attributeSetter object at 0x7fedc12286d0>, backgroundImage=<method-wrapper '__getattribute__' of attributeSetter object at 0x7fedc1228670>, bitsMode=UNKNOWN, blendMode='avg', bpc=(8, 8, 8), color=array([-1., -1., -1.]), colorSpace='rgb', depthBits=8, fullscr=<method-wrapper '__getattribute__' of attributeSetter object at 0x7fedc12284f0>, gamma=None, gammaErrorPolicy='raise', lms=UNKNOWN, monitor=<psychopy.monitors.calibTools.Monitor object at 0x7fedc124c280>, multiSample=False, name='window1', numSamples=2, pos=(360, 225), screen=0, size=array([2880, 1800]), stencilBits=0, stereo=False, title='PsychoPy', units='height', useFBO=True, useRetina=True, viewOri=0.0, viewPos=None, viewScale=None, waitBlanking=True, winType='pyglet')
78.0579 	EXP 	window1: mouseVisible = True
78.0580 	EXP 	window1: backgroundImage = ''
78.0580 	EXP 	window1: backgroundFit = 'none'
78.0603 	EXP 	window1: Attempting to measure frame rate of screen (0) ...
78.0603 	EXP 	window1: recordFrameIntervals = False
78.1478 	EXP 	window1: recordFrameIntervals = True
78.2145 	WARNING 	t of last frame was 22.61ms (=1/44)
79.0244 	WARNING 	Couldn't measure a consistent frame rate!
  - Is your graphics card set to sync to vertical blank?
  - Are you running other processes on your computer?

79.0247 	EXP 	window1: mouseVisible = True
80.4121 	EXP 	DelayDiscountingTitrated: status = STARTED
80.7459 	EXP 	window1: mouseVisible = True
80.8540 	EXP 	Created unnamed TextStim = TextStim(__class__=<class 'psychopy.visual.text.TextStim'>, alignHoriz=method-wrapper(...), alignText='center', alignVert=method-wrapper(...), anchorHoriz='center', anchorVert='center', antialias=True, autoDraw=False, autoLog=True, bold=False, color=array([-1., -1., -1.]), colorSpace='rgb', contrast=1.0, depth=0, draggable=False, flipHoriz=False, flipVert=False, font='Times New Roman', fontFiles=[], height=0.2, italic=False, languageStyle='LTR', name='unnamed TextStim', opacity=1.0, ori=0.0, pos=array([-0.4,  0. ]), rgb=UNKNOWN, text='0 now\n(1)', units='height', win=Window(...), wrapWidth=1)
80.8542 	EXP 	window1: mouseVisible = True
80.8602 	EXP 	Created unnamed TextStim = TextStim(__class__=<class 'psychopy.visual.text.TextStim'>, alignHoriz=method-wrapper(...), alignText='center', alignVert=method-wrapper(...), anchorHoriz='center', anchorVert='center', antialias=True, autoDraw=False, autoLog=True, bold=False, color=array([-1., -1., -1.]), colorSpace='rgb', contrast=1.0, depth=0, draggable=False, flipHoriz=False, flipVert=False, font='Times New Roman', fontFiles=[], height=0.2, italic=False, languageStyle='LTR', name='unnamed TextStim', opacity=1.0, ori=0.0, pos=array([0.4, 0. ]), rgb=UNKNOWN, text='1000 in\n(3)', units='height', win=Window(...), wrapWidth=1)
80.8604 	EXP 	window1: mouseVisible = True
80.8619 	EXP 	Created immediate_text = TextStim(__class__=<class 'psychopy.visual.text.TextStim'>, alignHoriz=method-wrapper(...), alignText='center', alignVert=method-wrapper(...), anchorHoriz='center', anchorVert='center', antialias=True, autoDraw=False, autoLog=True, bold=False, color=array([1., 1., 1.]), colorSpace='rgb', contrast=1.0, depth=-2.0, draggable=False, flipHoriz=False, flipVert=False, font='Times New Roman', fontFiles=[], height=0.05, italic=False, languageStyle='LTR', name='immediate_text', opacity=1.0, ori=0.0, pos=array([-0.4,  0. ]), rgb=UNKNOWN, text='', units='height', win=Window(...), wrapWidth=1)
80.8621 	EXP 	window1: mouseVisible = True
80.8638 	EXP 	Created delay_text = TextStim(__class__=<class 'psychopy.visual.text.TextStim'>, alignHoriz=method-wrapper(...), alignText='center', alignVert=method-wrapper(...), anchorHoriz='center', anchorVert='center', antialias=True, autoDraw=False, autoLog=True, bold=False, color=array([1., 1., 1.]), colorSpace='rgb', contrast=1.0, depth=-3.0, draggable=False, flipHoriz=False, flipVert=False, font='Times New Roman', fontFiles=[], height=0.05, italic=False, languageStyle='LTR', name='delay_text', opacity=1.0, ori=0.0, pos=array([0.4, 0. ]), rgb=UNKNOWN, text='', units='height', win=Window(...), wrapWidth=1)
80.8639 	EXP 	window1: mouseVisible = True
80.8801 	EXP 	Created which_text = TextStim(__class__=<class 'psychopy.visual.text.TextStim'>, alignHoriz=method-wrapper(...), alignText='center', alignVert=method-wrapper(...), anchorHoriz='center', anchorVert='center', antialias=True, autoDraw=False, autoLog=True, bold=False, color=array([1., 1., 1.]), colorSpace='rgb', contrast=1.0, depth=-5.0, draggable=False, flipHoriz=False, flipVert=False, font='Times New Roman', fontFiles=[], height=0.05, italic=False, languageStyle='LTR', name='which_text', opacity=1.0, ori=0.0, pos=array([0. , 0.2]), rgb=UNKNOWN, text='Which would you prefer?', units='height', win=Window(...), wrapWidth=1)
80.8803 	EXP 	window1: mouseVisible = True
80.8844 	EXP 	Created or_text = TextStim(__class__=<class 'psychopy.visual.text.TextStim'>, alignHoriz=method-wrapper(...), alignText='center', alignVert=method-wrapper(...), anchorHoriz='center', anchorVert='center', antialias=True, autoDraw=False, autoLog=True, bold=False, color=array([1., 1., 1.]), colorSpace='rgb', contrast=1.0, depth=-6.0, draggable=False, flipHoriz=False, flipVert=False, font='Times New Roman', fontFiles=[], height=0.05, italic=False, languageStyle='LTR', name='or_text', opacity=1.0, ori=0.0, pos=array([0., 0.]), rgb=UNKNOWN, text='OR', units='height', win=Window(...), wrapWidth=1)
0.0150 	EXP 	window1: mouseVisible = True
0.0365 	EXP 	Created instruction_text = TextStim(__class__=<class 'psychopy.visual.text.TextStim'>, alignHoriz=method-wrapper(...), alignText='center', alignVert=method-wrapper(...), anchorHoriz='center', anchorVert='center', antialias=True, autoDraw=False, autoLog=True, bold=False, color=array([1., 1., 1.]), colorSpace='rgb', contrast=1.0, depth=0, draggable=False, flipHoriz=False, flipVert=False, font='Times New Roman', fontFiles=[], height=0.05, italic=False, languageStyle='LTR', name='instruction_text', opacity=1.0, ori=0.0, pos=array([0., 0.]), rgb=UNKNOWN, text=str(...), units='height', win=Window(...), wrapWidth=1.2)
0.0488 	WARNING 	t of last frame was 34.90ms (=1/28)
1.5666 	DATA 	Mouse: Left button down, pos=(281,586)
1.6659 	DATA 	Mouse:  Left button up, pos=(281,586)
1.9681 	DATA 	Keypress: space
1.9714 	EXP 	window1: mouseVisible = True
1.9836 	EXP 	Created block_text = TextStim(__class__=<class 'psychopy.visual.text.TextStim'>, alignHoriz=method-wrapper(...), alignText='center', alignVert=method-wrapper(...), anchorHoriz='center', anchorVert='center', antialias=True, autoDraw=False, autoLog=True, bold=False, color=array([1., 1., 1.]), colorSpace='rgb', contrast=1.0, depth=0, draggable=False, flipHoriz=False, flipVert=False, font='Times New Roman', fontFiles=[], height=0.05, italic=False, languageStyle='LTR', name='block_text', opacity=1.0, ori=0.0, pos=array([0., 0.]), rgb=UNKNOWN, text=str(...), units='height', win=Window(...), wrapWidth=1.2)
1.9981 	WARNING 	t of last frame was 1949.29ms (=1/0)
2.6837 	DATA 	Keypress: space
2.6917 	EXP 	Created sequence: random, trialTypes=1, nReps=9, seed=None
2.6923 	EXP 	New trial (rep=0, index=0): None
2.7166 	WARNING 	t of last frame was 718.51ms (=1/1)
2.7166 	EXP 	immediate_text: font = 'Times New Roman'
2.7166 	EXP 	immediate_text: italic = False
2.7166 	EXP 	delay_text: font = 'Times New Roman'
2.7166 	EXP 	delay_text: italic = False
2.7166 	EXP 	immediate_text: autoDraw = True
2.7166 	EXP 	delay_text: autoDraw = True
2.7166 	EXP 	which_text: autoDraw = True
2.7166 	EXP 	or_text: autoDraw = True
2.7471 	WARNING 	Multiple dropped frames have occurred - I'll stop bothering you about them!
5.6049 	DATA 	Keypress: 1
5.6092 	EXP 	immediate_text: autoDraw = False
5.6092 	EXP 	delay_text: autoDraw = False
5.6092 	EXP 	which_text: autoDraw = False
5.6092 	EXP 	or_text: autoDraw = False
5.6092 	EXP 	immediate_text: font = 'Times New Roman'
5.6092 	EXP 	immediate_text: italic = True
5.6092 	EXP 	delay_text: font = 'Times New Roman'
5.6092 	EXP 	delay_text: italic = False
5.6092 	EXP 	immediate_text: height = 0.05
5.6092 	EXP 	immediate_text: height = 0.05
5.6092 	EXP 	immediate_text: height = 0.05
5.6092 	EXP 	immediate_text: text = '$800 now\n(1)'
5.6092 	EXP 	delay_text: height = 0.05
5.6092 	EXP 	delay_text: height = 0.05
5.6092 	EXP 	delay_text: height = 0.05
5.6092 	EXP 	delay_text: text = '$1000 in\n1 week\n(3)'
6.6102 	EXP 	New trial (rep=1, index=0): None
6.6267 	EXP 	immediate_text: font = 'Times New Roman'
6.6267 	EXP 	immediate_text: italic = False
6.6267 	EXP 	delay_text: font = 'Times New Roman'
6.6267 	EXP 	delay_text: italic = False
6.6267 	EXP 	immediate_text: font = 'Times New Roman'
6.6267 	EXP 	immediate_text: italic = False
6.6267 	EXP 	delay_text: font = 'Times New Roman'
6.6267 	EXP 	delay_text: italic = False
6.6267 	EXP 	immediate_text: autoDraw = True
6.6267 	EXP 	delay_text: autoDraw = True
6.6267 	EXP 	which_text: autoDraw = True
6.6267 	EXP 	or_text: autoDraw = True
6.6267 	EXP 	delay_text: height = 0.05
6.6267 	EXP 	delay_text: height = 0.05
6.6267 	EXP 	delay_text: height = 0.05
6.6267 	EXP 	delay_text: text = '$1000 in\n1 week\n(3)'
6.9924 	DATA 	Keypress: 1
6.9966 	EXP 	immediate_text: autoDraw = False
6.9966 	EXP 	delay_text: autoDraw = False
6.9966 	EXP 	which_text: autoDraw = False
6.9966 	EXP 	or_text: autoDraw = False
6.9966 	EXP 	immediate_text: font = 'Times New Roman'
6.9966 	EXP 	immediate_text: italic = True
6.9966 	EXP 	delay_text: font = 'Times New Roman'
6.9966 	EXP 	delay_text: italic = False
6.9966 	EXP 	immediate_text: height = 0.05
6.9966 	EXP 	immediate_text: height = 0.05
6.9966 	EXP 	immediate_text: height = 0.05
6.9966 	EXP 	immediate_text: text = '$400 now\n(1)'
6.9966 	EXP 	delay_text: height = 0.05
6.9966 	EXP 	delay_text: height = 0.05
6.9966 	EXP 	delay_text: height = 0.05
6.9966 	EXP 	delay_text: text = '$1000 in\n1 week\n(3)'
7.9976 	EXP 	New trial (rep=2, index=0): None
8.0135 	EXP 	immediate_text: font = 'Times New Roman'
8.0135 	EXP 	immediate_text: italic = False
8.0135 	EXP 	delay_text: font = 'Times New Roman'
8.0135 	EXP 	delay_text: italic = False
8.0135 	EXP 	immediate_text: font = 'Times New Roman'
8.0135 	EXP 	immediate_text: italic = False
8.0135 	EXP 	delay_text: font = 'Times New Roman'
8.0135 	EXP 	delay_text: italic = False
8.0135 	EXP 	immediate_text: autoDraw = True
8.0135 	EXP 	delay_text: autoDraw = True
8.0135 	EXP 	which_text: autoDraw = True
8.0135 	EXP 	or_text: autoDraw = True
8.0135 	EXP 	delay_text: height = 0.05
8.0135 	EXP 	delay_text: height = 0.05
8.0135 	EXP 	delay_text: height = 0.05
8.0135 	EXP 	delay_text: text = '$1000 in\n1 week\n(3)'
8.1855 	DATA 	Keypress: 1
8.2053 	EXP 	immediate_text: autoDraw = False
8.2053 	EXP 	delay_text: autoDraw = False
8.2053 	EXP 	which_text: autoDraw = False
8.2053 	EXP 	or_text: autoDraw = False
8.2053 	EXP 	immediate_text: font = 'Times New Roman'
8.2053 	EXP 	immediate_text: italic = True
8.2053 	EXP 	delay_text: font = 'Times New Roman'
8.2053 	EXP 	delay_text: italic = False
8.2053 	EXP 	immediate_text: height = 0.05
8.2053 	EXP 	immediate_text: height = 0.05
8.2053 	EXP 	immediate_text: height = 0.05
8.2053 	EXP 	immediate_text: text = '$200 now\n(1)'
8.2053 	EXP 	delay_text: height = 0.05
8.2053 	EXP 	delay_text: height = 0.05
8.2053 	EXP 	delay_text: height = 0.05
8.2053 	EXP 	delay_text: text = '$1000 in\n1 week\n(3)'
9.2063 	EXP 	New trial (rep=3, index=0): None
9.2214 	EXP 	immediate_text: font = 'Times New Roman'
9.2214 	EXP 	immediate_text: italic = False
9.2214 	EXP 	delay_text: font = 'Times New Roman'
9.2214 	EXP 	delay_text: italic = False
9.2214 	EXP 	immediate_text: font = 'Times New Roman'
9.2214 	EXP 	immediate_text: italic = False
9.2214 	EXP 	delay_text: font = 'Times New Roman'
9.2214 	EXP 	delay_text: italic = False
9.2214 	EXP 	immediate_text: autoDraw = True
9.2214 	EXP 	delay_text: autoDraw = True
9.2214 	EXP 	which_text: autoDraw = True
9.2214 	EXP 	or_text: autoDraw = True
9.2214 	EXP 	delay_text: height = 0.05
9.2214 	EXP 	delay_text: height = 0.05
9.2214 	EXP 	delay_text: height = 0.05
9.2214 	EXP 	delay_text: text = '$1000 in\n1 week\n(3)'
9.4267 	DATA 	Keypress: 1
9.4464 	EXP 	immediate_text: autoDraw = False
9.4464 	EXP 	delay_text: autoDraw = False
9.4464 	EXP 	which_text: autoDraw = False
9.4464 	EXP 	or_text: autoDraw = False
9.4464 	EXP 	immediate_text: font = 'Times New Roman'
9.4464 	EXP 	immediate_text: italic = True
9.4464 	EXP 	delay_text: font = 'Times New Roman'
9.4464 	EXP 	delay_text: italic = False
9.4464 	EXP 	immediate_text: height = 0.05
9.4464 	EXP 	immediate_text: height = 0.05
9.4464 	EXP 	immediate_text: height = 0.05
9.4464 	EXP 	immediate_text: text = '$100 now\n(1)'
9.4464 	EXP 	delay_text: height = 0.05
9.4464 	EXP 	delay_text: height = 0.05
9.4464 	EXP 	delay_text: height = 0.05
9.4464 	EXP 	delay_text: text = '$1000 in\n1 week\n(3)'
10.4161 	DATA 	Keypress: 1
10.4473 	EXP 	New trial (rep=4, index=0): None
10.4632 	EXP 	immediate_text: font = 'Times New Roman'
10.4632 	EXP 	immediate_text: italic = False
10.4632 	EXP 	delay_text: font = 'Times New Roman'
10.4632 	EXP 	delay_text: italic = False
10.4632 	EXP 	immediate_text: font = 'Times New Roman'
10.4632 	EXP 	immediate_text: italic = False
10.4632 	EXP 	delay_text: font = 'Times New Roman'
10.4632 	EXP 	delay_text: italic = False
10.4632 	EXP 	immediate_text: autoDraw = True
10.4632 	EXP 	delay_text: autoDraw = True
10.4632 	EXP 	which_text: autoDraw = True
10.4632 	EXP 	or_text: autoDraw = True
10.4632 	EXP 	delay_text: height = 0.05
10.4632 	EXP 	delay_text: height = 0.05
10.4632 	EXP 	delay_text: height = 0.05
10.4632 	EXP 	delay_text: text = '$1000 in\n1 week\n(3)'
10.9927 	DATA 	Keypress: 1
10.9972 	EXP 	immediate_text: autoDraw = False
10.9972 	EXP 	delay_text: autoDraw = False
10.9972 	EXP 	which_text: autoDraw = False
10.9972 	EXP 	or_text: autoDraw = False
10.9972 	EXP 	immediate_text: font = 'Times New Roman'
10.9972 	EXP 	immediate_text: italic = True
10.9972 	EXP 	delay_text: font = 'Times New Roman'
10.9972 	EXP 	delay_text: italic = False
10.9972 	EXP 	immediate_text: height = 0.05
10.9972 	EXP 	immediate_text: height = 0.05
10.9972 	EXP 	immediate_text: height = 0.05
10.9972 	EXP 	immediate_text: text = '$50 now\n(1)'
10.9972 	EXP 	delay_text: height = 0.05
10.9972 	EXP 	delay_text: height = 0.05
10.9972 	EXP 	delay_text: height = 0.05
10.9972 	EXP 	delay_text: text = '$1000 in\n1 week\n(3)'
11.9982 	EXP 	New trial (rep=5, index=0): None
12.0132 	EXP 	immediate_text: font = 'Times New Roman'
12.0132 	EXP 	immediate_text: italic = False
12.0132 	EXP 	delay_text: font = 'Times New Roman'
12.0132 	EXP 	delay_text: italic = False
12.0132 	EXP 	immediate_text: font = 'Times New Roman'
12.0132 	EXP 	immediate_text: italic = False
12.0132 	EXP 	delay_text: font = 'Times New Roman'
12.0132 	EXP 	delay_text: italic = False
12.0132 	EXP 	immediate_text: autoDraw = True
12.0132 	EXP 	delay_text: autoDraw = True
12.0132 	EXP 	which_text: autoDraw = True
12.0132 	EXP 	or_text: autoDraw = True
12.0132 	EXP 	delay_text: height = 0.05
12.0132 	EXP 	delay_text: height = 0.05
12.0132 	EXP 	delay_text: height = 0.05
12.0132 	EXP 	delay_text: text = '$1000 in\n1 week\n(3)'
12.1743 	DATA 	Keypress: 1
12.1790 	EXP 	immediate_text: autoDraw = False
12.1790 	EXP 	delay_text: autoDraw = False
12.1790 	EXP 	which_text: autoDraw = False
12.1790 	EXP 	or_text: autoDraw = False
12.1790 	EXP 	immediate_text: font = 'Times New Roman'
12.1790 	EXP 	immediate_text: italic = True
12.1790 	EXP 	delay_text: font = 'Times New Roman'
12.1790 	EXP 	delay_text: italic = False
12.1790 	EXP 	immediate_text: height = 0.05
12.1790 	EXP 	immediate_text: height = 0.05
12.1790 	EXP 	immediate_text: height = 0.05
12.1790 	EXP 	immediate_text: text = '$25 now\n(1)'
12.1790 	EXP 	delay_text: height = 0.05
12.1790 	EXP 	delay_text: height = 0.05
12.1790 	EXP 	delay_text: height = 0.05
12.1790 	EXP 	delay_text: text = '$1000 in\n1 week\n(3)'
13.1807 	EXP 	New trial (rep=6, index=0): None
13.2120 	EXP 	immediate_text: font = 'Times New Roman'
13.2120 	EXP 	immediate_text: italic = False
13.2120 	EXP 	delay_text: font = 'Times New Roman'
13.2120 	EXP 	delay_text: italic = False
13.2120 	EXP 	immediate_text: font = 'Times New Roman'
13.2120 	EXP 	immediate_text: italic = False
13.2120 	EXP 	delay_text: font = 'Times New Roman'
13.2120 	EXP 	delay_text: italic = False
13.2120 	EXP 	immediate_text: autoDraw = True
13.2120 	EXP 	delay_text: autoDraw = True
13.2120 	EXP 	which_text: autoDraw = True
13.2120 	EXP 	or_text: autoDraw = True
13.2120 	EXP 	delay_text: height = 0.05
13.2120 	EXP 	delay_text: height = 0.05
13.2120 	EXP 	delay_text: height = 0.05
13.2120 	EXP 	delay_text: text = '$1000 in\n1 week\n(3)'
13.2772 	DATA 	Keypress: 1
13.2819 	EXP 	immediate_text: autoDraw = False
13.2819 	EXP 	delay_text: autoDraw = False
13.2819 	EXP 	which_text: autoDraw = False
13.2819 	EXP 	or_text: autoDraw = False
13.2819 	EXP 	immediate_text: font = 'Times New Roman'
13.2819 	EXP 	immediate_text: italic = True
13.2819 	EXP 	delay_text: font = 'Times New Roman'
13.2819 	EXP 	delay_text: italic = False
13.2819 	EXP 	immediate_text: height = 0.05
13.2819 	EXP 	immediate_text: height = 0.05
13.2819 	EXP 	immediate_text: height = 0.05
13.2819 	EXP 	immediate_text: text = '$12 now\n(1)'
13.2819 	EXP 	delay_text: height = 0.05
13.2819 	EXP 	delay_text: height = 0.05
13.2819 	EXP 	delay_text: height = 0.05
13.2819 	EXP 	delay_text: text = '$1000 in\n1 week\n(3)'
14.2828 	EXP 	New trial (rep=7, index=0): None
14.2986 	EXP 	immediate_text: font = 'Times New Roman'
14.2986 	EXP 	immediate_text: italic = False
14.2986 	EXP 	delay_text: font = 'Times New Roman'
14.2986 	EXP 	delay_text: italic = False
14.2986 	EXP 	immediate_text: font = 'Times New Roman'
14.2986 	EXP 	immediate_text: italic = False
14.2986 	EXP 	delay_text: font = 'Times New Roman'
14.2986 	EXP 	delay_text: italic = False
14.2986 	EXP 	immediate_text: autoDraw = True
14.2986 	EXP 	delay_text: autoDraw = True
14.2986 	EXP 	which_text: autoDraw = True
14.2986 	EXP 	or_text: autoDraw = True
14.2986 	EXP 	delay_text: height = 0.05
14.2986 	EXP 	delay_text: height = 0.05
14.2986 	EXP 	delay_text: height = 0.05
14.2986 	EXP 	delay_text: text = '$1000 in\n1 week\n(3)'
14.5090 	DATA 	Keypress: 1
14.5132 	EXP 	immediate_text: autoDraw = False
14.5132 	EXP 	delay_text: autoDraw = False
14.5132 	EXP 	which_text: autoDraw = False
14.5132 	EXP 	or_text: autoDraw = False
14.5132 	EXP 	immediate_text: font = 'Times New Roman'
14.5132 	EXP 	immediate_text: italic = True
14.5132 	EXP 	delay_text: font = 'Times New Roman'
14.5132 	EXP 	delay_text: italic = False
14.5132 	EXP 	immediate_text: height = 0.05
14.5132 	EXP 	immediate_text: height = 0.05
14.5132 	EXP 	immediate_text: height = 0.05
14.5132 	EXP 	immediate_text: text = '$6 now\n(1)'
14.5132 	EXP 	delay_text: height = 0.05
14.5132 	EXP 	delay_text: height = 0.05
14.5132 	EXP 	delay_text: height = 0.05
14.5132 	EXP 	delay_text: text = '$1000 in\n1 week\n(3)'
15.5158 	EXP 	New trial (rep=8, index=0): None
15.5342 	EXP 	immediate_text: font = 'Times New Roman'
15.5342 	EXP 	immediate_text: italic = False
15.5342 	EXP 	delay_text: font = 'Times New Roman'
15.5342 	EXP 	delay_text: italic = False
15.5342 	EXP 	immediate_text: font = 'Times New Roman'
15.5342 	EXP 	immediate_text: italic = False
15.5342 	EXP 	delay_text: font = 'Times New Roman'
15.5342 	EXP 	delay_text: italic = False
15.5342 	EXP 	immediate_text: autoDraw = True
15.5342 	EXP 	delay_text: autoDraw = True
15.5342 	EXP 	which_text: autoDraw = True
15.5342 	EXP 	or_text: autoDraw = True
15.5342 	EXP 	delay_text: height = 0.05
15.5342 	EXP 	delay_text: height = 0.05
15.5342 	EXP 	delay_text: height = 0.05
15.5342 	EXP 	delay_text: text = '$1000 in\n1 week\n(3)'
15.7348 	DATA 	Keypress: 1
15.7396 	EXP 	immediate_text: autoDraw = False
15.7396 	EXP 	delay_text: autoDraw = False
15.7396 	EXP 	which_text: autoDraw = False
15.7396 	EXP 	or_text: autoDraw = False
15.7396 	EXP 	immediate_text: font = 'Times New Roman'
15.7396 	EXP 	immediate_text: italic = True
15.7396 	EXP 	delay_text: font = 'Times New Roman'
15.7396 	EXP 	delay_text: italic = False
15.7396 	EXP 	immediate_text: height = 0.05
15.7396 	EXP 	immediate_text: height = 0.05
15.7396 	EXP 	immediate_text: height = 0.05
15.7396 	EXP 	immediate_text: text = '$3 now\n(1)'
15.7396 	EXP 	delay_text: height = 0.05
15.7396 	EXP 	delay_text: height = 0.05
15.7396 	EXP 	delay_text: height = 0.05
15.7396 	EXP 	delay_text: text = '$1000 in\n1 week\n(3)'
16.7411 	EXP 	window1: mouseVisible = True
16.7556 	EXP 	Created block_text = TextStim(__class__=<class 'psychopy.visual.text.TextStim'>, alignHoriz=method-wrapper(...), alignText='center', alignVert=method-wrapper(...), anchorHoriz='center', anchorVert='center', antialias=True, autoDraw=False, autoLog=True, bold=False, color=array([1., 1., 1.]), colorSpace='rgb', contrast=1.0, depth=0, draggable=False, flipHoriz=False, flipVert=False, font='Times New Roman', fontFiles=[], height=0.05, italic=False, languageStyle='LTR', name='block_text', opacity=1.0, ori=0.0, pos=array([0., 0.]), rgb=UNKNOWN, text=str(...), units='height', win=Window(...), wrapWidth=1.2)
16.7623 	EXP 	immediate_text: font = 'Times New Roman'
16.7623 	EXP 	immediate_text: italic = False
16.7623 	EXP 	delay_text: font = 'Times New Roman'
16.7623 	EXP 	delay_text: italic = False
16.9332 	DATA 	Keypress: 1
18.8949 	DATA 	Keypress: space
18.8964 	EXP 	Created sequence: random, trialTypes=1, nReps=9, seed=None
18.8966 	EXP 	New trial (rep=0, index=0): None
18.9191 	EXP 	immediate_text: font = 'Times New Roman'
18.9191 	EXP 	immediate_text: italic = False
18.9191 	EXP 	delay_text: font = 'Times New Roman'
18.9191 	EXP 	delay_text: italic = False
18.9191 	EXP 	immediate_text: autoDraw = True
18.9191 	EXP 	delay_text: autoDraw = True
18.9191 	EXP 	which_text: autoDraw = True
18.9191 	EXP 	or_text: autoDraw = True
18.9717 	DATA 	Keypress: v
19.8986 	DATA 	Keypress: 3
19.9028 	EXP 	immediate_text: autoDraw = False
19.9028 	EXP 	delay_text: autoDraw = False
19.9028 	EXP 	which_text: autoDraw = False
19.9028 	EXP 	or_text: autoDraw = False
19.9028 	EXP 	immediate_text: font = 'Times New Roman'
19.9028 	EXP 	immediate_text: italic = False
19.9028 	EXP 	delay_text: font = 'Times New Roman'
19.9028 	EXP 	delay_text: italic = True
19.9028 	EXP 	immediate_text: height = 0.05
19.9028 	EXP 	immediate_text: height = 0.05
19.9028 	EXP 	immediate_text: height = 0.05
19.9028 	EXP 	immediate_text: text = '$800 now\n(1)'
19.9028 	EXP 	delay_text: height = 0.05
19.9028 	EXP 	delay_text: height = 0.05
19.9028 	EXP 	delay_text: height = 0.05
19.9028 	EXP 	delay_text: text = '$1000 in\n6 months\n(3)'
20.7880 	DATA 	Keypress: escape
20.9039 	EXP 	New trial (rep=1, index=0): None
21.0644 	EXP 	DelayDiscountingTitrated: status = STOPPED
21.0709 	EXP 	immediate_text: font = 'Times New Roman'
21.0709 	EXP 	immediate_text: italic = False
21.0709 	EXP 	delay_text: font = 'Times New Roman'
21.0709 	EXP 	delay_text: italic = False
21.0709 	EXP 	immediate_text: font = 'Times New Roman'
21.0709 	EXP 	immediate_text: italic = False
21.0709 	EXP 	delay_text: font = 'Times New Roman'
21.0709 	EXP 	delay_text: italic = False
21.0709 	EXP 	immediate_text: autoDraw = True
21.0709 	EXP 	delay_text: autoDraw = True
21.0709 	EXP 	which_text: autoDraw = True
21.0709 	EXP 	or_text: autoDraw = True
21.0709 	EXP 	immediate_text: autoDraw = False
21.0709 	EXP 	delay_text: autoDraw = False
21.0709 	EXP 	which_text: autoDraw = False
21.0709 	EXP 	or_text: autoDraw = False
21.0711 	EXP 	DelayDiscountingTitrated: status = STOPPED
21.1268 	EXP 	window1: mouseVisible = True
