7.0493 	EXP 	Created window1 = Window(allowGUI=True, allowStencil=False, autoLog=True, backendConf=UNKNOWN, backgroundFit=<method-wrapper '__getattribute__' of attributeSetter object at 0x7fbd43145640>, backgroundImage=<method-wrapper '__getattribute__' of attributeSetter object at 0x7fbd431455e0>, bitsMode=UNKNOWN, blendMode='avg', bpc=(8, 8, 8), color=array([-1., -1., -1.]), colorSpace='rgb', depthBits=8, fullscr=<method-wrapper '__getattribute__' of attributeSetter object at 0x7fbd43145460>, gamma=None, gammaErrorPolicy='raise', lms=UNKNOWN, monitor=<psychopy.monitors.calibTools.Monitor object at 0x7fbd216ba1f0>, multiSample=False, name='window1', numSamples=2, pos=(360, 225), screen=0, size=array([2880, 1800]), stencilBits=0, stereo=False, title='PsychoPy', units='height', useFBO=True, useRetina=True, viewOri=0.0, viewPos=None, viewScale=None, waitBlanking=True, winType='pyglet')
7.0498 	EXP 	window1: mouseVisible = True
7.0499 	EXP 	window1: backgroundImage = ''
7.0499 	EXP 	window1: backgroundFit = 'none'
7.0522 	EXP 	window1: Attempting to measure frame rate of screen (0) ...
7.0522 	EXP 	window1: recordFrameIntervals = False
7.1568 	EXP 	window1: recordFrameIntervals = True
7.2484 	EXP 	Screen (0) actual frame rate measured at 120.59Hz
7.2485 	EXP 	window1: recordFrameIntervals = False
7.2487 	EXP 	window1: mouseVisible = True
8.1525 	EXP 	DelayDiscountingTitrated: status = STARTED
8.3591 	EXP 	window1: mouseVisible = True
8.4032 	EXP 	Created unnamed TextStim = TextStim(__class__=<class 'psychopy.visual.text.TextStim'>, alignHoriz=method-wrapper(...), alignText='center', alignVert=method-wrapper(...), anchorHoriz='center', anchorVert='center', antialias=True, autoDraw=False, autoLog=True, bold=False, color=array([-1., -1., -1.]), colorSpace='rgb', contrast=1.0, depth=0, draggable=False, flipHoriz=False, flipVert=False, font='Times New Roman', fontFiles=[], height=0.2, italic=False, languageStyle='LTR', name='unnamed TextStim', opacity=1.0, ori=0.0, pos=array([-0.4,  0. ]), rgb=UNKNOWN, text='0 now\n(1)', units='height', win=Window(...), wrapWidth=1)
8.4033 	EXP 	window1: mouseVisible = True
8.4070 	EXP 	Created unnamed TextStim = TextStim(__class__=<class 'psychopy.visual.text.TextStim'>, alignHoriz=method-wrapper(...), alignText='center', alignVert=method-wrapper(...), anchorHoriz='center', anchorVert='center', antialias=True, autoDraw=False, autoLog=True, bold=False, color=array([-1., -1., -1.]), colorSpace='rgb', contrast=1.0, depth=0, draggable=False, flipHoriz=False, flipVert=False, font='Times New Roman', fontFiles=[], height=0.2, italic=False, languageStyle='LTR', name='unnamed TextStim', opacity=1.0, ori=0.0, pos=array([0.4, 0. ]), rgb=UNKNOWN, text='1000 in\n(3)', units='height', win=Window(...), wrapWidth=1)
8.4071 	EXP 	window1: mouseVisible = True
8.4080 	EXP 	Created immediate_text = TextStim(__class__=<class 'psychopy.visual.text.TextStim'>, alignHoriz=method-wrapper(...), alignText='center', alignVert=method-wrapper(...), anchorHoriz='center', anchorVert='center', antialias=True, autoDraw=False, autoLog=True, bold=False, color=array([1., 1., 1.]), colorSpace='rgb', contrast=1.0, depth=-2.0, draggable=False, flipHoriz=False, flipVert=False, font='Times New Roman', fontFiles=[], height=0.05, italic=False, languageStyle='LTR', name='immediate_text', opacity=1.0, ori=0.0, pos=array([-0.4,  0. ]), rgb=UNKNOWN, text='', units='height', win=Window(...), wrapWidth=1)
8.4081 	EXP 	window1: mouseVisible = True
8.4089 	EXP 	Created delay_text = TextStim(__class__=<class 'psychopy.visual.text.TextStim'>, alignHoriz=method-wrapper(...), alignText='center', alignVert=method-wrapper(...), anchorHoriz='center', anchorVert='center', antialias=True, autoDraw=False, autoLog=True, bold=False, color=array([1., 1., 1.]), colorSpace='rgb', contrast=1.0, depth=-3.0, draggable=False, flipHoriz=False, flipVert=False, font='Times New Roman', fontFiles=[], height=0.05, italic=False, languageStyle='LTR', name='delay_text', opacity=1.0, ori=0.0, pos=array([0.4, 0. ]), rgb=UNKNOWN, text='', units='height', win=Window(...), wrapWidth=1)
8.4090 	EXP 	window1: mouseVisible = True
8.4131 	EXP 	Created debug = TextStim(__class__=<class 'psychopy.visual.text.TextStim'>, alignHoriz=method-wrapper(...), alignText='center', alignVert=method-wrapper(...), anchorHoriz='center', anchorVert='center', antialias=True, autoDraw=False, autoLog=True, bold=False, color=array([1., 1., 1.]), colorSpace='rgb', contrast=1.0, depth=-4.0, draggable=False, flipHoriz=False, flipVert=False, font='Open Sans', fontFiles=[], height=0.05, italic=False, languageStyle='LTR', name='debug', opacity=1.0, ori=0.0, pos=array([ 0. , -0.1]), rgb=UNKNOWN, text='', units='height', win=Window(...), wrapWidth=1)
8.4132 	EXP 	window1: mouseVisible = True
8.4209 	EXP 	Created which_text = TextStim(__class__=<class 'psychopy.visual.text.TextStim'>, alignHoriz=method-wrapper(...), alignText='center', alignVert=method-wrapper(...), anchorHoriz='center', anchorVert='center', antialias=True, autoDraw=False, autoLog=True, bold=False, color=array([1., 1., 1.]), colorSpace='rgb', contrast=1.0, depth=-5.0, draggable=False, flipHoriz=False, flipVert=False, font='Times New Roman', fontFiles=[], height=0.05, italic=False, languageStyle='LTR', name='which_text', opacity=1.0, ori=0.0, pos=array([0. , 0.2]), rgb=UNKNOWN, text='Which would you prefer?', units='height', win=Window(...), wrapWidth=1)
8.4210 	EXP 	window1: mouseVisible = True
8.4239 	EXP 	Created or_text = TextStim(__class__=<class 'psychopy.visual.text.TextStim'>, alignHoriz=method-wrapper(...), alignText='center', alignVert=method-wrapper(...), anchorHoriz='center', anchorVert='center', antialias=True, autoDraw=False, autoLog=True, bold=False, color=array([1., 1., 1.]), colorSpace='rgb', contrast=1.0, depth=-6.0, draggable=False, flipHoriz=False, flipVert=False, font='Times New Roman', fontFiles=[], height=0.05, italic=False, languageStyle='LTR', name='or_text', opacity=1.0, ori=0.0, pos=array([0., 0.]), rgb=UNKNOWN, text='OR', units='height', win=Window(...), wrapWidth=1)
0.0120 	EXP 	Created sequence: random, trialTypes=1, nReps=10, seed=None
0.0125 	EXP 	New trial (rep=0, index=0): None
0.0418 	EXP 	immediate_text: autoDraw = True
0.0418 	EXP 	delay_text: autoDraw = True
0.0418 	EXP 	debug: autoDraw = True
0.0418 	EXP 	which_text: autoDraw = True
0.0418 	EXP 	or_text: autoDraw = True
1.2100 	DATA 	Keypress: 1
1.2145 	EXP 	immediate_text: autoDraw = False
1.2145 	EXP 	delay_text: autoDraw = False
1.2145 	EXP 	debug: autoDraw = False
1.2145 	EXP 	which_text: autoDraw = False
1.2145 	EXP 	or_text: autoDraw = False
2.2151 	EXP 	New trial (rep=1, index=0): None
2.2272 	EXP 	immediate_text: autoDraw = True
2.2272 	EXP 	delay_text: autoDraw = True
2.2272 	EXP 	debug: autoDraw = True
2.2272 	EXP 	which_text: autoDraw = True
2.2272 	EXP 	or_text: autoDraw = True
3.1615 	DATA 	Keypress: 3
3.1666 	EXP 	immediate_text: autoDraw = False
3.1666 	EXP 	delay_text: autoDraw = False
3.1666 	EXP 	debug: autoDraw = False
3.1666 	EXP 	which_text: autoDraw = False
3.1666 	EXP 	or_text: autoDraw = False
4.1673 	EXP 	New trial (rep=2, index=0): None
4.1798 	EXP 	immediate_text: autoDraw = True
4.1798 	EXP 	delay_text: autoDraw = True
4.1798 	EXP 	debug: autoDraw = True
4.1798 	EXP 	which_text: autoDraw = True
4.1798 	EXP 	or_text: autoDraw = True
5.8648 	DATA 	Keypress: 1
5.8999 	EXP 	immediate_text: autoDraw = False
5.8999 	EXP 	delay_text: autoDraw = False
5.8999 	EXP 	debug: autoDraw = False
5.8999 	EXP 	which_text: autoDraw = False
5.8999 	EXP 	or_text: autoDraw = False
6.9005 	EXP 	New trial (rep=3, index=0): None
6.9132 	EXP 	immediate_text: autoDraw = True
6.9132 	EXP 	delay_text: autoDraw = True
6.9132 	EXP 	debug: autoDraw = True
6.9132 	EXP 	which_text: autoDraw = True
6.9132 	EXP 	or_text: autoDraw = True
7.6313 	DATA 	Keypress: escape
7.6677 	EXP 	DelayDiscountingTitrated: status = STOPPED
7.6736 	EXP 	immediate_text: autoDraw = False
7.6736 	EXP 	delay_text: autoDraw = False
7.6736 	EXP 	debug: autoDraw = False
7.6736 	EXP 	which_text: autoDraw = False
7.6736 	EXP 	or_text: autoDraw = False
7.6736 	EXP 	DelayDiscountingTitrated: status = STOPPED
7.7031 	EXP 	window1: mouseVisible = True
